#
# There is insufficient memory for the Java Runtime Environment to continue.
# Native memory allocation (malloc) failed to allocate 96816 bytes for Chunk::new
# Possible reasons:
#   The system is out of physical RAM or swap space
#   The process is running with CompressedOops enabled, and the Java Heap may be blocking the growth of the native heap
# Possible solutions:
#   Reduce memory load on the system
#   Increase physical memory or swap space
#   Check if swap backing store is full
#   Decrease Java heap size (-Xmx/-Xms)
#   Decrease number of Java threads
#   Decrease Java thread stack sizes (-Xss)
#   Set larger code cache with -XX:ReservedCodeCacheSize=
#   JVM is running with Unscaled Compressed Oops mode in which the Java heap is
#     placed in the first 4GB address space. The Java Heap base address is the
#     maximum limit for the native heap growth. Please use -XX:HeapBaseMinAddress
#     to set the Java Heap base and to place the Java Heap above 4GB virtual address.
# This output file may be truncated or incomplete.
#
#  Out of Memory Error (arena.cpp:191), pid=91784, tid=70736
#
# JRE version: OpenJDK Runtime Environment Temurin-17.0.10+7 (17.0.10+7) (build 17.0.10+7)
# Java VM: OpenJDK 64-Bit Server VM Temurin-17.0.10+7 (17.0.10+7, mixed mode, tiered, compressed oops, compressed class ptrs, parallel gc, windows-amd64)
# No core dump will be written. Minidumps are not enabled by default on client versions of Windows
#

---------------  S U M M A R Y ------------

Command Line: --add-modules=ALL-SYSTEM --add-opens=java.base/java.util=ALL-UNNAMED --add-opens=java.base/java.lang=ALL-UNNAMED --add-opens=java.base/sun.nio.fs=ALL-UNNAMED -Declipse.application=org.eclipse.jdt.ls.core.id1 -Dosgi.bundles.defaultStartLevel=4 -Declipse.product=org.eclipse.jdt.ls.core.product -Djava.import.generatesMetadataFilesAtProjectRoot=false -DDetectVMInstallationsJob.disabled=true -Dfile.encoding=utf8 -XX:+UseParallelGC -XX:GCTimeRatio=4 -XX:AdaptiveSizePolicyWeight=90 -Dsun.zip.disableMemoryMapping=true -Xmx1G -Xms100m -Xlog:disable -javaagent:c:\Users\alanc\.vscode\extensions\redhat.java-1.28.1-win32-x64\lombok\lombok-1.18.31.jar c:\Users\alanc\.vscode\extensions\redhat.java-1.28.1-win32-x64\server\plugins\org.eclipse.equinox.launcher_1.6.700.v20231214-2017.jar -configuration c:\Users\alanc\AppData\Roaming\Code\User\globalStorage\redhat.java\1.28.1\config_ss_win -data c:\Users\alanc\AppData\Roaming\Code\User\workspaceStorage\6847d39ac9dbc775eb022e044a9ea7dc\redhat.java\ss_ws --stdio

Host: AMD Ryzen 5 5500U with Radeon Graphics         , 12 cores, 5G,  Windows 11 , 64 bit Build 22621 (10.0.22621.3235)
Time: Wed Mar 20 16:52:37 2024 Hora Padrão de Buenos Aires elapsed time: 0.668032 seconds (0d 0h 0m 0s)

---------------  T H R E A D  ---------------

Current thread (0x0000024cffa58680):  JavaThread "C2 CompilerThread0" daemon [_thread_in_native, id=70736, stack(0x00000063c0500000,0x00000063c0600000)]


Current CompileTask:
C2:    668  765   !   4       java.util.jar.Attributes::read (498 bytes)

Stack: [0x00000063c0500000,0x00000063c0600000]
Native frames: (J=compiled Java code, j=interpreted, Vv=VM code, C=native code)
V  [jvm.dll+0x67d2c9]
V  [jvm.dll+0x834afa]
V  [jvm.dll+0x8365be]
V  [jvm.dll+0x836c23]
V  [jvm.dll+0x2477ff]
V  [jvm.dll+0xac514]
V  [jvm.dll+0xacb5c]
V  [jvm.dll+0x5663c8]
V  [jvm.dll+0x1bcf87]
V  [jvm.dll+0x21a049]
V  [jvm.dll+0x219311]
V  [jvm.dll+0x1a502d]
V  [jvm.dll+0x2290de]
V  [jvm.dll+0x2272ac]
V  [jvm.dll+0x7e9bb7]
V  [jvm.dll+0x7e3fba]
V  [jvm.dll+0x67c1b5]
C  [ucrtbase.dll+0x29363]
C  [KERNEL32.DLL+0x1257d]
C  [ntdll.dll+0x5aa58]


---------------  P R O C E S S  ---------------

Threads class SMR info:
_java_thread_list=0x0000024cffd3e160, length=12, elements={
0x0000024ce6aad190, 0x0000024cfa928020, 0x0000024cfa92b460, 0x0000024cffa4e320,
0x0000024cffa4edf0, 0x0000024cffa50130, 0x0000024cffa53930, 0x0000024cffa58680,
0x0000024cffa5d550, 0x0000024cffa5ede0, 0x0000024cffb3fb60, 0x0000024cffd42590
}

Java Threads: ( => current thread )
  0x0000024ce6aad190 JavaThread "main" [_thread_in_vm, id=68616, stack(0x00000063bfc00000,0x00000063bfd00000)]
  0x0000024cfa928020 JavaThread "Reference Handler" daemon [_thread_blocked, id=92872, stack(0x00000063bff00000,0x00000063c0000000)]
  0x0000024cfa92b460 JavaThread "Finalizer" daemon [_thread_blocked, id=83404, stack(0x00000063c0000000,0x00000063c0100000)]
  0x0000024cffa4e320 JavaThread "Signal Dispatcher" daemon [_thread_blocked, id=92988, stack(0x00000063c0100000,0x00000063c0200000)]
  0x0000024cffa4edf0 JavaThread "Attach Listener" daemon [_thread_blocked, id=81156, stack(0x00000063c0200000,0x00000063c0300000)]
  0x0000024cffa50130 JavaThread "Service Thread" daemon [_thread_blocked, id=93136, stack(0x00000063c0300000,0x00000063c0400000)]
  0x0000024cffa53930 JavaThread "Monitor Deflation Thread" daemon [_thread_blocked, id=86752, stack(0x00000063c0400000,0x00000063c0500000)]
=>0x0000024cffa58680 JavaThread "C2 CompilerThread0" daemon [_thread_in_native, id=70736, stack(0x00000063c0500000,0x00000063c0600000)]
  0x0000024cffa5d550 JavaThread "C1 CompilerThread0" daemon [_thread_blocked, id=75272, stack(0x00000063c0600000,0x00000063c0700000)]
  0x0000024cffa5ede0 JavaThread "Sweeper thread" daemon [_thread_blocked, id=11884, stack(0x00000063c0700000,0x00000063c0800000)]
  0x0000024cffb3fb60 JavaThread "Common-Cleaner" daemon [_thread_blocked, id=92588, stack(0x00000063c0800000,0x00000063c0900000)]
  0x0000024cffd42590 JavaThread "Notification Thread" daemon [_thread_blocked, id=92660, stack(0x00000063c0900000,0x00000063c0a00000)]

Other Threads:
  0x0000024ce6b4e760 VMThread "VM Thread" [stack: 0x00000063bfe00000,0x00000063bff00000] [id=92332]
  0x0000024cffd42a70 WatcherThread [stack: 0x00000063c0a00000,0x00000063c0b00000] [id=64184]
  0x0000024ce6ac46a0 GCTaskThread "GC Thread#0" [stack: 0x00000063bfd00000,0x00000063bfe00000] [id=93076]

Threads with active compile tasks:
C2 CompilerThread0      697  765   !   4       java.util.jar.Attributes::read (498 bytes)
C1 CompilerThread0      697  910   !   3       jdk.internal.loader.URLClassPath$JarLoader::ensureOpen (36 bytes)

VM state: not at safepoint (normal execution)

VM Mutex/Monitor currently owned by a thread: None

Heap address: 0x00000000c0000000, size: 1024 MB, Compressed Oops mode: 32-bit

CDS archive(s) not mapped
Compressed class space mapped at: 0x0000000100000000-0x0000000140000000, reserved size: 1073741824
Narrow klass base: 0x0000000000000000, Narrow klass shift: 3, Narrow klass range: 0x140000000

GC Precious Log:
 CPUs: 12 total, 12 available
 Memory: 5989M
 Large Page Support: Disabled
 NUMA Support: Disabled
 Compressed Oops: Enabled (32-bit)
 Alignments: Space 512K, Generation 512K, Heap 2M
 Heap Min Capacity: 100M
 Heap Initial Capacity: 100M
 Heap Max Capacity: 1G
 Pre-touch: Disabled
 Parallel Workers: 10

Heap:
 PSYoungGen      total 29696K, used 25502K [0x00000000eab00000, 0x00000000ecc00000, 0x0000000100000000)
  eden space 25600K, 99% used [0x00000000eab00000,0x00000000ec3e78e8,0x00000000ec400000)
  from space 4096K, 0% used [0x00000000ec800000,0x00000000ec800000,0x00000000ecc00000)
  to   space 4096K, 0% used [0x00000000ec400000,0x00000000ec400000,0x00000000ec800000)
 ParOldGen       total 68608K, used 0K [0x00000000c0000000, 0x00000000c4300000, 0x00000000eab00000)
  object space 68608K, 0% used [0x00000000c0000000,0x00000000c0000000,0x00000000c4300000)
 Metaspace       used 10833K, committed 10944K, reserved 1114112K
  class space    used 1074K, committed 1152K, reserved 1048576K

Card table byte_map: [0x0000024ce6430000,0x0000024ce6640000] _byte_map_base: 0x0000024ce5e30000

Marking Bits: (ParMarkBitMap*) 0x00007ffbbbb4d7d0
 Begin Bits: [0x0000024cf8730000, 0x0000024cf9730000)
 End Bits:   [0x0000024cf9730000, 0x0000024cfa730000)

Polling page: 0x0000024ce4840000

Metaspace:

Usage:
  Non-class:      9.53 MB used.
      Class:      1.05 MB used.
       Both:     10.58 MB used.

Virtual space:
  Non-class space:       64.00 MB reserved,       9.56 MB ( 15%) committed,  1 nodes.
      Class space:        1.00 GB reserved,       1.12 MB ( <1%) committed,  1 nodes.
             Both:        1.06 GB reserved,      10.69 MB ( <1%) committed. 

Chunk freelists:
   Non-Class:  6.17 MB
       Class:  14.69 MB
        Both:  20.86 MB

MaxMetaspaceSize: unlimited
CompressedClassSpaceSize: 1.00 GB
Initial GC threshold: 21.00 MB
Current GC threshold: 21.00 MB
CDS: off
MetaspaceReclaimPolicy: balanced
 - commit_granule_bytes: 65536.
 - commit_granule_words: 8192.
 - virtual_space_node_default_size: 8388608.
 - enlarge_chunks_in_place: 1.
 - new_chunks_are_fully_committed: 0.
 - uncommit_free_chunks: 1.
 - use_allocation_guard: 0.
 - handle_deallocations: 1.


Internal statistics:

num_allocs_failed_limit: 0.
num_arena_births: 14.
num_arena_deaths: 0.
num_vsnodes_births: 2.
num_vsnodes_deaths: 0.
num_space_committed: 172.
num_space_uncommitted: 0.
num_chunks_returned_to_freelist: 0.
num_chunks_taken_from_freelist: 87.
num_chunk_merges: 0.
num_chunk_splits: 57.
num_chunks_enlarged: 50.
num_inconsistent_stats: 0.

CodeHeap 'non-profiled nmethods': size=120000Kb used=282Kb max_used=282Kb free=119718Kb
 bounds [0x0000024cf1200000, 0x0000024cf1470000, 0x0000024cf8730000]
CodeHeap 'profiled nmethods': size=120000Kb used=1492Kb max_used=1492Kb free=118507Kb
 bounds [0x0000024ce9730000, 0x0000024ce99a0000, 0x0000024cf0c60000]
CodeHeap 'non-nmethods': size=5760Kb used=1140Kb max_used=1153Kb free=4619Kb
 bounds [0x0000024cf0c60000, 0x0000024cf0ed0000, 0x0000024cf1200000]
 total_blobs=1323 nmethods=893 adapters=345
 compilation: enabled
              stopped_count=0, restarted_count=0
 full_count=0

Compilation events (20 events):
Event: 0.657 Thread 0x0000024cffa5d550  858  s!   3       jdk.internal.loader.URLClassPath::getLoader (196 bytes)
Event: 0.658 Thread 0x0000024cffa5d550 nmethod 858 0x0000024ce988d110 code [0x0000024ce988d420, 0x0000024ce988e788]
Event: 0.658 Thread 0x0000024cffa5d550  859       3       sun.net.www.ParseUtil::firstEncodeIndex (86 bytes)
Event: 0.659 Thread 0x0000024cffa5d550 nmethod 859 0x0000024ce988ef90 code [0x0000024ce988f1e0, 0x0000024ce988fba8]
Event: 0.659 Thread 0x0000024cffa5d550  860       3       java.nio.Buffer::position (52 bytes)
Event: 0.659 Thread 0x0000024cffa5d550 nmethod 860 0x0000024ce988ff90 code [0x0000024ce9890140, 0x0000024ce98903c8]
Event: 0.661 Thread 0x0000024cffa5d550  863   !   3       jdk.internal.misc.ScopedMemoryAccess::putLong (25 bytes)
Event: 0.661 Thread 0x0000024cffa5d550 nmethod 863 0x0000024ce9890490 code [0x0000024ce9890680, 0x0000024ce9890bd8]
Event: 0.661 Thread 0x0000024cffa5d550  861   !   3       java.nio.DirectLongBufferU::get (36 bytes)
Event: 0.662 Thread 0x0000024cffa5d550 nmethod 861 0x0000024ce9890e90 code [0x0000024ce98910c0, 0x0000024ce9891958]
Event: 0.662 Thread 0x0000024cffa5d550  862   !   3       java.nio.DirectLongBufferU::put (39 bytes)
Event: 0.663 Thread 0x0000024cffa5d550 nmethod 862 0x0000024ce9891e90 code [0x0000024ce98920e0, 0x0000024ce98929b8]
Event: 0.663 Thread 0x0000024cffa5d550  864   !   3       jdk.internal.misc.ScopedMemoryAccess::putLongInternal (37 bytes)
Event: 0.663 Thread 0x0000024cffa5d550 nmethod 864 0x0000024ce9892e90 code [0x0000024ce9893040, 0x0000024ce9893348]
Event: 0.664 Thread 0x0000024cffa5d550  865       3       java.security.MessageDigest$Delegate::engineUpdate (11 bytes)
Event: 0.664 Thread 0x0000024cffa5d550 nmethod 865 0x0000024ce9893510 code [0x0000024ce98936c0, 0x0000024ce9893888]
Event: 0.664 Thread 0x0000024cffa5d550  866       3       java.lang.Integer::toHexString (6 bytes)
Event: 0.664 Thread 0x0000024cffa5d550 nmethod 866 0x0000024ce9893990 code [0x0000024ce9893b20, 0x0000024ce9893c48]
Event: 0.664 Thread 0x0000024cffa5d550  867       3       java.lang.Integer::toUnsignedString0 (76 bytes)
Event: 0.665 Thread 0x0000024cffa5d550 nmethod 867 0x0000024ce9893d10 code [0x0000024ce9893ee0, 0x0000024ce98942f8]

GC Heap History (0 events):
No events

Dll operation events (8 events):
Event: 0.014 Loaded shared library c:\Users\alanc\.vscode\extensions\redhat.java-1.28.1-win32-x64\jre\17.0.10-win32-x86_64\bin\java.dll
Event: 0.129 Loaded shared library c:\Users\alanc\.vscode\extensions\redhat.java-1.28.1-win32-x64\jre\17.0.10-win32-x86_64\bin\zip.dll
Event: 0.131 Loaded shared library C:\Users\alanc\.vscode\extensions\redhat.java-1.28.1-win32-x64\jre\17.0.10-win32-x86_64\bin\instrument.dll
Event: 0.142 Loaded shared library C:\Users\alanc\.vscode\extensions\redhat.java-1.28.1-win32-x64\jre\17.0.10-win32-x86_64\bin\net.dll
Event: 0.145 Loaded shared library C:\Users\alanc\.vscode\extensions\redhat.java-1.28.1-win32-x64\jre\17.0.10-win32-x86_64\bin\nio.dll
Event: 0.151 Loaded shared library C:\Users\alanc\.vscode\extensions\redhat.java-1.28.1-win32-x64\jre\17.0.10-win32-x86_64\bin\zip.dll
Event: 0.167 Loaded shared library C:\Users\alanc\.vscode\extensions\redhat.java-1.28.1-win32-x64\jre\17.0.10-win32-x86_64\bin\jimage.dll
Event: 0.227 Loaded shared library c:\Users\alanc\.vscode\extensions\redhat.java-1.28.1-win32-x64\jre\17.0.10-win32-x86_64\bin\verify.dll

Deoptimization events (20 events):
Event: 0.653 Thread 0x0000024ce6aad190 Uncommon trap: trap_request=0xffffffde fr.pc=0x0000024cf1231390 relative=0x0000000000000530
Event: 0.653 Thread 0x0000024ce6aad190 Uncommon trap: reason=class_check action=maybe_recompile pc=0x0000024cf1231390 method=java.util.Collections$UnmodifiableCollection$1.<init>(Ljava/util/Collections$UnmodifiableCollection;)V @ 17 c2
Event: 0.653 Thread 0x0000024ce6aad190 DEOPT PACKING pc=0x0000024cf1231390 sp=0x00000063bfcfe6d0
Event: 0.653 Thread 0x0000024ce6aad190 DEOPT UNPACKING pc=0x0000024cf0cb66a3 sp=0x00000063bfcfe618 mode 2
Event: 0.653 Thread 0x0000024ce6aad190 Uncommon trap: trap_request=0xffffffde fr.pc=0x0000024cf1229f78 relative=0x00000000000001d8
Event: 0.653 Thread 0x0000024ce6aad190 Uncommon trap: reason=class_check action=maybe_recompile pc=0x0000024cf1229f78 method=java.util.Collections$UnmodifiableCollection$1.next()Ljava/lang/Object; @ 4 c2
Event: 0.653 Thread 0x0000024ce6aad190 DEOPT PACKING pc=0x0000024cf1229f78 sp=0x00000063bfcfe6e0
Event: 0.653 Thread 0x0000024ce6aad190 DEOPT UNPACKING pc=0x0000024cf0cb66a3 sp=0x00000063bfcfe690 mode 2
Event: 0.653 Thread 0x0000024ce6aad190 Uncommon trap: trap_request=0xffffffde fr.pc=0x0000024cf1229f78 relative=0x00000000000001d8
Event: 0.653 Thread 0x0000024ce6aad190 Uncommon trap: reason=class_check action=maybe_recompile pc=0x0000024cf1229f78 method=java.util.Collections$UnmodifiableCollection$1.next()Ljava/lang/Object; @ 4 c2
Event: 0.653 Thread 0x0000024ce6aad190 DEOPT PACKING pc=0x0000024cf1229f78 sp=0x00000063bfcfe6e0
Event: 0.653 Thread 0x0000024ce6aad190 DEOPT UNPACKING pc=0x0000024cf0cb66a3 sp=0x00000063bfcfe690 mode 2
Event: 0.655 Thread 0x0000024ce6aad190 Uncommon trap: trap_request=0xffffffde fr.pc=0x0000024cf1231390 relative=0x0000000000000530
Event: 0.655 Thread 0x0000024ce6aad190 Uncommon trap: reason=class_check action=maybe_recompile pc=0x0000024cf1231390 method=java.util.Collections$UnmodifiableCollection$1.<init>(Ljava/util/Collections$UnmodifiableCollection;)V @ 17 c2
Event: 0.655 Thread 0x0000024ce6aad190 DEOPT PACKING pc=0x0000024cf1231390 sp=0x00000063bfcfe650
Event: 0.655 Thread 0x0000024ce6aad190 DEOPT UNPACKING pc=0x0000024cf0cb66a3 sp=0x00000063bfcfe598 mode 2
Event: 0.655 Thread 0x0000024ce6aad190 Uncommon trap: trap_request=0xffffffde fr.pc=0x0000024cf1231390 relative=0x0000000000000530
Event: 0.655 Thread 0x0000024ce6aad190 Uncommon trap: reason=class_check action=maybe_recompile pc=0x0000024cf1231390 method=java.util.Collections$UnmodifiableCollection$1.<init>(Ljava/util/Collections$UnmodifiableCollection;)V @ 17 c2
Event: 0.655 Thread 0x0000024ce6aad190 DEOPT PACKING pc=0x0000024cf1231390 sp=0x00000063bfcfe650
Event: 0.655 Thread 0x0000024ce6aad190 DEOPT UNPACKING pc=0x0000024cf0cb66a3 sp=0x00000063bfcfe598 mode 2

Classes unloaded (0 events):
No events

Classes redefined (0 events):
No events

Internal exceptions (12 events):
Event: 0.109 Thread 0x0000024ce6aad190 Exception <a 'java/lang/NoSuchMethodError'{0x00000000eacb4eb0}: 'void java.lang.invoke.DirectMethodHandle$Holder.invokeStatic(java.lang.Object, java.lang.Object, java.lang.Object)'> (0x00000000eacb4eb0) 
thrown [s\src\hotspot\share\interpreter\linkResolver.cpp, line 759]
Event: 0.252 Thread 0x0000024ce6aad190 Exception <a 'java/lang/reflect/InvocationTargetException'{0x00000000eafe7430}> (0x00000000eafe7430) 
thrown [s\src\hotspot\share\runtime\reflection.cpp, line 1121]
Event: 0.461 Thread 0x0000024ce6aad190 Exception <a 'java/lang/ClassNotFoundException'{0x00000000eb860f30}: sun/net/www/protocol/c/Handler> (0x00000000eb860f30) 
thrown [s\src\hotspot\share\classfile\systemDictionary.cpp, line 256]
Event: 0.465 Thread 0x0000024ce6aad190 Exception <a 'java/io/FileNotFoundException'{0x00000000eb878ae8}> (0x00000000eb878ae8) 
thrown [s\src\hotspot\share\prims\jni.cpp, line 516]
Event: 0.465 Thread 0x0000024ce6aad190 Exception <a 'java/io/FileNotFoundException'{0x00000000eb879830}> (0x00000000eb879830) 
thrown [s\src\hotspot\share\prims\jni.cpp, line 516]
Event: 0.465 Thread 0x0000024ce6aad190 Exception <a 'java/io/FileNotFoundException'{0x00000000eb87a558}> (0x00000000eb87a558) 
thrown [s\src\hotspot\share\prims\jni.cpp, line 516]
Event: 0.465 Thread 0x0000024ce6aad190 Exception <a 'java/io/FileNotFoundException'{0x00000000eb87b250}> (0x00000000eb87b250) 
thrown [s\src\hotspot\share\prims\jni.cpp, line 516]
Event: 0.471 Thread 0x0000024ce6aad190 Exception <a 'java/io/FileNotFoundException'{0x00000000eb8b5b68}> (0x00000000eb8b5b68) 
thrown [s\src\hotspot\share\prims\jni.cpp, line 516]
Event: 0.608 Thread 0x0000024ce6aad190 Exception <a 'java/lang/ClassNotFoundException'{0x00000000ec0befe0}: sun/net/www/protocol/c/Handler> (0x00000000ec0befe0) 
thrown [s\src\hotspot\share\classfile\systemDictionary.cpp, line 256]
Event: 0.608 Thread 0x0000024ce6aad190 Exception <a 'java/lang/ClassNotFoundException'{0x00000000ec0c0328}: sun/net/www/protocol/c/Handler> (0x00000000ec0c0328) 
thrown [s\src\hotspot\share\classfile\systemDictionary.cpp, line 256]
Event: 0.608 Thread 0x0000024ce6aad190 Exception <a 'java/lang/ClassNotFoundException'{0x00000000ec0c14c0}: sun/net/www/protocol/c/Handler> (0x00000000ec0c14c0) 
thrown [s\src\hotspot\share\classfile\systemDictionary.cpp, line 256]
Event: 0.618 Thread 0x0000024ce6aad190 Exception <a 'java/io/FileNotFoundException'{0x00000000ec0e5550}> (0x00000000ec0e5550) 
thrown [s\src\hotspot\share\prims\jni.cpp, line 516]

VM Operations (6 events):
Event: 0.112 Executing VM operation: HandshakeAllThreads
Event: 0.112 Executing VM operation: HandshakeAllThreads done
Event: 0.445 Executing VM operation: HandshakeAllThreads
Event: 0.445 Executing VM operation: HandshakeAllThreads done
Event: 0.457 Executing VM operation: HandshakeAllThreads
Event: 0.457 Executing VM operation: HandshakeAllThreads done

Events (20 events):
Event: 0.640 loading class java/util/concurrent/locks/ReentrantReadWriteLock
Event: 0.640 loading class java/util/concurrent/locks/ReadWriteLock
Event: 0.640 loading class java/util/concurrent/locks/ReadWriteLock done
Event: 0.640 loading class java/util/concurrent/locks/ReentrantReadWriteLock done
Event: 0.640 loading class java/util/concurrent/locks/ReentrantReadWriteLock$NonfairSync
Event: 0.640 loading class java/util/concurrent/locks/ReentrantReadWriteLock$Sync
Event: 0.641 loading class java/util/concurrent/locks/ReentrantReadWriteLock$Sync done
Event: 0.641 loading class java/util/concurrent/locks/ReentrantReadWriteLock$NonfairSync done
Event: 0.641 loading class java/util/concurrent/locks/ReentrantReadWriteLock$Sync$ThreadLocalHoldCounter
Event: 0.641 loading class java/util/concurrent/locks/ReentrantReadWriteLock$Sync$ThreadLocalHoldCounter done
Event: 0.641 loading class java/util/concurrent/locks/ReentrantReadWriteLock$ReadLock
Event: 0.641 loading class java/util/concurrent/locks/ReentrantReadWriteLock$ReadLock done
Event: 0.641 loading class java/util/concurrent/locks/ReentrantReadWriteLock$WriteLock
Event: 0.641 loading class java/util/concurrent/locks/ReentrantReadWriteLock$WriteLock done
Event: 0.657 loading class java/net/URLClassLoader$3
Event: 0.657 loading class java/net/URLClassLoader$3 done
Event: 0.657 loading class java/net/URLClassLoader$3$1
Event: 0.657 loading class java/net/URLClassLoader$3$1 done
Event: 0.657 loading class jdk/internal/loader/URLClassPath$FileLoader
Event: 0.657 loading class jdk/internal/loader/URLClassPath$FileLoader done


Dynamic libraries:
0x00007ff76cf50000 - 0x00007ff76cf5e000 	c:\Users\alanc\.vscode\extensions\redhat.java-1.28.1-win32-x64\jre\17.0.10-win32-x86_64\bin\java.exe
0x00007ffc7a470000 - 0x00007ffc7a686000 	C:\WINDOWS\SYSTEM32\ntdll.dll
0x00007ffc71dd0000 - 0x00007ffc71de9000 	C:\Program Files\AVG\Antivirus\aswhook.dll
0x00007ffc78d80000 - 0x00007ffc78e44000 	C:\WINDOWS\System32\KERNEL32.DLL
0x00007ffc779c0000 - 0x00007ffc77d66000 	C:\WINDOWS\System32\KERNELBASE.dll
0x00007ffc77d70000 - 0x00007ffc77e81000 	C:\WINDOWS\System32\ucrtbase.dll
0x00007ffc41330000 - 0x00007ffc41347000 	c:\Users\alanc\.vscode\extensions\redhat.java-1.28.1-win32-x64\jre\17.0.10-win32-x86_64\bin\jli.dll
0x00007ffc68790000 - 0x00007ffc687ab000 	c:\Users\alanc\.vscode\extensions\redhat.java-1.28.1-win32-x64\jre\17.0.10-win32-x86_64\bin\VCRUNTIME140.dll
0x00007ffc785f0000 - 0x00007ffc7879d000 	C:\WINDOWS\System32\USER32.dll
0x00007ffc77990000 - 0x00007ffc779b6000 	C:\WINDOWS\System32\win32u.dll
0x00007ffc785a0000 - 0x00007ffc785c9000 	C:\WINDOWS\System32\GDI32.dll
0x00007ffc649f0000 - 0x00007ffc64c83000 	C:\WINDOWS\WinSxS\amd64_microsoft.windows.common-controls_6595b64144ccf1df_6.0.22621.3235_none_270f74e173860f98\COMCTL32.dll
0x00007ffc77870000 - 0x00007ffc77988000 	C:\WINDOWS\System32\gdi32full.dll
0x00007ffc78120000 - 0x00007ffc781ba000 	C:\WINDOWS\System32\msvcp_win.dll
0x00007ffc78380000 - 0x00007ffc78427000 	C:\WINDOWS\System32\msvcrt.dll
0x00007ffc7a3f0000 - 0x00007ffc7a421000 	C:\WINDOWS\System32\IMM32.DLL
0x00007ffc68780000 - 0x00007ffc6878c000 	c:\Users\alanc\.vscode\extensions\redhat.java-1.28.1-win32-x64\jre\17.0.10-win32-x86_64\bin\vcruntime140_1.dll
0x00007ffc227b0000 - 0x00007ffc2283d000 	c:\Users\alanc\.vscode\extensions\redhat.java-1.28.1-win32-x64\jre\17.0.10-win32-x86_64\bin\msvcp140.dll
0x00007ffbbafb0000 - 0x00007ffbbbc12000 	c:\Users\alanc\.vscode\extensions\redhat.java-1.28.1-win32-x64\jre\17.0.10-win32-x86_64\bin\server\jvm.dll
0x00007ffc79340000 - 0x00007ffc793f2000 	C:\WINDOWS\System32\ADVAPI32.dll
0x00007ffc78cc0000 - 0x00007ffc78d68000 	C:\WINDOWS\System32\sechost.dll
0x00007ffc77f00000 - 0x00007ffc77f28000 	C:\WINDOWS\System32\bcrypt.dll
0x00007ffc78800000 - 0x00007ffc78915000 	C:\WINDOWS\System32\RPCRT4.dll
0x00007ffc64e40000 - 0x00007ffc64e49000 	C:\WINDOWS\SYSTEM32\WSOCK32.dll
0x00007ffc77680000 - 0x00007ffc776cd000 	C:\WINDOWS\SYSTEM32\POWRPROF.dll
0x00007ffc6ffb0000 - 0x00007ffc6ffe4000 	C:\WINDOWS\SYSTEM32\WINMM.dll
0x00007ffc79da0000 - 0x00007ffc79e11000 	C:\WINDOWS\System32\WS2_32.dll
0x00007ffc6dba0000 - 0x00007ffc6dbaa000 	C:\WINDOWS\SYSTEM32\VERSION.dll
0x00007ffc775b0000 - 0x00007ffc775c3000 	C:\WINDOWS\SYSTEM32\UMPDC.dll
0x00007ffc767f0000 - 0x00007ffc76808000 	C:\WINDOWS\SYSTEM32\kernel.appcore.dll
0x00007ffc686c0000 - 0x00007ffc686ca000 	c:\Users\alanc\.vscode\extensions\redhat.java-1.28.1-win32-x64\jre\17.0.10-win32-x86_64\bin\jimage.dll
0x00007ffc751e0000 - 0x00007ffc75413000 	C:\WINDOWS\SYSTEM32\DBGHELP.DLL
0x00007ffc78920000 - 0x00007ffc78ca8000 	C:\WINDOWS\System32\combase.dll
0x00007ffc784b0000 - 0x00007ffc78587000 	C:\WINDOWS\System32\OLEAUT32.dll
0x00007ffc6bc20000 - 0x00007ffc6bc52000 	C:\WINDOWS\SYSTEM32\dbgcore.DLL
0x00007ffc780a0000 - 0x00007ffc7811a000 	C:\WINDOWS\System32\bcryptPrimitives.dll
0x00007ffc66290000 - 0x00007ffc6629e000 	c:\Users\alanc\.vscode\extensions\redhat.java-1.28.1-win32-x64\jre\17.0.10-win32-x86_64\bin\instrument.dll
0x00007ffc2cfb0000 - 0x00007ffc2cfd5000 	c:\Users\alanc\.vscode\extensions\redhat.java-1.28.1-win32-x64\jre\17.0.10-win32-x86_64\bin\java.dll
0x00007ffc41040000 - 0x00007ffc41058000 	c:\Users\alanc\.vscode\extensions\redhat.java-1.28.1-win32-x64\jre\17.0.10-win32-x86_64\bin\zip.dll
0x00007ffc79540000 - 0x00007ffc79d9d000 	C:\WINDOWS\System32\SHELL32.dll
0x00007ffc755b0000 - 0x00007ffc75ea8000 	C:\WINDOWS\SYSTEM32\windows.storage.dll
0x00007ffc75ed0000 - 0x00007ffc7600e000 	C:\WINDOWS\SYSTEM32\wintypes.dll
0x00007ffc79e20000 - 0x00007ffc79f13000 	C:\WINDOWS\System32\SHCORE.dll
0x00007ffc79f20000 - 0x00007ffc79f7e000 	C:\WINDOWS\System32\shlwapi.dll
0x00007ffc776e0000 - 0x00007ffc77706000 	C:\WINDOWS\SYSTEM32\profapi.dll
0x00007ffc687c0000 - 0x00007ffc687d9000 	C:\Users\alanc\.vscode\extensions\redhat.java-1.28.1-win32-x64\jre\17.0.10-win32-x86_64\bin\net.dll
0x00007ffc70a60000 - 0x00007ffc70b97000 	C:\WINDOWS\SYSTEM32\WINHTTP.dll
0x00007ffc76c70000 - 0x00007ffc76cd9000 	C:\WINDOWS\system32\mswsock.dll
0x00007ffc35d50000 - 0x00007ffc35d66000 	C:\Users\alanc\.vscode\extensions\redhat.java-1.28.1-win32-x64\jre\17.0.10-win32-x86_64\bin\nio.dll
0x00007ffc687b0000 - 0x00007ffc687c0000 	c:\Users\alanc\.vscode\extensions\redhat.java-1.28.1-win32-x64\jre\17.0.10-win32-x86_64\bin\verify.dll

dbghelp: loaded successfully - version: 4.0.5 - missing functions: none
symbol engine: initialized successfully - sym options: 0x614 - pdb path: .;c:\Users\alanc\.vscode\extensions\redhat.java-1.28.1-win32-x64\jre\17.0.10-win32-x86_64\bin;C:\WINDOWS\SYSTEM32;C:\Program Files\AVG\Antivirus;C:\WINDOWS\WinSxS\amd64_microsoft.windows.common-controls_6595b64144ccf1df_6.0.22621.3235_none_270f74e173860f98;c:\Users\alanc\.vscode\extensions\redhat.java-1.28.1-win32-x64\jre\17.0.10-win32-x86_64\bin\server

VM Arguments:
jvm_args: --add-modules=ALL-SYSTEM --add-opens=java.base/java.util=ALL-UNNAMED --add-opens=java.base/java.lang=ALL-UNNAMED --add-opens=java.base/sun.nio.fs=ALL-UNNAMED -Declipse.application=org.eclipse.jdt.ls.core.id1 -Dosgi.bundles.defaultStartLevel=4 -Declipse.product=org.eclipse.jdt.ls.core.product -Djava.import.generatesMetadataFilesAtProjectRoot=false -DDetectVMInstallationsJob.disabled=true -Dfile.encoding=utf8 -XX:+UseParallelGC -XX:GCTimeRatio=4 -XX:AdaptiveSizePolicyWeight=90 -Dsun.zip.disableMemoryMapping=true -Xmx1G -Xms100m -Xlog:disable -javaagent:c:\Users\alanc\.vscode\extensions\redhat.java-1.28.1-win32-x64\lombok\lombok-1.18.31.jar 
java_command: c:\Users\alanc\.vscode\extensions\redhat.java-1.28.1-win32-x64\server\plugins\org.eclipse.equinox.launcher_1.6.700.v20231214-2017.jar -configuration c:\Users\alanc\AppData\Roaming\Code\User\globalStorage\redhat.java\1.28.1\config_ss_win -data c:\Users\alanc\AppData\Roaming\Code\User\workspaceStorage\6847d39ac9dbc775eb022e044a9ea7dc\redhat.java\ss_ws --stdio
java_class_path (initial): c:\Users\alanc\.vscode\extensions\redhat.java-1.28.1-win32-x64\server\plugins\org.eclipse.equinox.launcher_1.6.700.v20231214-2017.jar
Launcher Type: SUN_STANDARD

[Global flags]
    uintx AdaptiveSizePolicyWeight                 = 90                                        {product} {command line}
     intx CICompilerCount                          = 4                                         {product} {ergonomic}
    uintx GCTimeRatio                              = 4                                         {product} {command line}
   size_t InitialHeapSize                          = 104857600                                 {product} {command line}
   size_t MaxHeapSize                              = 1073741824                                {product} {command line}
   size_t MaxNewSize                               = 357564416                                 {product} {ergonomic}
   size_t MinHeapDeltaBytes                        = 524288                                    {product} {ergonomic}
   size_t MinHeapSize                              = 104857600                                 {product} {command line}
   size_t NewSize                                  = 34603008                                  {product} {ergonomic}
    uintx NonNMethodCodeHeapSize                   = 5839372                                {pd product} {ergonomic}
    uintx NonProfiledCodeHeapSize                  = 122909434                              {pd product} {ergonomic}
   size_t OldSize                                  = 70254592                                  {product} {ergonomic}
    uintx ProfiledCodeHeapSize                     = 122909434                              {pd product} {ergonomic}
    uintx ReservedCodeCacheSize                    = 251658240                              {pd product} {ergonomic}
     bool SegmentedCodeCache                       = true                                      {product} {ergonomic}
   size_t SoftMaxHeapSize                          = 1073741824                             {manageable} {ergonomic}
     bool UseCompressedClassPointers               = true                           {product lp64_product} {ergonomic}
     bool UseCompressedOops                        = true                           {product lp64_product} {ergonomic}
     bool UseLargePagesIndividualAllocation        = false                                  {pd product} {ergonomic}
     bool UseParallelGC                            = true                                      {product} {command line}

Logging:
Log output configuration:
 #0: stdout all=off uptime,level,tags
 #1: stderr all=off uptime,level,tags

Environment Variables:
PATH=C:\Python312\Scripts\;C:\Python312\;C:\Program Files (x86)\Common Files\Oracle\Java\javapath;C:\WINDOWS\system32;C:\WINDOWS;C:\WINDOWS\System32\Wbem;C:\WINDOWS\System32\WindowsPowerShell\v1.0\;C:\WINDOWS\System32\OpenSSH\;C:\ProgramData\chocolatey\bin;C:\Program Files\PuTTY\;C:\Program Files\Git\cmd;C:\Program Files\Docker\Docker\resources\bin;C:\xampp\php;C:\Program Files\MySQL\MySQL Server 8.0\bin;C:\Program Files\PowerShell\7\;C:\Program Files\PowerShell\7-preview\preview;C:\Program Files\nodejs\;C:\Users\alanc\AppData\Local\Programs\Python\Python310\Scripts\;C:\Users\alanc\AppData\Local\Programs\Python\Python310\;C:\Users\alanc\AppData\Local\Microsoft\WindowsApps;C:\Users\alanc\AppData\Local\Programs\Microsoft VS Code\bin;C:\Program Files\JetBrains\PyCharm 2022.3\bin;;%M2_HOME\bin;C:\Users\alanc\AppData\Roaming\npm
USERNAME=Alan
OS=Windows_NT
PROCESSOR_IDENTIFIER=AMD64 Family 23 Model 104 Stepping 1, AuthenticAMD
TMP=C:\Users\alanc\AppData\Local\Temp
TEMP=C:\Users\alanc\AppData\Local\Temp



Periodic native trim disabled


---------------  S Y S T E M  ---------------

OS:
 Windows 11 , 64 bit Build 22621 (10.0.22621.3235)
OS uptime: 4 days 23:01 hours

CPU: total 12 (initial active 12) (12 cores per cpu, 2 threads per core) family 23 model 104 stepping 1 microcode 0x0, cx8, cmov, fxsr, ht, mmx, 3dnowpref, sse, sse2, sse3, ssse3, sse4a, sse4.1, sse4.2, popcnt, lzcnt, tsc, tscinvbit, avx, avx2, aes, clmul, bmi1, bmi2, adx, sha, fma, vzeroupper, clflush, clflushopt
Processor Information for processor 0
  Max Mhz: 2100, Current Mhz: 2100, Mhz Limit: 2100
Processor Information for processor 1
  Max Mhz: 2100, Current Mhz: 2100, Mhz Limit: 2100
Processor Information for processor 2
  Max Mhz: 2100, Current Mhz: 2100, Mhz Limit: 2100
Processor Information for processor 3
  Max Mhz: 2100, Current Mhz: 2100, Mhz Limit: 2100
Processor Information for processor 4
  Max Mhz: 2100, Current Mhz: 2100, Mhz Limit: 2100
Processor Information for processor 5
  Max Mhz: 2100, Current Mhz: 2100, Mhz Limit: 2100
Processor Information for processor 6
  Max Mhz: 2100, Current Mhz: 2100, Mhz Limit: 2100
Processor Information for processor 7
  Max Mhz: 2100, Current Mhz: 2100, Mhz Limit: 2100
Processor Information for processor 8
  Max Mhz: 2100, Current Mhz: 2100, Mhz Limit: 2100
Processor Information for processor 9
  Max Mhz: 2100, Current Mhz: 2100, Mhz Limit: 2100
Processor Information for processor 10
  Max Mhz: 2100, Current Mhz: 1813, Mhz Limit: 2100
Processor Information for processor 11
  Max Mhz: 2100, Current Mhz: 1813, Mhz Limit: 2100

Memory: 4k page, system-wide physical 5989M (499M free)
TotalPageFile size 24421M (AvailPageFile size 226M)
current process WorkingSet (physical memory assigned to process): 73M, peak: 73M
current process commit charge ("private bytes"): 206M, peak: 206M

vm_info: OpenJDK 64-Bit Server VM (17.0.10+7) for windows-amd64 JRE (17.0.10+7), built on Jan 16 2024 23:25:11 by "admin" with MS VC++ 16.10 / 16.11 (VS2019)

END.
