#
# There is insufficient memory for the Java Runtime Environment to continue.
# Native memory allocation (malloc) failed to allocate 549664 bytes for Chunk::new
# Possible reasons:
#   The system is out of physical RAM or swap space
#   The process is running with CompressedOops enabled, and the Java Heap may be blocking the growth of the native heap
# Possible solutions:
#   Reduce memory load on the system
#   Increase physical memory or swap space
#   Check if swap backing store is full
#   Decrease Java heap size (-Xmx/-Xms)
#   Decrease number of Java threads
#   Decrease Java thread stack sizes (-Xss)
#   Set larger code cache with -XX:ReservedCodeCacheSize=
#   JVM is running with Unscaled Compressed Oops mode in which the Java heap is
#     placed in the first 4GB address space. The Java Heap base address is the
#     maximum limit for the native heap growth. Please use -XX:HeapBaseMinAddress
#     to set the Java Heap base and to place the Java Heap above 4GB virtual address.
# This output file may be truncated or incomplete.
#
#  Out of Memory Error (arena.cpp:191), pid=92608, tid=91432
#
# JRE version: OpenJDK Runtime Environment Temurin-17.0.10+7 (17.0.10+7) (build 17.0.10+7)
# Java VM: OpenJDK 64-Bit Server VM Temurin-17.0.10+7 (17.0.10+7, mixed mode, tiered, compressed oops, compressed class ptrs, parallel gc, windows-amd64)
# No core dump will be written. Minidumps are not enabled by default on client versions of Windows
#

---------------  S U M M A R Y ------------

Command Line: --add-modules=ALL-SYSTEM --add-opens=java.base/java.util=ALL-UNNAMED --add-opens=java.base/java.lang=ALL-UNNAMED --add-opens=java.base/sun.nio.fs=ALL-UNNAMED -Declipse.application=org.eclipse.jdt.ls.core.id1 -Dosgi.bundles.defaultStartLevel=4 -Declipse.product=org.eclipse.jdt.ls.core.product -Djava.import.generatesMetadataFilesAtProjectRoot=false -DDetectVMInstallationsJob.disabled=true -Dfile.encoding=utf8 -XX:+UseParallelGC -XX:GCTimeRatio=4 -XX:AdaptiveSizePolicyWeight=90 -Dsun.zip.disableMemoryMapping=true -Xmx1G -Xms100m -Xlog:disable -javaagent:c:\Users\alanc\.vscode\extensions\redhat.java-1.28.1-win32-x64\lombok\lombok-1.18.31.jar -XX:+HeapDumpOnOutOfMemoryError -XX:HeapDumpPath=c:\Users\alanc\AppData\Roaming\Code\User\workspaceStorage\6847d39ac9dbc775eb022e044a9ea7dc\redhat.java -Daether.dependencyCollector.impl=bf c:\Users\alanc\.vscode\extensions\redhat.java-1.28.1-win32-x64\server\plugins\org.eclipse.equinox.launcher_1.6.700.v20231214-2017.jar -configuration c:\Users\alanc\AppData\Roaming\Code\User\globalStorage\redhat.java\1.28.1\config_win -data c:\Users\alanc\AppData\Roaming\Code\User\workspaceStorage\6847d39ac9dbc775eb022e044a9ea7dc\redhat.java\jdt_ws --stdio

Host: AMD Ryzen 5 5500U with Radeon Graphics         , 12 cores, 5G,  Windows 11 , 64 bit Build 22621 (10.0.22621.3235)
Time: Wed Mar 20 16:52:34 2024 Hora Padrão de Buenos Aires elapsed time: 1.469130 seconds (0d 0h 0m 1s)

---------------  T H R E A D  ---------------

Current thread (0x00000263fe2d8160):  JavaThread "C2 CompilerThread0" daemon [_thread_in_native, id=91432, stack(0x000000bdb9900000,0x000000bdb9a00000)]


Current CompileTask:
C2:   1469 1467       4       java.io.WinNTFileSystem::normalize (143 bytes)

Stack: [0x000000bdb9900000,0x000000bdb9a00000]
Native frames: (J=compiled Java code, j=interpreted, Vv=VM code, C=native code)
V  [jvm.dll+0x67d2c9]
V  [jvm.dll+0x834afa]
V  [jvm.dll+0x8365be]
V  [jvm.dll+0x836c23]
V  [jvm.dll+0x2477ff]
V  [jvm.dll+0xac514]
V  [jvm.dll+0xacb5c]
V  [jvm.dll+0x3667d7]
V  [jvm.dll+0x1bcd86]
V  [jvm.dll+0x21a049]
V  [jvm.dll+0x219311]
V  [jvm.dll+0x1a502d]
V  [jvm.dll+0x2290de]
V  [jvm.dll+0x2272ac]
V  [jvm.dll+0x7e9bb7]
V  [jvm.dll+0x7e3fba]
V  [jvm.dll+0x67c1b5]
C  [ucrtbase.dll+0x29363]
C  [KERNEL32.DLL+0x1257d]
C  [ntdll.dll+0x5aa58]


---------------  P R O C E S S  ---------------

Threads class SMR info:
_java_thread_list=0x000002638f7ed7e0, length=15, elements={
0x00000263f42c5720, 0x00000263f9146020, 0x00000263f9149390, 0x00000263fe2c8f10,
0x00000263fe2c99e0, 0x00000263fe2cade0, 0x00000263fe2cc1e0, 0x00000263fe2d8160,
0x00000263fe2dd3c0, 0x00000263fe2de5a0, 0x00000263f43285b0, 0x00000263fe618b90,
0x000002638f65db80, 0x000002638f7fe060, 0x000002638f7edae0
}

Java Threads: ( => current thread )
  0x00000263f42c5720 JavaThread "main" [_thread_blocked, id=92552, stack(0x000000bdb9000000,0x000000bdb9100000)]
  0x00000263f9146020 JavaThread "Reference Handler" daemon [_thread_blocked, id=83284, stack(0x000000bdb9300000,0x000000bdb9400000)]
  0x00000263f9149390 JavaThread "Finalizer" daemon [_thread_blocked, id=91216, stack(0x000000bdb9400000,0x000000bdb9500000)]
  0x00000263fe2c8f10 JavaThread "Signal Dispatcher" daemon [_thread_blocked, id=42996, stack(0x000000bdb9500000,0x000000bdb9600000)]
  0x00000263fe2c99e0 JavaThread "Attach Listener" daemon [_thread_blocked, id=91532, stack(0x000000bdb9600000,0x000000bdb9700000)]
  0x00000263fe2cade0 JavaThread "Service Thread" daemon [_thread_blocked, id=89524, stack(0x000000bdb9700000,0x000000bdb9800000)]
  0x00000263fe2cc1e0 JavaThread "Monitor Deflation Thread" daemon [_thread_blocked, id=91084, stack(0x000000bdb9800000,0x000000bdb9900000)]
=>0x00000263fe2d8160 JavaThread "C2 CompilerThread0" daemon [_thread_in_native, id=91432, stack(0x000000bdb9900000,0x000000bdb9a00000)]
  0x00000263fe2dd3c0 JavaThread "C1 CompilerThread0" daemon [_thread_in_native, id=90500, stack(0x000000bdb9a00000,0x000000bdb9b00000)]
  0x00000263fe2de5a0 JavaThread "Sweeper thread" daemon [_thread_blocked, id=92540, stack(0x000000bdb9b00000,0x000000bdb9c00000)]
  0x00000263f43285b0 JavaThread "Common-Cleaner" daemon [_thread_blocked, id=56268, stack(0x000000bdb9c00000,0x000000bdb9d00000)]
  0x00000263fe618b90 JavaThread "Notification Thread" daemon [_thread_blocked, id=84632, stack(0x000000bdb9d00000,0x000000bdb9e00000)]
  0x000002638f65db80 JavaThread "Active Thread: Equinox Container: 47d9bb0a-2cf0-48fe-bb3b-e313d879aefc" [_thread_blocked, id=91336, stack(0x000000bdba500000,0x000000bdba600000)]
  0x000002638f7fe060 JavaThread "Framework Event Dispatcher: Equinox Container: 47d9bb0a-2cf0-48fe-bb3b-e313d879aefc" daemon [_thread_blocked, id=91316, stack(0x000000bdba600000,0x000000bdba700000)]
  0x000002638f7edae0 JavaThread "Start Level: Equinox Container: 47d9bb0a-2cf0-48fe-bb3b-e313d879aefc" daemon [_thread_blocked, id=92896, stack(0x000000bdba700000,0x000000bdba800000)]

Other Threads:
  0x00000263fe2a2860 VMThread "VM Thread" [stack: 0x000000bdb9200000,0x000000bdb9300000] [id=91912]
  0x00000263fe4f7730 WatcherThread [stack: 0x000000bdb9e00000,0x000000bdb9f00000] [id=92116]
  0x00000263f42dcce0 GCTaskThread "GC Thread#0" [stack: 0x000000bdb9100000,0x000000bdb9200000] [id=51040]
  0x000002638f1fbbd0 GCTaskThread "GC Thread#1" [stack: 0x000000bdb9f00000,0x000000bdba000000] [id=77808]
  0x000002638f628a70 GCTaskThread "GC Thread#2" [stack: 0x000000bdba000000,0x000000bdba100000] [id=91676]
  0x000002638f1b7560 GCTaskThread "GC Thread#3" [stack: 0x000000bdba100000,0x000000bdba200000] [id=88896]
  0x000002638f1b7820 GCTaskThread "GC Thread#4" [stack: 0x000000bdba200000,0x000000bdba300000] [id=90768]
  0x000002638f1fdea0 GCTaskThread "GC Thread#5" [stack: 0x000000bdba300000,0x000000bdba400000] [id=90916]
  0x000002638f1fe160 GCTaskThread "GC Thread#6" [stack: 0x000000bdba400000,0x000000bdba500000] [id=91292]

Threads with active compile tasks:
C2 CompilerThread0     1530 1467       4       java.io.WinNTFileSystem::normalize (143 bytes)
C1 CompilerThread0     1530 1595       3       org.eclipse.osgi.framework.util.CaseInsensitiveDictionaryMap::put (77 bytes)

VM state: at safepoint (normal execution)

VM Mutex/Monitor currently owned by a thread:  ([mutex/lock_event])
[0x00000263f42c2290] Threads_lock - owner thread: 0x00000263fe2a2860
[0x00000263f42c3490] Heap_lock - owner thread: 0x000002638f7edae0

Heap address: 0x00000000c0000000, size: 1024 MB, Compressed Oops mode: 32-bit

CDS archive(s) not mapped
Compressed class space mapped at: 0x0000000100000000-0x0000000140000000, reserved size: 1073741824
Narrow klass base: 0x0000000000000000, Narrow klass shift: 3, Narrow klass range: 0x140000000

GC Precious Log:
 CPUs: 12 total, 12 available
 Memory: 5989M
 Large Page Support: Disabled
 NUMA Support: Disabled
 Compressed Oops: Enabled (32-bit)
 Alignments: Space 512K, Generation 512K, Heap 2M
 Heap Min Capacity: 100M
 Heap Initial Capacity: 100M
 Heap Max Capacity: 1G
 Pre-touch: Disabled
 Parallel Workers: 10

Heap:
 PSYoungGen      total 29696K, used 28765K [0x00000000eab00000, 0x00000000ecc00000, 0x0000000100000000)
  eden space 25600K, 100% used [0x00000000eab00000,0x00000000ec400000,0x00000000ec400000)
  from space 4096K, 77% used [0x00000000ec400000,0x00000000ec7175c8,0x00000000ec800000)
  to   space 4096K, 43% used [0x00000000ec800000,0x00000000ec9b8df0,0x00000000ecc00000)
 ParOldGen       total 68608K, used 32K [0x00000000c0000000, 0x00000000c4300000, 0x00000000eab00000)
  object space 68608K, 0% used [0x00000000c0000000,0x00000000c0008000,0x00000000c4300000)
 Metaspace       used 14706K, committed 14976K, reserved 1114112K
  class space    used 1469K, committed 1600K, reserved 1048576K

Card table byte_map: [0x00000263f3c50000,0x00000263f3e60000] _byte_map_base: 0x00000263f3650000

Marking Bits: (ParMarkBitMap*) 0x00007ffbbbb4d7d0
 Begin Bits: [0x00000263f6f50000, 0x00000263f7f50000)
 End Bits:   [0x00000263f7f50000, 0x00000263f8f50000)

Polling page: 0x00000263f2250000

Metaspace:

Usage:
  Non-class:     12.93 MB used.
      Class:      1.43 MB used.
       Both:     14.36 MB used.

Virtual space:
  Non-class space:       64.00 MB reserved,      13.06 MB ( 20%) committed,  1 nodes.
      Class space:        1.00 GB reserved,       1.56 MB ( <1%) committed,  1 nodes.
             Both:        1.06 GB reserved,      14.62 MB (  1%) committed. 

Chunk freelists:
   Non-Class:  2.92 MB
       Class:  14.42 MB
        Both:  17.34 MB

MaxMetaspaceSize: unlimited
CompressedClassSpaceSize: 1.00 GB
Initial GC threshold: 21.00 MB
Current GC threshold: 21.00 MB
CDS: off
MetaspaceReclaimPolicy: balanced
 - commit_granule_bytes: 65536.
 - commit_granule_words: 8192.
 - virtual_space_node_default_size: 8388608.
 - enlarge_chunks_in_place: 1.
 - new_chunks_are_fully_committed: 0.
 - uncommit_free_chunks: 1.
 - use_allocation_guard: 0.
 - handle_deallocations: 1.


Internal statistics:

num_allocs_failed_limit: 0.
num_arena_births: 64.
num_arena_deaths: 0.
num_vsnodes_births: 2.
num_vsnodes_deaths: 0.
num_space_committed: 234.
num_space_uncommitted: 0.
num_chunks_returned_to_freelist: 0.
num_chunks_taken_from_freelist: 261.
num_chunk_merges: 0.
num_chunk_splits: 167.
num_chunks_enlarged: 133.
num_inconsistent_stats: 0.

CodeHeap 'non-profiled nmethods': size=120000Kb used=541Kb max_used=541Kb free=119458Kb
 bounds [0x0000026387ad0000, 0x0000026387d40000, 0x000002638f000000]
CodeHeap 'profiled nmethods': size=120000Kb used=2975Kb max_used=2975Kb free=117024Kb
 bounds [0x0000026380000000, 0x00000263802f0000, 0x0000026387530000]
CodeHeap 'non-nmethods': size=5760Kb used=1156Kb max_used=1180Kb free=4603Kb
 bounds [0x0000026387530000, 0x00000263877a0000, 0x0000026387ad0000]
 total_blobs=2029 nmethods=1577 adapters=366
 compilation: enabled
              stopped_count=0, restarted_count=0
 full_count=0

Compilation events (20 events):
Event: 1.419 Thread 0x00000263fe2dd3c0 1517       3       java.util.concurrent.locks.ReentrantLock::tryLock (13 bytes)
Event: 1.420 Thread 0x00000263fe2dd3c0 nmethod 1517 0x00000263802c4790 code [0x00000263802c4940, 0x00000263802c4ad8]
Event: 1.420 Thread 0x00000263fe2dd3c0 1519       3       org.eclipse.osgi.container.Module$StartOptions::isContained (38 bytes)
Event: 1.420 Thread 0x00000263fe2dd3c0 nmethod 1519 0x00000263802c4c10 code [0x00000263802c4dc0, 0x00000263802c50d8]
Event: 1.420 Thread 0x00000263fe2dd3c0 1518       3       java.util.concurrent.locks.ReentrantLock$Sync::tryLockNanos (36 bytes)
Event: 1.420 Thread 0x00000263fe2dd3c0 nmethod 1518 0x00000263802c5210 code [0x00000263802c5400, 0x00000263802c58b8]
Event: 1.421 Thread 0x00000263fe2dd3c0 1520       3       java.util.Collections$SingletonMap::get (20 bytes)
Event: 1.422 Thread 0x00000263fe2dd3c0 nmethod 1520 0x00000263802c5a90 code [0x00000263802c5c60, 0x00000263802c5fc8]
Event: 1.422 Thread 0x00000263fe2dd3c0 1521       3       java.util.Collections::eq (22 bytes)
Event: 1.422 Thread 0x00000263fe2dd3c0 nmethod 1521 0x00000263802c6110 code [0x00000263802c62c0, 0x00000263802c6528]
Event: 1.422 Thread 0x00000263fe2dd3c0 1522       3       java.util.RegularEnumSet::remove (74 bytes)
Event: 1.422 Thread 0x00000263fe2dd3c0 nmethod 1522 0x00000263802c6610 code [0x00000263802c67e0, 0x00000263802c6c08]
Event: 1.430 Thread 0x00000263fe2dd3c0 1523   !   3       java.util.zip.ZipFile$CleanableResource::getInflater (47 bytes)
Event: 1.430 Thread 0x00000263fe2dd3c0 nmethod 1523 0x00000263802c6d90 code [0x00000263802c6f60, 0x00000263802c7438]
Event: 1.431 Thread 0x00000263fe2dd3c0 1525   !   3       java.util.zip.ZipFile$CleanableResource::releaseInflater (53 bytes)
Event: 1.431 Thread 0x00000263fe2dd3c0 nmethod 1525 0x00000263802c7610 code [0x00000263802c77e0, 0x00000263802c7be8]
Event: 1.431 Thread 0x00000263fe2dd3c0 1526   !   3       java.util.zip.Inflater::reset (64 bytes)
Event: 1.431 Thread 0x00000263fe2dd3c0 nmethod 1526 0x00000263802c7e10 code [0x00000263802c7fc0, 0x00000263802c82b8]
Event: 1.435 Thread 0x00000263fe2dd3c0 1527       3       jdk.internal.reflect.ReflectionFactory::inflationThreshold (4 bytes)
Event: 1.435 Thread 0x00000263fe2dd3c0 nmethod 1527 0x00000263802c8490 code [0x00000263802c8620, 0x00000263802c8718]

GC Heap History (2 events):
Event: 0.893 GC heap before
{Heap before GC invocations=1 (full 0):
 PSYoungGen      total 29696K, used 25600K [0x00000000eab00000, 0x00000000ecc00000, 0x0000000100000000)
  eden space 25600K, 100% used [0x00000000eab00000,0x00000000ec400000,0x00000000ec400000)
  from space 4096K, 0% used [0x00000000ec800000,0x00000000ec800000,0x00000000ecc00000)
  to   space 4096K, 0% used [0x00000000ec400000,0x00000000ec400000,0x00000000ec800000)
 ParOldGen       total 68608K, used 0K [0x00000000c0000000, 0x00000000c4300000, 0x00000000eab00000)
  object space 68608K, 0% used [0x00000000c0000000,0x00000000c0000000,0x00000000c4300000)
 Metaspace       used 11005K, committed 11200K, reserved 1114112K
  class space    used 1098K, committed 1216K, reserved 1048576K
}
Event: 0.899 GC heap after
{Heap after GC invocations=1 (full 0):
 PSYoungGen      total 29696K, used 3165K [0x00000000eab00000, 0x00000000ecc00000, 0x0000000100000000)
  eden space 25600K, 0% used [0x00000000eab00000,0x00000000eab00000,0x00000000ec400000)
  from space 4096K, 77% used [0x00000000ec400000,0x00000000ec7175c8,0x00000000ec800000)
  to   space 4096K, 0% used [0x00000000ec800000,0x00000000ec800000,0x00000000ecc00000)
 ParOldGen       total 68608K, used 16K [0x00000000c0000000, 0x00000000c4300000, 0x00000000eab00000)
  object space 68608K, 0% used [0x00000000c0000000,0x00000000c0004000,0x00000000c4300000)
 Metaspace       used 11005K, committed 11200K, reserved 1114112K
  class space    used 1098K, committed 1216K, reserved 1048576K
}

Dll operation events (9 events):
Event: 0.017 Loaded shared library c:\Users\alanc\.vscode\extensions\redhat.java-1.28.1-win32-x64\jre\17.0.10-win32-x86_64\bin\java.dll
Event: 0.182 Loaded shared library c:\Users\alanc\.vscode\extensions\redhat.java-1.28.1-win32-x64\jre\17.0.10-win32-x86_64\bin\zip.dll
Event: 0.187 Loaded shared library C:\Users\alanc\.vscode\extensions\redhat.java-1.28.1-win32-x64\jre\17.0.10-win32-x86_64\bin\instrument.dll
Event: 0.204 Loaded shared library C:\Users\alanc\.vscode\extensions\redhat.java-1.28.1-win32-x64\jre\17.0.10-win32-x86_64\bin\net.dll
Event: 0.208 Loaded shared library C:\Users\alanc\.vscode\extensions\redhat.java-1.28.1-win32-x64\jre\17.0.10-win32-x86_64\bin\nio.dll
Event: 0.217 Loaded shared library C:\Users\alanc\.vscode\extensions\redhat.java-1.28.1-win32-x64\jre\17.0.10-win32-x86_64\bin\zip.dll
Event: 0.234 Loaded shared library C:\Users\alanc\.vscode\extensions\redhat.java-1.28.1-win32-x64\jre\17.0.10-win32-x86_64\bin\jimage.dll
Event: 0.323 Loaded shared library c:\Users\alanc\.vscode\extensions\redhat.java-1.28.1-win32-x64\jre\17.0.10-win32-x86_64\bin\verify.dll
Event: 1.448 Loaded shared library C:\Users\alanc\AppData\Roaming\Code\User\globalStorage\redhat.java\1.28.1\config_win\org.eclipse.equinox.launcher\org.eclipse.equinox.launcher.win32.win32.x86_64_1.2.900.v20240129-1338\eclipse_11900.dll

Deoptimization events (20 events):
Event: 1.239 Thread 0x00000263f42c5720 Uncommon trap: trap_request=0xffffffde fr.pc=0x0000026387b241b4 relative=0x0000000000000994
Event: 1.239 Thread 0x00000263f42c5720 Uncommon trap: reason=class_check action=maybe_recompile pc=0x0000026387b241b4 method=java.util.HashMap.putVal(ILjava/lang/Object;Ljava/lang/Object;ZZ)Ljava/lang/Object; @ 253 c2
Event: 1.239 Thread 0x00000263f42c5720 DEOPT PACKING pc=0x0000026387b241b4 sp=0x000000bdb90fdd50
Event: 1.239 Thread 0x00000263f42c5720 DEOPT UNPACKING pc=0x00000263875866a3 sp=0x000000bdb90fdc78 mode 2
Event: 1.241 Thread 0x00000263f42c5720 Uncommon trap: trap_request=0xffffffde fr.pc=0x0000026387b241b4 relative=0x0000000000000994
Event: 1.241 Thread 0x00000263f42c5720 Uncommon trap: reason=class_check action=maybe_recompile pc=0x0000026387b241b4 method=java.util.HashMap.putVal(ILjava/lang/Object;Ljava/lang/Object;ZZ)Ljava/lang/Object; @ 253 c2
Event: 1.241 Thread 0x00000263f42c5720 DEOPT PACKING pc=0x0000026387b241b4 sp=0x000000bdb90fdd50
Event: 1.241 Thread 0x00000263f42c5720 DEOPT UNPACKING pc=0x00000263875866a3 sp=0x000000bdb90fdc78 mode 2
Event: 1.242 Thread 0x00000263f42c5720 Uncommon trap: trap_request=0xffffffde fr.pc=0x0000026387adcfa4 relative=0x0000000000000424
Event: 1.242 Thread 0x00000263f42c5720 Uncommon trap: reason=class_check action=maybe_recompile pc=0x0000026387adcfa4 method=java.util.HashMap.putVal(ILjava/lang/Object;Ljava/lang/Object;ZZ)Ljava/lang/Object; @ 253 c2
Event: 1.242 Thread 0x00000263f42c5720 DEOPT PACKING pc=0x0000026387adcfa4 sp=0x000000bdb90fdbd0
Event: 1.242 Thread 0x00000263f42c5720 DEOPT UNPACKING pc=0x00000263875866a3 sp=0x000000bdb90fdb70 mode 2
Event: 1.272 Thread 0x00000263f42c5720 DEOPT PACKING pc=0x0000026380108600 sp=0x000000bdb90fcdd0
Event: 1.272 Thread 0x00000263f42c5720 DEOPT UNPACKING pc=0x0000026387586e43 sp=0x000000bdb90fc240 mode 0
Event: 1.430 Thread 0x000002638f7edae0 DEOPT PACKING pc=0x000002638009f83f sp=0x000000bdba7fa070
Event: 1.430 Thread 0x000002638f7edae0 DEOPT UNPACKING pc=0x0000026387586e43 sp=0x000000bdba7f9578 mode 0
Event: 1.433 Thread 0x000002638f7edae0 Uncommon trap: trap_request=0xffffff6e fr.pc=0x0000026387b26bec relative=0x000000000000034c
Event: 1.433 Thread 0x000002638f7edae0 Uncommon trap: reason=loop_limit_check action=maybe_recompile pc=0x0000026387b26bec method=java.lang.StringLatin1.indexOf([BI[BII)I @ 37 c2
Event: 1.433 Thread 0x000002638f7edae0 DEOPT PACKING pc=0x0000026387b26bec sp=0x000000bdba7fca20
Event: 1.433 Thread 0x000002638f7edae0 DEOPT UNPACKING pc=0x00000263875866a3 sp=0x000000bdba7fc980 mode 2

Classes unloaded (0 events):
No events

Classes redefined (0 events):
No events

Internal exceptions (20 events):
Event: 0.609 Thread 0x00000263f42c5720 Exception <a 'java/io/FileNotFoundException'{0x00000000eb8802d0}> (0x00000000eb8802d0) 
thrown [s\src\hotspot\share\prims\jni.cpp, line 516]
Event: 0.609 Thread 0x00000263f42c5720 Exception <a 'java/io/FileNotFoundException'{0x00000000eb880ff8}> (0x00000000eb880ff8) 
thrown [s\src\hotspot\share\prims\jni.cpp, line 516]
Event: 0.609 Thread 0x00000263f42c5720 Exception <a 'java/io/FileNotFoundException'{0x00000000eb881cf0}> (0x00000000eb881cf0) 
thrown [s\src\hotspot\share\prims\jni.cpp, line 516]
Event: 0.614 Thread 0x00000263f42c5720 Implicit null exception at 0x0000026387af24f2 to 0x0000026387af2a10
Event: 0.617 Thread 0x00000263f42c5720 Exception <a 'java/io/FileNotFoundException'{0x00000000eb8bc5f8}> (0x00000000eb8bc5f8) 
thrown [s\src\hotspot\share\prims\jni.cpp, line 516]
Event: 0.796 Thread 0x00000263f42c5720 Exception <a 'java/lang/ClassNotFoundException'{0x00000000ec0c2160}: sun/net/www/protocol/c/Handler> (0x00000000ec0c2160) 
thrown [s\src\hotspot\share\classfile\systemDictionary.cpp, line 256]
Event: 0.796 Thread 0x00000263f42c5720 Exception <a 'java/lang/ClassNotFoundException'{0x00000000ec0c34a8}: sun/net/www/protocol/c/Handler> (0x00000000ec0c34a8) 
thrown [s\src\hotspot\share\classfile\systemDictionary.cpp, line 256]
Event: 0.796 Thread 0x00000263f42c5720 Exception <a 'java/lang/ClassNotFoundException'{0x00000000ec0c4640}: sun/net/www/protocol/c/Handler> (0x00000000ec0c4640) 
thrown [s\src\hotspot\share\classfile\systemDictionary.cpp, line 256]
Event: 0.806 Thread 0x00000263f42c5720 Exception <a 'java/io/FileNotFoundException'{0x00000000ec0eb6a0}> (0x00000000ec0eb6a0) 
thrown [s\src\hotspot\share\prims\jni.cpp, line 516]
Event: 0.838 Thread 0x00000263f42c5720 Implicit null exception at 0x0000026387b199ec to 0x0000026387b19bd0
Event: 0.838 Thread 0x00000263f42c5720 Implicit null exception at 0x0000026387b13d8f to 0x0000026387b13e05
Event: 0.884 Thread 0x00000263f42c5720 Exception <a 'java/lang/NoSuchMethodError'{0x00000000ec3bf108}: 'int java.lang.invoke.DirectMethodHandle$Holder.invokeStaticInit(java.lang.Object, java.lang.Object, java.lang.Object, java.lang.Object)'> (0x00000000ec3bf108) 
thrown [s\src\hotspot\share\interpreter\linkResolver.cpp, line 759]
Event: 0.886 Thread 0x00000263f42c5720 Exception <a 'java/lang/NoSuchMethodError'{0x00000000ec3c9778}: 'java.lang.Object java.lang.invoke.DirectMethodHandle$Holder.invokeInterface(java.lang.Object, java.lang.Object)'> (0x00000000ec3c9778) 
thrown [s\src\hotspot\share\interpreter\linkResolver.cpp, line 759]
Event: 0.886 Thread 0x00000263f42c5720 Exception <a 'java/lang/IncompatibleClassChangeError'{0x00000000ec3ccf70}: Found class java.lang.Object, but interface was expected> (0x00000000ec3ccf70) 
thrown [s\src\hotspot\share\interpreter\linkResolver.cpp, line 826]
Event: 0.887 Thread 0x00000263f42c5720 Exception <a 'java/lang/NoSuchMethodError'{0x00000000ec3d1460}: 'void java.lang.invoke.DirectMethodHandle$Holder.invokeStatic(java.lang.Object, java.lang.Object)'> (0x00000000ec3d1460) 
thrown [s\src\hotspot\share\interpreter\linkResolver.cpp, line 759]
Event: 0.888 Thread 0x00000263f42c5720 Exception <a 'java/lang/NoSuchMethodError'{0x00000000ec3d4c60}: 'void java.lang.invoke.DirectMethodHandle$Holder.invokeStaticInit(java.lang.Object, java.lang.Object)'> (0x00000000ec3d4c60) 
thrown [s\src\hotspot\share\interpreter\linkResolver.cpp, line 759]
Event: 0.889 Thread 0x00000263f42c5720 Exception <a 'java/lang/NoSuchMethodError'{0x00000000ec3dc070}: 'int java.lang.invoke.DirectMethodHandle$Holder.invokeStaticInit(java.lang.Object, java.lang.Object)'> (0x00000000ec3dc070) 
thrown [s\src\hotspot\share\interpreter\linkResolver.cpp, line 759]
Event: 0.939 Thread 0x00000263f42c5720 Exception <a 'java/lang/NoSuchMethodError'{0x00000000eac684e8}: 'void java.lang.invoke.DirectMethodHandle$Holder.invokeSpecial(java.lang.Object, java.lang.Object, java.lang.Object)'> (0x00000000eac684e8) 
thrown [s\src\hotspot\share\interpreter\linkResolver.cpp, line 759]
Event: 1.221 Thread 0x00000263f42c5720 Exception <a 'java/lang/NoSuchMethodError'{0x00000000eba27e90}: 'java.lang.Object java.lang.invoke.DirectMethodHandle$Holder.newInvokeSpecial(java.lang.Object, int, java.lang.Object)'> (0x00000000eba27e90) 
thrown [s\src\hotspot\share\interpreter\linkResolver.cpp, line 759]
Event: 1.420 Thread 0x00000263f42c5720 Exception <a 'java/lang/UnsatisfiedLinkError'{0x00000000ec016418}: 'void org.eclipse.equinox.launcher.JNIBridge._update_splash()'> (0x00000000ec016418) 
thrown [s\src\hotspot\share\prims\nativeLookup.cpp, line 543]

VM Operations (18 events):
Event: 0.160 Executing VM operation: HandshakeAllThreads
Event: 0.160 Executing VM operation: HandshakeAllThreads done
Event: 0.582 Executing VM operation: HandshakeAllThreads
Event: 0.582 Executing VM operation: HandshakeAllThreads done
Event: 0.598 Executing VM operation: HandshakeAllThreads
Event: 0.598 Executing VM operation: HandshakeAllThreads done
Event: 0.843 Executing VM operation: ICBufferFull
Event: 0.843 Executing VM operation: ICBufferFull done
Event: 0.893 Executing VM operation: ParallelGCFailedAllocation
Event: 0.899 Executing VM operation: ParallelGCFailedAllocation done
Event: 1.192 Executing VM operation: HandshakeAllThreads
Event: 1.192 Executing VM operation: HandshakeAllThreads done
Event: 1.193 Executing VM operation: HandshakeAllThreads
Event: 1.193 Executing VM operation: HandshakeAllThreads done
Event: 1.199 Executing VM operation: HandshakeAllThreads
Event: 1.199 Executing VM operation: HandshakeAllThreads done
Event: 1.215 Executing VM operation: HandshakeAllThreads
Event: 1.215 Executing VM operation: HandshakeAllThreads done

Events (20 events):
Event: 1.448 loading class java/util/logging/LogManager$1
Event: 1.448 loading class java/util/logging/LogManager$1 done
Event: 1.448 loading class java/util/logging/LogManager$SystemLoggerContext
Event: 1.448 loading class java/util/logging/LogManager$LoggerContext
Event: 1.448 loading class java/util/logging/LogManager$LoggerContext done
Event: 1.448 loading class java/util/logging/LogManager$SystemLoggerContext done
Event: 1.448 loading class java/util/logging/LogManager$LogNode
Event: 1.449 loading class java/util/logging/LogManager$LogNode done
Event: 1.449 loading class java/util/logging/LogManager$Cleaner
Event: 1.449 loading class java/util/logging/LogManager$Cleaner done
Event: 1.449 loading class java/util/logging/LoggingPermission
Event: 1.449 loading class java/util/logging/LoggingPermission done
Event: 1.449 loading class java/util/logging/LogManager$LoggingProviderAccess
Event: 1.449 loading class java/util/logging/LogManager$LoggingProviderAccess done
Event: 1.449 loading class java/util/logging/LogManager$2
Event: 1.450 loading class java/util/logging/LogManager$2 done
Event: 1.450 loading class java/util/logging/LogManager$RootLogger
Event: 1.450 loading class java/util/logging/LogManager$RootLogger done
Event: 1.450 loading class java/util/logging/LogManager$LoggerWeakRef
Event: 1.450 loading class java/util/logging/LogManager$LoggerWeakRef done


Dynamic libraries:
0x00007ff76cf50000 - 0x00007ff76cf5e000 	c:\Users\alanc\.vscode\extensions\redhat.java-1.28.1-win32-x64\jre\17.0.10-win32-x86_64\bin\java.exe
0x00007ffc7a470000 - 0x00007ffc7a686000 	C:\WINDOWS\SYSTEM32\ntdll.dll
0x00007ffc71dd0000 - 0x00007ffc71de9000 	C:\Program Files\AVG\Antivirus\aswhook.dll
0x00007ffc78d80000 - 0x00007ffc78e44000 	C:\WINDOWS\System32\KERNEL32.DLL
0x00007ffc779c0000 - 0x00007ffc77d66000 	C:\WINDOWS\System32\KERNELBASE.dll
0x00007ffc77d70000 - 0x00007ffc77e81000 	C:\WINDOWS\System32\ucrtbase.dll
0x00007ffc687c0000 - 0x00007ffc687db000 	c:\Users\alanc\.vscode\extensions\redhat.java-1.28.1-win32-x64\jre\17.0.10-win32-x86_64\bin\VCRUNTIME140.dll
0x00007ffc687a0000 - 0x00007ffc687b7000 	c:\Users\alanc\.vscode\extensions\redhat.java-1.28.1-win32-x64\jre\17.0.10-win32-x86_64\bin\jli.dll
0x00007ffc785f0000 - 0x00007ffc7879d000 	C:\WINDOWS\System32\USER32.dll
0x00007ffc77990000 - 0x00007ffc779b6000 	C:\WINDOWS\System32\win32u.dll
0x00007ffc649f0000 - 0x00007ffc64c83000 	C:\WINDOWS\WinSxS\amd64_microsoft.windows.common-controls_6595b64144ccf1df_6.0.22621.3235_none_270f74e173860f98\COMCTL32.dll
0x00007ffc785a0000 - 0x00007ffc785c9000 	C:\WINDOWS\System32\GDI32.dll
0x00007ffc78380000 - 0x00007ffc78427000 	C:\WINDOWS\System32\msvcrt.dll
0x00007ffc77870000 - 0x00007ffc77988000 	C:\WINDOWS\System32\gdi32full.dll
0x00007ffc78120000 - 0x00007ffc781ba000 	C:\WINDOWS\System32\msvcp_win.dll
0x00007ffc7a3f0000 - 0x00007ffc7a421000 	C:\WINDOWS\System32\IMM32.DLL
0x00007ffc68790000 - 0x00007ffc6879c000 	c:\Users\alanc\.vscode\extensions\redhat.java-1.28.1-win32-x64\jre\17.0.10-win32-x86_64\bin\vcruntime140_1.dll
0x00007ffc227b0000 - 0x00007ffc2283d000 	c:\Users\alanc\.vscode\extensions\redhat.java-1.28.1-win32-x64\jre\17.0.10-win32-x86_64\bin\msvcp140.dll
0x00007ffbbafb0000 - 0x00007ffbbbc12000 	c:\Users\alanc\.vscode\extensions\redhat.java-1.28.1-win32-x64\jre\17.0.10-win32-x86_64\bin\server\jvm.dll
0x00007ffc79340000 - 0x00007ffc793f2000 	C:\WINDOWS\System32\ADVAPI32.dll
0x00007ffc78cc0000 - 0x00007ffc78d68000 	C:\WINDOWS\System32\sechost.dll
0x00007ffc77f00000 - 0x00007ffc77f28000 	C:\WINDOWS\System32\bcrypt.dll
0x00007ffc78800000 - 0x00007ffc78915000 	C:\WINDOWS\System32\RPCRT4.dll
0x00007ffc6ffb0000 - 0x00007ffc6ffe4000 	C:\WINDOWS\SYSTEM32\WINMM.dll
0x00007ffc77680000 - 0x00007ffc776cd000 	C:\WINDOWS\SYSTEM32\POWRPROF.dll
0x00007ffc64e40000 - 0x00007ffc64e49000 	C:\WINDOWS\SYSTEM32\WSOCK32.dll
0x00007ffc79da0000 - 0x00007ffc79e11000 	C:\WINDOWS\System32\WS2_32.dll
0x00007ffc6dba0000 - 0x00007ffc6dbaa000 	C:\WINDOWS\SYSTEM32\VERSION.dll
0x00007ffc775b0000 - 0x00007ffc775c3000 	C:\WINDOWS\SYSTEM32\UMPDC.dll
0x00007ffc767f0000 - 0x00007ffc76808000 	C:\WINDOWS\SYSTEM32\kernel.appcore.dll
0x00007ffc68780000 - 0x00007ffc6878a000 	c:\Users\alanc\.vscode\extensions\redhat.java-1.28.1-win32-x64\jre\17.0.10-win32-x86_64\bin\jimage.dll
0x00007ffc751e0000 - 0x00007ffc75413000 	C:\WINDOWS\SYSTEM32\DBGHELP.DLL
0x00007ffc78920000 - 0x00007ffc78ca8000 	C:\WINDOWS\System32\combase.dll
0x00007ffc784b0000 - 0x00007ffc78587000 	C:\WINDOWS\System32\OLEAUT32.dll
0x00007ffc6bc20000 - 0x00007ffc6bc52000 	C:\WINDOWS\SYSTEM32\dbgcore.DLL
0x00007ffc780a0000 - 0x00007ffc7811a000 	C:\WINDOWS\System32\bcryptPrimitives.dll
0x00007ffc686c0000 - 0x00007ffc686ce000 	c:\Users\alanc\.vscode\extensions\redhat.java-1.28.1-win32-x64\jre\17.0.10-win32-x86_64\bin\instrument.dll
0x00007ffc2cfb0000 - 0x00007ffc2cfd5000 	c:\Users\alanc\.vscode\extensions\redhat.java-1.28.1-win32-x64\jre\17.0.10-win32-x86_64\bin\java.dll
0x00007ffc41330000 - 0x00007ffc41348000 	c:\Users\alanc\.vscode\extensions\redhat.java-1.28.1-win32-x64\jre\17.0.10-win32-x86_64\bin\zip.dll
0x00007ffc79540000 - 0x00007ffc79d9d000 	C:\WINDOWS\System32\SHELL32.dll
0x00007ffc755b0000 - 0x00007ffc75ea8000 	C:\WINDOWS\SYSTEM32\windows.storage.dll
0x00007ffc75ed0000 - 0x00007ffc7600e000 	C:\WINDOWS\SYSTEM32\wintypes.dll
0x00007ffc79e20000 - 0x00007ffc79f13000 	C:\WINDOWS\System32\SHCORE.dll
0x00007ffc79f20000 - 0x00007ffc79f7e000 	C:\WINDOWS\System32\shlwapi.dll
0x00007ffc776e0000 - 0x00007ffc77706000 	C:\WINDOWS\SYSTEM32\profapi.dll
0x00007ffc41040000 - 0x00007ffc41059000 	C:\Users\alanc\.vscode\extensions\redhat.java-1.28.1-win32-x64\jre\17.0.10-win32-x86_64\bin\net.dll
0x00007ffc70a60000 - 0x00007ffc70b97000 	C:\WINDOWS\SYSTEM32\WINHTTP.dll
0x00007ffc76c70000 - 0x00007ffc76cd9000 	C:\WINDOWS\system32\mswsock.dll
0x00007ffc35d50000 - 0x00007ffc35d66000 	C:\Users\alanc\.vscode\extensions\redhat.java-1.28.1-win32-x64\jre\17.0.10-win32-x86_64\bin\nio.dll
0x00007ffc66290000 - 0x00007ffc662a0000 	c:\Users\alanc\.vscode\extensions\redhat.java-1.28.1-win32-x64\jre\17.0.10-win32-x86_64\bin\verify.dll
0x00007ffc290c0000 - 0x00007ffc290fe000 	C:\Users\alanc\AppData\Roaming\Code\User\globalStorage\redhat.java\1.28.1\config_win\org.eclipse.equinox.launcher\org.eclipse.equinox.launcher.win32.win32.x86_64_1.2.900.v20240129-1338\eclipse_11900.dll
0x00007ffc7a0f0000 - 0x00007ffc7a28f000 	C:\WINDOWS\System32\ole32.dll

dbghelp: loaded successfully - version: 4.0.5 - missing functions: none
symbol engine: initialized successfully - sym options: 0x614 - pdb path: .;c:\Users\alanc\.vscode\extensions\redhat.java-1.28.1-win32-x64\jre\17.0.10-win32-x86_64\bin;C:\WINDOWS\SYSTEM32;C:\Program Files\AVG\Antivirus;C:\WINDOWS\WinSxS\amd64_microsoft.windows.common-controls_6595b64144ccf1df_6.0.22621.3235_none_270f74e173860f98;c:\Users\alanc\.vscode\extensions\redhat.java-1.28.1-win32-x64\jre\17.0.10-win32-x86_64\bin\server;C:\Users\alanc\AppData\Roaming\Code\User\globalStorage\redhat.java\1.28.1\config_win\org.eclipse.equinox.launcher\org.eclipse.equinox.launcher.win32.win32.x86_64_1.2.900.v20240129-1338

VM Arguments:
jvm_args: --add-modules=ALL-SYSTEM --add-opens=java.base/java.util=ALL-UNNAMED --add-opens=java.base/java.lang=ALL-UNNAMED --add-opens=java.base/sun.nio.fs=ALL-UNNAMED -Declipse.application=org.eclipse.jdt.ls.core.id1 -Dosgi.bundles.defaultStartLevel=4 -Declipse.product=org.eclipse.jdt.ls.core.product -Djava.import.generatesMetadataFilesAtProjectRoot=false -DDetectVMInstallationsJob.disabled=true -Dfile.encoding=utf8 -XX:+UseParallelGC -XX:GCTimeRatio=4 -XX:AdaptiveSizePolicyWeight=90 -Dsun.zip.disableMemoryMapping=true -Xmx1G -Xms100m -Xlog:disable -javaagent:c:\Users\alanc\.vscode\extensions\redhat.java-1.28.1-win32-x64\lombok\lombok-1.18.31.jar -XX:+HeapDumpOnOutOfMemoryError -XX:HeapDumpPath=c:\Users\alanc\AppData\Roaming\Code\User\workspaceStorage\6847d39ac9dbc775eb022e044a9ea7dc\redhat.java -Daether.dependencyCollector.impl=bf 
java_command: c:\Users\alanc\.vscode\extensions\redhat.java-1.28.1-win32-x64\server\plugins\org.eclipse.equinox.launcher_1.6.700.v20231214-2017.jar -configuration c:\Users\alanc\AppData\Roaming\Code\User\globalStorage\redhat.java\1.28.1\config_win -data c:\Users\alanc\AppData\Roaming\Code\User\workspaceStorage\6847d39ac9dbc775eb022e044a9ea7dc\redhat.java\jdt_ws --stdio
java_class_path (initial): c:\Users\alanc\.vscode\extensions\redhat.java-1.28.1-win32-x64\server\plugins\org.eclipse.equinox.launcher_1.6.700.v20231214-2017.jar
Launcher Type: SUN_STANDARD

[Global flags]
    uintx AdaptiveSizePolicyWeight                 = 90                                        {product} {command line}
     intx CICompilerCount                          = 4                                         {product} {ergonomic}
    uintx GCTimeRatio                              = 4                                         {product} {command line}
     bool HeapDumpOnOutOfMemoryError               = true                                   {manageable} {command line}
    ccstr HeapDumpPath                             = c:\Users\alanc\AppData\Roaming\Code\User\workspaceStorage\6847d39ac9dbc775eb022e044a9ea7dc\redhat.java         {manageable} {command line}
   size_t InitialHeapSize                          = 104857600                                 {product} {command line}
   size_t MaxHeapSize                              = 1073741824                                {product} {command line}
   size_t MaxNewSize                               = 357564416                                 {product} {ergonomic}
   size_t MinHeapDeltaBytes                        = 524288                                    {product} {ergonomic}
   size_t MinHeapSize                              = 104857600                                 {product} {command line}
   size_t NewSize                                  = 34603008                                  {product} {ergonomic}
    uintx NonNMethodCodeHeapSize                   = 5839372                                {pd product} {ergonomic}
    uintx NonProfiledCodeHeapSize                  = 122909434                              {pd product} {ergonomic}
   size_t OldSize                                  = 70254592                                  {product} {ergonomic}
    uintx ProfiledCodeHeapSize                     = 122909434                              {pd product} {ergonomic}
    uintx ReservedCodeCacheSize                    = 251658240                              {pd product} {ergonomic}
     bool SegmentedCodeCache                       = true                                      {product} {ergonomic}
   size_t SoftMaxHeapSize                          = 1073741824                             {manageable} {ergonomic}
     bool UseCompressedClassPointers               = true                           {product lp64_product} {ergonomic}
     bool UseCompressedOops                        = true                           {product lp64_product} {ergonomic}
     bool UseLargePagesIndividualAllocation        = false                                  {pd product} {ergonomic}
     bool UseParallelGC                            = true                                      {product} {command line}

Logging:
Log output configuration:
 #0: stdout all=off uptime,level,tags
 #1: stderr all=off uptime,level,tags

Environment Variables:
PATH=C:\Python312\Scripts\;C:\Python312\;C:\Program Files (x86)\Common Files\Oracle\Java\javapath;C:\WINDOWS\system32;C:\WINDOWS;C:\WINDOWS\System32\Wbem;C:\WINDOWS\System32\WindowsPowerShell\v1.0\;C:\WINDOWS\System32\OpenSSH\;C:\ProgramData\chocolatey\bin;C:\Program Files\PuTTY\;C:\Program Files\Git\cmd;C:\Program Files\Docker\Docker\resources\bin;C:\xampp\php;C:\Program Files\MySQL\MySQL Server 8.0\bin;C:\Program Files\PowerShell\7\;C:\Program Files\PowerShell\7-preview\preview;C:\Program Files\nodejs\;C:\Users\alanc\AppData\Local\Programs\Python\Python310\Scripts\;C:\Users\alanc\AppData\Local\Programs\Python\Python310\;C:\Users\alanc\AppData\Local\Microsoft\WindowsApps;C:\Users\alanc\AppData\Local\Programs\Microsoft VS Code\bin;C:\Program Files\JetBrains\PyCharm 2022.3\bin;;%M2_HOME\bin;C:\Users\alanc\AppData\Roaming\npm
USERNAME=Alan
OS=Windows_NT
PROCESSOR_IDENTIFIER=AMD64 Family 23 Model 104 Stepping 1, AuthenticAMD
TMP=C:\Users\alanc\AppData\Local\Temp
TEMP=C:\Users\alanc\AppData\Local\Temp



Periodic native trim disabled


---------------  S Y S T E M  ---------------

OS:
 Windows 11 , 64 bit Build 22621 (10.0.22621.3235)
OS uptime: 4 days 23:01 hours

CPU: total 12 (initial active 12) (12 cores per cpu, 2 threads per core) family 23 model 104 stepping 1 microcode 0x0, cx8, cmov, fxsr, ht, mmx, 3dnowpref, sse, sse2, sse3, ssse3, sse4a, sse4.1, sse4.2, popcnt, lzcnt, tsc, tscinvbit, avx, avx2, aes, clmul, bmi1, bmi2, adx, sha, fma, vzeroupper, clflush, clflushopt
Processor Information for processor 0
  Max Mhz: 2100, Current Mhz: 2100, Mhz Limit: 2100
Processor Information for processor 1
  Max Mhz: 2100, Current Mhz: 2100, Mhz Limit: 2100
Processor Information for processor 2
  Max Mhz: 2100, Current Mhz: 1813, Mhz Limit: 2100
Processor Information for processor 3
  Max Mhz: 2100, Current Mhz: 2100, Mhz Limit: 2100
Processor Information for processor 4
  Max Mhz: 2100, Current Mhz: 2100, Mhz Limit: 2100
Processor Information for processor 5
  Max Mhz: 2100, Current Mhz: 2100, Mhz Limit: 2100
Processor Information for processor 6
  Max Mhz: 2100, Current Mhz: 1813, Mhz Limit: 2100
Processor Information for processor 7
  Max Mhz: 2100, Current Mhz: 2100, Mhz Limit: 2100
Processor Information for processor 8
  Max Mhz: 2100, Current Mhz: 1813, Mhz Limit: 2100
Processor Information for processor 9
  Max Mhz: 2100, Current Mhz: 2100, Mhz Limit: 2100
Processor Information for processor 10
  Max Mhz: 2100, Current Mhz: 1813, Mhz Limit: 2100
Processor Information for processor 11
  Max Mhz: 2100, Current Mhz: 1813, Mhz Limit: 2100

Memory: 4k page, system-wide physical 5989M (273M free)
TotalPageFile size 24421M (AvailPageFile size 2M)
current process WorkingSet (physical memory assigned to process): 91M, peak: 91M
current process commit charge ("private bytes"): 213M, peak: 213M

vm_info: OpenJDK 64-Bit Server VM (17.0.10+7) for windows-amd64 JRE (17.0.10+7), built on Jan 16 2024 23:25:11 by "admin" with MS VC++ 16.10 / 16.11 (VS2019)

END.
