#
# There is insufficient memory for the Java Runtime Environment to continue.
# Native memory allocation (malloc) failed to allocate 194736 bytes for Chunk::new
# Possible reasons:
#   The system is out of physical RAM or swap space
#   The process is running with CompressedOops enabled, and the Java Heap may be blocking the growth of the native heap
# Possible solutions:
#   Reduce memory load on the system
#   Increase physical memory or swap space
#   Check if swap backing store is full
#   Decrease Java heap size (-Xmx/-Xms)
#   Decrease number of Java threads
#   Decrease Java thread stack sizes (-Xss)
#   Set larger code cache with -XX:ReservedCodeCacheSize=
#   JVM is running with Unscaled Compressed Oops mode in which the Java heap is
#     placed in the first 4GB address space. The Java Heap base address is the
#     maximum limit for the native heap growth. Please use -XX:HeapBaseMinAddress
#     to set the Java Heap base and to place the Java Heap above 4GB virtual address.
# This output file may be truncated or incomplete.
#
#  Out of Memory Error (arena.cpp:191), pid=88880, tid=91420
#
# JRE version: OpenJDK Runtime Environment Temurin-17.0.10+7 (17.0.10+7) (build 17.0.10+7)
# Java VM: OpenJDK 64-Bit Server VM Temurin-17.0.10+7 (17.0.10+7, mixed mode, tiered, compressed oops, compressed class ptrs, parallel gc, windows-amd64)
# No core dump will be written. Minidumps are not enabled by default on client versions of Windows
#

---------------  S U M M A R Y ------------

Command Line: --add-modules=ALL-SYSTEM --add-opens=java.base/java.util=ALL-UNNAMED --add-opens=java.base/java.lang=ALL-UNNAMED --add-opens=java.base/sun.nio.fs=ALL-UNNAMED -Declipse.application=org.eclipse.jdt.ls.core.id1 -Dosgi.bundles.defaultStartLevel=4 -Declipse.product=org.eclipse.jdt.ls.core.product -Djava.import.generatesMetadataFilesAtProjectRoot=false -DDetectVMInstallationsJob.disabled=true -Dfile.encoding=utf8 -XX:+UseParallelGC -XX:GCTimeRatio=4 -XX:AdaptiveSizePolicyWeight=90 -Dsun.zip.disableMemoryMapping=true -Xmx1G -Xms100m -Xlog:disable -javaagent:c:\Users\alanc\.vscode\extensions\redhat.java-1.28.1-win32-x64\lombok\lombok-1.18.31.jar c:\Users\alanc\.vscode\extensions\redhat.java-1.28.1-win32-x64\server\plugins\org.eclipse.equinox.launcher_1.6.700.v20231214-2017.jar -configuration c:\Users\alanc\AppData\Roaming\Code\User\globalStorage\redhat.java\1.28.1\config_ss_win -data c:\Users\alanc\AppData\Roaming\Code\User\workspaceStorage\6847d39ac9dbc775eb022e044a9ea7dc\redhat.java\ss_ws --stdio

Host: AMD Ryzen 5 5500U with Radeon Graphics         , 12 cores, 5G,  Windows 11 , 64 bit Build 22621 (10.0.22621.3235)
Time: Wed Mar 20 16:52:34 2024 Hora Padrão de Buenos Aires elapsed time: 2.312930 seconds (0d 0h 0m 2s)

---------------  T H R E A D  ---------------

Current thread (0x0000027f1de8dae0):  JavaThread "C2 CompilerThread0" daemon [_thread_in_native, id=91420, stack(0x00000084b8c00000,0x00000084b8d00000)]


Current CompileTask:
C2:   2313 1957       4       lombok.patcher.MethodTarget::typeMatches (14 bytes)

Stack: [0x00000084b8c00000,0x00000084b8d00000]
Native frames: (J=compiled Java code, j=interpreted, Vv=VM code, C=native code)
V  [jvm.dll+0x67d2c9]
V  [jvm.dll+0x834afa]
V  [jvm.dll+0x8365be]
V  [jvm.dll+0x836c23]
V  [jvm.dll+0x2477ff]
V  [jvm.dll+0xac514]
V  [jvm.dll+0xacb5c]
V  [jvm.dll+0x2aed1f]
V  [jvm.dll+0x584b67]
V  [jvm.dll+0x2228a2]
V  [jvm.dll+0x222c8f]
V  [jvm.dll+0x21bdb6]
V  [jvm.dll+0x219201]
V  [jvm.dll+0x1a502d]
V  [jvm.dll+0x2290de]
V  [jvm.dll+0x2272ac]
V  [jvm.dll+0x7e9bb7]
V  [jvm.dll+0x7e3fba]
V  [jvm.dll+0x67c1b5]
C  [ucrtbase.dll+0x29363]
C  [KERNEL32.DLL+0x1257d]
C  [ntdll.dll+0x5aa58]


---------------  P R O C E S S  ---------------

Threads class SMR info:
_java_thread_list=0x0000027f20196520, length=18, elements={
0x0000027f04eb4af0, 0x0000027f18d3b030, 0x0000027f18d3c560, 0x0000027f1de7d320,
0x0000027f1de7e0b0, 0x0000027f1de808f0, 0x0000027f1de89e20, 0x0000027f1de8dae0,
0x0000027f1de92ca0, 0x0000027f1de936a0, 0x0000027f1de8a330, 0x0000027f1de8ad50,
0x0000027f1de889e0, 0x0000027f1de88ef0, 0x0000027f1de89400, 0x0000027f1de8a840,
0x0000027f1de89910, 0x0000027f1de8b770
}

Java Threads: ( => current thread )
  0x0000027f04eb4af0 JavaThread "main" [_thread_blocked, id=27272, stack(0x00000084b8300000,0x00000084b8400000)]
  0x0000027f18d3b030 JavaThread "Reference Handler" daemon [_thread_blocked, id=92176, stack(0x00000084b8600000,0x00000084b8700000)]
  0x0000027f18d3c560 JavaThread "Finalizer" daemon [_thread_blocked, id=27896, stack(0x00000084b8700000,0x00000084b8800000)]
  0x0000027f1de7d320 JavaThread "Signal Dispatcher" daemon [_thread_blocked, id=92308, stack(0x00000084b8800000,0x00000084b8900000)]
  0x0000027f1de7e0b0 JavaThread "Attach Listener" daemon [_thread_blocked, id=91744, stack(0x00000084b8900000,0x00000084b8a00000)]
  0x0000027f1de808f0 JavaThread "Service Thread" daemon [_thread_blocked, id=91864, stack(0x00000084b8a00000,0x00000084b8b00000)]
  0x0000027f1de89e20 JavaThread "Monitor Deflation Thread" daemon [_thread_blocked, id=78468, stack(0x00000084b8b00000,0x00000084b8c00000)]
=>0x0000027f1de8dae0 JavaThread "C2 CompilerThread0" daemon [_thread_in_native, id=91420, stack(0x00000084b8c00000,0x00000084b8d00000)]
  0x0000027f1de92ca0 JavaThread "C1 CompilerThread0" daemon [_thread_blocked, id=92908, stack(0x00000084b8d00000,0x00000084b8e00000)]
  0x0000027f1de936a0 JavaThread "Sweeper thread" daemon [_thread_blocked, id=93088, stack(0x00000084b8e00000,0x00000084b8f00000)]
  0x0000027f1de8a330 JavaThread "Common-Cleaner" daemon [_thread_blocked, id=71108, stack(0x00000084b8f00000,0x00000084b9000000)]
  0x0000027f1de8ad50 JavaThread "Notification Thread" daemon [_thread_blocked, id=82532, stack(0x00000084b9000000,0x00000084b9100000)]
  0x0000027f1de889e0 JavaThread "Active Thread: Equinox Container: dc8be1dc-74b1-4c6b-84b0-82edea208b19" [_thread_blocked, id=84900, stack(0x00000084b9800000,0x00000084b9900000)]
  0x0000027f1de88ef0 JavaThread "Framework Event Dispatcher: Equinox Container: dc8be1dc-74b1-4c6b-84b0-82edea208b19" daemon [_thread_blocked, id=60820, stack(0x00000084b9900000,0x00000084b9a00000)]
  0x0000027f1de89400 JavaThread "Start Level: Equinox Container: dc8be1dc-74b1-4c6b-84b0-82edea208b19" daemon [_thread_in_native, id=90128, stack(0x00000084b9a00000,0x00000084b9b00000)]
  0x0000027f1de8a840 JavaThread "SCR Component Actor" daemon [_thread_blocked, id=89576, stack(0x00000084b9b00000,0x00000084b9c00000)]
  0x0000027f1de89910 JavaThread "SCR Component Registry" daemon [_thread_blocked, id=82600, stack(0x00000084b9d00000,0x00000084b9e00000)]
  0x0000027f1de8b770 JavaThread "Worker-JM" [_thread_blocked, id=84324, stack(0x00000084b9e00000,0x00000084b9f00000)]

Other Threads:
  0x0000027f04f5eae0 VMThread "VM Thread" [stack: 0x00000084b8500000,0x00000084b8600000] [id=87756]
  0x0000027f1f628ca0 WatcherThread [stack: 0x00000084b9100000,0x00000084b9200000] [id=81708]
  0x0000027f04ecd2b0 GCTaskThread "GC Thread#0" [stack: 0x00000084b8400000,0x00000084b8500000] [id=85152]
  0x0000027f1f975050 GCTaskThread "GC Thread#1" [stack: 0x00000084b9200000,0x00000084b9300000] [id=55780]
  0x0000027f1fa2a160 GCTaskThread "GC Thread#2" [stack: 0x00000084b9300000,0x00000084b9400000] [id=12592]
  0x0000027f1fa2a420 GCTaskThread "GC Thread#3" [stack: 0x00000084b9400000,0x00000084b9500000] [id=75416]
  0x0000027f1f983760 GCTaskThread "GC Thread#4" [stack: 0x00000084b9500000,0x00000084b9600000] [id=65824]
  0x0000027f1f983a20 GCTaskThread "GC Thread#5" [stack: 0x00000084b9600000,0x00000084b9700000] [id=71796]
  0x0000027f1f983ce0 GCTaskThread "GC Thread#6" [stack: 0x00000084b9700000,0x00000084b9800000] [id=73744]
  0x0000027f1f93d360 GCTaskThread "GC Thread#7" [stack: 0x00000084b9c00000,0x00000084b9d00000] [id=24240]

Threads with active compile tasks:
C2 CompilerThread0     2341 1957       4       lombok.patcher.MethodTarget::typeMatches (14 bytes)

VM state: not at safepoint (normal execution)

VM Mutex/Monitor currently owned by a thread: None

Heap address: 0x00000000c0000000, size: 1024 MB, Compressed Oops mode: 32-bit

CDS archive(s) not mapped
Compressed class space mapped at: 0x0000000100000000-0x0000000140000000, reserved size: 1073741824
Narrow klass base: 0x0000000000000000, Narrow klass shift: 3, Narrow klass range: 0x140000000

GC Precious Log:
 CPUs: 12 total, 12 available
 Memory: 5989M
 Large Page Support: Disabled
 NUMA Support: Disabled
 Compressed Oops: Enabled (32-bit)
 Alignments: Space 512K, Generation 512K, Heap 2M
 Heap Min Capacity: 100M
 Heap Initial Capacity: 100M
 Heap Max Capacity: 1G
 Pre-touch: Disabled
 Parallel Workers: 10

Heap:
 PSYoungGen      total 29696K, used 25657K [0x00000000eab00000, 0x00000000ecc00000, 0x0000000100000000)
  eden space 25600K, 84% used [0x00000000eab00000,0x00000000ec013208,0x00000000ec400000)
  from space 4096K, 99% used [0x00000000ec800000,0x00000000ecbfb5b8,0x00000000ecc00000)
  to   space 4096K, 0% used [0x00000000ec400000,0x00000000ec400000,0x00000000ec800000)
 ParOldGen       total 68608K, used 762K [0x00000000c0000000, 0x00000000c4300000, 0x00000000eab00000)
  object space 68608K, 1% used [0x00000000c0000000,0x00000000c00be830,0x00000000c4300000)
 Metaspace       used 19293K, committed 19648K, reserved 1114112K
  class space    used 1972K, committed 2112K, reserved 1048576K

Card table byte_map: [0x0000027f04870000,0x0000027f04a80000] _byte_map_base: 0x0000027f04270000

Marking Bits: (ParMarkBitMap*) 0x00007ffbbbb4d7d0
 Begin Bits: [0x0000027f16b40000, 0x0000027f17b40000)
 End Bits:   [0x0000027f17b40000, 0x0000027f18b40000)

Polling page: 0x0000027f04660000

Metaspace:

Usage:
  Non-class:     16.92 MB used.
      Class:      1.93 MB used.
       Both:     18.84 MB used.

Virtual space:
  Non-class space:       64.00 MB reserved,      17.12 MB ( 27%) committed,  1 nodes.
      Class space:        1.00 GB reserved,       2.06 MB ( <1%) committed,  1 nodes.
             Both:        1.06 GB reserved,      19.19 MB (  2%) committed. 

Chunk freelists:
   Non-Class:  14.11 MB
       Class:  13.89 MB
        Both:  28.00 MB

MaxMetaspaceSize: unlimited
CompressedClassSpaceSize: 1.00 GB
Initial GC threshold: 21.00 MB
Current GC threshold: 21.00 MB
CDS: off
MetaspaceReclaimPolicy: balanced
 - commit_granule_bytes: 65536.
 - commit_granule_words: 8192.
 - virtual_space_node_default_size: 8388608.
 - enlarge_chunks_in_place: 1.
 - new_chunks_are_fully_committed: 0.
 - uncommit_free_chunks: 1.
 - use_allocation_guard: 0.
 - handle_deallocations: 1.


Internal statistics:

num_allocs_failed_limit: 0.
num_arena_births: 208.
num_arena_deaths: 0.
num_vsnodes_births: 2.
num_vsnodes_deaths: 0.
num_space_committed: 307.
num_space_uncommitted: 0.
num_chunks_returned_to_freelist: 0.
num_chunks_taken_from_freelist: 609.
num_chunk_merges: 0.
num_chunk_splits: 388.
num_chunks_enlarged: 278.
num_inconsistent_stats: 0.

CodeHeap 'non-profiled nmethods': size=120000Kb used=730Kb max_used=730Kb free=119269Kb
 bounds [0x0000027f0f610000, 0x0000027f0f880000, 0x0000027f16b40000]
CodeHeap 'profiled nmethods': size=120000Kb used=3878Kb max_used=3878Kb free=116121Kb
 bounds [0x0000027f07b40000, 0x0000027f07f10000, 0x0000027f0f070000]
CodeHeap 'non-nmethods': size=5760Kb used=1178Kb max_used=1196Kb free=4581Kb
 bounds [0x0000027f0f070000, 0x0000027f0f2e0000, 0x0000027f0f610000]
 total_blobs=2465 nmethods=1984 adapters=395
 compilation: enabled
              stopped_count=0, restarted_count=0
 full_count=0

Compilation events (20 events):
Event: 2.284 Thread 0x0000027f1de92ca0 nmethod 1936 0x0000027f07ee4690 code [0x0000027f07ee48a0, 0x0000027f07ee4dd8]
Event: 2.284 Thread 0x0000027f1de92ca0 1939       3       java.lang.invoke.MethodHandleNatives::isCallerSensitive (29 bytes)
Event: 2.285 Thread 0x0000027f1de92ca0 nmethod 1939 0x0000027f07ee5010 code [0x0000027f07ee5200, 0x0000027f07ee5788]
Event: 2.285 Thread 0x0000027f1de92ca0 1940       3       java.lang.invoke.MethodHandleNatives::canBeCalledVirtual (50 bytes)
Event: 2.285 Thread 0x0000027f1de92ca0 nmethod 1940 0x0000027f07ee5990 code [0x0000027f07ee5b80, 0x0000027f07ee6048]
Event: 2.285 Thread 0x0000027f1de92ca0 1942       3       java.lang.invoke.MethodHandles$Lookup::checkSecurityManager (97 bytes)
Event: 2.286 Thread 0x0000027f1de92ca0 nmethod 1942 0x0000027f07ee6210 code [0x0000027f07ee6520, 0x0000027f07ee7578]
Event: 2.287 Thread 0x0000027f1de92ca0 1943       3       java.lang.invoke.BoundMethodHandle::<init> (32 bytes)
Event: 2.288 Thread 0x0000027f1de92ca0 nmethod 1943 0x0000027f07ee7b10 code [0x0000027f07ee7cc0, 0x0000027f07ee7e28]
Event: 2.294 Thread 0x0000027f1de92ca0 1947       3       java.net.URLStreamHandler::<init> (5 bytes)
Event: 2.294 Thread 0x0000027f1de92ca0 nmethod 1947 0x0000027f07ee7f10 code [0x0000027f07ee80a0, 0x0000027f07ee81f8]
Event: 2.295 Thread 0x0000027f1de92ca0 1948       3       org.eclipse.osgi.internal.framework.FilterImpl$Parser::parse_filter (125 bytes)
Event: 2.295 Thread 0x0000027f1de92ca0 nmethod 1948 0x0000027f07ee8290 code [0x0000027f07ee8580, 0x0000027f07ee9278]
Event: 2.295 Thread 0x0000027f1de92ca0 1949       3       org.eclipse.osgi.internal.framework.FilterImpl$Parser::parse_filtercomp (98 bytes)
Event: 2.296 Thread 0x0000027f1de92ca0 nmethod 1949 0x0000027f07ee9890 code [0x0000027f07ee9a80, 0x0000027f07ee9dc8]
Event: 2.296 Thread 0x0000027f1de92ca0 1950       3       sun.net.www.protocol.file.Handler::parseURL (18 bytes)
Event: 2.297 Thread 0x0000027f1de92ca0 nmethod 1950 0x0000027f07ee9f10 code [0x0000027f07eea0c0, 0x0000027f07eea278]
Event: 2.297 Thread 0x0000027f1de92ca0 1951       3       java.net.URLStreamHandler::parseURL (1201 bytes)
Event: 2.306 Thread 0x0000027f1de8dae0 nmethod 1938 0x0000027f0f6c1e10 code [0x0000027f0f6c2020, 0x0000027f0f6c3228]
Event: 2.306 Thread 0x0000027f1de8dae0 1957       4       lombok.patcher.MethodTarget::typeMatches (14 bytes)

GC Heap History (4 events):
Event: 1.146 GC heap before
{Heap before GC invocations=1 (full 0):
 PSYoungGen      total 29696K, used 25600K [0x00000000eab00000, 0x00000000ecc00000, 0x0000000100000000)
  eden space 25600K, 100% used [0x00000000eab00000,0x00000000ec400000,0x00000000ec400000)
  from space 4096K, 0% used [0x00000000ec800000,0x00000000ec800000,0x00000000ecc00000)
  to   space 4096K, 0% used [0x00000000ec400000,0x00000000ec400000,0x00000000ec800000)
 ParOldGen       total 68608K, used 0K [0x00000000c0000000, 0x00000000c4300000, 0x00000000eab00000)
  object space 68608K, 0% used [0x00000000c0000000,0x00000000c0000000,0x00000000c4300000)
 Metaspace       used 11004K, committed 11200K, reserved 1114112K
  class space    used 1098K, committed 1216K, reserved 1048576K
}
Event: 1.155 GC heap after
{Heap after GC invocations=1 (full 0):
 PSYoungGen      total 29696K, used 3156K [0x00000000eab00000, 0x00000000ecc00000, 0x0000000100000000)
  eden space 25600K, 0% used [0x00000000eab00000,0x00000000eab00000,0x00000000ec400000)
  from space 4096K, 77% used [0x00000000ec400000,0x00000000ec715130,0x00000000ec800000)
  to   space 4096K, 0% used [0x00000000ec800000,0x00000000ec800000,0x00000000ecc00000)
 ParOldGen       total 68608K, used 16K [0x00000000c0000000, 0x00000000c4300000, 0x00000000eab00000)
  object space 68608K, 0% used [0x00000000c0000000,0x00000000c0004000,0x00000000c4300000)
 Metaspace       used 11004K, committed 11200K, reserved 1114112K
  class space    used 1098K, committed 1216K, reserved 1048576K
}
Event: 1.774 GC heap before
{Heap before GC invocations=2 (full 0):
 PSYoungGen      total 29696K, used 28756K [0x00000000eab00000, 0x00000000ecc00000, 0x0000000100000000)
  eden space 25600K, 100% used [0x00000000eab00000,0x00000000ec400000,0x00000000ec400000)
  from space 4096K, 77% used [0x00000000ec400000,0x00000000ec715130,0x00000000ec800000)
  to   space 4096K, 0% used [0x00000000ec800000,0x00000000ec800000,0x00000000ecc00000)
 ParOldGen       total 68608K, used 16K [0x00000000c0000000, 0x00000000c4300000, 0x00000000eab00000)
  object space 68608K, 0% used [0x00000000c0000000,0x00000000c0004000,0x00000000c4300000)
 Metaspace       used 15045K, committed 15296K, reserved 1114112K
  class space    used 1530K, committed 1664K, reserved 1048576K
}
Event: 1.779 GC heap after
{Heap after GC invocations=2 (full 0):
 PSYoungGen      total 29696K, used 4077K [0x00000000eab00000, 0x00000000ecc00000, 0x0000000100000000)
  eden space 25600K, 0% used [0x00000000eab00000,0x00000000eab00000,0x00000000ec400000)
  from space 4096K, 99% used [0x00000000ec800000,0x00000000ecbfb5b8,0x00000000ecc00000)
  to   space 4096K, 0% used [0x00000000ec400000,0x00000000ec400000,0x00000000ec800000)
 ParOldGen       total 68608K, used 762K [0x00000000c0000000, 0x00000000c4300000, 0x00000000eab00000)
  object space 68608K, 1% used [0x00000000c0000000,0x00000000c00be830,0x00000000c4300000)
 Metaspace       used 15045K, committed 15296K, reserved 1114112K
  class space    used 1530K, committed 1664K, reserved 1048576K
}

Dll operation events (9 events):
Event: 0.018 Loaded shared library c:\Users\alanc\.vscode\extensions\redhat.java-1.28.1-win32-x64\jre\17.0.10-win32-x86_64\bin\java.dll
Event: 0.299 Loaded shared library c:\Users\alanc\.vscode\extensions\redhat.java-1.28.1-win32-x64\jre\17.0.10-win32-x86_64\bin\zip.dll
Event: 0.306 Loaded shared library C:\Users\alanc\.vscode\extensions\redhat.java-1.28.1-win32-x64\jre\17.0.10-win32-x86_64\bin\instrument.dll
Event: 0.335 Loaded shared library C:\Users\alanc\.vscode\extensions\redhat.java-1.28.1-win32-x64\jre\17.0.10-win32-x86_64\bin\net.dll
Event: 0.339 Loaded shared library C:\Users\alanc\.vscode\extensions\redhat.java-1.28.1-win32-x64\jre\17.0.10-win32-x86_64\bin\nio.dll
Event: 0.348 Loaded shared library C:\Users\alanc\.vscode\extensions\redhat.java-1.28.1-win32-x64\jre\17.0.10-win32-x86_64\bin\zip.dll
Event: 0.370 Loaded shared library C:\Users\alanc\.vscode\extensions\redhat.java-1.28.1-win32-x64\jre\17.0.10-win32-x86_64\bin\jimage.dll
Event: 0.470 Loaded shared library c:\Users\alanc\.vscode\extensions\redhat.java-1.28.1-win32-x64\jre\17.0.10-win32-x86_64\bin\verify.dll
Event: 1.648 Loaded shared library C:\Users\alanc\AppData\Roaming\Code\User\globalStorage\redhat.java\1.28.1\config_ss_win\org.eclipse.equinox.launcher\org.eclipse.equinox.launcher.win32.win32.x86_64_1.2.900.v20240129-1338\eclipse_11900.dll

Deoptimization events (20 events):
Event: 2.131 Thread 0x0000027f1de89400 Uncommon trap: trap_request=0xffffffc6 fr.pc=0x0000027f0f6b043c relative=0x0000000000000d7c
Event: 2.131 Thread 0x0000027f1de89400 Uncommon trap: reason=bimorphic_or_optimized_type_check action=maybe_recompile pc=0x0000027f0f6b043c method=java.io.DataInputStream.readInt()I @ 6 c2
Event: 2.131 Thread 0x0000027f1de89400 DEOPT PACKING pc=0x0000027f0f6b043c sp=0x00000084b9af86d0
Event: 2.131 Thread 0x0000027f1de89400 DEOPT UNPACKING pc=0x0000027f0f0c66a3 sp=0x00000084b9af8688 mode 2
Event: 2.131 Thread 0x0000027f1de89400 Uncommon trap: trap_request=0xffffffc6 fr.pc=0x0000027f0f6b043c relative=0x0000000000000d7c
Event: 2.131 Thread 0x0000027f1de89400 Uncommon trap: reason=bimorphic_or_optimized_type_check action=maybe_recompile pc=0x0000027f0f6b043c method=java.io.DataInputStream.readInt()I @ 6 c2
Event: 2.131 Thread 0x0000027f1de89400 DEOPT PACKING pc=0x0000027f0f6b043c sp=0x00000084b9af8660
Event: 2.131 Thread 0x0000027f1de89400 DEOPT UNPACKING pc=0x0000027f0f0c66a3 sp=0x00000084b9af8618 mode 2
Event: 2.131 Thread 0x0000027f1de89400 Uncommon trap: trap_request=0xffffffc6 fr.pc=0x0000027f0f6b043c relative=0x0000000000000d7c
Event: 2.131 Thread 0x0000027f1de89400 Uncommon trap: reason=bimorphic_or_optimized_type_check action=maybe_recompile pc=0x0000027f0f6b043c method=java.io.DataInputStream.readInt()I @ 6 c2
Event: 2.131 Thread 0x0000027f1de89400 DEOPT PACKING pc=0x0000027f0f6b043c sp=0x00000084b9af86d0
Event: 2.131 Thread 0x0000027f1de89400 DEOPT UNPACKING pc=0x0000027f0f0c66a3 sp=0x00000084b9af8688 mode 2
Event: 2.131 Thread 0x0000027f1de89400 Uncommon trap: trap_request=0xffffffc6 fr.pc=0x0000027f0f6b043c relative=0x0000000000000d7c
Event: 2.131 Thread 0x0000027f1de89400 Uncommon trap: reason=bimorphic_or_optimized_type_check action=maybe_recompile pc=0x0000027f0f6b043c method=java.io.DataInputStream.readInt()I @ 6 c2
Event: 2.131 Thread 0x0000027f1de89400 DEOPT PACKING pc=0x0000027f0f6b043c sp=0x00000084b9af8660
Event: 2.131 Thread 0x0000027f1de89400 DEOPT UNPACKING pc=0x0000027f0f0c66a3 sp=0x00000084b9af8618 mode 2
Event: 2.291 Thread 0x0000027f1de89400 Uncommon trap: trap_request=0xffffff45 fr.pc=0x0000027f0f648e24 relative=0x0000000000000e84
Event: 2.291 Thread 0x0000027f1de89400 Uncommon trap: reason=unstable_if action=reinterpret pc=0x0000027f0f648e24 method=lombok.patcher.PatchScript.classMatches(Ljava/lang/String;Ljava/util/Collection;)Z @ 25 c2
Event: 2.291 Thread 0x0000027f1de89400 DEOPT PACKING pc=0x0000027f0f648e24 sp=0x00000084b9af6c30
Event: 2.291 Thread 0x0000027f1de89400 DEOPT UNPACKING pc=0x0000027f0f0c66a3 sp=0x00000084b9af6bf0 mode 2

Classes unloaded (0 events):
No events

Classes redefined (0 events):
No events

Internal exceptions (20 events):
Event: 1.138 Thread 0x0000027f04eb4af0 Exception <a 'java/lang/NoSuchMethodError'{0x00000000ec3c4b80}: 'java.lang.Object java.lang.invoke.DirectMethodHandle$Holder.invokeInterface(java.lang.Object, java.lang.Object)'> (0x00000000ec3c4b80) 
thrown [s\src\hotspot\share\interpreter\linkResolver.cpp, line 759]
Event: 1.138 Thread 0x0000027f04eb4af0 Exception <a 'java/lang/IncompatibleClassChangeError'{0x00000000ec3c8378}: Found class java.lang.Object, but interface was expected> (0x00000000ec3c8378) 
thrown [s\src\hotspot\share\interpreter\linkResolver.cpp, line 826]
Event: 1.139 Thread 0x0000027f04eb4af0 Exception <a 'java/lang/NoSuchMethodError'{0x00000000ec3cc868}: 'void java.lang.invoke.DirectMethodHandle$Holder.invokeStatic(java.lang.Object, java.lang.Object)'> (0x00000000ec3cc868) 
thrown [s\src\hotspot\share\interpreter\linkResolver.cpp, line 759]
Event: 1.140 Thread 0x0000027f04eb4af0 Exception <a 'java/lang/NoSuchMethodError'{0x00000000ec3d0068}: 'void java.lang.invoke.DirectMethodHandle$Holder.invokeStaticInit(java.lang.Object, java.lang.Object)'> (0x00000000ec3d0068) 
thrown [s\src\hotspot\share\interpreter\linkResolver.cpp, line 759]
Event: 1.141 Thread 0x0000027f04eb4af0 Exception <a 'java/lang/NoSuchMethodError'{0x00000000ec3d7458}: 'int java.lang.invoke.DirectMethodHandle$Holder.invokeStaticInit(java.lang.Object, java.lang.Object)'> (0x00000000ec3d7458) 
thrown [s\src\hotspot\share\interpreter\linkResolver.cpp, line 759]
Event: 1.196 Thread 0x0000027f04eb4af0 Exception <a 'java/lang/NoSuchMethodError'{0x00000000eac41c18}: 'void java.lang.invoke.DirectMethodHandle$Holder.invokeSpecial(java.lang.Object, java.lang.Object, java.lang.Object)'> (0x00000000eac41c18) 
thrown [s\src\hotspot\share\interpreter\linkResolver.cpp, line 759]
Event: 1.478 Thread 0x0000027f04eb4af0 Exception <a 'java/lang/NoSuchMethodError'{0x00000000eb8cf358}: 'java.lang.Object java.lang.invoke.DirectMethodHandle$Holder.newInvokeSpecial(java.lang.Object, int, java.lang.Object)'> (0x00000000eb8cf358) 
thrown [s\src\hotspot\share\interpreter\linkResolver.cpp, line 759]
Event: 1.638 Thread 0x0000027f04eb4af0 Exception <a 'java/lang/UnsatisfiedLinkError'{0x00000000ebe160a0}: 'void org.eclipse.equinox.launcher.JNIBridge._update_splash()'> (0x00000000ebe160a0) 
thrown [s\src\hotspot\share\prims\nativeLookup.cpp, line 543]
Event: 1.696 Thread 0x0000027f1de89400 Exception <a 'java/lang/NoSuchMethodError'{0x00000000ec0ce1a0}: 'java.lang.Object java.lang.invoke.DirectMethodHandle$Holder.invokeStaticInit(java.lang.Object)'> (0x00000000ec0ce1a0) 
thrown [s\src\hotspot\share\interpreter\linkResolver.cpp, line 759]
Event: 1.730 Thread 0x0000027f1de89400 Exception <a 'java/lang/NullPointerException'{0x00000000ec208d08}> (0x00000000ec208d08) 
thrown [s\src\hotspot\share\interpreter\linkResolver.cpp, line 1350]
Event: 1.730 Thread 0x0000027f1de89400 Exception <a 'java/lang/NullPointerException'{0x00000000ec208fe0}> (0x00000000ec208fe0) 
thrown [s\src\hotspot\share\interpreter\linkResolver.cpp, line 1350]
Event: 1.969 Thread 0x0000027f1de89400 Exception <a 'java/io/FileNotFoundException'{0x00000000eb451878}> (0x00000000eb451878) 
thrown [s\src\hotspot\share\prims\jni.cpp, line 516]
Event: 2.019 Thread 0x0000027f1de89400 Exception <a 'java/lang/NoSuchMethodError'{0x00000000eb5ee5c0}: 'java.lang.Object java.lang.invoke.Invokers$Holder.invokeExact_MT(java.lang.Object, java.lang.Object, java.lang.Object, java.lang.Object, java.lang.Object, java.lang.Object)'> (0x00000000eb5ee5c0) 
thrown [s\src\hotspot\share\interpreter\linkResolver.cpp, line 759]
Event: 2.058 Thread 0x0000027f1de89400 Exception <a 'java/lang/NoSuchMethodError'{0x00000000eb70cc40}: 'java.lang.Object java.lang.invoke.Invokers$Holder.linkToTargetMethod(java.lang.Object, long, java.lang.Object)'> (0x00000000eb70cc40) 
thrown [s\src\hotspot\share\interpreter\linkResolver.cpp, line 759]
Event: 2.173 Thread 0x0000027f1de89400 Exception <a 'java/lang/NoSuchMethodError'{0x00000000eba9bb98}: 'void java.lang.invoke.DirectMethodHandle$Holder.invokeInterface(java.lang.Object, java.lang.Object, java.lang.Object)'> (0x00000000eba9bb98) 
thrown [s\src\hotspot\share\interpreter\linkResolver.cpp, line 759]
Event: 2.284 Thread 0x0000027f1de89400 Exception <a 'java/lang/NoSuchMethodError'{0x00000000ebdbbf70}: 'void java.lang.invoke.DirectMethodHandle$Holder.invokeVirtual(java.lang.Object, java.lang.Object)'> (0x00000000ebdbbf70) 
thrown [s\src\hotspot\share\interpreter\linkResolver.cpp, line 759]
Event: 2.307 Thread 0x0000027f1de89400 Exception <a 'java/lang/NoSuchMethodError'{0x00000000ebecc6a8}: 'java.lang.Object java.lang.invoke.DirectMethodHandle$Holder.invokeStatic(java.lang.Object, java.lang.Object, int)'> (0x00000000ebecc6a8) 
thrown [s\src\hotspot\share\interpreter\linkResolver.cpp, line 759]
Event: 2.308 Thread 0x0000027f1de89400 Exception <a 'java/lang/NoSuchMethodError'{0x00000000ebed1258}: 'void java.lang.invoke.DirectMethodHandle$Holder.invokeStatic(java.lang.Object, java.lang.Object, int, java.lang.Object)'> (0x00000000ebed1258) 
thrown [s\src\hotspot\share\interpreter\linkResolver.cpp, line 759]
Event: 2.308 Thread 0x0000027f1de89400 Exception <a 'java/lang/NoSuchMethodError'{0x00000000ebed8988}: 'void java.lang.invoke.DelegatingMethodHandle$Holder.delegate(java.lang.Object, java.lang.Object, int, java.lang.Object)'> (0x00000000ebed8988) 
thrown [s\src\hotspot\share\interpreter\linkResolver.cpp, line 759]
Event: 2.309 Thread 0x0000027f1de89400 Exception <a 'java/lang/NoSuchMethodError'{0x00000000ebedcd70}: 'int java.lang.invoke.DirectMethodHandle$Holder.invokeSpecial(java.lang.Object, java.lang.Object, java.lang.Object)'> (0x00000000ebedcd70) 
thrown [s\src\hotspot\share\interpreter\linkResolver.cpp, line 759]

VM Operations (20 events):
Event: 1.116 Executing VM operation: ICBufferFull
Event: 1.117 Executing VM operation: ICBufferFull done
Event: 1.145 Executing VM operation: ParallelGCFailedAllocation
Event: 1.155 Executing VM operation: ParallelGCFailedAllocation done
Event: 1.455 Executing VM operation: HandshakeAllThreads
Event: 1.455 Executing VM operation: HandshakeAllThreads done
Event: 1.455 Executing VM operation: HandshakeAllThreads
Event: 1.455 Executing VM operation: HandshakeAllThreads done
Event: 1.461 Executing VM operation: HandshakeAllThreads
Event: 1.461 Executing VM operation: HandshakeAllThreads done
Event: 1.474 Executing VM operation: HandshakeAllThreads
Event: 1.474 Executing VM operation: HandshakeAllThreads done
Event: 1.726 Executing VM operation: HandshakeAllThreads
Event: 1.727 Executing VM operation: HandshakeAllThreads done
Event: 1.774 Executing VM operation: ParallelGCFailedAllocation
Event: 1.779 Executing VM operation: ParallelGCFailedAllocation done
Event: 2.132 Executing VM operation: HandshakeAllThreads
Event: 2.132 Executing VM operation: HandshakeAllThreads done
Event: 2.307 Executing VM operation: HandshakeAllThreads
Event: 2.307 Executing VM operation: HandshakeAllThreads done

Events (20 events):
Event: 2.304 loading class java/io/ObjectOutputStream
Event: 2.304 loading class java/io/ObjectOutput
Event: 2.304 loading class java/io/ObjectOutput done
Event: 2.304 loading class java/io/ObjectOutputStream done
Event: 2.305 loading class java/lang/invoke/MethodHandleImpl$WrappedMember
Event: 2.306 loading class java/lang/invoke/MethodHandleImpl$WrappedMember done
Event: 2.306 loading class java/lang/invoke/MethodHandleImpl$CasesHolder
Event: 2.306 loading class java/lang/invoke/MethodHandleImpl$CasesHolder done
Event: 2.306 loading class java/lang/invoke/MethodHandleImpl$LoopClauses
Event: 2.306 loading class java/lang/invoke/MethodHandleImpl$LoopClauses done
Event: 2.306 loading class java/lang/invoke/MethodHandleImpl$ArrayAccess
Event: 2.306 loading class java/lang/invoke/MethodHandleImpl$ArrayAccess done
Event: 2.306 loading class java/lang/invoke/MethodHandleImpl$2
Event: 2.306 loading class java/lang/invoke/MethodHandleImpl$2 done
Event: 2.306 loading class java/lang/invoke/MethodHandleImpl$ArrayAccessor
Event: 2.306 loading class java/lang/invoke/MethodHandleImpl$ArrayAccessor done
Event: 2.306 loading class java/lang/invoke/MethodHandleImpl$ArrayAccessor$1
Event: 2.306 loading class java/lang/invoke/MethodHandleImpl$ArrayAccessor$1 done
Event: 2.307 loading class java/lang/ClassValue$ClassValueMap
Event: 2.307 loading class java/lang/ClassValue$ClassValueMap done


Dynamic libraries:
0x00007ff76cf50000 - 0x00007ff76cf5e000 	c:\Users\alanc\.vscode\extensions\redhat.java-1.28.1-win32-x64\jre\17.0.10-win32-x86_64\bin\java.exe
0x00007ffc7a470000 - 0x00007ffc7a686000 	C:\WINDOWS\SYSTEM32\ntdll.dll
0x00007ffc71dd0000 - 0x00007ffc71de9000 	C:\Program Files\AVG\Antivirus\aswhook.dll
0x00007ffc78d80000 - 0x00007ffc78e44000 	C:\WINDOWS\System32\KERNEL32.DLL
0x00007ffc779c0000 - 0x00007ffc77d66000 	C:\WINDOWS\System32\KERNELBASE.dll
0x00007ffc77d70000 - 0x00007ffc77e81000 	C:\WINDOWS\System32\ucrtbase.dll
0x00007ffc687c0000 - 0x00007ffc687db000 	c:\Users\alanc\.vscode\extensions\redhat.java-1.28.1-win32-x64\jre\17.0.10-win32-x86_64\bin\VCRUNTIME140.dll
0x00007ffc687a0000 - 0x00007ffc687b7000 	c:\Users\alanc\.vscode\extensions\redhat.java-1.28.1-win32-x64\jre\17.0.10-win32-x86_64\bin\jli.dll
0x00007ffc785f0000 - 0x00007ffc7879d000 	C:\WINDOWS\System32\USER32.dll
0x00007ffc77990000 - 0x00007ffc779b6000 	C:\WINDOWS\System32\win32u.dll
0x00007ffc649f0000 - 0x00007ffc64c83000 	C:\WINDOWS\WinSxS\amd64_microsoft.windows.common-controls_6595b64144ccf1df_6.0.22621.3235_none_270f74e173860f98\COMCTL32.dll
0x00007ffc785a0000 - 0x00007ffc785c9000 	C:\WINDOWS\System32\GDI32.dll
0x00007ffc78380000 - 0x00007ffc78427000 	C:\WINDOWS\System32\msvcrt.dll
0x00007ffc77870000 - 0x00007ffc77988000 	C:\WINDOWS\System32\gdi32full.dll
0x00007ffc78120000 - 0x00007ffc781ba000 	C:\WINDOWS\System32\msvcp_win.dll
0x00007ffc7a3f0000 - 0x00007ffc7a421000 	C:\WINDOWS\System32\IMM32.DLL
0x00007ffc68790000 - 0x00007ffc6879c000 	c:\Users\alanc\.vscode\extensions\redhat.java-1.28.1-win32-x64\jre\17.0.10-win32-x86_64\bin\vcruntime140_1.dll
0x00007ffc227b0000 - 0x00007ffc2283d000 	c:\Users\alanc\.vscode\extensions\redhat.java-1.28.1-win32-x64\jre\17.0.10-win32-x86_64\bin\msvcp140.dll
0x00007ffbbafb0000 - 0x00007ffbbbc12000 	c:\Users\alanc\.vscode\extensions\redhat.java-1.28.1-win32-x64\jre\17.0.10-win32-x86_64\bin\server\jvm.dll
0x00007ffc79340000 - 0x00007ffc793f2000 	C:\WINDOWS\System32\ADVAPI32.dll
0x00007ffc78cc0000 - 0x00007ffc78d68000 	C:\WINDOWS\System32\sechost.dll
0x00007ffc77f00000 - 0x00007ffc77f28000 	C:\WINDOWS\System32\bcrypt.dll
0x00007ffc78800000 - 0x00007ffc78915000 	C:\WINDOWS\System32\RPCRT4.dll
0x00007ffc64e40000 - 0x00007ffc64e49000 	C:\WINDOWS\SYSTEM32\WSOCK32.dll
0x00007ffc77680000 - 0x00007ffc776cd000 	C:\WINDOWS\SYSTEM32\POWRPROF.dll
0x00007ffc6dba0000 - 0x00007ffc6dbaa000 	C:\WINDOWS\SYSTEM32\VERSION.dll
0x00007ffc6ffb0000 - 0x00007ffc6ffe4000 	C:\WINDOWS\SYSTEM32\WINMM.dll
0x00007ffc79da0000 - 0x00007ffc79e11000 	C:\WINDOWS\System32\WS2_32.dll
0x00007ffc775b0000 - 0x00007ffc775c3000 	C:\WINDOWS\SYSTEM32\UMPDC.dll
0x00007ffc767f0000 - 0x00007ffc76808000 	C:\WINDOWS\SYSTEM32\kernel.appcore.dll
0x00007ffc68780000 - 0x00007ffc6878a000 	c:\Users\alanc\.vscode\extensions\redhat.java-1.28.1-win32-x64\jre\17.0.10-win32-x86_64\bin\jimage.dll
0x00007ffc751e0000 - 0x00007ffc75413000 	C:\WINDOWS\SYSTEM32\DBGHELP.DLL
0x00007ffc78920000 - 0x00007ffc78ca8000 	C:\WINDOWS\System32\combase.dll
0x00007ffc784b0000 - 0x00007ffc78587000 	C:\WINDOWS\System32\OLEAUT32.dll
0x00007ffc6bc20000 - 0x00007ffc6bc52000 	C:\WINDOWS\SYSTEM32\dbgcore.DLL
0x00007ffc780a0000 - 0x00007ffc7811a000 	C:\WINDOWS\System32\bcryptPrimitives.dll
0x00007ffc686c0000 - 0x00007ffc686ce000 	c:\Users\alanc\.vscode\extensions\redhat.java-1.28.1-win32-x64\jre\17.0.10-win32-x86_64\bin\instrument.dll
0x00007ffc2cfb0000 - 0x00007ffc2cfd5000 	c:\Users\alanc\.vscode\extensions\redhat.java-1.28.1-win32-x64\jre\17.0.10-win32-x86_64\bin\java.dll
0x00007ffc41330000 - 0x00007ffc41348000 	c:\Users\alanc\.vscode\extensions\redhat.java-1.28.1-win32-x64\jre\17.0.10-win32-x86_64\bin\zip.dll
0x00007ffc79540000 - 0x00007ffc79d9d000 	C:\WINDOWS\System32\SHELL32.dll
0x00007ffc755b0000 - 0x00007ffc75ea8000 	C:\WINDOWS\SYSTEM32\windows.storage.dll
0x00007ffc75ed0000 - 0x00007ffc7600e000 	C:\WINDOWS\SYSTEM32\wintypes.dll
0x00007ffc79e20000 - 0x00007ffc79f13000 	C:\WINDOWS\System32\SHCORE.dll
0x00007ffc79f20000 - 0x00007ffc79f7e000 	C:\WINDOWS\System32\shlwapi.dll
0x00007ffc776e0000 - 0x00007ffc77706000 	C:\WINDOWS\SYSTEM32\profapi.dll
0x00007ffc41040000 - 0x00007ffc41059000 	C:\Users\alanc\.vscode\extensions\redhat.java-1.28.1-win32-x64\jre\17.0.10-win32-x86_64\bin\net.dll
0x00007ffc70a60000 - 0x00007ffc70b97000 	C:\WINDOWS\SYSTEM32\WINHTTP.dll
0x00007ffc76c70000 - 0x00007ffc76cd9000 	C:\WINDOWS\system32\mswsock.dll
0x00007ffc35d50000 - 0x00007ffc35d66000 	C:\Users\alanc\.vscode\extensions\redhat.java-1.28.1-win32-x64\jre\17.0.10-win32-x86_64\bin\nio.dll
0x00007ffc66290000 - 0x00007ffc662a0000 	c:\Users\alanc\.vscode\extensions\redhat.java-1.28.1-win32-x64\jre\17.0.10-win32-x86_64\bin\verify.dll
0x00007ffc295c0000 - 0x00007ffc295fe000 	C:\Users\alanc\AppData\Roaming\Code\User\globalStorage\redhat.java\1.28.1\config_ss_win\org.eclipse.equinox.launcher\org.eclipse.equinox.launcher.win32.win32.x86_64_1.2.900.v20240129-1338\eclipse_11900.dll
0x00007ffc7a0f0000 - 0x00007ffc7a28f000 	C:\WINDOWS\System32\ole32.dll

dbghelp: loaded successfully - version: 4.0.5 - missing functions: none
symbol engine: initialized successfully - sym options: 0x614 - pdb path: .;c:\Users\alanc\.vscode\extensions\redhat.java-1.28.1-win32-x64\jre\17.0.10-win32-x86_64\bin;C:\WINDOWS\SYSTEM32;C:\Program Files\AVG\Antivirus;C:\WINDOWS\WinSxS\amd64_microsoft.windows.common-controls_6595b64144ccf1df_6.0.22621.3235_none_270f74e173860f98;c:\Users\alanc\.vscode\extensions\redhat.java-1.28.1-win32-x64\jre\17.0.10-win32-x86_64\bin\server;C:\Users\alanc\AppData\Roaming\Code\User\globalStorage\redhat.java\1.28.1\config_ss_win\org.eclipse.equinox.launcher\org.eclipse.equinox.launcher.win32.win32.x86_64_1.2.900.v20240129-1338

VM Arguments:
jvm_args: --add-modules=ALL-SYSTEM --add-opens=java.base/java.util=ALL-UNNAMED --add-opens=java.base/java.lang=ALL-UNNAMED --add-opens=java.base/sun.nio.fs=ALL-UNNAMED -Declipse.application=org.eclipse.jdt.ls.core.id1 -Dosgi.bundles.defaultStartLevel=4 -Declipse.product=org.eclipse.jdt.ls.core.product -Djava.import.generatesMetadataFilesAtProjectRoot=false -DDetectVMInstallationsJob.disabled=true -Dfile.encoding=utf8 -XX:+UseParallelGC -XX:GCTimeRatio=4 -XX:AdaptiveSizePolicyWeight=90 -Dsun.zip.disableMemoryMapping=true -Xmx1G -Xms100m -Xlog:disable -javaagent:c:\Users\alanc\.vscode\extensions\redhat.java-1.28.1-win32-x64\lombok\lombok-1.18.31.jar 
java_command: c:\Users\alanc\.vscode\extensions\redhat.java-1.28.1-win32-x64\server\plugins\org.eclipse.equinox.launcher_1.6.700.v20231214-2017.jar -configuration c:\Users\alanc\AppData\Roaming\Code\User\globalStorage\redhat.java\1.28.1\config_ss_win -data c:\Users\alanc\AppData\Roaming\Code\User\workspaceStorage\6847d39ac9dbc775eb022e044a9ea7dc\redhat.java\ss_ws --stdio
java_class_path (initial): c:\Users\alanc\.vscode\extensions\redhat.java-1.28.1-win32-x64\server\plugins\org.eclipse.equinox.launcher_1.6.700.v20231214-2017.jar
Launcher Type: SUN_STANDARD

[Global flags]
    uintx AdaptiveSizePolicyWeight                 = 90                                        {product} {command line}
     intx CICompilerCount                          = 4                                         {product} {ergonomic}
    uintx GCTimeRatio                              = 4                                         {product} {command line}
   size_t InitialHeapSize                          = 104857600                                 {product} {command line}
   size_t MaxHeapSize                              = 1073741824                                {product} {command line}
   size_t MaxNewSize                               = 357564416                                 {product} {ergonomic}
   size_t MinHeapDeltaBytes                        = 524288                                    {product} {ergonomic}
   size_t MinHeapSize                              = 104857600                                 {product} {command line}
   size_t NewSize                                  = 34603008                                  {product} {ergonomic}
    uintx NonNMethodCodeHeapSize                   = 5839372                                {pd product} {ergonomic}
    uintx NonProfiledCodeHeapSize                  = 122909434                              {pd product} {ergonomic}
   size_t OldSize                                  = 70254592                                  {product} {ergonomic}
    uintx ProfiledCodeHeapSize                     = 122909434                              {pd product} {ergonomic}
    uintx ReservedCodeCacheSize                    = 251658240                              {pd product} {ergonomic}
     bool SegmentedCodeCache                       = true                                      {product} {ergonomic}
   size_t SoftMaxHeapSize                          = 1073741824                             {manageable} {ergonomic}
     bool UseCompressedClassPointers               = true                           {product lp64_product} {ergonomic}
     bool UseCompressedOops                        = true                           {product lp64_product} {ergonomic}
     bool UseLargePagesIndividualAllocation        = false                                  {pd product} {ergonomic}
     bool UseParallelGC                            = true                                      {product} {command line}

Logging:
Log output configuration:
 #0: stdout all=off uptime,level,tags
 #1: stderr all=off uptime,level,tags

Environment Variables:
PATH=C:\Python312\Scripts\;C:\Python312\;C:\Program Files (x86)\Common Files\Oracle\Java\javapath;C:\WINDOWS\system32;C:\WINDOWS;C:\WINDOWS\System32\Wbem;C:\WINDOWS\System32\WindowsPowerShell\v1.0\;C:\WINDOWS\System32\OpenSSH\;C:\ProgramData\chocolatey\bin;C:\Program Files\PuTTY\;C:\Program Files\Git\cmd;C:\Program Files\Docker\Docker\resources\bin;C:\xampp\php;C:\Program Files\MySQL\MySQL Server 8.0\bin;C:\Program Files\PowerShell\7\;C:\Program Files\PowerShell\7-preview\preview;C:\Program Files\nodejs\;C:\Users\alanc\AppData\Local\Programs\Python\Python310\Scripts\;C:\Users\alanc\AppData\Local\Programs\Python\Python310\;C:\Users\alanc\AppData\Local\Microsoft\WindowsApps;C:\Users\alanc\AppData\Local\Programs\Microsoft VS Code\bin;C:\Program Files\JetBrains\PyCharm 2022.3\bin;;%M2_HOME\bin;C:\Users\alanc\AppData\Roaming\npm
USERNAME=Alan
OS=Windows_NT
PROCESSOR_IDENTIFIER=AMD64 Family 23 Model 104 Stepping 1, AuthenticAMD
TMP=C:\Users\alanc\AppData\Local\Temp
TEMP=C:\Users\alanc\AppData\Local\Temp



Periodic native trim disabled


---------------  S Y S T E M  ---------------

OS:
 Windows 11 , 64 bit Build 22621 (10.0.22621.3235)
OS uptime: 4 days 23:01 hours

CPU: total 12 (initial active 12) (12 cores per cpu, 2 threads per core) family 23 model 104 stepping 1 microcode 0x0, cx8, cmov, fxsr, ht, mmx, 3dnowpref, sse, sse2, sse3, ssse3, sse4a, sse4.1, sse4.2, popcnt, lzcnt, tsc, tscinvbit, avx, avx2, aes, clmul, bmi1, bmi2, adx, sha, fma, vzeroupper, clflush, clflushopt
Processor Information for processor 0
  Max Mhz: 2100, Current Mhz: 2100, Mhz Limit: 2100
Processor Information for processor 1
  Max Mhz: 2100, Current Mhz: 1813, Mhz Limit: 2100
Processor Information for processor 2
  Max Mhz: 2100, Current Mhz: 1813, Mhz Limit: 2100
Processor Information for processor 3
  Max Mhz: 2100, Current Mhz: 2100, Mhz Limit: 2100
Processor Information for processor 4
  Max Mhz: 2100, Current Mhz: 2100, Mhz Limit: 2100
Processor Information for processor 5
  Max Mhz: 2100, Current Mhz: 2100, Mhz Limit: 2100
Processor Information for processor 6
  Max Mhz: 2100, Current Mhz: 2100, Mhz Limit: 2100
Processor Information for processor 7
  Max Mhz: 2100, Current Mhz: 2100, Mhz Limit: 2100
Processor Information for processor 8
  Max Mhz: 2100, Current Mhz: 1813, Mhz Limit: 2100
Processor Information for processor 9
  Max Mhz: 2100, Current Mhz: 2100, Mhz Limit: 2100
Processor Information for processor 10
  Max Mhz: 2100, Current Mhz: 2100, Mhz Limit: 2100
Processor Information for processor 11
  Max Mhz: 2100, Current Mhz: 1813, Mhz Limit: 2100

Memory: 4k page, system-wide physical 5989M (338M free)
TotalPageFile size 24421M (AvailPageFile size 206M)
current process WorkingSet (physical memory assigned to process): 98M, peak: 98M
current process commit charge ("private bytes"): 219M, peak: 219M

vm_info: OpenJDK 64-Bit Server VM (17.0.10+7) for windows-amd64 JRE (17.0.10+7), built on Jan 16 2024 23:25:11 by "admin" with MS VC++ 16.10 / 16.11 (VS2019)

END.
