#
# There is insufficient memory for the Java Runtime Environment to continue.
# Native memory allocation (malloc) failed to allocate 352656 bytes for Chunk::new
# Possible reasons:
#   The system is out of physical RAM or swap space
#   The process is running with CompressedOops enabled, and the Java Heap may be blocking the growth of the native heap
# Possible solutions:
#   Reduce memory load on the system
#   Increase physical memory or swap space
#   Check if swap backing store is full
#   Decrease Java heap size (-Xmx/-Xms)
#   Decrease number of Java threads
#   Decrease Java thread stack sizes (-Xss)
#   Set larger code cache with -XX:ReservedCodeCacheSize=
#   JVM is running with Unscaled Compressed Oops mode in which the Java heap is
#     placed in the first 4GB address space. The Java Heap base address is the
#     maximum limit for the native heap growth. Please use -XX:HeapBaseMinAddress
#     to set the Java Heap base and to place the Java Heap above 4GB virtual address.
# This output file may be truncated or incomplete.
#
#  Out of Memory Error (arena.cpp:191), pid=79008, tid=85252
#
# JRE version: OpenJDK Runtime Environment Temurin-17.0.10+7 (17.0.10+7) (build 17.0.10+7)
# Java VM: OpenJDK 64-Bit Server VM Temurin-17.0.10+7 (17.0.10+7, mixed mode, tiered, compressed oops, compressed class ptrs, parallel gc, windows-amd64)
# No core dump will be written. Minidumps are not enabled by default on client versions of Windows
#

---------------  S U M M A R Y ------------

Command Line: --add-modules=ALL-SYSTEM --add-opens=java.base/java.util=ALL-UNNAMED --add-opens=java.base/java.lang=ALL-UNNAMED --add-opens=java.base/sun.nio.fs=ALL-UNNAMED -Declipse.application=org.eclipse.jdt.ls.core.id1 -Dosgi.bundles.defaultStartLevel=4 -Declipse.product=org.eclipse.jdt.ls.core.product -Djava.import.generatesMetadataFilesAtProjectRoot=false -DDetectVMInstallationsJob.disabled=true -Dfile.encoding=utf8 -XX:+UseParallelGC -XX:GCTimeRatio=4 -XX:AdaptiveSizePolicyWeight=90 -Dsun.zip.disableMemoryMapping=true -Xmx1G -Xms100m -Xlog:disable -javaagent:c:\Users\alanc\.vscode\extensions\redhat.java-1.28.1-win32-x64\lombok\lombok-1.18.31.jar -XX:+HeapDumpOnOutOfMemoryError -XX:HeapDumpPath=c:\Users\alanc\AppData\Roaming\Code\User\workspaceStorage\6847d39ac9dbc775eb022e044a9ea7dc\redhat.java -Daether.dependencyCollector.impl=bf c:\Users\alanc\.vscode\extensions\redhat.java-1.28.1-win32-x64\server\plugins\org.eclipse.equinox.launcher_1.6.700.v20231214-2017.jar -configuration c:\Users\alanc\AppData\Roaming\Code\User\globalStorage\redhat.java\1.28.1\config_win -data c:\Users\alanc\AppData\Roaming\Code\User\workspaceStorage\6847d39ac9dbc775eb022e044a9ea7dc\redhat.java\jdt_ws --stdio

Host: AMD Ryzen 5 5500U with Radeon Graphics         , 12 cores, 5G,  Windows 11 , 64 bit Build 22621 (10.0.22621.3235)
Time: Wed Mar 20 16:52:35 2024 Hora Padrão de Buenos Aires elapsed time: 0.889850 seconds (0d 0h 0m 0s)

---------------  T H R E A D  ---------------

Current thread (0x0000020753b80cf0):  JavaThread "C2 CompilerThread0" daemon [_thread_in_native, id=85252, stack(0x000000afba300000,0x000000afba400000)]


Current CompileTask:
C2:    889 1080       4       lombok.launch.PackageShader::apply (252 bytes)

Stack: [0x000000afba300000,0x000000afba400000]
Native frames: (J=compiled Java code, j=interpreted, Vv=VM code, C=native code)
V  [jvm.dll+0x67d2c9]
V  [jvm.dll+0x834afa]
V  [jvm.dll+0x8365be]
V  [jvm.dll+0x836c23]
V  [jvm.dll+0x2477ff]
V  [jvm.dll+0xac514]
V  [jvm.dll+0xacb5c]
V  [jvm.dll+0x366782]
V  [jvm.dll+0x330bfa]
V  [jvm.dll+0x33009a]
V  [jvm.dll+0x219ef1]
V  [jvm.dll+0x219311]
V  [jvm.dll+0x1a502d]
V  [jvm.dll+0x2290de]
V  [jvm.dll+0x2272ac]
V  [jvm.dll+0x7e9bb7]
V  [jvm.dll+0x7e3fba]
V  [jvm.dll+0x67c1b5]
C  [ucrtbase.dll+0x29363]
C  [KERNEL32.DLL+0x1257d]
C  [ntdll.dll+0x5aa58]


---------------  P R O C E S S  ---------------

Threads class SMR info:
_java_thread_list=0x000002075533ab00, length=13, elements={
0x0000020738c4c400, 0x0000020738ceea50, 0x0000020753b596b0, 0x000002074ea120e0,
0x000002074ea12ab0, 0x000002074ea13dc0, 0x000002074ea150d0, 0x0000020753b80cf0,
0x0000020753b84dc0, 0x0000020753b87e80, 0x0000020753c86bb0, 0x0000020738cb0660,
0x0000020753ebe8e0
}

Java Threads: ( => current thread )
  0x0000020738c4c400 JavaThread "main" [_thread_in_vm, id=78304, stack(0x000000afb9a00000,0x000000afb9b00000)]
  0x0000020738ceea50 JavaThread "Reference Handler" daemon [_thread_blocked, id=64256, stack(0x000000afb9d00000,0x000000afb9e00000)]
  0x0000020753b596b0 JavaThread "Finalizer" daemon [_thread_blocked, id=92796, stack(0x000000afb9e00000,0x000000afb9f00000)]
  0x000002074ea120e0 JavaThread "Signal Dispatcher" daemon [_thread_blocked, id=88716, stack(0x000000afb9f00000,0x000000afba000000)]
  0x000002074ea12ab0 JavaThread "Attach Listener" daemon [_thread_blocked, id=92928, stack(0x000000afba000000,0x000000afba100000)]
  0x000002074ea13dc0 JavaThread "Service Thread" daemon [_thread_blocked, id=87424, stack(0x000000afba100000,0x000000afba200000)]
  0x000002074ea150d0 JavaThread "Monitor Deflation Thread" daemon [_thread_blocked, id=75968, stack(0x000000afba200000,0x000000afba300000)]
=>0x0000020753b80cf0 JavaThread "C2 CompilerThread0" daemon [_thread_in_native, id=85252, stack(0x000000afba300000,0x000000afba400000)]
  0x0000020753b84dc0 JavaThread "C1 CompilerThread0" daemon [_thread_blocked, id=89620, stack(0x000000afba400000,0x000000afba500000)]
  0x0000020753b87e80 JavaThread "Sweeper thread" daemon [_thread_blocked, id=92800, stack(0x000000afba500000,0x000000afba600000)]
  0x0000020753c86bb0 JavaThread "Common-Cleaner" daemon [_thread_blocked, id=75564, stack(0x000000afba600000,0x000000afba700000)]
  0x0000020738cb0660 JavaThread "C2 CompilerThread1" daemon [_thread_in_native, id=80720, stack(0x000000afba700000,0x000000afba800000)]
  0x0000020753ebe8e0 JavaThread "Notification Thread" daemon [_thread_blocked, id=78368, stack(0x000000afba800000,0x000000afba900000)]

Other Threads:
  0x0000020738cd2300 VMThread "VM Thread" [stack: 0x000000afb9c00000,0x000000afb9d00000] [id=92584]
  0x0000020753e167d0 WatcherThread [stack: 0x000000afba900000,0x000000afbaa00000] [id=91160]
  0x0000020738c63820 GCTaskThread "GC Thread#0" [stack: 0x000000afb9b00000,0x000000afb9c00000] [id=83016]
  0x0000020755cb0cb0 GCTaskThread "GC Thread#1" [stack: 0x000000afbaa00000,0x000000afbab00000] [id=92624]
  0x00000207556dea70 GCTaskThread "GC Thread#2" [stack: 0x000000afbab00000,0x000000afbac00000] [id=57860]
  0x000002075573e890 GCTaskThread "GC Thread#3" [stack: 0x000000afbac00000,0x000000afbad00000] [id=92024]
  0x000002075573eb50 GCTaskThread "GC Thread#4" [stack: 0x000000afbad00000,0x000000afbae00000] [id=84284]
  0x0000020755741010 GCTaskThread "GC Thread#5" [stack: 0x000000afbae00000,0x000000afbaf00000] [id=83148]
  0x00000207557412d0 GCTaskThread "GC Thread#6" [stack: 0x000000afbaf00000,0x000000afbb000000] [id=23060]

Threads with active compile tasks:
C2 CompilerThread0      918 1080       4       lombok.launch.PackageShader::apply (252 bytes)
C2 CompilerThread1      918 1087       4       jdk.internal.jimage.ImageLocation::verify (218 bytes)

VM state: not at safepoint (normal execution)

VM Mutex/Monitor currently owned by a thread: None

Heap address: 0x00000000c0000000, size: 1024 MB, Compressed Oops mode: 32-bit

CDS archive(s) not mapped
Compressed class space mapped at: 0x0000000100000000-0x0000000140000000, reserved size: 1073741824
Narrow klass base: 0x0000000000000000, Narrow klass shift: 3, Narrow klass range: 0x140000000

GC Precious Log:
 CPUs: 12 total, 12 available
 Memory: 5989M
 Large Page Support: Disabled
 NUMA Support: Disabled
 Compressed Oops: Enabled (32-bit)
 Alignments: Space 512K, Generation 512K, Heap 2M
 Heap Min Capacity: 100M
 Heap Initial Capacity: 100M
 Heap Max Capacity: 1G
 Pre-touch: Disabled
 Parallel Workers: 10

Heap:
 PSYoungGen      total 29696K, used 10858K [0x00000000eab00000, 0x00000000ecc00000, 0x0000000100000000)
  eden space 25600K, 30% used [0x00000000eab00000,0x00000000eb2858c0,0x00000000ec400000)
  from space 4096K, 77% used [0x00000000ec400000,0x00000000ec715150,0x00000000ec800000)
  to   space 4096K, 0% used [0x00000000ec800000,0x00000000ec800000,0x00000000ecc00000)
 ParOldGen       total 68608K, used 16K [0x00000000c0000000, 0x00000000c4300000, 0x00000000eab00000)
  object space 68608K, 0% used [0x00000000c0000000,0x00000000c0004000,0x00000000c4300000)
 Metaspace       used 12141K, committed 12288K, reserved 1114112K
  class space    used 1190K, committed 1280K, reserved 1048576K

Card table byte_map: [0x000002074c290000,0x000002074c4a0000] _byte_map_base: 0x000002074bc90000

Marking Bits: (ParMarkBitMap*) 0x00007ffbbbb4d7d0
 Begin Bits: [0x000002074c600000, 0x000002074d600000)
 End Bits:   [0x000002074d600000, 0x000002074e600000)

Polling page: 0x0000020738cf0000

Metaspace:

Usage:
  Non-class:     10.69 MB used.
      Class:      1.16 MB used.
       Both:     11.86 MB used.

Virtual space:
  Non-class space:       64.00 MB reserved,      10.75 MB ( 17%) committed,  1 nodes.
      Class space:        1.00 GB reserved,       1.25 MB ( <1%) committed,  1 nodes.
             Both:        1.06 GB reserved,      12.00 MB (  1%) committed. 

Chunk freelists:
   Non-Class:  4.39 MB
       Class:  14.61 MB
        Both:  19.00 MB

MaxMetaspaceSize: unlimited
CompressedClassSpaceSize: 1.00 GB
Initial GC threshold: 21.00 MB
Current GC threshold: 21.00 MB
CDS: off
MetaspaceReclaimPolicy: balanced
 - commit_granule_bytes: 65536.
 - commit_granule_words: 8192.
 - virtual_space_node_default_size: 8388608.
 - enlarge_chunks_in_place: 1.
 - new_chunks_are_fully_committed: 0.
 - uncommit_free_chunks: 1.
 - use_allocation_guard: 0.
 - handle_deallocations: 1.


Internal statistics:

num_allocs_failed_limit: 0.
num_arena_births: 30.
num_arena_deaths: 0.
num_vsnodes_births: 2.
num_vsnodes_deaths: 0.
num_space_committed: 192.
num_space_uncommitted: 0.
num_chunks_returned_to_freelist: 0.
num_chunks_taken_from_freelist: 137.
num_chunk_merges: 0.
num_chunk_splits: 95.
num_chunks_enlarged: 83.
num_inconsistent_stats: 0.

CodeHeap 'non-profiled nmethods': size=120000Kb used=424Kb max_used=424Kb free=119575Kb
 bounds [0x0000020744b70000, 0x0000020744de0000, 0x000002074c0a0000]
CodeHeap 'profiled nmethods': size=120000Kb used=1954Kb max_used=1954Kb free=118045Kb
 bounds [0x000002073d0a0000, 0x000002073d310000, 0x00000207445d0000]
CodeHeap 'non-nmethods': size=5760Kb used=1145Kb max_used=1166Kb free=4614Kb
 bounds [0x00000207445d0000, 0x0000020744840000, 0x0000020744b70000]
 total_blobs=1534 nmethods=1096 adapters=353
 compilation: enabled
              stopped_count=0, restarted_count=0
 full_count=0

Compilation events (20 events):
Event: 0.862 Thread 0x0000020753b84dc0 1079       3       java.lang.ClassLoader::preDefineClass (118 bytes)
Event: 0.863 Thread 0x0000020753b84dc0 nmethod 1079 0x000002073d277c90 code [0x000002073d278000, 0x000002073d2792b8]
Event: 0.863 Thread 0x0000020753b84dc0 1081       3       java.lang.ClassLoader::getNamedPackage (73 bytes)
Event: 0.864 Thread 0x0000020753b84dc0 nmethod 1081 0x000002073d279990 code [0x000002073d279b80, 0x000002073d27a0c8]
Event: 0.865 Thread 0x0000020753b80cf0 nmethod 1060 0x0000020744bd4e90 code [0x0000020744bd50a0, 0x0000020744bd5f70]
Event: 0.865 Thread 0x0000020753b80cf0 1080       4       lombok.launch.PackageShader::apply (252 bytes)
Event: 0.870 Thread 0x0000020738cb0660 nmethod 1041 0x0000020744bd6810 code [0x0000020744bd6a60, 0x0000020744bd8780]
Event: 0.871 Thread 0x0000020738cb0660 1062       4       org.eclipse.osgi.container.ModuleDatabase$Persistence::readString (7 bytes)
Event: 0.871 Thread 0x0000020738cb0660 nmethod 1062 0x0000020744bd9790 code [0x0000020744bd9920, 0x0000020744bd99a8]
Event: 0.876 Thread 0x0000020753b84dc0 1082       3       sun.net.util.URLUtil::urlNoFragString (114 bytes)
Event: 0.877 Thread 0x0000020753b84dc0 nmethod 1082 0x000002073d27a290 code [0x000002073d27a5c0, 0x000002073d27b608]
Event: 0.878 Thread 0x0000020753b84dc0 1083       3       java.lang.String::substring (10 bytes)
Event: 0.878 Thread 0x0000020753b84dc0 nmethod 1083 0x000002073d27bc10 code [0x000002073d27bdc0, 0x000002073d27c008]
Event: 0.878 Thread 0x0000020753b84dc0 1084       1       java.net.JarURLConnection::getJarFileURL (5 bytes)
Event: 0.878 Thread 0x0000020753b84dc0 nmethod 1084 0x0000020744bd9a90 code [0x0000020744bd9c20, 0x0000020744bd9cf8]
Event: 0.881 Thread 0x0000020753b84dc0 1085   !   3       java.lang.String::<init> (843 bytes)
Event: 0.883 Thread 0x0000020753b84dc0 nmethod 1085 0x000002073d27c110 code [0x000002073d27c5c0, 0x000002073d27ee08]
Event: 0.883 Thread 0x0000020753b84dc0 1086       3       java.net.URI::quote (214 bytes)
Event: 0.884 Thread 0x0000020738cb0660 1087       4       jdk.internal.jimage.ImageLocation::verify (218 bytes)
Event: 0.885 Thread 0x0000020753b84dc0 nmethod 1086 0x000002073d27fa90 code [0x000002073d27fe60, 0x000002073d281738]

GC Heap History (2 events):
Event: 0.758 GC heap before
{Heap before GC invocations=1 (full 0):
 PSYoungGen      total 29696K, used 25600K [0x00000000eab00000, 0x00000000ecc00000, 0x0000000100000000)
  eden space 25600K, 100% used [0x00000000eab00000,0x00000000ec400000,0x00000000ec400000)
  from space 4096K, 0% used [0x00000000ec800000,0x00000000ec800000,0x00000000ecc00000)
  to   space 4096K, 0% used [0x00000000ec400000,0x00000000ec400000,0x00000000ec800000)
 ParOldGen       total 68608K, used 0K [0x00000000c0000000, 0x00000000c4300000, 0x00000000eab00000)
  object space 68608K, 0% used [0x00000000c0000000,0x00000000c0000000,0x00000000c4300000)
 Metaspace       used 11003K, committed 11200K, reserved 1114112K
  class space    used 1098K, committed 1216K, reserved 1048576K
}
Event: 0.763 GC heap after
{Heap after GC invocations=1 (full 0):
 PSYoungGen      total 29696K, used 3156K [0x00000000eab00000, 0x00000000ecc00000, 0x0000000100000000)
  eden space 25600K, 0% used [0x00000000eab00000,0x00000000eab00000,0x00000000ec400000)
  from space 4096K, 77% used [0x00000000ec400000,0x00000000ec715150,0x00000000ec800000)
  to   space 4096K, 0% used [0x00000000ec800000,0x00000000ec800000,0x00000000ecc00000)
 ParOldGen       total 68608K, used 16K [0x00000000c0000000, 0x00000000c4300000, 0x00000000eab00000)
  object space 68608K, 0% used [0x00000000c0000000,0x00000000c0004000,0x00000000c4300000)
 Metaspace       used 11003K, committed 11200K, reserved 1114112K
  class space    used 1098K, committed 1216K, reserved 1048576K
}

Dll operation events (8 events):
Event: 0.017 Loaded shared library c:\Users\alanc\.vscode\extensions\redhat.java-1.28.1-win32-x64\jre\17.0.10-win32-x86_64\bin\java.dll
Event: 0.144 Loaded shared library c:\Users\alanc\.vscode\extensions\redhat.java-1.28.1-win32-x64\jre\17.0.10-win32-x86_64\bin\zip.dll
Event: 0.148 Loaded shared library C:\Users\alanc\.vscode\extensions\redhat.java-1.28.1-win32-x64\jre\17.0.10-win32-x86_64\bin\instrument.dll
Event: 0.162 Loaded shared library C:\Users\alanc\.vscode\extensions\redhat.java-1.28.1-win32-x64\jre\17.0.10-win32-x86_64\bin\net.dll
Event: 0.165 Loaded shared library C:\Users\alanc\.vscode\extensions\redhat.java-1.28.1-win32-x64\jre\17.0.10-win32-x86_64\bin\nio.dll
Event: 0.173 Loaded shared library C:\Users\alanc\.vscode\extensions\redhat.java-1.28.1-win32-x64\jre\17.0.10-win32-x86_64\bin\zip.dll
Event: 0.188 Loaded shared library C:\Users\alanc\.vscode\extensions\redhat.java-1.28.1-win32-x64\jre\17.0.10-win32-x86_64\bin\jimage.dll
Event: 0.267 Loaded shared library c:\Users\alanc\.vscode\extensions\redhat.java-1.28.1-win32-x64\jre\17.0.10-win32-x86_64\bin\verify.dll

Deoptimization events (20 events):
Event: 0.709 Thread 0x0000020738c4c400 Uncommon trap: trap_request=0xffffff45 fr.pc=0x0000020744baea94 relative=0x0000000000000094
Event: 0.709 Thread 0x0000020738c4c400 Uncommon trap: reason=unstable_if action=reinterpret pc=0x0000020744baea94 method=java.util.HashMap.hash(Ljava/lang/Object;)I @ 1 c2
Event: 0.709 Thread 0x0000020738c4c400 DEOPT PACKING pc=0x0000020744baea94 sp=0x000000afb9afe340
Event: 0.709 Thread 0x0000020738c4c400 DEOPT UNPACKING pc=0x00000207446266a3 sp=0x000000afb9afe2d8 mode 2
Event: 0.849 Thread 0x0000020738c4c400 Uncommon trap: trap_request=0xffffff45 fr.pc=0x0000020744ba554c relative=0x000000000000100c
Event: 0.849 Thread 0x0000020738c4c400 Uncommon trap: reason=unstable_if action=reinterpret pc=0x0000020744ba554c method=lombok.patcher.PatchScript.classMatches(Ljava/lang/String;Ljava/util/Collection;)Z @ 25 c2
Event: 0.849 Thread 0x0000020738c4c400 DEOPT PACKING pc=0x0000020744ba554c sp=0x000000afb9af8660
Event: 0.849 Thread 0x0000020738c4c400 DEOPT UNPACKING pc=0x00000207446266a3 sp=0x000000afb9af85c8 mode 2
Event: 0.849 Thread 0x0000020738c4c400 Uncommon trap: trap_request=0xffffff45 fr.pc=0x0000020744bbaee8 relative=0x0000000000000448
Event: 0.849 Thread 0x0000020738c4c400 Uncommon trap: reason=unstable_if action=reinterpret pc=0x0000020744bbaee8 method=java.lang.String.<init>([BIILjava/nio/charset/Charset;)V @ 47 c2
Event: 0.849 Thread 0x0000020738c4c400 DEOPT PACKING pc=0x0000020744bbaee8 sp=0x000000afb9af7a30
Event: 0.849 Thread 0x0000020738c4c400 DEOPT UNPACKING pc=0x00000207446266a3 sp=0x000000afb9af79e8 mode 2
Event: 0.852 Thread 0x0000020738c4c400 DEOPT PACKING pc=0x000002073d1133c5 sp=0x000000afb9af7b00
Event: 0.852 Thread 0x0000020738c4c400 DEOPT UNPACKING pc=0x0000020744626e43 sp=0x000000afb9af6fb0 mode 0
Event: 0.863 Thread 0x0000020738c4c400 DEOPT PACKING pc=0x000002073d1133c5 sp=0x000000afb9af3ee0
Event: 0.863 Thread 0x0000020738c4c400 DEOPT UNPACKING pc=0x0000020744626e43 sp=0x000000afb9af3390 mode 0
Event: 0.869 Thread 0x0000020738c4c400 DEOPT PACKING pc=0x000002073d1133c5 sp=0x000000afb9af3ee0
Event: 0.869 Thread 0x0000020738c4c400 DEOPT UNPACKING pc=0x0000020744626e43 sp=0x000000afb9af3390 mode 0
Event: 0.880 Thread 0x0000020738c4c400 DEOPT PACKING pc=0x000002073d1133c5 sp=0x000000afb9af3ee0
Event: 0.880 Thread 0x0000020738c4c400 DEOPT UNPACKING pc=0x0000020744626e43 sp=0x000000afb9af3390 mode 0

Classes unloaded (0 events):
No events

Classes redefined (0 events):
No events

Internal exceptions (20 events):
Event: 0.517 Thread 0x0000020738c4c400 Exception <a 'java/io/FileNotFoundException'{0x00000000eb87ac48}> (0x00000000eb87ac48) 
thrown [s\src\hotspot\share\prims\jni.cpp, line 516]
Event: 0.517 Thread 0x0000020738c4c400 Exception <a 'java/io/FileNotFoundException'{0x00000000eb87b970}> (0x00000000eb87b970) 
thrown [s\src\hotspot\share\prims\jni.cpp, line 516]
Event: 0.518 Thread 0x0000020738c4c400 Exception <a 'java/io/FileNotFoundException'{0x00000000eb87c668}> (0x00000000eb87c668) 
thrown [s\src\hotspot\share\prims\jni.cpp, line 516]
Event: 0.521 Thread 0x0000020738c4c400 Implicit null exception at 0x0000020744b91ef2 to 0x0000020744b92410
Event: 0.523 Thread 0x0000020738c4c400 Exception <a 'java/io/FileNotFoundException'{0x00000000eb8b6f70}> (0x00000000eb8b6f70) 
thrown [s\src\hotspot\share\prims\jni.cpp, line 516]
Event: 0.663 Thread 0x0000020738c4c400 Exception <a 'java/lang/ClassNotFoundException'{0x00000000ec0bddb0}: sun/net/www/protocol/c/Handler> (0x00000000ec0bddb0) 
thrown [s\src\hotspot\share\classfile\systemDictionary.cpp, line 256]
Event: 0.663 Thread 0x0000020738c4c400 Exception <a 'java/lang/ClassNotFoundException'{0x00000000ec0bf0f8}: sun/net/www/protocol/c/Handler> (0x00000000ec0bf0f8) 
thrown [s\src\hotspot\share\classfile\systemDictionary.cpp, line 256]
Event: 0.663 Thread 0x0000020738c4c400 Exception <a 'java/lang/ClassNotFoundException'{0x00000000ec0c0290}: sun/net/www/protocol/c/Handler> (0x00000000ec0c0290) 
thrown [s\src\hotspot\share\classfile\systemDictionary.cpp, line 256]
Event: 0.672 Thread 0x0000020738c4c400 Exception <a 'java/io/FileNotFoundException'{0x00000000ec0e7530}> (0x00000000ec0e7530) 
thrown [s\src\hotspot\share\prims\jni.cpp, line 516]
Event: 0.709 Thread 0x0000020738c4c400 Implicit null exception at 0x0000020744bb103b to 0x0000020744bb1940
Event: 0.709 Thread 0x0000020738c4c400 Implicit null exception at 0x0000020744bb826c to 0x0000020744bb8448
Event: 0.709 Thread 0x0000020738c4c400 Implicit null exception at 0x0000020744bb7bec to 0x0000020744bb7dd0
Event: 0.709 Thread 0x0000020738c4c400 Implicit null exception at 0x0000020744baea0f to 0x0000020744baea85
Event: 0.749 Thread 0x0000020738c4c400 Exception <a 'java/lang/NoSuchMethodError'{0x00000000ec3b9908}: 'int java.lang.invoke.DirectMethodHandle$Holder.invokeStaticInit(java.lang.Object, java.lang.Object, java.lang.Object, java.lang.Object)'> (0x00000000ec3b9908) 
thrown [s\src\hotspot\share\interpreter\linkResolver.cpp, line 759]
Event: 0.750 Thread 0x0000020738c4c400 Exception <a 'java/lang/NoSuchMethodError'{0x00000000ec3c3f78}: 'java.lang.Object java.lang.invoke.DirectMethodHandle$Holder.invokeInterface(java.lang.Object, java.lang.Object)'> (0x00000000ec3c3f78) 
thrown [s\src\hotspot\share\interpreter\linkResolver.cpp, line 759]
Event: 0.751 Thread 0x0000020738c4c400 Exception <a 'java/lang/IncompatibleClassChangeError'{0x00000000ec3c7770}: Found class java.lang.Object, but interface was expected> (0x00000000ec3c7770) 
thrown [s\src\hotspot\share\interpreter\linkResolver.cpp, line 826]
Event: 0.751 Thread 0x0000020738c4c400 Exception <a 'java/lang/NoSuchMethodError'{0x00000000ec3cbc60}: 'void java.lang.invoke.DirectMethodHandle$Holder.invokeStatic(java.lang.Object, java.lang.Object)'> (0x00000000ec3cbc60) 
thrown [s\src\hotspot\share\interpreter\linkResolver.cpp, line 759]
Event: 0.752 Thread 0x0000020738c4c400 Exception <a 'java/lang/NoSuchMethodError'{0x00000000ec3cf460}: 'void java.lang.invoke.DirectMethodHandle$Holder.invokeStaticInit(java.lang.Object, java.lang.Object)'> (0x00000000ec3cf460) 
thrown [s\src\hotspot\share\interpreter\linkResolver.cpp, line 759]
Event: 0.753 Thread 0x0000020738c4c400 Exception <a 'java/lang/NoSuchMethodError'{0x00000000ec3d6ad0}: 'int java.lang.invoke.DirectMethodHandle$Holder.invokeStaticInit(java.lang.Object, java.lang.Object)'> (0x00000000ec3d6ad0) 
thrown [s\src\hotspot\share\interpreter\linkResolver.cpp, line 759]
Event: 0.799 Thread 0x0000020738c4c400 Exception <a 'java/lang/NoSuchMethodError'{0x00000000eac633d0}: 'void java.lang.invoke.DirectMethodHandle$Holder.invokeSpecial(java.lang.Object, java.lang.Object, java.lang.Object)'> (0x00000000eac633d0) 
thrown [s\src\hotspot\share\interpreter\linkResolver.cpp, line 759]

VM Operations (12 events):
Event: 0.125 Executing VM operation: HandshakeAllThreads
Event: 0.125 Executing VM operation: HandshakeAllThreads done
Event: 0.203 Executing VM operation: HandshakeAllThreads
Event: 0.203 Executing VM operation: HandshakeAllThreads done
Event: 0.497 Executing VM operation: HandshakeAllThreads
Event: 0.497 Executing VM operation: HandshakeAllThreads done
Event: 0.510 Executing VM operation: HandshakeAllThreads
Event: 0.510 Executing VM operation: HandshakeAllThreads done
Event: 0.674 Executing VM operation: ICBufferFull
Event: 0.675 Executing VM operation: ICBufferFull done
Event: 0.758 Executing VM operation: ParallelGCFailedAllocation
Event: 0.763 Executing VM operation: ParallelGCFailedAllocation done

Events (20 events):
Event: 0.817 loading class java/util/concurrent/SynchronousQueue$TransferStack
Event: 0.817 loading class java/util/concurrent/SynchronousQueue$Transferer
Event: 0.817 loading class java/util/concurrent/SynchronousQueue$Transferer done
Event: 0.817 loading class java/util/concurrent/SynchronousQueue$TransferStack done
Event: 0.817 loading class java/util/concurrent/SynchronousQueue$TransferStack$SNode
Event: 0.817 loading class java/util/concurrent/ForkJoinPool$ManagedBlocker
Event: 0.817 loading class java/util/concurrent/ForkJoinPool$ManagedBlocker done
Event: 0.817 loading class java/util/concurrent/SynchronousQueue$TransferStack$SNode done
Event: 0.818 loading class java/util/concurrent/RejectedExecutionHandler
Event: 0.818 loading class java/util/concurrent/RejectedExecutionHandler done
Event: 0.818 loading class java/util/concurrent/LinkedBlockingQueue
Event: 0.818 loading class java/util/concurrent/LinkedBlockingQueue done
Event: 0.818 loading class java/util/concurrent/LinkedBlockingQueue$Node
Event: 0.818 loading class java/util/concurrent/LinkedBlockingQueue$Node done
Event: 0.826 loading class java/util/concurrent/Semaphore$NonfairSync
Event: 0.826 loading class java/util/concurrent/Semaphore$Sync
Event: 0.826 loading class java/util/concurrent/Semaphore$Sync done
Event: 0.826 loading class java/util/concurrent/Semaphore$NonfairSync done
Event: 0.873 loading class java/lang/TypeNotPresentException
Event: 0.873 loading class java/lang/TypeNotPresentException done


Dynamic libraries:
0x00007ff76cf50000 - 0x00007ff76cf5e000 	c:\Users\alanc\.vscode\extensions\redhat.java-1.28.1-win32-x64\jre\17.0.10-win32-x86_64\bin\java.exe
0x00007ffc7a470000 - 0x00007ffc7a686000 	C:\WINDOWS\SYSTEM32\ntdll.dll
0x00007ffc71dd0000 - 0x00007ffc71de9000 	C:\Program Files\AVG\Antivirus\aswhook.dll
0x00007ffc78d80000 - 0x00007ffc78e44000 	C:\WINDOWS\System32\KERNEL32.DLL
0x00007ffc779c0000 - 0x00007ffc77d66000 	C:\WINDOWS\System32\KERNELBASE.dll
0x00007ffc77d70000 - 0x00007ffc77e81000 	C:\WINDOWS\System32\ucrtbase.dll
0x00007ffc687c0000 - 0x00007ffc687db000 	c:\Users\alanc\.vscode\extensions\redhat.java-1.28.1-win32-x64\jre\17.0.10-win32-x86_64\bin\VCRUNTIME140.dll
0x00007ffc687a0000 - 0x00007ffc687b7000 	c:\Users\alanc\.vscode\extensions\redhat.java-1.28.1-win32-x64\jre\17.0.10-win32-x86_64\bin\jli.dll
0x00007ffc785f0000 - 0x00007ffc7879d000 	C:\WINDOWS\System32\USER32.dll
0x00007ffc649f0000 - 0x00007ffc64c83000 	C:\WINDOWS\WinSxS\amd64_microsoft.windows.common-controls_6595b64144ccf1df_6.0.22621.3235_none_270f74e173860f98\COMCTL32.dll
0x00007ffc77990000 - 0x00007ffc779b6000 	C:\WINDOWS\System32\win32u.dll
0x00007ffc78380000 - 0x00007ffc78427000 	C:\WINDOWS\System32\msvcrt.dll
0x00007ffc785a0000 - 0x00007ffc785c9000 	C:\WINDOWS\System32\GDI32.dll
0x00007ffc77870000 - 0x00007ffc77988000 	C:\WINDOWS\System32\gdi32full.dll
0x00007ffc78120000 - 0x00007ffc781ba000 	C:\WINDOWS\System32\msvcp_win.dll
0x00007ffc7a3f0000 - 0x00007ffc7a421000 	C:\WINDOWS\System32\IMM32.DLL
0x00007ffc68790000 - 0x00007ffc6879c000 	c:\Users\alanc\.vscode\extensions\redhat.java-1.28.1-win32-x64\jre\17.0.10-win32-x86_64\bin\vcruntime140_1.dll
0x00007ffc227b0000 - 0x00007ffc2283d000 	c:\Users\alanc\.vscode\extensions\redhat.java-1.28.1-win32-x64\jre\17.0.10-win32-x86_64\bin\msvcp140.dll
0x00007ffbbafb0000 - 0x00007ffbbbc12000 	c:\Users\alanc\.vscode\extensions\redhat.java-1.28.1-win32-x64\jre\17.0.10-win32-x86_64\bin\server\jvm.dll
0x00007ffc79340000 - 0x00007ffc793f2000 	C:\WINDOWS\System32\ADVAPI32.dll
0x00007ffc78cc0000 - 0x00007ffc78d68000 	C:\WINDOWS\System32\sechost.dll
0x00007ffc77f00000 - 0x00007ffc77f28000 	C:\WINDOWS\System32\bcrypt.dll
0x00007ffc78800000 - 0x00007ffc78915000 	C:\WINDOWS\System32\RPCRT4.dll
0x00007ffc64e40000 - 0x00007ffc64e49000 	C:\WINDOWS\SYSTEM32\WSOCK32.dll
0x00007ffc6ffb0000 - 0x00007ffc6ffe4000 	C:\WINDOWS\SYSTEM32\WINMM.dll
0x00007ffc77680000 - 0x00007ffc776cd000 	C:\WINDOWS\SYSTEM32\POWRPROF.dll
0x00007ffc6dba0000 - 0x00007ffc6dbaa000 	C:\WINDOWS\SYSTEM32\VERSION.dll
0x00007ffc79da0000 - 0x00007ffc79e11000 	C:\WINDOWS\System32\WS2_32.dll
0x00007ffc775b0000 - 0x00007ffc775c3000 	C:\WINDOWS\SYSTEM32\UMPDC.dll
0x00007ffc767f0000 - 0x00007ffc76808000 	C:\WINDOWS\SYSTEM32\kernel.appcore.dll
0x00007ffc68780000 - 0x00007ffc6878a000 	c:\Users\alanc\.vscode\extensions\redhat.java-1.28.1-win32-x64\jre\17.0.10-win32-x86_64\bin\jimage.dll
0x00007ffc751e0000 - 0x00007ffc75413000 	C:\WINDOWS\SYSTEM32\DBGHELP.DLL
0x00007ffc78920000 - 0x00007ffc78ca8000 	C:\WINDOWS\System32\combase.dll
0x00007ffc784b0000 - 0x00007ffc78587000 	C:\WINDOWS\System32\OLEAUT32.dll
0x00007ffc6bc20000 - 0x00007ffc6bc52000 	C:\WINDOWS\SYSTEM32\dbgcore.DLL
0x00007ffc780a0000 - 0x00007ffc7811a000 	C:\WINDOWS\System32\bcryptPrimitives.dll
0x00007ffc686c0000 - 0x00007ffc686ce000 	c:\Users\alanc\.vscode\extensions\redhat.java-1.28.1-win32-x64\jre\17.0.10-win32-x86_64\bin\instrument.dll
0x00007ffc2cfb0000 - 0x00007ffc2cfd5000 	c:\Users\alanc\.vscode\extensions\redhat.java-1.28.1-win32-x64\jre\17.0.10-win32-x86_64\bin\java.dll
0x00007ffc41330000 - 0x00007ffc41348000 	c:\Users\alanc\.vscode\extensions\redhat.java-1.28.1-win32-x64\jre\17.0.10-win32-x86_64\bin\zip.dll
0x00007ffc79540000 - 0x00007ffc79d9d000 	C:\WINDOWS\System32\SHELL32.dll
0x00007ffc755b0000 - 0x00007ffc75ea8000 	C:\WINDOWS\SYSTEM32\windows.storage.dll
0x00007ffc75ed0000 - 0x00007ffc7600e000 	C:\WINDOWS\SYSTEM32\wintypes.dll
0x00007ffc79e20000 - 0x00007ffc79f13000 	C:\WINDOWS\System32\SHCORE.dll
0x00007ffc79f20000 - 0x00007ffc79f7e000 	C:\WINDOWS\System32\shlwapi.dll
0x00007ffc776e0000 - 0x00007ffc77706000 	C:\WINDOWS\SYSTEM32\profapi.dll
0x00007ffc41040000 - 0x00007ffc41059000 	C:\Users\alanc\.vscode\extensions\redhat.java-1.28.1-win32-x64\jre\17.0.10-win32-x86_64\bin\net.dll
0x00007ffc70a60000 - 0x00007ffc70b97000 	C:\WINDOWS\SYSTEM32\WINHTTP.dll
0x00007ffc76c70000 - 0x00007ffc76cd9000 	C:\WINDOWS\system32\mswsock.dll
0x00007ffc35d50000 - 0x00007ffc35d66000 	C:\Users\alanc\.vscode\extensions\redhat.java-1.28.1-win32-x64\jre\17.0.10-win32-x86_64\bin\nio.dll
0x00007ffc66290000 - 0x00007ffc662a0000 	c:\Users\alanc\.vscode\extensions\redhat.java-1.28.1-win32-x64\jre\17.0.10-win32-x86_64\bin\verify.dll

dbghelp: loaded successfully - version: 4.0.5 - missing functions: none
symbol engine: initialized successfully - sym options: 0x614 - pdb path: .;c:\Users\alanc\.vscode\extensions\redhat.java-1.28.1-win32-x64\jre\17.0.10-win32-x86_64\bin;C:\WINDOWS\SYSTEM32;C:\Program Files\AVG\Antivirus;C:\WINDOWS\WinSxS\amd64_microsoft.windows.common-controls_6595b64144ccf1df_6.0.22621.3235_none_270f74e173860f98;c:\Users\alanc\.vscode\extensions\redhat.java-1.28.1-win32-x64\jre\17.0.10-win32-x86_64\bin\server

VM Arguments:
jvm_args: --add-modules=ALL-SYSTEM --add-opens=java.base/java.util=ALL-UNNAMED --add-opens=java.base/java.lang=ALL-UNNAMED --add-opens=java.base/sun.nio.fs=ALL-UNNAMED -Declipse.application=org.eclipse.jdt.ls.core.id1 -Dosgi.bundles.defaultStartLevel=4 -Declipse.product=org.eclipse.jdt.ls.core.product -Djava.import.generatesMetadataFilesAtProjectRoot=false -DDetectVMInstallationsJob.disabled=true -Dfile.encoding=utf8 -XX:+UseParallelGC -XX:GCTimeRatio=4 -XX:AdaptiveSizePolicyWeight=90 -Dsun.zip.disableMemoryMapping=true -Xmx1G -Xms100m -Xlog:disable -javaagent:c:\Users\alanc\.vscode\extensions\redhat.java-1.28.1-win32-x64\lombok\lombok-1.18.31.jar -XX:+HeapDumpOnOutOfMemoryError -XX:HeapDumpPath=c:\Users\alanc\AppData\Roaming\Code\User\workspaceStorage\6847d39ac9dbc775eb022e044a9ea7dc\redhat.java -Daether.dependencyCollector.impl=bf 
java_command: c:\Users\alanc\.vscode\extensions\redhat.java-1.28.1-win32-x64\server\plugins\org.eclipse.equinox.launcher_1.6.700.v20231214-2017.jar -configuration c:\Users\alanc\AppData\Roaming\Code\User\globalStorage\redhat.java\1.28.1\config_win -data c:\Users\alanc\AppData\Roaming\Code\User\workspaceStorage\6847d39ac9dbc775eb022e044a9ea7dc\redhat.java\jdt_ws --stdio
java_class_path (initial): c:\Users\alanc\.vscode\extensions\redhat.java-1.28.1-win32-x64\server\plugins\org.eclipse.equinox.launcher_1.6.700.v20231214-2017.jar
Launcher Type: SUN_STANDARD

[Global flags]
    uintx AdaptiveSizePolicyWeight                 = 90                                        {product} {command line}
     intx CICompilerCount                          = 4                                         {product} {ergonomic}
    uintx GCTimeRatio                              = 4                                         {product} {command line}
     bool HeapDumpOnOutOfMemoryError               = true                                   {manageable} {command line}
    ccstr HeapDumpPath                             = c:\Users\alanc\AppData\Roaming\Code\User\workspaceStorage\6847d39ac9dbc775eb022e044a9ea7dc\redhat.java         {manageable} {command line}
   size_t InitialHeapSize                          = 104857600                                 {product} {command line}
   size_t MaxHeapSize                              = 1073741824                                {product} {command line}
   size_t MaxNewSize                               = 357564416                                 {product} {ergonomic}
   size_t MinHeapDeltaBytes                        = 524288                                    {product} {ergonomic}
   size_t MinHeapSize                              = 104857600                                 {product} {command line}
   size_t NewSize                                  = 34603008                                  {product} {ergonomic}
    uintx NonNMethodCodeHeapSize                   = 5839372                                {pd product} {ergonomic}
    uintx NonProfiledCodeHeapSize                  = 122909434                              {pd product} {ergonomic}
   size_t OldSize                                  = 70254592                                  {product} {ergonomic}
    uintx ProfiledCodeHeapSize                     = 122909434                              {pd product} {ergonomic}
    uintx ReservedCodeCacheSize                    = 251658240                              {pd product} {ergonomic}
     bool SegmentedCodeCache                       = true                                      {product} {ergonomic}
   size_t SoftMaxHeapSize                          = 1073741824                             {manageable} {ergonomic}
     bool UseCompressedClassPointers               = true                           {product lp64_product} {ergonomic}
     bool UseCompressedOops                        = true                           {product lp64_product} {ergonomic}
     bool UseLargePagesIndividualAllocation        = false                                  {pd product} {ergonomic}
     bool UseParallelGC                            = true                                      {product} {command line}

Logging:
Log output configuration:
 #0: stdout all=off uptime,level,tags
 #1: stderr all=off uptime,level,tags

Environment Variables:
PATH=C:\Python312\Scripts\;C:\Python312\;C:\Program Files (x86)\Common Files\Oracle\Java\javapath;C:\WINDOWS\system32;C:\WINDOWS;C:\WINDOWS\System32\Wbem;C:\WINDOWS\System32\WindowsPowerShell\v1.0\;C:\WINDOWS\System32\OpenSSH\;C:\ProgramData\chocolatey\bin;C:\Program Files\PuTTY\;C:\Program Files\Git\cmd;C:\Program Files\Docker\Docker\resources\bin;C:\xampp\php;C:\Program Files\MySQL\MySQL Server 8.0\bin;C:\Program Files\PowerShell\7\;C:\Program Files\PowerShell\7-preview\preview;C:\Program Files\nodejs\;C:\Users\alanc\AppData\Local\Programs\Python\Python310\Scripts\;C:\Users\alanc\AppData\Local\Programs\Python\Python310\;C:\Users\alanc\AppData\Local\Microsoft\WindowsApps;C:\Users\alanc\AppData\Local\Programs\Microsoft VS Code\bin;C:\Program Files\JetBrains\PyCharm 2022.3\bin;;%M2_HOME\bin;C:\Users\alanc\AppData\Roaming\npm
USERNAME=Alan
OS=Windows_NT
PROCESSOR_IDENTIFIER=AMD64 Family 23 Model 104 Stepping 1, AuthenticAMD
TMP=C:\Users\alanc\AppData\Local\Temp
TEMP=C:\Users\alanc\AppData\Local\Temp



Periodic native trim disabled


---------------  S Y S T E M  ---------------

OS:
 Windows 11 , 64 bit Build 22621 (10.0.22621.3235)
OS uptime: 4 days 23:01 hours

CPU: total 12 (initial active 12) (12 cores per cpu, 2 threads per core) family 23 model 104 stepping 1 microcode 0x0, cx8, cmov, fxsr, ht, mmx, 3dnowpref, sse, sse2, sse3, ssse3, sse4a, sse4.1, sse4.2, popcnt, lzcnt, tsc, tscinvbit, avx, avx2, aes, clmul, bmi1, bmi2, adx, sha, fma, vzeroupper, clflush, clflushopt
Processor Information for processor 0
  Max Mhz: 2100, Current Mhz: 2100, Mhz Limit: 2100
Processor Information for processor 1
  Max Mhz: 2100, Current Mhz: 1813, Mhz Limit: 2100
Processor Information for processor 2
  Max Mhz: 2100, Current Mhz: 1813, Mhz Limit: 2100
Processor Information for processor 3
  Max Mhz: 2100, Current Mhz: 2100, Mhz Limit: 2100
Processor Information for processor 4
  Max Mhz: 2100, Current Mhz: 2100, Mhz Limit: 2100
Processor Information for processor 5
  Max Mhz: 2100, Current Mhz: 1813, Mhz Limit: 2100
Processor Information for processor 6
  Max Mhz: 2100, Current Mhz: 2100, Mhz Limit: 2100
Processor Information for processor 7
  Max Mhz: 2100, Current Mhz: 1813, Mhz Limit: 2100
Processor Information for processor 8
  Max Mhz: 2100, Current Mhz: 1813, Mhz Limit: 2100
Processor Information for processor 9
  Max Mhz: 2100, Current Mhz: 2100, Mhz Limit: 2100
Processor Information for processor 10
  Max Mhz: 2100, Current Mhz: 1813, Mhz Limit: 2100
Processor Information for processor 11
  Max Mhz: 2100, Current Mhz: 1813, Mhz Limit: 2100

Memory: 4k page, system-wide physical 5989M (292M free)
TotalPageFile size 24421M (AvailPageFile size 5M)
current process WorkingSet (physical memory assigned to process): 80M, peak: 80M
current process commit charge ("private bytes"): 208M, peak: 208M

vm_info: OpenJDK 64-Bit Server VM (17.0.10+7) for windows-amd64 JRE (17.0.10+7), built on Jan 16 2024 23:25:11 by "admin" with MS VC++ 16.10 / 16.11 (VS2019)

END.
