#
# There is insufficient memory for the Java Runtime Environment to continue.
# Native memory allocation (malloc) failed to allocate 292336 bytes for Chunk::new
# Possible reasons:
#   The system is out of physical RAM or swap space
#   The process is running with CompressedOops enabled, and the Java Heap may be blocking the growth of the native heap
# Possible solutions:
#   Reduce memory load on the system
#   Increase physical memory or swap space
#   Check if swap backing store is full
#   Decrease Java heap size (-Xmx/-Xms)
#   Decrease number of Java threads
#   Decrease Java thread stack sizes (-Xss)
#   Set larger code cache with -XX:ReservedCodeCacheSize=
#   JVM is running with Unscaled Compressed Oops mode in which the Java heap is
#     placed in the first 4GB address space. The Java Heap base address is the
#     maximum limit for the native heap growth. Please use -XX:HeapBaseMinAddress
#     to set the Java Heap base and to place the Java Heap above 4GB virtual address.
# This output file may be truncated or incomplete.
#
#  Out of Memory Error (arena.cpp:191), pid=92320, tid=92216
#
# JRE version: OpenJDK Runtime Environment Temurin-17.0.10+7 (17.0.10+7) (build 17.0.10+7)
# Java VM: OpenJDK 64-Bit Server VM Temurin-17.0.10+7 (17.0.10+7, mixed mode, tiered, compressed oops, compressed class ptrs, parallel gc, windows-amd64)
# No core dump will be written. Minidumps are not enabled by default on client versions of Windows
#

---------------  S U M M A R Y ------------

Command Line: --add-modules=ALL-SYSTEM --add-opens=java.base/java.util=ALL-UNNAMED --add-opens=java.base/java.lang=ALL-UNNAMED --add-opens=java.base/sun.nio.fs=ALL-UNNAMED -Declipse.application=org.eclipse.jdt.ls.core.id1 -Dosgi.bundles.defaultStartLevel=4 -Declipse.product=org.eclipse.jdt.ls.core.product -Djava.import.generatesMetadataFilesAtProjectRoot=false -DDetectVMInstallationsJob.disabled=true -Dfile.encoding=utf8 -XX:+UseParallelGC -XX:GCTimeRatio=4 -XX:AdaptiveSizePolicyWeight=90 -Dsun.zip.disableMemoryMapping=true -Xmx1G -Xms100m -Xlog:disable -javaagent:c:\Users\alanc\.vscode\extensions\redhat.java-1.28.1-win32-x64\lombok\lombok-1.18.31.jar c:\Users\alanc\.vscode\extensions\redhat.java-1.28.1-win32-x64\server\plugins\org.eclipse.equinox.launcher_1.6.700.v20231214-2017.jar -configuration c:\Users\alanc\AppData\Roaming\Code\User\globalStorage\redhat.java\1.28.1\config_ss_win -data c:\Users\alanc\AppData\Roaming\Code\User\workspaceStorage\6847d39ac9dbc775eb022e044a9ea7dc\redhat.java\ss_ws --stdio

Host: AMD Ryzen 5 5500U with Radeon Graphics         , 12 cores, 5G,  Windows 11 , 64 bit Build 22621 (10.0.22621.3235)
Time: Wed Mar 20 16:52:37 2024 Hora Padrão de Buenos Aires elapsed time: 0.553147 seconds (0d 0h 0m 0s)

---------------  T H R E A D  ---------------

Current thread (0x0000025a5b0b4750):  JavaThread "C2 CompilerThread0" daemon [_thread_in_native, id=92216, stack(0x00000092c2f00000,0x00000092c3000000)]


Current CompileTask:
C2:    553  626       4       lombok.patcher.PatchScript::classMatches (41 bytes)

Stack: [0x00000092c2f00000,0x00000092c3000000]
Native frames: (J=compiled Java code, j=interpreted, Vv=VM code, C=native code)
V  [jvm.dll+0x67d2c9]
V  [jvm.dll+0x834afa]
V  [jvm.dll+0x8365be]
V  [jvm.dll+0x836c23]
V  [jvm.dll+0x2477ff]
V  [jvm.dll+0xac514]
V  [jvm.dll+0xacb5c]
V  [jvm.dll+0x366782]
V  [jvm.dll+0x330bfa]
V  [jvm.dll+0x33009a]
V  [jvm.dll+0x219ef1]
V  [jvm.dll+0x219311]
V  [jvm.dll+0x1a502d]
V  [jvm.dll+0x2290de]
V  [jvm.dll+0x2272ac]
V  [jvm.dll+0x7e9bb7]
V  [jvm.dll+0x7e3fba]
V  [jvm.dll+0x67c1b5]
C  [ucrtbase.dll+0x29363]
C  [KERNEL32.DLL+0x1257d]
C  [ntdll.dll+0x5aa58]


---------------  P R O C E S S  ---------------

Threads class SMR info:
_java_thread_list=0x0000025a5b3cd250, length=12, elements={
0x0000025a42135be0, 0x0000025a55fb5020, 0x0000025a55fb8ab0, 0x0000025a5b0aaf20,
0x0000025a5b0ab8f0, 0x0000025a5b0accf0, 0x0000025a5b0b0300, 0x0000025a5b0b4750,
0x0000025a5b0b9f20, 0x0000025a5b0becf0, 0x0000025a5b1db020, 0x0000025a5b3a5c60
}

Java Threads: ( => current thread )
  0x0000025a42135be0 JavaThread "main" [_thread_in_Java, id=91660, stack(0x00000092c2600000,0x00000092c2700000)]
  0x0000025a55fb5020 JavaThread "Reference Handler" daemon [_thread_blocked, id=91224, stack(0x00000092c2900000,0x00000092c2a00000)]
  0x0000025a55fb8ab0 JavaThread "Finalizer" daemon [_thread_blocked, id=72120, stack(0x00000092c2a00000,0x00000092c2b00000)]
  0x0000025a5b0aaf20 JavaThread "Signal Dispatcher" daemon [_thread_blocked, id=91360, stack(0x00000092c2b00000,0x00000092c2c00000)]
  0x0000025a5b0ab8f0 JavaThread "Attach Listener" daemon [_thread_blocked, id=84888, stack(0x00000092c2c00000,0x00000092c2d00000)]
  0x0000025a5b0accf0 JavaThread "Service Thread" daemon [_thread_blocked, id=80800, stack(0x00000092c2d00000,0x00000092c2e00000)]
  0x0000025a5b0b0300 JavaThread "Monitor Deflation Thread" daemon [_thread_blocked, id=92652, stack(0x00000092c2e00000,0x00000092c2f00000)]
=>0x0000025a5b0b4750 JavaThread "C2 CompilerThread0" daemon [_thread_in_native, id=92216, stack(0x00000092c2f00000,0x00000092c3000000)]
  0x0000025a5b0b9f20 JavaThread "C1 CompilerThread0" daemon [_thread_blocked, id=92388, stack(0x00000092c3000000,0x00000092c3100000)]
  0x0000025a5b0becf0 JavaThread "Sweeper thread" daemon [_thread_blocked, id=83256, stack(0x00000092c3100000,0x00000092c3200000)]
  0x0000025a5b1db020 JavaThread "Common-Cleaner" daemon [_thread_blocked, id=74412, stack(0x00000092c3200000,0x00000092c3300000)]
  0x0000025a5b3a5c60 JavaThread "Notification Thread" daemon [_thread_blocked, id=72612, stack(0x00000092c3300000,0x00000092c3400000)]

Other Threads:
  0x0000025a5b082860 VMThread "VM Thread" [stack: 0x00000092c2800000,0x00000092c2900000] [id=87016]
  0x0000025a5c9380c0 WatcherThread [stack: 0x00000092c3400000,0x00000092c3500000] [id=91528]
  0x0000025a4214df70 GCTaskThread "GC Thread#0" [stack: 0x00000092c2700000,0x00000092c2800000] [id=71780]

Threads with active compile tasks:
C2 CompilerThread0      577  626       4       lombok.patcher.PatchScript::classMatches (41 bytes)

VM state: not at safepoint (normal execution)

VM Mutex/Monitor currently owned by a thread: None

Heap address: 0x00000000c0000000, size: 1024 MB, Compressed Oops mode: 32-bit

CDS archive(s) not mapped
Compressed class space mapped at: 0x0000000100000000-0x0000000140000000, reserved size: 1073741824
Narrow klass base: 0x0000000000000000, Narrow klass shift: 3, Narrow klass range: 0x140000000

GC Precious Log:
 CPUs: 12 total, 12 available
 Memory: 5989M
 Large Page Support: Disabled
 NUMA Support: Disabled
 Compressed Oops: Enabled (32-bit)
 Alignments: Space 512K, Generation 512K, Heap 2M
 Heap Min Capacity: 100M
 Heap Initial Capacity: 100M
 Heap Max Capacity: 1G
 Pre-touch: Disabled
 Parallel Workers: 10

Heap:
 PSYoungGen      total 29696K, used 17499K [0x00000000eab00000, 0x00000000ecc00000, 0x0000000100000000)
  eden space 25600K, 68% used [0x00000000eab00000,0x00000000ebc16e08,0x00000000ec400000)
  from space 4096K, 0% used [0x00000000ec800000,0x00000000ec800000,0x00000000ecc00000)
  to   space 4096K, 0% used [0x00000000ec400000,0x00000000ec400000,0x00000000ec800000)
 ParOldGen       total 68608K, used 0K [0x00000000c0000000, 0x00000000c4300000, 0x00000000eab00000)
  object space 68608K, 0% used [0x00000000c0000000,0x00000000c0000000,0x00000000c4300000)
 Metaspace       used 9442K, committed 9536K, reserved 1114112K
  class space    used 932K, committed 960K, reserved 1048576K

Card table byte_map: [0x0000025a41af0000,0x0000025a41d00000] _byte_map_base: 0x0000025a414f0000

Marking Bits: (ParMarkBitMap*) 0x00007ffbbbb4d7d0
 Begin Bits: [0x0000025a53dc0000, 0x0000025a54dc0000)
 End Bits:   [0x0000025a54dc0000, 0x0000025a55dc0000)

Polling page: 0x0000025a418e0000

Metaspace:

Usage:
  Non-class:      8.31 MB used.
      Class:    932.93 KB used.
       Both:      9.22 MB used.

Virtual space:
  Non-class space:       64.00 MB reserved,       8.38 MB ( 13%) committed,  1 nodes.
      Class space:        1.00 GB reserved,     960.00 KB ( <1%) committed,  1 nodes.
             Both:        1.06 GB reserved,       9.31 MB ( <1%) committed. 

Chunk freelists:
   Non-Class:  6.86 MB
       Class:  15.07 MB
        Both:  21.93 MB

MaxMetaspaceSize: unlimited
CompressedClassSpaceSize: 1.00 GB
Initial GC threshold: 21.00 MB
Current GC threshold: 21.00 MB
CDS: off
MetaspaceReclaimPolicy: balanced
 - commit_granule_bytes: 65536.
 - commit_granule_words: 8192.
 - virtual_space_node_default_size: 8388608.
 - enlarge_chunks_in_place: 1.
 - new_chunks_are_fully_committed: 0.
 - uncommit_free_chunks: 1.
 - use_allocation_guard: 0.
 - handle_deallocations: 1.


Internal statistics:

num_allocs_failed_limit: 0.
num_arena_births: 14.
num_arena_deaths: 0.
num_vsnodes_births: 2.
num_vsnodes_deaths: 0.
num_space_committed: 149.
num_space_uncommitted: 0.
num_chunks_returned_to_freelist: 0.
num_chunks_taken_from_freelist: 58.
num_chunk_merges: 0.
num_chunk_splits: 34.
num_chunks_enlarged: 25.
num_inconsistent_stats: 0.

CodeHeap 'non-profiled nmethods': size=120000Kb used=213Kb max_used=213Kb free=119786Kb
 bounds [0x0000025a4c890000, 0x0000025a4cb00000, 0x0000025a53dc0000]
CodeHeap 'profiled nmethods': size=120000Kb used=1160Kb max_used=1160Kb free=118839Kb
 bounds [0x0000025a44dc0000, 0x0000025a45030000, 0x0000025a4c2f0000]
CodeHeap 'non-nmethods': size=5760Kb used=1135Kb max_used=1151Kb free=4624Kb
 bounds [0x0000025a4c2f0000, 0x0000025a4c560000, 0x0000025a4c890000]
 total_blobs=1121 nmethods=696 adapters=340
 compilation: enabled
              stopped_count=0, restarted_count=0
 full_count=0

Compilation events (20 events):
Event: 0.534 Thread 0x0000025a5b0b9f20  691       3       java.lang.Long::reverseBytes (46 bytes)
Event: 0.534 Thread 0x0000025a5b0b9f20 nmethod 691 0x0000025a44ed2b10 code [0x0000025a44ed2ca0, 0x0000025a44ed2df8]
Event: 0.534 Thread 0x0000025a5b0b9f20  688       3       jdk.internal.misc.Unsafe::getLongUnaligned (12 bytes)
Event: 0.534 Thread 0x0000025a5b0b9f20 nmethod 688 0x0000025a44ed2e90 code [0x0000025a44ed3040, 0x0000025a44ed3228]
Event: 0.534 Thread 0x0000025a5b0b9f20  689       3       java.lang.invoke.VarHandleGuards::guard_LI_J (78 bytes)
Event: 0.535 Thread 0x0000025a5b0b9f20 nmethod 689 0x0000025a44ed3310 code [0x0000025a44ed3640, 0x0000025a44ed5148]
Event: 0.535 Thread 0x0000025a5b0b9f20  690       3       java.lang.invoke.VarHandleByteArrayAsLongs$ArrayHandle::get (36 bytes)
Event: 0.535 Thread 0x0000025a5b0b9f20 nmethod 690 0x0000025a44ed5990 code [0x0000025a44ed5b60, 0x0000025a44ed6018]
Event: 0.536 Thread 0x0000025a5b0b9f20  696       2       sun.security.provider.SHA5::implCompress0 (346 bytes)
Event: 0.536 Thread 0x0000025a5b0b9f20 nmethod 696 0x0000025a44ed6210 code [0x0000025a44ed6440, 0x0000025a44ed6ce8]
Event: 0.536 Thread 0x0000025a5b0b9f20  697 %     3       sun.security.provider.SHA5::implCompress0 @ 27 (346 bytes)
Event: 0.537 Thread 0x0000025a5b0b9f20 nmethod 697% 0x0000025a44ed7410 code [0x0000025a44ed7680, 0x0000025a44ed8228]
Event: 0.537 Thread 0x0000025a5b0b9f20  701       2       sun.security.provider.SHA5::implCompress (13 bytes)
Event: 0.538 Thread 0x0000025a5b0b9f20 nmethod 701 0x0000025a44ed8a10 code [0x0000025a44ed8be0, 0x0000025a44ed8ea8]
Event: 0.538 Thread 0x0000025a5b0b9f20  700       2       sun.security.provider.ByteArrayAccess::b2lBig128 (232 bytes)
Event: 0.540 Thread 0x0000025a5b0b9f20 nmethod 700 0x0000025a44ed9090 code [0x0000025a44ed9420, 0x0000025a44eda1b8]
Event: 0.540 Thread 0x0000025a5b0b9f20  704 %     3       sun.security.provider.SHA5::implCompress0 @ 157 (346 bytes)
Event: 0.540 Thread 0x0000025a5b0b9f20 nmethod 704% 0x0000025a44edac10 code [0x0000025a44edae80, 0x0000025a44edbb48]
Event: 0.541 Thread 0x0000025a5b0b9f20  705       2       java.math.MutableBigInteger::unsignedLongCompare (20 bytes)
Event: 0.542 Thread 0x0000025a5b0b9f20 nmethod 705 0x0000025a44edc310 code [0x0000025a44edc4a0, 0x0000025a44edc5d8]

GC Heap History (0 events):
No events

Dll operation events (8 events):
Event: 0.015 Loaded shared library c:\Users\alanc\.vscode\extensions\redhat.java-1.28.1-win32-x64\jre\17.0.10-win32-x86_64\bin\java.dll
Event: 0.136 Loaded shared library c:\Users\alanc\.vscode\extensions\redhat.java-1.28.1-win32-x64\jre\17.0.10-win32-x86_64\bin\zip.dll
Event: 0.139 Loaded shared library C:\Users\alanc\.vscode\extensions\redhat.java-1.28.1-win32-x64\jre\17.0.10-win32-x86_64\bin\instrument.dll
Event: 0.151 Loaded shared library C:\Users\alanc\.vscode\extensions\redhat.java-1.28.1-win32-x64\jre\17.0.10-win32-x86_64\bin\net.dll
Event: 0.155 Loaded shared library C:\Users\alanc\.vscode\extensions\redhat.java-1.28.1-win32-x64\jre\17.0.10-win32-x86_64\bin\nio.dll
Event: 0.162 Loaded shared library C:\Users\alanc\.vscode\extensions\redhat.java-1.28.1-win32-x64\jre\17.0.10-win32-x86_64\bin\zip.dll
Event: 0.179 Loaded shared library C:\Users\alanc\.vscode\extensions\redhat.java-1.28.1-win32-x64\jre\17.0.10-win32-x86_64\bin\jimage.dll
Event: 0.249 Loaded shared library c:\Users\alanc\.vscode\extensions\redhat.java-1.28.1-win32-x64\jre\17.0.10-win32-x86_64\bin\verify.dll

Deoptimization events (20 events):
Event: 0.422 Thread 0x0000025a42135be0 Uncommon trap: trap_request=0xffffff45 fr.pc=0x0000025a4c8b6970 relative=0x0000000000000610
Event: 0.422 Thread 0x0000025a42135be0 Uncommon trap: reason=unstable_if action=reinterpret pc=0x0000025a4c8b6970 method=java.lang.String.replace(Ljava/lang/CharSequence;Ljava/lang/CharSequence;)Ljava/lang/String; @ 48 c2
Event: 0.422 Thread 0x0000025a42135be0 DEOPT PACKING pc=0x0000025a4c8b6970 sp=0x00000092c26fca00
Event: 0.422 Thread 0x0000025a42135be0 DEOPT UNPACKING pc=0x0000025a4c3466a3 sp=0x00000092c26fc980 mode 2
Event: 0.449 Thread 0x0000025a42135be0 Uncommon trap: trap_request=0xffffff45 fr.pc=0x0000025a4c8a4de4 relative=0x00000000000002e4
Event: 0.449 Thread 0x0000025a42135be0 Uncommon trap: reason=unstable_if action=reinterpret pc=0x0000025a4c8a4de4 method=java.lang.StringUTF16.compress([CI[BII)I @ 20 c2
Event: 0.449 Thread 0x0000025a42135be0 DEOPT PACKING pc=0x0000025a4c8a4de4 sp=0x00000092c26fbb70
Event: 0.449 Thread 0x0000025a42135be0 DEOPT UNPACKING pc=0x0000025a4c3466a3 sp=0x00000092c26fbaf0 mode 2
Event: 0.496 Thread 0x0000025a42135be0 DEOPT PACKING pc=0x0000025a44df598c sp=0x00000092c26fe700
Event: 0.496 Thread 0x0000025a42135be0 DEOPT UNPACKING pc=0x0000025a4c346e43 sp=0x00000092c26fdb90 mode 0
Event: 0.498 Thread 0x0000025a42135be0 DEOPT PACKING pc=0x0000025a44df598c sp=0x00000092c26fe700
Event: 0.498 Thread 0x0000025a42135be0 DEOPT UNPACKING pc=0x0000025a4c346e43 sp=0x00000092c26fdb90 mode 0
Event: 0.504 Thread 0x0000025a42135be0 DEOPT PACKING pc=0x0000025a44e930b2 sp=0x00000092c26fe1a0
Event: 0.504 Thread 0x0000025a42135be0 DEOPT UNPACKING pc=0x0000025a4c346e43 sp=0x00000092c26fd5f8 mode 0
Event: 0.526 Thread 0x0000025a42135be0 Uncommon trap: trap_request=0xffffff6e fr.pc=0x0000025a4c8bebf0 relative=0x00000000000001f0
Event: 0.526 Thread 0x0000025a42135be0 Uncommon trap: reason=loop_limit_check action=maybe_recompile pc=0x0000025a4c8bebf0 method=java.math.BigInteger.implMulAdd([I[IIII)I @ 26 c2
Event: 0.526 Thread 0x0000025a42135be0 DEOPT PACKING pc=0x0000025a4c8bebf0 sp=0x00000092c26fdf50
Event: 0.526 Thread 0x0000025a42135be0 DEOPT UNPACKING pc=0x0000025a4c3466a3 sp=0x00000092c26fdea0 mode 2
Event: 0.540 Thread 0x0000025a42135be0 DEOPT PACKING pc=0x0000025a44ed6a85 sp=0x00000092c26fe380
Event: 0.540 Thread 0x0000025a42135be0 DEOPT UNPACKING pc=0x0000025a4c346e43 sp=0x00000092c26fd808 mode 0

Classes unloaded (0 events):
No events

Classes redefined (0 events):
No events

Internal exceptions (8 events):
Event: 0.116 Thread 0x0000025a42135be0 Exception <a 'java/lang/NoSuchMethodError'{0x00000000eacb4eb0}: 'void java.lang.invoke.DirectMethodHandle$Holder.invokeStatic(java.lang.Object, java.lang.Object, java.lang.Object)'> (0x00000000eacb4eb0) 
thrown [s\src\hotspot\share\interpreter\linkResolver.cpp, line 759]
Event: 0.279 Thread 0x0000025a42135be0 Exception <a 'java/lang/reflect/InvocationTargetException'{0x00000000eafe71e0}> (0x00000000eafe71e0) 
thrown [s\src\hotspot\share\runtime\reflection.cpp, line 1121]
Event: 0.482 Thread 0x0000025a42135be0 Exception <a 'java/lang/ClassNotFoundException'{0x00000000eb8629e8}: sun/net/www/protocol/c/Handler> (0x00000000eb8629e8) 
thrown [s\src\hotspot\share\classfile\systemDictionary.cpp, line 256]
Event: 0.485 Thread 0x0000025a42135be0 Exception <a 'java/io/FileNotFoundException'{0x00000000eb87a5a0}> (0x00000000eb87a5a0) 
thrown [s\src\hotspot\share\prims\jni.cpp, line 516]
Event: 0.485 Thread 0x0000025a42135be0 Exception <a 'java/io/FileNotFoundException'{0x00000000eb87b2e8}> (0x00000000eb87b2e8) 
thrown [s\src\hotspot\share\prims\jni.cpp, line 516]
Event: 0.486 Thread 0x0000025a42135be0 Exception <a 'java/io/FileNotFoundException'{0x00000000eb87c010}> (0x00000000eb87c010) 
thrown [s\src\hotspot\share\prims\jni.cpp, line 516]
Event: 0.486 Thread 0x0000025a42135be0 Exception <a 'java/io/FileNotFoundException'{0x00000000eb87cd08}> (0x00000000eb87cd08) 
thrown [s\src\hotspot\share\prims\jni.cpp, line 516]
Event: 0.491 Thread 0x0000025a42135be0 Exception <a 'java/io/FileNotFoundException'{0x00000000eb8b7620}> (0x00000000eb8b7620) 
thrown [s\src\hotspot\share\prims\jni.cpp, line 516]

VM Operations (8 events):
Event: 0.121 Executing VM operation: HandshakeAllThreads
Event: 0.121 Executing VM operation: HandshakeAllThreads done
Event: 0.194 Executing VM operation: HandshakeAllThreads
Event: 0.194 Executing VM operation: HandshakeAllThreads done
Event: 0.466 Executing VM operation: HandshakeAllThreads
Event: 0.466 Executing VM operation: HandshakeAllThreads done
Event: 0.478 Executing VM operation: HandshakeAllThreads
Event: 0.478 Executing VM operation: HandshakeAllThreads done

Events (20 events):
Event: 0.505 loading class sun/nio/fs/WindowsFileSystemProvider$1
Event: 0.506 loading class sun/nio/fs/WindowsFileSystemProvider$1 done
Event: 0.506 loading class sun/nio/fs/WindowsLinkSupport
Event: 0.506 loading class sun/nio/fs/WindowsLinkSupport done
Event: 0.506 loading class sun/nio/fs/WindowsAclFileAttributeView
Event: 0.506 loading class sun/nio/fs/AbstractAclFileAttributeView
Event: 0.506 loading class java/nio/file/attribute/AclFileAttributeView
Event: 0.506 loading class java/nio/file/attribute/FileOwnerAttributeView
Event: 0.506 loading class java/nio/file/attribute/FileOwnerAttributeView done
Event: 0.506 loading class java/nio/file/attribute/AclFileAttributeView done
Event: 0.506 loading class sun/nio/fs/AbstractAclFileAttributeView done
Event: 0.506 loading class sun/nio/fs/WindowsAclFileAttributeView done
Event: 0.507 loading class sun/nio/fs/WindowsSecurity
Event: 0.507 loading class sun/nio/fs/WindowsSecurity done
Event: 0.507 loading class sun/nio/fs/WindowsFileStore
Event: 0.507 loading class java/nio/file/FileStore
Event: 0.507 loading class java/nio/file/FileStore done
Event: 0.507 loading class sun/nio/fs/WindowsFileStore done
Event: 0.511 loading class java/net/URLClassLoader$1
Event: 0.511 loading class java/net/URLClassLoader$1 done


Dynamic libraries:
0x00007ff76cf50000 - 0x00007ff76cf5e000 	c:\Users\alanc\.vscode\extensions\redhat.java-1.28.1-win32-x64\jre\17.0.10-win32-x86_64\bin\java.exe
0x00007ffc7a470000 - 0x00007ffc7a686000 	C:\WINDOWS\SYSTEM32\ntdll.dll
0x00007ffc71dd0000 - 0x00007ffc71de9000 	C:\Program Files\AVG\Antivirus\aswhook.dll
0x00007ffc78d80000 - 0x00007ffc78e44000 	C:\WINDOWS\System32\KERNEL32.DLL
0x00007ffc779c0000 - 0x00007ffc77d66000 	C:\WINDOWS\System32\KERNELBASE.dll
0x00007ffc77d70000 - 0x00007ffc77e81000 	C:\WINDOWS\System32\ucrtbase.dll
0x00007ffc68790000 - 0x00007ffc687ab000 	c:\Users\alanc\.vscode\extensions\redhat.java-1.28.1-win32-x64\jre\17.0.10-win32-x86_64\bin\VCRUNTIME140.dll
0x00007ffc41330000 - 0x00007ffc41347000 	c:\Users\alanc\.vscode\extensions\redhat.java-1.28.1-win32-x64\jre\17.0.10-win32-x86_64\bin\jli.dll
0x00007ffc785f0000 - 0x00007ffc7879d000 	C:\WINDOWS\System32\USER32.dll
0x00007ffc77990000 - 0x00007ffc779b6000 	C:\WINDOWS\System32\win32u.dll
0x00007ffc785a0000 - 0x00007ffc785c9000 	C:\WINDOWS\System32\GDI32.dll
0x00007ffc649f0000 - 0x00007ffc64c83000 	C:\WINDOWS\WinSxS\amd64_microsoft.windows.common-controls_6595b64144ccf1df_6.0.22621.3235_none_270f74e173860f98\COMCTL32.dll
0x00007ffc77870000 - 0x00007ffc77988000 	C:\WINDOWS\System32\gdi32full.dll
0x00007ffc78380000 - 0x00007ffc78427000 	C:\WINDOWS\System32\msvcrt.dll
0x00007ffc78120000 - 0x00007ffc781ba000 	C:\WINDOWS\System32\msvcp_win.dll
0x00007ffc7a3f0000 - 0x00007ffc7a421000 	C:\WINDOWS\System32\IMM32.DLL
0x00007ffc68780000 - 0x00007ffc6878c000 	c:\Users\alanc\.vscode\extensions\redhat.java-1.28.1-win32-x64\jre\17.0.10-win32-x86_64\bin\vcruntime140_1.dll
0x00007ffc227b0000 - 0x00007ffc2283d000 	c:\Users\alanc\.vscode\extensions\redhat.java-1.28.1-win32-x64\jre\17.0.10-win32-x86_64\bin\msvcp140.dll
0x00007ffbbafb0000 - 0x00007ffbbbc12000 	c:\Users\alanc\.vscode\extensions\redhat.java-1.28.1-win32-x64\jre\17.0.10-win32-x86_64\bin\server\jvm.dll
0x00007ffc79340000 - 0x00007ffc793f2000 	C:\WINDOWS\System32\ADVAPI32.dll
0x00007ffc78cc0000 - 0x00007ffc78d68000 	C:\WINDOWS\System32\sechost.dll
0x00007ffc77f00000 - 0x00007ffc77f28000 	C:\WINDOWS\System32\bcrypt.dll
0x00007ffc78800000 - 0x00007ffc78915000 	C:\WINDOWS\System32\RPCRT4.dll
0x00007ffc6ffb0000 - 0x00007ffc6ffe4000 	C:\WINDOWS\SYSTEM32\WINMM.dll
0x00007ffc64e40000 - 0x00007ffc64e49000 	C:\WINDOWS\SYSTEM32\WSOCK32.dll
0x00007ffc77680000 - 0x00007ffc776cd000 	C:\WINDOWS\SYSTEM32\POWRPROF.dll
0x00007ffc6dba0000 - 0x00007ffc6dbaa000 	C:\WINDOWS\SYSTEM32\VERSION.dll
0x00007ffc79da0000 - 0x00007ffc79e11000 	C:\WINDOWS\System32\WS2_32.dll
0x00007ffc775b0000 - 0x00007ffc775c3000 	C:\WINDOWS\SYSTEM32\UMPDC.dll
0x00007ffc767f0000 - 0x00007ffc76808000 	C:\WINDOWS\SYSTEM32\kernel.appcore.dll
0x00007ffc686c0000 - 0x00007ffc686ca000 	c:\Users\alanc\.vscode\extensions\redhat.java-1.28.1-win32-x64\jre\17.0.10-win32-x86_64\bin\jimage.dll
0x00007ffc751e0000 - 0x00007ffc75413000 	C:\WINDOWS\SYSTEM32\DBGHELP.DLL
0x00007ffc78920000 - 0x00007ffc78ca8000 	C:\WINDOWS\System32\combase.dll
0x00007ffc784b0000 - 0x00007ffc78587000 	C:\WINDOWS\System32\OLEAUT32.dll
0x00007ffc6bc20000 - 0x00007ffc6bc52000 	C:\WINDOWS\SYSTEM32\dbgcore.DLL
0x00007ffc780a0000 - 0x00007ffc7811a000 	C:\WINDOWS\System32\bcryptPrimitives.dll
0x00007ffc66290000 - 0x00007ffc6629e000 	c:\Users\alanc\.vscode\extensions\redhat.java-1.28.1-win32-x64\jre\17.0.10-win32-x86_64\bin\instrument.dll
0x00007ffc2cfb0000 - 0x00007ffc2cfd5000 	c:\Users\alanc\.vscode\extensions\redhat.java-1.28.1-win32-x64\jre\17.0.10-win32-x86_64\bin\java.dll
0x00007ffc41040000 - 0x00007ffc41058000 	c:\Users\alanc\.vscode\extensions\redhat.java-1.28.1-win32-x64\jre\17.0.10-win32-x86_64\bin\zip.dll
0x00007ffc79540000 - 0x00007ffc79d9d000 	C:\WINDOWS\System32\SHELL32.dll
0x00007ffc755b0000 - 0x00007ffc75ea8000 	C:\WINDOWS\SYSTEM32\windows.storage.dll
0x00007ffc75ed0000 - 0x00007ffc7600e000 	C:\WINDOWS\SYSTEM32\wintypes.dll
0x00007ffc79e20000 - 0x00007ffc79f13000 	C:\WINDOWS\System32\SHCORE.dll
0x00007ffc79f20000 - 0x00007ffc79f7e000 	C:\WINDOWS\System32\shlwapi.dll
0x00007ffc776e0000 - 0x00007ffc77706000 	C:\WINDOWS\SYSTEM32\profapi.dll
0x00007ffc687c0000 - 0x00007ffc687d9000 	C:\Users\alanc\.vscode\extensions\redhat.java-1.28.1-win32-x64\jre\17.0.10-win32-x86_64\bin\net.dll
0x00007ffc70a60000 - 0x00007ffc70b97000 	C:\WINDOWS\SYSTEM32\WINHTTP.dll
0x00007ffc76c70000 - 0x00007ffc76cd9000 	C:\WINDOWS\system32\mswsock.dll
0x00007ffc35d50000 - 0x00007ffc35d66000 	C:\Users\alanc\.vscode\extensions\redhat.java-1.28.1-win32-x64\jre\17.0.10-win32-x86_64\bin\nio.dll
0x00007ffc687b0000 - 0x00007ffc687c0000 	c:\Users\alanc\.vscode\extensions\redhat.java-1.28.1-win32-x64\jre\17.0.10-win32-x86_64\bin\verify.dll

dbghelp: loaded successfully - version: 4.0.5 - missing functions: none
symbol engine: initialized successfully - sym options: 0x614 - pdb path: .;c:\Users\alanc\.vscode\extensions\redhat.java-1.28.1-win32-x64\jre\17.0.10-win32-x86_64\bin;C:\WINDOWS\SYSTEM32;C:\Program Files\AVG\Antivirus;C:\WINDOWS\WinSxS\amd64_microsoft.windows.common-controls_6595b64144ccf1df_6.0.22621.3235_none_270f74e173860f98;c:\Users\alanc\.vscode\extensions\redhat.java-1.28.1-win32-x64\jre\17.0.10-win32-x86_64\bin\server

VM Arguments:
jvm_args: --add-modules=ALL-SYSTEM --add-opens=java.base/java.util=ALL-UNNAMED --add-opens=java.base/java.lang=ALL-UNNAMED --add-opens=java.base/sun.nio.fs=ALL-UNNAMED -Declipse.application=org.eclipse.jdt.ls.core.id1 -Dosgi.bundles.defaultStartLevel=4 -Declipse.product=org.eclipse.jdt.ls.core.product -Djava.import.generatesMetadataFilesAtProjectRoot=false -DDetectVMInstallationsJob.disabled=true -Dfile.encoding=utf8 -XX:+UseParallelGC -XX:GCTimeRatio=4 -XX:AdaptiveSizePolicyWeight=90 -Dsun.zip.disableMemoryMapping=true -Xmx1G -Xms100m -Xlog:disable -javaagent:c:\Users\alanc\.vscode\extensions\redhat.java-1.28.1-win32-x64\lombok\lombok-1.18.31.jar 
java_command: c:\Users\alanc\.vscode\extensions\redhat.java-1.28.1-win32-x64\server\plugins\org.eclipse.equinox.launcher_1.6.700.v20231214-2017.jar -configuration c:\Users\alanc\AppData\Roaming\Code\User\globalStorage\redhat.java\1.28.1\config_ss_win -data c:\Users\alanc\AppData\Roaming\Code\User\workspaceStorage\6847d39ac9dbc775eb022e044a9ea7dc\redhat.java\ss_ws --stdio
java_class_path (initial): c:\Users\alanc\.vscode\extensions\redhat.java-1.28.1-win32-x64\server\plugins\org.eclipse.equinox.launcher_1.6.700.v20231214-2017.jar
Launcher Type: SUN_STANDARD

[Global flags]
    uintx AdaptiveSizePolicyWeight                 = 90                                        {product} {command line}
     intx CICompilerCount                          = 4                                         {product} {ergonomic}
    uintx GCTimeRatio                              = 4                                         {product} {command line}
   size_t InitialHeapSize                          = 104857600                                 {product} {command line}
   size_t MaxHeapSize                              = 1073741824                                {product} {command line}
   size_t MaxNewSize                               = 357564416                                 {product} {ergonomic}
   size_t MinHeapDeltaBytes                        = 524288                                    {product} {ergonomic}
   size_t MinHeapSize                              = 104857600                                 {product} {command line}
   size_t NewSize                                  = 34603008                                  {product} {ergonomic}
    uintx NonNMethodCodeHeapSize                   = 5839372                                {pd product} {ergonomic}
    uintx NonProfiledCodeHeapSize                  = 122909434                              {pd product} {ergonomic}
   size_t OldSize                                  = 70254592                                  {product} {ergonomic}
    uintx ProfiledCodeHeapSize                     = 122909434                              {pd product} {ergonomic}
    uintx ReservedCodeCacheSize                    = 251658240                              {pd product} {ergonomic}
     bool SegmentedCodeCache                       = true                                      {product} {ergonomic}
   size_t SoftMaxHeapSize                          = 1073741824                             {manageable} {ergonomic}
     bool UseCompressedClassPointers               = true                           {product lp64_product} {ergonomic}
     bool UseCompressedOops                        = true                           {product lp64_product} {ergonomic}
     bool UseLargePagesIndividualAllocation        = false                                  {pd product} {ergonomic}
     bool UseParallelGC                            = true                                      {product} {command line}

Logging:
Log output configuration:
 #0: stdout all=off uptime,level,tags
 #1: stderr all=off uptime,level,tags

Environment Variables:
PATH=C:\Python312\Scripts\;C:\Python312\;C:\Program Files (x86)\Common Files\Oracle\Java\javapath;C:\WINDOWS\system32;C:\WINDOWS;C:\WINDOWS\System32\Wbem;C:\WINDOWS\System32\WindowsPowerShell\v1.0\;C:\WINDOWS\System32\OpenSSH\;C:\ProgramData\chocolatey\bin;C:\Program Files\PuTTY\;C:\Program Files\Git\cmd;C:\Program Files\Docker\Docker\resources\bin;C:\xampp\php;C:\Program Files\MySQL\MySQL Server 8.0\bin;C:\Program Files\PowerShell\7\;C:\Program Files\PowerShell\7-preview\preview;C:\Program Files\nodejs\;C:\Users\alanc\AppData\Local\Programs\Python\Python310\Scripts\;C:\Users\alanc\AppData\Local\Programs\Python\Python310\;C:\Users\alanc\AppData\Local\Microsoft\WindowsApps;C:\Users\alanc\AppData\Local\Programs\Microsoft VS Code\bin;C:\Program Files\JetBrains\PyCharm 2022.3\bin;;%M2_HOME\bin;C:\Users\alanc\AppData\Roaming\npm
USERNAME=Alan
OS=Windows_NT
PROCESSOR_IDENTIFIER=AMD64 Family 23 Model 104 Stepping 1, AuthenticAMD
TMP=C:\Users\alanc\AppData\Local\Temp
TEMP=C:\Users\alanc\AppData\Local\Temp



Periodic native trim disabled


---------------  S Y S T E M  ---------------

OS:
 Windows 11 , 64 bit Build 22621 (10.0.22621.3235)
OS uptime: 4 days 23:01 hours

CPU: total 12 (initial active 12) (12 cores per cpu, 2 threads per core) family 23 model 104 stepping 1 microcode 0x0, cx8, cmov, fxsr, ht, mmx, 3dnowpref, sse, sse2, sse3, ssse3, sse4a, sse4.1, sse4.2, popcnt, lzcnt, tsc, tscinvbit, avx, avx2, aes, clmul, bmi1, bmi2, adx, sha, fma, vzeroupper, clflush, clflushopt
Processor Information for processor 0
  Max Mhz: 2100, Current Mhz: 1813, Mhz Limit: 2100
Processor Information for processor 1
  Max Mhz: 2100, Current Mhz: 2100, Mhz Limit: 2100
Processor Information for processor 2
  Max Mhz: 2100, Current Mhz: 1813, Mhz Limit: 2100
Processor Information for processor 3
  Max Mhz: 2100, Current Mhz: 1813, Mhz Limit: 2100
Processor Information for processor 4
  Max Mhz: 2100, Current Mhz: 2100, Mhz Limit: 2100
Processor Information for processor 5
  Max Mhz: 2100, Current Mhz: 1813, Mhz Limit: 2100
Processor Information for processor 6
  Max Mhz: 2100, Current Mhz: 1813, Mhz Limit: 2100
Processor Information for processor 7
  Max Mhz: 2100, Current Mhz: 2100, Mhz Limit: 2100
Processor Information for processor 8
  Max Mhz: 2100, Current Mhz: 2100, Mhz Limit: 2100
Processor Information for processor 9
  Max Mhz: 2100, Current Mhz: 1813, Mhz Limit: 2100
Processor Information for processor 10
  Max Mhz: 2100, Current Mhz: 1813, Mhz Limit: 2100
Processor Information for processor 11
  Max Mhz: 2100, Current Mhz: 1813, Mhz Limit: 2100

Memory: 4k page, system-wide physical 5989M (323M free)
TotalPageFile size 24421M (AvailPageFile size 0M)
current process WorkingSet (physical memory assigned to process): 61M, peak: 61M
current process commit charge ("private bytes"): 202M, peak: 202M

vm_info: OpenJDK 64-Bit Server VM (17.0.10+7) for windows-amd64 JRE (17.0.10+7), built on Jan 16 2024 23:25:11 by "admin" with MS VC++ 16.10 / 16.11 (VS2019)

END.
