#
# There is insufficient memory for the Java Runtime Environment to continue.
# Native memory allocation (malloc) failed to allocate 664944 bytes for Chunk::new
# Possible reasons:
#   The system is out of physical RAM or swap space
#   The process is running with CompressedOops enabled, and the Java Heap may be blocking the growth of the native heap
# Possible solutions:
#   Reduce memory load on the system
#   Increase physical memory or swap space
#   Check if swap backing store is full
#   Decrease Java heap size (-Xmx/-Xms)
#   Decrease number of Java threads
#   Decrease Java thread stack sizes (-Xss)
#   Set larger code cache with -XX:ReservedCodeCacheSize=
#   JVM is running with Unscaled Compressed Oops mode in which the Java heap is
#     placed in the first 4GB address space. The Java Heap base address is the
#     maximum limit for the native heap growth. Please use -XX:HeapBaseMinAddress
#     to set the Java Heap base and to place the Java Heap above 4GB virtual address.
# This output file may be truncated or incomplete.
#
#  Out of Memory Error (arena.cpp:191), pid=92888, tid=72064
#
# JRE version: OpenJDK Runtime Environment Temurin-17.0.10+7 (17.0.10+7) (build 17.0.10+7)
# Java VM: OpenJDK 64-Bit Server VM Temurin-17.0.10+7 (17.0.10+7, mixed mode, tiered, compressed oops, compressed class ptrs, parallel gc, windows-amd64)
# No core dump will be written. Minidumps are not enabled by default on client versions of Windows
#

---------------  S U M M A R Y ------------

Command Line: --add-modules=ALL-SYSTEM --add-opens=java.base/java.util=ALL-UNNAMED --add-opens=java.base/java.lang=ALL-UNNAMED --add-opens=java.base/sun.nio.fs=ALL-UNNAMED -Declipse.application=org.eclipse.jdt.ls.core.id1 -Dosgi.bundles.defaultStartLevel=4 -Declipse.product=org.eclipse.jdt.ls.core.product -Djava.import.generatesMetadataFilesAtProjectRoot=false -DDetectVMInstallationsJob.disabled=true -Dfile.encoding=utf8 -XX:+UseParallelGC -XX:GCTimeRatio=4 -XX:AdaptiveSizePolicyWeight=90 -Dsun.zip.disableMemoryMapping=true -Xmx1G -Xms100m -Xlog:disable -javaagent:c:\Users\alanc\.vscode\extensions\redhat.java-1.28.1-win32-x64\lombok\lombok-1.18.31.jar c:\Users\alanc\.vscode\extensions\redhat.java-1.28.1-win32-x64\server\plugins\org.eclipse.equinox.launcher_1.6.700.v20231214-2017.jar -configuration c:\Users\alanc\AppData\Roaming\Code\User\globalStorage\redhat.java\1.28.1\config_ss_win -data c:\Users\alanc\AppData\Roaming\Code\User\workspaceStorage\6847d39ac9dbc775eb022e044a9ea7dc\redhat.java\ss_ws --stdio

Host: AMD Ryzen 5 5500U with Radeon Graphics         , 12 cores, 5G,  Windows 11 , 64 bit Build 22621 (10.0.22621.3235)
Time: Wed Mar 20 16:52:36 2024 Hora Padrão de Buenos Aires elapsed time: 1.129946 seconds (0d 0h 0m 1s)

---------------  T H R E A D  ---------------

Current thread (0x000002b7f70b8a80):  JavaThread "C2 CompilerThread0" daemon [_thread_in_native, id=72064, stack(0x000000e86ef00000,0x000000e86f000000)]


Current CompileTask:
C2:   1130 1394       4       java.io.WinNTFileSystem::normalize (143 bytes)

Stack: [0x000000e86ef00000,0x000000e86f000000]
Native frames: (J=compiled Java code, j=interpreted, Vv=VM code, C=native code)
V  [jvm.dll+0x67d2c9]
V  [jvm.dll+0x834afa]
V  [jvm.dll+0x8365be]
V  [jvm.dll+0x836c23]
V  [jvm.dll+0x2477ff]
V  [jvm.dll+0xac514]
V  [jvm.dll+0xacb5c]
V  [jvm.dll+0x3667d7]
V  [jvm.dll+0x330bfa]
V  [jvm.dll+0x33009a]
V  [jvm.dll+0x219ef1]
V  [jvm.dll+0x219311]
V  [jvm.dll+0x1a502d]
V  [jvm.dll+0x2290de]
V  [jvm.dll+0x2272ac]
V  [jvm.dll+0x7e9bb7]
V  [jvm.dll+0x7e3fba]
V  [jvm.dll+0x67c1b5]
C  [ucrtbase.dll+0x29363]
C  [KERNEL32.DLL+0x1257d]
C  [ntdll.dll+0x5aa58]


---------------  P R O C E S S  ---------------

Threads class SMR info:
_java_thread_list=0x000002b7f91e6660, length=14, elements={
0x000002b7dc127e00, 0x000002b7f7089030, 0x000002b7f708a0a0, 0x000002b7f1efdc30,
0x000002b7f1efe500, 0x000002b7f70b07c0, 0x000002b7f70b1a30, 0x000002b7f70b8a80,
0x000002b7f70b9390, 0x000002b7f70be460, 0x000002b7f712df90, 0x000002b7f88d9aa0,
0x000002b7f8eee870, 0x000002b7f8bfbcc0
}

Java Threads: ( => current thread )
  0x000002b7dc127e00 JavaThread "main" [_thread_in_Java, id=82740, stack(0x000000e86e600000,0x000000e86e700000)]
  0x000002b7f7089030 JavaThread "Reference Handler" daemon [_thread_blocked, id=92528, stack(0x000000e86e900000,0x000000e86ea00000)]
  0x000002b7f708a0a0 JavaThread "Finalizer" daemon [_thread_blocked, id=92324, stack(0x000000e86ea00000,0x000000e86eb00000)]
  0x000002b7f1efdc30 JavaThread "Signal Dispatcher" daemon [_thread_blocked, id=91468, stack(0x000000e86eb00000,0x000000e86ec00000)]
  0x000002b7f1efe500 JavaThread "Attach Listener" daemon [_thread_blocked, id=87872, stack(0x000000e86ec00000,0x000000e86ed00000)]
  0x000002b7f70b07c0 JavaThread "Service Thread" daemon [_thread_blocked, id=85072, stack(0x000000e86ed00000,0x000000e86ee00000)]
  0x000002b7f70b1a30 JavaThread "Monitor Deflation Thread" daemon [_thread_blocked, id=25036, stack(0x000000e86ee00000,0x000000e86ef00000)]
=>0x000002b7f70b8a80 JavaThread "C2 CompilerThread0" daemon [_thread_in_native, id=72064, stack(0x000000e86ef00000,0x000000e86f000000)]
  0x000002b7f70b9390 JavaThread "C1 CompilerThread0" daemon [_thread_in_vm, id=74520, stack(0x000000e86f000000,0x000000e86f100000)]
  0x000002b7f70be460 JavaThread "Sweeper thread" daemon [_thread_blocked, id=83020, stack(0x000000e86f100000,0x000000e86f200000)]
  0x000002b7f712df90 JavaThread "Common-Cleaner" daemon [_thread_blocked, id=28080, stack(0x000000e86f200000,0x000000e86f300000)]
  0x000002b7f88d9aa0 JavaThread "Notification Thread" daemon [_thread_blocked, id=92424, stack(0x000000e86f300000,0x000000e86f400000)]
  0x000002b7f8eee870 JavaThread "Active Thread: Equinox Container: 362962a6-8bf3-434d-b152-d6c2f3f626da" [_thread_blocked, id=77268, stack(0x000000e86fb00000,0x000000e86fc00000)]
  0x000002b7f8bfbcc0 JavaThread "Framework Event Dispatcher: Equinox Container: 362962a6-8bf3-434d-b152-d6c2f3f626da" daemon [_thread_blocked, id=89628, stack(0x000000e86fc00000,0x000000e86fd00000)]

Other Threads:
  0x000002b7f1def770 VMThread "VM Thread" [stack: 0x000000e86e800000,0x000000e86e900000] [id=91936]
  0x000002b7f88d9f80 WatcherThread [stack: 0x000000e86f400000,0x000000e86f500000] [id=91064]
  0x000002b7dc13f660 GCTaskThread "GC Thread#0" [stack: 0x000000e86e700000,0x000000e86e800000] [id=92040]
  0x000002b7f8bfdaa0 GCTaskThread "GC Thread#1" [stack: 0x000000e86f500000,0x000000e86f600000] [id=92920]
  0x000002b7f8ee92d0 GCTaskThread "GC Thread#2" [stack: 0x000000e86f600000,0x000000e86f700000] [id=80796]
  0x000002b7f8ee9590 GCTaskThread "GC Thread#3" [stack: 0x000000e86f700000,0x000000e86f800000] [id=82816]
  0x000002b7f8b8ec00 GCTaskThread "GC Thread#4" [stack: 0x000000e86f800000,0x000000e86f900000] [id=46224]
  0x000002b7f8b8eec0 GCTaskThread "GC Thread#5" [stack: 0x000000e86f900000,0x000000e86fa00000] [id=92820]
  0x000002b7f8b8f180 GCTaskThread "GC Thread#6" [stack: 0x000000e86fa00000,0x000000e86fb00000] [id=74548]

Threads with active compile tasks:
C2 CompilerThread0     1152 1394       4       java.io.WinNTFileSystem::normalize (143 bytes)
C1 CompilerThread0     1152 1422   !   3       java.net.URLClassLoader$1::run (81 bytes)

VM state: not at safepoint (normal execution)

VM Mutex/Monitor currently owned by a thread:  ([mutex/lock_event])
[0x000002b7dc124f50] Compile_lock - owner thread: 0x0000000000000000

Heap address: 0x00000000c0000000, size: 1024 MB, Compressed Oops mode: 32-bit

CDS archive(s) not mapped
Compressed class space mapped at: 0x0000000100000000-0x0000000140000000, reserved size: 1073741824
Narrow klass base: 0x0000000000000000, Narrow klass shift: 3, Narrow klass range: 0x140000000

GC Precious Log:
 CPUs: 12 total, 12 available
 Memory: 5989M
 Large Page Support: Disabled
 NUMA Support: Disabled
 Compressed Oops: Enabled (32-bit)
 Alignments: Space 512K, Generation 512K, Heap 2M
 Heap Min Capacity: 100M
 Heap Initial Capacity: 100M
 Heap Max Capacity: 1G
 Pre-touch: Disabled
 Parallel Workers: 10

Heap:
 PSYoungGen      total 29696K, used 22963K [0x00000000eab00000, 0x00000000ecc00000, 0x0000000100000000)
  eden space 25600K, 77% used [0x00000000eab00000,0x00000000ebe59648,0x00000000ec400000)
  from space 4096K, 76% used [0x00000000ec400000,0x00000000ec7135b8,0x00000000ec800000)
  to   space 4096K, 0% used [0x00000000ec800000,0x00000000ec800000,0x00000000ecc00000)
 ParOldGen       total 68608K, used 16K [0x00000000c0000000, 0x00000000c4300000, 0x00000000eab00000)
  object space 68608K, 0% used [0x00000000c0000000,0x00000000c0004000,0x00000000c4300000)
 Metaspace       used 13852K, committed 14016K, reserved 1114112K
  class space    used 1375K, committed 1472K, reserved 1048576K

Card table byte_map: [0x000002b7ef770000,0x000002b7ef980000] _byte_map_base: 0x000002b7ef170000

Marking Bits: (ParMarkBitMap*) 0x00007ffbbbb4d7d0
 Begin Bits: [0x000002b7efae0000, 0x000002b7f0ae0000)
 End Bits:   [0x000002b7f0ae0000, 0x000002b7f1ae0000)

Polling page: 0x000002b7dc1d0000

Metaspace:

Usage:
  Non-class:     12.19 MB used.
      Class:      1.34 MB used.
       Both:     13.53 MB used.

Virtual space:
  Non-class space:       64.00 MB reserved,      12.25 MB ( 19%) committed,  1 nodes.
      Class space:        1.00 GB reserved,       1.44 MB ( <1%) committed,  1 nodes.
             Both:        1.06 GB reserved,      13.69 MB (  1%) committed. 

Chunk freelists:
   Non-Class:  3.33 MB
       Class:  14.48 MB
        Both:  17.81 MB

MaxMetaspaceSize: unlimited
CompressedClassSpaceSize: 1.00 GB
Initial GC threshold: 21.00 MB
Current GC threshold: 21.00 MB
CDS: off
MetaspaceReclaimPolicy: balanced
 - commit_granule_bytes: 65536.
 - commit_granule_words: 8192.
 - virtual_space_node_default_size: 8388608.
 - enlarge_chunks_in_place: 1.
 - new_chunks_are_fully_committed: 0.
 - uncommit_free_chunks: 1.
 - use_allocation_guard: 0.
 - handle_deallocations: 1.


Internal statistics:

num_allocs_failed_limit: 0.
num_arena_births: 54.
num_arena_deaths: 0.
num_vsnodes_births: 2.
num_vsnodes_deaths: 0.
num_space_committed: 219.
num_space_uncommitted: 0.
num_chunks_returned_to_freelist: 0.
num_chunks_taken_from_freelist: 220.
num_chunk_merges: 0.
num_chunk_splits: 149.
num_chunks_enlarged: 120.
num_inconsistent_stats: 0.

CodeHeap 'non-profiled nmethods': size=120000Kb used=510Kb max_used=510Kb free=119489Kb
 bounds [0x000002b7e8060000, 0x000002b7e82d0000, 0x000002b7ef590000]
CodeHeap 'profiled nmethods': size=120000Kb used=2584Kb max_used=2584Kb free=117415Kb
 bounds [0x000002b7e0590000, 0x000002b7e0820000, 0x000002b7e7ac0000]
CodeHeap 'non-nmethods': size=5760Kb used=1156Kb max_used=1173Kb free=4603Kb
 bounds [0x000002b7e7ac0000, 0x000002b7e7d30000, 0x000002b7e8060000]
 total_blobs=1870 nmethods=1419 adapters=365
 compilation: enabled
              stopped_count=0, restarted_count=0
 full_count=0

Compilation events (20 events):
Event: 1.090 Thread 0x000002b7f70b9390 1392       3       java.lang.AbstractStringBuilder::checkRange (63 bytes)
Event: 1.090 Thread 0x000002b7f70b9390 nmethod 1392 0x000002b7e0800190 code [0x000002b7e0800420, 0x000002b7e0800d58]
Event: 1.090 Thread 0x000002b7f70b9390 1393       3       java.lang.AbstractStringBuilder::appendChars (207 bytes)
Event: 1.091 Thread 0x000002b7f70b9390 nmethod 1393 0x000002b7e0801110 code [0x000002b7e08013c0, 0x000002b7e0802348]
Event: 1.091 Thread 0x000002b7f70b9390 1395       3       org.eclipse.osgi.framework.util.SecureAction::getProperty (31 bytes)
Event: 1.092 Thread 0x000002b7f70b9390 nmethod 1395 0x000002b7e0802910 code [0x000002b7e0802ba0, 0x000002b7e0803618]
Event: 1.092 Thread 0x000002b7f70b9390 1396   !   3       java.io.WinNTFileSystem::isInvalid (78 bytes)
Event: 1.093 Thread 0x000002b7f70b9390 nmethod 1396 0x000002b7e0803990 code [0x000002b7e0803b80, 0x000002b7e0803fb8]
Event: 1.093 Thread 0x000002b7f70b9390 1397       3       org.eclipse.osgi.internal.framework.EquinoxConfiguration$ConfigValues::internalGet (24 bytes)
Event: 1.094 Thread 0x000002b7f70b8a80 nmethod 1320 0x000002b7e80dd690 code [0x000002b7e80dd840, 0x000002b7e80de2e8]
Event: 1.094 Thread 0x000002b7f70b8a80 1394       4       java.io.WinNTFileSystem::normalize (143 bytes)
Event: 1.094 Thread 0x000002b7f70b9390 nmethod 1397 0x000002b7e0804190 code [0x000002b7e0804440, 0x000002b7e0805068]
Event: 1.109 Thread 0x000002b7f70b9390 1399       3       java.util.Collections::emptyIterator (4 bytes)
Event: 1.109 Thread 0x000002b7f70b9390 nmethod 1399 0x000002b7e0805490 code [0x000002b7e0805620, 0x000002b7e0805718]
Event: 1.113 Thread 0x000002b7f70b9390 1400       3       java.io.File::isAbsolute (8 bytes)
Event: 1.113 Thread 0x000002b7f70b9390 nmethod 1400 0x000002b7e0805790 code [0x000002b7e0805940, 0x000002b7e0805aa8]
Event: 1.113 Thread 0x000002b7f70b9390 1401       3       java.io.WinNTFileSystem::isAbsolute (36 bytes)
Event: 1.114 Thread 0x000002b7f70b9390 nmethod 1401 0x000002b7e0805b90 code [0x000002b7e0805da0, 0x000002b7e0806438]
Event: 1.114 Thread 0x000002b7f70b9390 1403       3       java.net.URL::<init> (438 bytes)
Event: 1.118 Thread 0x000002b7f70b9390 nmethod 1403 0x000002b7e0806710 code [0x000002b7e0806ec0, 0x000002b7e080aca8]

GC Heap History (2 events):
Event: 0.749 GC heap before
{Heap before GC invocations=1 (full 0):
 PSYoungGen      total 29696K, used 25600K [0x00000000eab00000, 0x00000000ecc00000, 0x0000000100000000)
  eden space 25600K, 100% used [0x00000000eab00000,0x00000000ec400000,0x00000000ec400000)
  from space 4096K, 0% used [0x00000000ec800000,0x00000000ec800000,0x00000000ecc00000)
  to   space 4096K, 0% used [0x00000000ec400000,0x00000000ec400000,0x00000000ec800000)
 ParOldGen       total 68608K, used 0K [0x00000000c0000000, 0x00000000c4300000, 0x00000000eab00000)
  object space 68608K, 0% used [0x00000000c0000000,0x00000000c0000000,0x00000000c4300000)
 Metaspace       used 11006K, committed 11200K, reserved 1114112K
  class space    used 1098K, committed 1216K, reserved 1048576K
}
Event: 0.755 GC heap after
{Heap after GC invocations=1 (full 0):
 PSYoungGen      total 29696K, used 3149K [0x00000000eab00000, 0x00000000ecc00000, 0x0000000100000000)
  eden space 25600K, 0% used [0x00000000eab00000,0x00000000eab00000,0x00000000ec400000)
  from space 4096K, 76% used [0x00000000ec400000,0x00000000ec7135b8,0x00000000ec800000)
  to   space 4096K, 0% used [0x00000000ec800000,0x00000000ec800000,0x00000000ecc00000)
 ParOldGen       total 68608K, used 16K [0x00000000c0000000, 0x00000000c4300000, 0x00000000eab00000)
  object space 68608K, 0% used [0x00000000c0000000,0x00000000c0004000,0x00000000c4300000)
 Metaspace       used 11006K, committed 11200K, reserved 1114112K
  class space    used 1098K, committed 1216K, reserved 1048576K
}

Dll operation events (8 events):
Event: 0.014 Loaded shared library c:\Users\alanc\.vscode\extensions\redhat.java-1.28.1-win32-x64\jre\17.0.10-win32-x86_64\bin\java.dll
Event: 0.157 Loaded shared library c:\Users\alanc\.vscode\extensions\redhat.java-1.28.1-win32-x64\jre\17.0.10-win32-x86_64\bin\zip.dll
Event: 0.161 Loaded shared library C:\Users\alanc\.vscode\extensions\redhat.java-1.28.1-win32-x64\jre\17.0.10-win32-x86_64\bin\instrument.dll
Event: 0.175 Loaded shared library C:\Users\alanc\.vscode\extensions\redhat.java-1.28.1-win32-x64\jre\17.0.10-win32-x86_64\bin\net.dll
Event: 0.179 Loaded shared library C:\Users\alanc\.vscode\extensions\redhat.java-1.28.1-win32-x64\jre\17.0.10-win32-x86_64\bin\nio.dll
Event: 0.186 Loaded shared library C:\Users\alanc\.vscode\extensions\redhat.java-1.28.1-win32-x64\jre\17.0.10-win32-x86_64\bin\zip.dll
Event: 0.201 Loaded shared library C:\Users\alanc\.vscode\extensions\redhat.java-1.28.1-win32-x64\jre\17.0.10-win32-x86_64\bin\jimage.dll
Event: 0.261 Loaded shared library c:\Users\alanc\.vscode\extensions\redhat.java-1.28.1-win32-x64\jre\17.0.10-win32-x86_64\bin\verify.dll

Deoptimization events (20 events):
Event: 1.013 Thread 0x000002b7dc127e00 Uncommon trap: trap_request=0xffffffde fr.pc=0x000002b7e80b4f48 relative=0x0000000000000988
Event: 1.013 Thread 0x000002b7dc127e00 Uncommon trap: reason=class_check action=maybe_recompile pc=0x000002b7e80b4f48 method=java.util.HashMap.putVal(ILjava/lang/Object;Ljava/lang/Object;ZZ)Ljava/lang/Object; @ 253 c2
Event: 1.013 Thread 0x000002b7dc127e00 DEOPT PACKING pc=0x000002b7e80b4f48 sp=0x000000e86e6fdc80
Event: 1.013 Thread 0x000002b7dc127e00 DEOPT UNPACKING pc=0x000002b7e7b166a3 sp=0x000000e86e6fdba8 mode 2
Event: 1.015 Thread 0x000002b7dc127e00 Uncommon trap: trap_request=0xffffffde fr.pc=0x000002b7e80b4f48 relative=0x0000000000000988
Event: 1.015 Thread 0x000002b7dc127e00 Uncommon trap: reason=class_check action=maybe_recompile pc=0x000002b7e80b4f48 method=java.util.HashMap.putVal(ILjava/lang/Object;Ljava/lang/Object;ZZ)Ljava/lang/Object; @ 253 c2
Event: 1.015 Thread 0x000002b7dc127e00 DEOPT PACKING pc=0x000002b7e80b4f48 sp=0x000000e86e6fdc80
Event: 1.015 Thread 0x000002b7dc127e00 DEOPT UNPACKING pc=0x000002b7e7b166a3 sp=0x000000e86e6fdba8 mode 2
Event: 1.016 Thread 0x000002b7dc127e00 Uncommon trap: trap_request=0xffffffde fr.pc=0x000002b7e80b4f48 relative=0x0000000000000988
Event: 1.016 Thread 0x000002b7dc127e00 Uncommon trap: reason=class_check action=maybe_recompile pc=0x000002b7e80b4f48 method=java.util.HashMap.putVal(ILjava/lang/Object;Ljava/lang/Object;ZZ)Ljava/lang/Object; @ 253 c2
Event: 1.016 Thread 0x000002b7dc127e00 DEOPT PACKING pc=0x000002b7e80b4f48 sp=0x000000e86e6fdb80
Event: 1.016 Thread 0x000002b7dc127e00 DEOPT UNPACKING pc=0x000002b7e7b166a3 sp=0x000000e86e6fdaa8 mode 2
Event: 1.018 Thread 0x000002b7dc127e00 Uncommon trap: trap_request=0xffffffde fr.pc=0x000002b7e80b4f48 relative=0x0000000000000988
Event: 1.018 Thread 0x000002b7dc127e00 Uncommon trap: reason=class_check action=maybe_recompile pc=0x000002b7e80b4f48 method=java.util.HashMap.putVal(ILjava/lang/Object;Ljava/lang/Object;ZZ)Ljava/lang/Object; @ 253 c2
Event: 1.018 Thread 0x000002b7dc127e00 DEOPT PACKING pc=0x000002b7e80b4f48 sp=0x000000e86e6fdbf0
Event: 1.018 Thread 0x000002b7dc127e00 DEOPT UNPACKING pc=0x000002b7e7b166a3 sp=0x000000e86e6fdb18 mode 2
Event: 1.035 Thread 0x000002b7dc127e00 DEOPT PACKING pc=0x000002b7e0698b80 sp=0x000000e86e6fcc90
Event: 1.035 Thread 0x000002b7dc127e00 DEOPT UNPACKING pc=0x000002b7e7b16e43 sp=0x000000e86e6fc100 mode 0
Event: 1.037 Thread 0x000002b7dc127e00 DEOPT PACKING pc=0x000002b7e06aac61 sp=0x000000e86e6fc5e0
Event: 1.037 Thread 0x000002b7dc127e00 DEOPT UNPACKING pc=0x000002b7e7b16e43 sp=0x000000e86e6fba68 mode 0

Classes unloaded (0 events):
No events

Classes redefined (0 events):
No events

Internal exceptions (20 events):
Event: 0.289 Thread 0x000002b7dc127e00 Exception <a 'java/lang/reflect/InvocationTargetException'{0x00000000eafe61f8}> (0x00000000eafe61f8) 
thrown [s\src\hotspot\share\runtime\reflection.cpp, line 1121]
Event: 0.491 Thread 0x000002b7dc127e00 Exception <a 'java/lang/ClassNotFoundException'{0x00000000eb85faf0}: sun/net/www/protocol/c/Handler> (0x00000000eb85faf0) 
thrown [s\src\hotspot\share\classfile\systemDictionary.cpp, line 256]
Event: 0.495 Thread 0x000002b7dc127e00 Exception <a 'java/io/FileNotFoundException'{0x00000000eb8776a8}> (0x00000000eb8776a8) 
thrown [s\src\hotspot\share\prims\jni.cpp, line 516]
Event: 0.496 Thread 0x000002b7dc127e00 Exception <a 'java/io/FileNotFoundException'{0x00000000eb8783f0}> (0x00000000eb8783f0) 
thrown [s\src\hotspot\share\prims\jni.cpp, line 516]
Event: 0.496 Thread 0x000002b7dc127e00 Exception <a 'java/io/FileNotFoundException'{0x00000000eb879118}> (0x00000000eb879118) 
thrown [s\src\hotspot\share\prims\jni.cpp, line 516]
Event: 0.496 Thread 0x000002b7dc127e00 Exception <a 'java/io/FileNotFoundException'{0x00000000eb879e10}> (0x00000000eb879e10) 
thrown [s\src\hotspot\share\prims\jni.cpp, line 516]
Event: 0.499 Thread 0x000002b7dc127e00 Implicit null exception at 0x000002b7e8082c72 to 0x000002b7e8083190
Event: 0.501 Thread 0x000002b7dc127e00 Exception <a 'java/io/FileNotFoundException'{0x00000000eb8b4728}> (0x00000000eb8b4728) 
thrown [s\src\hotspot\share\prims\jni.cpp, line 516]
Event: 0.653 Thread 0x000002b7dc127e00 Exception <a 'java/lang/ClassNotFoundException'{0x00000000ec0be3c8}: sun/net/www/protocol/c/Handler> (0x00000000ec0be3c8) 
thrown [s\src\hotspot\share\classfile\systemDictionary.cpp, line 256]
Event: 0.654 Thread 0x000002b7dc127e00 Exception <a 'java/lang/ClassNotFoundException'{0x00000000ec0bf710}: sun/net/www/protocol/c/Handler> (0x00000000ec0bf710) 
thrown [s\src\hotspot\share\classfile\systemDictionary.cpp, line 256]
Event: 0.654 Thread 0x000002b7dc127e00 Exception <a 'java/lang/ClassNotFoundException'{0x00000000ec0c08a8}: sun/net/www/protocol/c/Handler> (0x00000000ec0c08a8) 
thrown [s\src\hotspot\share\classfile\systemDictionary.cpp, line 256]
Event: 0.662 Thread 0x000002b7dc127e00 Exception <a 'java/io/FileNotFoundException'{0x00000000ec0e4900}> (0x00000000ec0e4900) 
thrown [s\src\hotspot\share\prims\jni.cpp, line 516]
Event: 0.741 Thread 0x000002b7dc127e00 Exception <a 'java/lang/NoSuchMethodError'{0x00000000ec3bd940}: 'int java.lang.invoke.DirectMethodHandle$Holder.invokeStaticInit(java.lang.Object, java.lang.Object, java.lang.Object, java.lang.Object)'> (0x00000000ec3bd940) 
thrown [s\src\hotspot\share\interpreter\linkResolver.cpp, line 759]
Event: 0.742 Thread 0x000002b7dc127e00 Exception <a 'java/lang/NoSuchMethodError'{0x00000000ec3c7fb0}: 'java.lang.Object java.lang.invoke.DirectMethodHandle$Holder.invokeInterface(java.lang.Object, java.lang.Object)'> (0x00000000ec3c7fb0) 
thrown [s\src\hotspot\share\interpreter\linkResolver.cpp, line 759]
Event: 0.742 Thread 0x000002b7dc127e00 Exception <a 'java/lang/IncompatibleClassChangeError'{0x00000000ec3cb7a8}: Found class java.lang.Object, but interface was expected> (0x00000000ec3cb7a8) 
thrown [s\src\hotspot\share\interpreter\linkResolver.cpp, line 826]
Event: 0.743 Thread 0x000002b7dc127e00 Exception <a 'java/lang/NoSuchMethodError'{0x00000000ec3cfc98}: 'void java.lang.invoke.DirectMethodHandle$Holder.invokeStatic(java.lang.Object, java.lang.Object)'> (0x00000000ec3cfc98) 
thrown [s\src\hotspot\share\interpreter\linkResolver.cpp, line 759]
Event: 0.744 Thread 0x000002b7dc127e00 Exception <a 'java/lang/NoSuchMethodError'{0x00000000ec3d3498}: 'void java.lang.invoke.DirectMethodHandle$Holder.invokeStaticInit(java.lang.Object, java.lang.Object)'> (0x00000000ec3d3498) 
thrown [s\src\hotspot\share\interpreter\linkResolver.cpp, line 759]
Event: 0.745 Thread 0x000002b7dc127e00 Exception <a 'java/lang/NoSuchMethodError'{0x00000000ec3da8a8}: 'int java.lang.invoke.DirectMethodHandle$Holder.invokeStaticInit(java.lang.Object, java.lang.Object)'> (0x00000000ec3da8a8) 
thrown [s\src\hotspot\share\interpreter\linkResolver.cpp, line 759]
Event: 0.789 Thread 0x000002b7dc127e00 Exception <a 'java/lang/NoSuchMethodError'{0x00000000eac44dd0}: 'void java.lang.invoke.DirectMethodHandle$Holder.invokeSpecial(java.lang.Object, java.lang.Object, java.lang.Object)'> (0x00000000eac44dd0) 
thrown [s\src\hotspot\share\interpreter\linkResolver.cpp, line 759]
Event: 1.000 Thread 0x000002b7dc127e00 Exception <a 'java/lang/NoSuchMethodError'{0x00000000eb8d3f30}: 'java.lang.Object java.lang.invoke.DirectMethodHandle$Holder.newInvokeSpecial(java.lang.Object, int, java.lang.Object)'> (0x00000000eb8d3f30) 
thrown [s\src\hotspot\share\interpreter\linkResolver.cpp, line 759]

VM Operations (20 events):
Event: 0.139 Executing VM operation: HandshakeAllThreads
Event: 0.139 Executing VM operation: HandshakeAllThreads done
Event: 0.214 Executing VM operation: HandshakeAllThreads
Event: 0.214 Executing VM operation: HandshakeAllThreads done
Event: 0.474 Executing VM operation: HandshakeAllThreads
Event: 0.474 Executing VM operation: HandshakeAllThreads done
Event: 0.487 Executing VM operation: HandshakeAllThreads
Event: 0.487 Executing VM operation: HandshakeAllThreads done
Event: 0.715 Executing VM operation: ICBufferFull
Event: 0.715 Executing VM operation: ICBufferFull done
Event: 0.749 Executing VM operation: ParallelGCFailedAllocation
Event: 0.755 Executing VM operation: ParallelGCFailedAllocation done
Event: 0.975 Executing VM operation: HandshakeAllThreads
Event: 0.975 Executing VM operation: HandshakeAllThreads done
Event: 0.975 Executing VM operation: HandshakeAllThreads
Event: 0.975 Executing VM operation: HandshakeAllThreads done
Event: 0.981 Executing VM operation: HandshakeAllThreads
Event: 0.981 Executing VM operation: HandshakeAllThreads done
Event: 0.995 Executing VM operation: HandshakeAllThreads
Event: 0.995 Executing VM operation: HandshakeAllThreads done

Events (20 events):
Event: 1.019 loading class java/net/ContentHandlerFactory
Event: 1.019 loading class java/net/ContentHandlerFactory done
Event: 1.021 loading class java/net/ContentHandler
Event: 1.021 loading class java/net/ContentHandler done
Event: 1.030 loading class javax/xml/parsers/ParserConfigurationException
Event: 1.030 loading class javax/xml/parsers/ParserConfigurationException done
Event: 1.032 loading class java/security/KeyStoreException
Event: 1.032 loading class java/security/KeyStoreException done
Event: 1.050 loading class java/util/LinkedList$Node
Event: 1.050 loading class java/util/LinkedList$Node done
Event: 1.050 loading class java/util/LinkedList$ListItr
Event: 1.050 loading class java/util/LinkedList$ListItr done
Event: 1.061 loading class sun/nio/fs/WindowsChannelFactory
Event: 1.061 loading class sun/nio/fs/WindowsChannelFactory done
Event: 1.061 loading class sun/nio/fs/WindowsChannelFactory$1
Event: 1.061 loading class sun/nio/fs/WindowsChannelFactory$1 done
Event: 1.061 loading class sun/nio/fs/WindowsChannelFactory$Flags
Event: 1.061 loading class sun/nio/fs/WindowsChannelFactory$Flags done
Event: 1.061 loading class sun/nio/ch/FileChannelImpl$Closer
Event: 1.061 loading class sun/nio/ch/FileChannelImpl$Closer done


Dynamic libraries:
0x00007ff76cf50000 - 0x00007ff76cf5e000 	c:\Users\alanc\.vscode\extensions\redhat.java-1.28.1-win32-x64\jre\17.0.10-win32-x86_64\bin\java.exe
0x00007ffc7a470000 - 0x00007ffc7a686000 	C:\WINDOWS\SYSTEM32\ntdll.dll
0x00007ffc71dd0000 - 0x00007ffc71de9000 	C:\Program Files\AVG\Antivirus\aswhook.dll
0x00007ffc78d80000 - 0x00007ffc78e44000 	C:\WINDOWS\System32\KERNEL32.DLL
0x00007ffc779c0000 - 0x00007ffc77d66000 	C:\WINDOWS\System32\KERNELBASE.dll
0x00007ffc77d70000 - 0x00007ffc77e81000 	C:\WINDOWS\System32\ucrtbase.dll
0x00007ffc687c0000 - 0x00007ffc687db000 	c:\Users\alanc\.vscode\extensions\redhat.java-1.28.1-win32-x64\jre\17.0.10-win32-x86_64\bin\VCRUNTIME140.dll
0x00007ffc687a0000 - 0x00007ffc687b7000 	c:\Users\alanc\.vscode\extensions\redhat.java-1.28.1-win32-x64\jre\17.0.10-win32-x86_64\bin\jli.dll
0x00007ffc785f0000 - 0x00007ffc7879d000 	C:\WINDOWS\System32\USER32.dll
0x00007ffc77990000 - 0x00007ffc779b6000 	C:\WINDOWS\System32\win32u.dll
0x00007ffc785a0000 - 0x00007ffc785c9000 	C:\WINDOWS\System32\GDI32.dll
0x00007ffc649f0000 - 0x00007ffc64c83000 	C:\WINDOWS\WinSxS\amd64_microsoft.windows.common-controls_6595b64144ccf1df_6.0.22621.3235_none_270f74e173860f98\COMCTL32.dll
0x00007ffc77870000 - 0x00007ffc77988000 	C:\WINDOWS\System32\gdi32full.dll
0x00007ffc78380000 - 0x00007ffc78427000 	C:\WINDOWS\System32\msvcrt.dll
0x00007ffc78120000 - 0x00007ffc781ba000 	C:\WINDOWS\System32\msvcp_win.dll
0x00007ffc7a3f0000 - 0x00007ffc7a421000 	C:\WINDOWS\System32\IMM32.DLL
0x00007ffc68790000 - 0x00007ffc6879c000 	c:\Users\alanc\.vscode\extensions\redhat.java-1.28.1-win32-x64\jre\17.0.10-win32-x86_64\bin\vcruntime140_1.dll
0x00007ffc227b0000 - 0x00007ffc2283d000 	c:\Users\alanc\.vscode\extensions\redhat.java-1.28.1-win32-x64\jre\17.0.10-win32-x86_64\bin\msvcp140.dll
0x00007ffbbafb0000 - 0x00007ffbbbc12000 	c:\Users\alanc\.vscode\extensions\redhat.java-1.28.1-win32-x64\jre\17.0.10-win32-x86_64\bin\server\jvm.dll
0x00007ffc79340000 - 0x00007ffc793f2000 	C:\WINDOWS\System32\ADVAPI32.dll
0x00007ffc78cc0000 - 0x00007ffc78d68000 	C:\WINDOWS\System32\sechost.dll
0x00007ffc77f00000 - 0x00007ffc77f28000 	C:\WINDOWS\System32\bcrypt.dll
0x00007ffc78800000 - 0x00007ffc78915000 	C:\WINDOWS\System32\RPCRT4.dll
0x00007ffc64e40000 - 0x00007ffc64e49000 	C:\WINDOWS\SYSTEM32\WSOCK32.dll
0x00007ffc6ffb0000 - 0x00007ffc6ffe4000 	C:\WINDOWS\SYSTEM32\WINMM.dll
0x00007ffc6dba0000 - 0x00007ffc6dbaa000 	C:\WINDOWS\SYSTEM32\VERSION.dll
0x00007ffc77680000 - 0x00007ffc776cd000 	C:\WINDOWS\SYSTEM32\POWRPROF.dll
0x00007ffc79da0000 - 0x00007ffc79e11000 	C:\WINDOWS\System32\WS2_32.dll
0x00007ffc775b0000 - 0x00007ffc775c3000 	C:\WINDOWS\SYSTEM32\UMPDC.dll
0x00007ffc767f0000 - 0x00007ffc76808000 	C:\WINDOWS\SYSTEM32\kernel.appcore.dll
0x00007ffc68780000 - 0x00007ffc6878a000 	c:\Users\alanc\.vscode\extensions\redhat.java-1.28.1-win32-x64\jre\17.0.10-win32-x86_64\bin\jimage.dll
0x00007ffc751e0000 - 0x00007ffc75413000 	C:\WINDOWS\SYSTEM32\DBGHELP.DLL
0x00007ffc78920000 - 0x00007ffc78ca8000 	C:\WINDOWS\System32\combase.dll
0x00007ffc784b0000 - 0x00007ffc78587000 	C:\WINDOWS\System32\OLEAUT32.dll
0x00007ffc6bc20000 - 0x00007ffc6bc52000 	C:\WINDOWS\SYSTEM32\dbgcore.DLL
0x00007ffc780a0000 - 0x00007ffc7811a000 	C:\WINDOWS\System32\bcryptPrimitives.dll
0x00007ffc686c0000 - 0x00007ffc686ce000 	c:\Users\alanc\.vscode\extensions\redhat.java-1.28.1-win32-x64\jre\17.0.10-win32-x86_64\bin\instrument.dll
0x00007ffc2cfb0000 - 0x00007ffc2cfd5000 	c:\Users\alanc\.vscode\extensions\redhat.java-1.28.1-win32-x64\jre\17.0.10-win32-x86_64\bin\java.dll
0x00007ffc41330000 - 0x00007ffc41348000 	c:\Users\alanc\.vscode\extensions\redhat.java-1.28.1-win32-x64\jre\17.0.10-win32-x86_64\bin\zip.dll
0x00007ffc79540000 - 0x00007ffc79d9d000 	C:\WINDOWS\System32\SHELL32.dll
0x00007ffc755b0000 - 0x00007ffc75ea8000 	C:\WINDOWS\SYSTEM32\windows.storage.dll
0x00007ffc75ed0000 - 0x00007ffc7600e000 	C:\WINDOWS\SYSTEM32\wintypes.dll
0x00007ffc79e20000 - 0x00007ffc79f13000 	C:\WINDOWS\System32\SHCORE.dll
0x00007ffc79f20000 - 0x00007ffc79f7e000 	C:\WINDOWS\System32\shlwapi.dll
0x00007ffc776e0000 - 0x00007ffc77706000 	C:\WINDOWS\SYSTEM32\profapi.dll
0x00007ffc41040000 - 0x00007ffc41059000 	C:\Users\alanc\.vscode\extensions\redhat.java-1.28.1-win32-x64\jre\17.0.10-win32-x86_64\bin\net.dll
0x00007ffc70a60000 - 0x00007ffc70b97000 	C:\WINDOWS\SYSTEM32\WINHTTP.dll
0x00007ffc76c70000 - 0x00007ffc76cd9000 	C:\WINDOWS\system32\mswsock.dll
0x00007ffc35d50000 - 0x00007ffc35d66000 	C:\Users\alanc\.vscode\extensions\redhat.java-1.28.1-win32-x64\jre\17.0.10-win32-x86_64\bin\nio.dll
0x00007ffc66290000 - 0x00007ffc662a0000 	c:\Users\alanc\.vscode\extensions\redhat.java-1.28.1-win32-x64\jre\17.0.10-win32-x86_64\bin\verify.dll

dbghelp: loaded successfully - version: 4.0.5 - missing functions: none
symbol engine: initialized successfully - sym options: 0x614 - pdb path: .;c:\Users\alanc\.vscode\extensions\redhat.java-1.28.1-win32-x64\jre\17.0.10-win32-x86_64\bin;C:\WINDOWS\SYSTEM32;C:\Program Files\AVG\Antivirus;C:\WINDOWS\WinSxS\amd64_microsoft.windows.common-controls_6595b64144ccf1df_6.0.22621.3235_none_270f74e173860f98;c:\Users\alanc\.vscode\extensions\redhat.java-1.28.1-win32-x64\jre\17.0.10-win32-x86_64\bin\server

VM Arguments:
jvm_args: --add-modules=ALL-SYSTEM --add-opens=java.base/java.util=ALL-UNNAMED --add-opens=java.base/java.lang=ALL-UNNAMED --add-opens=java.base/sun.nio.fs=ALL-UNNAMED -Declipse.application=org.eclipse.jdt.ls.core.id1 -Dosgi.bundles.defaultStartLevel=4 -Declipse.product=org.eclipse.jdt.ls.core.product -Djava.import.generatesMetadataFilesAtProjectRoot=false -DDetectVMInstallationsJob.disabled=true -Dfile.encoding=utf8 -XX:+UseParallelGC -XX:GCTimeRatio=4 -XX:AdaptiveSizePolicyWeight=90 -Dsun.zip.disableMemoryMapping=true -Xmx1G -Xms100m -Xlog:disable -javaagent:c:\Users\alanc\.vscode\extensions\redhat.java-1.28.1-win32-x64\lombok\lombok-1.18.31.jar 
java_command: c:\Users\alanc\.vscode\extensions\redhat.java-1.28.1-win32-x64\server\plugins\org.eclipse.equinox.launcher_1.6.700.v20231214-2017.jar -configuration c:\Users\alanc\AppData\Roaming\Code\User\globalStorage\redhat.java\1.28.1\config_ss_win -data c:\Users\alanc\AppData\Roaming\Code\User\workspaceStorage\6847d39ac9dbc775eb022e044a9ea7dc\redhat.java\ss_ws --stdio
java_class_path (initial): c:\Users\alanc\.vscode\extensions\redhat.java-1.28.1-win32-x64\server\plugins\org.eclipse.equinox.launcher_1.6.700.v20231214-2017.jar
Launcher Type: SUN_STANDARD

[Global flags]
    uintx AdaptiveSizePolicyWeight                 = 90                                        {product} {command line}
     intx CICompilerCount                          = 4                                         {product} {ergonomic}
    uintx GCTimeRatio                              = 4                                         {product} {command line}
   size_t InitialHeapSize                          = 104857600                                 {product} {command line}
   size_t MaxHeapSize                              = 1073741824                                {product} {command line}
   size_t MaxNewSize                               = 357564416                                 {product} {ergonomic}
   size_t MinHeapDeltaBytes                        = 524288                                    {product} {ergonomic}
   size_t MinHeapSize                              = 104857600                                 {product} {command line}
   size_t NewSize                                  = 34603008                                  {product} {ergonomic}
    uintx NonNMethodCodeHeapSize                   = 5839372                                {pd product} {ergonomic}
    uintx NonProfiledCodeHeapSize                  = 122909434                              {pd product} {ergonomic}
   size_t OldSize                                  = 70254592                                  {product} {ergonomic}
    uintx ProfiledCodeHeapSize                     = 122909434                              {pd product} {ergonomic}
    uintx ReservedCodeCacheSize                    = 251658240                              {pd product} {ergonomic}
     bool SegmentedCodeCache                       = true                                      {product} {ergonomic}
   size_t SoftMaxHeapSize                          = 1073741824                             {manageable} {ergonomic}
     bool UseCompressedClassPointers               = true                           {product lp64_product} {ergonomic}
     bool UseCompressedOops                        = true                           {product lp64_product} {ergonomic}
     bool UseLargePagesIndividualAllocation        = false                                  {pd product} {ergonomic}
     bool UseParallelGC                            = true                                      {product} {command line}

Logging:
Log output configuration:
 #0: stdout all=off uptime,level,tags
 #1: stderr all=off uptime,level,tags

Environment Variables:
PATH=C:\Python312\Scripts\;C:\Python312\;C:\Program Files (x86)\Common Files\Oracle\Java\javapath;C:\WINDOWS\system32;C:\WINDOWS;C:\WINDOWS\System32\Wbem;C:\WINDOWS\System32\WindowsPowerShell\v1.0\;C:\WINDOWS\System32\OpenSSH\;C:\ProgramData\chocolatey\bin;C:\Program Files\PuTTY\;C:\Program Files\Git\cmd;C:\Program Files\Docker\Docker\resources\bin;C:\xampp\php;C:\Program Files\MySQL\MySQL Server 8.0\bin;C:\Program Files\PowerShell\7\;C:\Program Files\PowerShell\7-preview\preview;C:\Program Files\nodejs\;C:\Users\alanc\AppData\Local\Programs\Python\Python310\Scripts\;C:\Users\alanc\AppData\Local\Programs\Python\Python310\;C:\Users\alanc\AppData\Local\Microsoft\WindowsApps;C:\Users\alanc\AppData\Local\Programs\Microsoft VS Code\bin;C:\Program Files\JetBrains\PyCharm 2022.3\bin;;%M2_HOME\bin;C:\Users\alanc\AppData\Roaming\npm
USERNAME=Alan
OS=Windows_NT
PROCESSOR_IDENTIFIER=AMD64 Family 23 Model 104 Stepping 1, AuthenticAMD
TMP=C:\Users\alanc\AppData\Local\Temp
TEMP=C:\Users\alanc\AppData\Local\Temp



Periodic native trim disabled


---------------  S Y S T E M  ---------------

OS:
 Windows 11 , 64 bit Build 22621 (10.0.22621.3235)
OS uptime: 4 days 23:01 hours

CPU: total 12 (initial active 12) (12 cores per cpu, 2 threads per core) family 23 model 104 stepping 1 microcode 0x0, cx8, cmov, fxsr, ht, mmx, 3dnowpref, sse, sse2, sse3, ssse3, sse4a, sse4.1, sse4.2, popcnt, lzcnt, tsc, tscinvbit, avx, avx2, aes, clmul, bmi1, bmi2, adx, sha, fma, vzeroupper, clflush, clflushopt
Processor Information for processor 0
  Max Mhz: 2100, Current Mhz: 1813, Mhz Limit: 2100
Processor Information for processor 1
  Max Mhz: 2100, Current Mhz: 1813, Mhz Limit: 2100
Processor Information for processor 2
  Max Mhz: 2100, Current Mhz: 2100, Mhz Limit: 2100
Processor Information for processor 3
  Max Mhz: 2100, Current Mhz: 1813, Mhz Limit: 2100
Processor Information for processor 4
  Max Mhz: 2100, Current Mhz: 1813, Mhz Limit: 2100
Processor Information for processor 5
  Max Mhz: 2100, Current Mhz: 2100, Mhz Limit: 2100
Processor Information for processor 6
  Max Mhz: 2100, Current Mhz: 1813, Mhz Limit: 2100
Processor Information for processor 7
  Max Mhz: 2100, Current Mhz: 2100, Mhz Limit: 2100
Processor Information for processor 8
  Max Mhz: 2100, Current Mhz: 2100, Mhz Limit: 2100
Processor Information for processor 9
  Max Mhz: 2100, Current Mhz: 1813, Mhz Limit: 2100
Processor Information for processor 10
  Max Mhz: 2100, Current Mhz: 1813, Mhz Limit: 2100
Processor Information for processor 11
  Max Mhz: 2100, Current Mhz: 1813, Mhz Limit: 2100

Memory: 4k page, system-wide physical 5989M (304M free)
TotalPageFile size 24421M (AvailPageFile size 3M)
current process WorkingSet (physical memory assigned to process): 82M, peak: 82M
current process commit charge ("private bytes"): 210M, peak: 210M

vm_info: OpenJDK 64-Bit Server VM (17.0.10+7) for windows-amd64 JRE (17.0.10+7), built on Jan 16 2024 23:25:11 by "admin" with MS VC++ 16.10 / 16.11 (VS2019)

END.
