#
# There is insufficient memory for the Java Runtime Environment to continue.
# Native memory allocation (malloc) failed to allocate 754976 bytes for Chunk::new
# Possible reasons:
#   The system is out of physical RAM or swap space
#   The process is running with CompressedOops enabled, and the Java Heap may be blocking the growth of the native heap
# Possible solutions:
#   Reduce memory load on the system
#   Increase physical memory or swap space
#   Check if swap backing store is full
#   Decrease Java heap size (-Xmx/-Xms)
#   Decrease number of Java threads
#   Decrease Java thread stack sizes (-Xss)
#   Set larger code cache with -XX:ReservedCodeCacheSize=
#   JVM is running with Unscaled Compressed Oops mode in which the Java heap is
#     placed in the first 4GB address space. The Java Heap base address is the
#     maximum limit for the native heap growth. Please use -XX:HeapBaseMinAddress
#     to set the Java Heap base and to place the Java Heap above 4GB virtual address.
# This output file may be truncated or incomplete.
#
#  Out of Memory Error (arena.cpp:191), pid=65108, tid=69940
#
# JRE version: OpenJDK Runtime Environment Temurin-17.0.10+7 (17.0.10+7) (build 17.0.10+7)
# Java VM: OpenJDK 64-Bit Server VM Temurin-17.0.10+7 (17.0.10+7, mixed mode, tiered, compressed oops, compressed class ptrs, parallel gc, windows-amd64)
# No core dump will be written. Minidumps are not enabled by default on client versions of Windows
#

---------------  S U M M A R Y ------------

Command Line: --add-modules=ALL-SYSTEM --add-opens=java.base/java.util=ALL-UNNAMED --add-opens=java.base/java.lang=ALL-UNNAMED --add-opens=java.base/sun.nio.fs=ALL-UNNAMED -Declipse.application=org.eclipse.jdt.ls.core.id1 -Dosgi.bundles.defaultStartLevel=4 -Declipse.product=org.eclipse.jdt.ls.core.product -Djava.import.generatesMetadataFilesAtProjectRoot=false -DDetectVMInstallationsJob.disabled=true -Dfile.encoding=utf8 -XX:+UseParallelGC -XX:GCTimeRatio=4 -XX:AdaptiveSizePolicyWeight=90 -Dsun.zip.disableMemoryMapping=true -Xmx1G -Xms100m -Xlog:disable -javaagent:c:\Users\alanc\.vscode\extensions\redhat.java-1.28.1-win32-x64\lombok\lombok-1.18.31.jar -XX:+HeapDumpOnOutOfMemoryError -XX:HeapDumpPath=c:\Users\alanc\AppData\Roaming\Code\User\workspaceStorage\6847d39ac9dbc775eb022e044a9ea7dc\redhat.java -Daether.dependencyCollector.impl=bf c:\Users\alanc\.vscode\extensions\redhat.java-1.28.1-win32-x64\server\plugins\org.eclipse.equinox.launcher_1.6.700.v20231214-2017.jar -configuration c:\Users\alanc\AppData\Roaming\Code\User\globalStorage\redhat.java\1.28.1\config_win -data c:\Users\alanc\AppData\Roaming\Code\User\workspaceStorage\6847d39ac9dbc775eb022e044a9ea7dc\redhat.java\jdt_ws --stdio

Host: AMD Ryzen 5 5500U with Radeon Graphics         , 12 cores, 5G,  Windows 11 , 64 bit Build 22621 (10.0.22621.3235)
Time: Wed Mar 20 16:52:45 2024 Hora Padrão de Buenos Aires elapsed time: 3.711212 seconds (0d 0h 0m 3s)

---------------  T H R E A D  ---------------

Current thread (0x0000019bd0fb3d60):  JavaThread "C2 CompilerThread0" daemon [_thread_in_native, id=69940, stack(0x0000005d14300000,0x0000005d14400000)]


Current CompileTask:
C2:   3711 3834       4       jdk.internal.org.objectweb.asm.Frame::execute (2318 bytes)

Stack: [0x0000005d14300000,0x0000005d14400000]
Native frames: (J=compiled Java code, j=interpreted, Vv=VM code, C=native code)
V  [jvm.dll+0x67d2c9]
V  [jvm.dll+0x834afa]
V  [jvm.dll+0x8365be]
V  [jvm.dll+0x836c23]
V  [jvm.dll+0x2477ff]
V  [jvm.dll+0xac514]
V  [jvm.dll+0xacb5c]
V  [jvm.dll+0x2aed1f]
V  [jvm.dll+0x584b67]
V  [jvm.dll+0x2228a2]
V  [jvm.dll+0x222c8f]
V  [jvm.dll+0x21bdb6]
V  [jvm.dll+0x219201]
V  [jvm.dll+0x1a502d]
V  [jvm.dll+0x2290de]
V  [jvm.dll+0x2272ac]
V  [jvm.dll+0x7e9bb7]
V  [jvm.dll+0x7e3fba]
V  [jvm.dll+0x67c1b5]
C  [ucrtbase.dll+0x29363]
C  [KERNEL32.DLL+0x1257d]
C  [ntdll.dll+0x5aa58]


---------------  P R O C E S S  ---------------

Threads class SMR info:
_java_thread_list=0x0000019bd3d5dc40, length=22, elements={
0x0000019bb7fc7b60, 0x0000019bcbe4a020, 0x0000019bcbe4d8b0, 0x0000019bd0f89df0,
0x0000019bd0fa11c0, 0x0000019bd0fa2430, 0x0000019bd0faa6e0, 0x0000019bd0fb3d60,
0x0000019bd0fb6a30, 0x0000019bd0fbef40, 0x0000019bd112b960, 0x0000019bd112d2b0,
0x0000019bd112be70, 0x0000019bd112b450, 0x0000019bd112cda0, 0x0000019bd112a520,
0x0000019bd1129b00, 0x0000019bd112c890, 0x0000019bd112af40, 0x0000019bd112c380,
0x0000019bd3718f50, 0x0000019bd371adb0
}

Java Threads: ( => current thread )
  0x0000019bb7fc7b60 JavaThread "main" [_thread_blocked, id=89600, stack(0x0000005d13a00000,0x0000005d13b00000)]
  0x0000019bcbe4a020 JavaThread "Reference Handler" daemon [_thread_blocked, id=90860, stack(0x0000005d13d00000,0x0000005d13e00000)]
  0x0000019bcbe4d8b0 JavaThread "Finalizer" daemon [_thread_blocked, id=89644, stack(0x0000005d13e00000,0x0000005d13f00000)]
  0x0000019bd0f89df0 JavaThread "Signal Dispatcher" daemon [_thread_blocked, id=86380, stack(0x0000005d13f00000,0x0000005d14000000)]
  0x0000019bd0fa11c0 JavaThread "Attach Listener" daemon [_thread_blocked, id=86764, stack(0x0000005d14000000,0x0000005d14100000)]
  0x0000019bd0fa2430 JavaThread "Service Thread" daemon [_thread_blocked, id=87444, stack(0x0000005d14100000,0x0000005d14200000)]
  0x0000019bd0faa6e0 JavaThread "Monitor Deflation Thread" daemon [_thread_blocked, id=76968, stack(0x0000005d14200000,0x0000005d14300000)]
=>0x0000019bd0fb3d60 JavaThread "C2 CompilerThread0" daemon [_thread_in_native, id=69940, stack(0x0000005d14300000,0x0000005d14400000)]
  0x0000019bd0fb6a30 JavaThread "C1 CompilerThread0" daemon [_thread_blocked, id=85168, stack(0x0000005d14400000,0x0000005d14500000)]
  0x0000019bd0fbef40 JavaThread "Sweeper thread" daemon [_thread_blocked, id=90680, stack(0x0000005d14500000,0x0000005d14600000)]
  0x0000019bd112b960 JavaThread "Common-Cleaner" daemon [_thread_blocked, id=80428, stack(0x0000005d14600000,0x0000005d14700000)]
  0x0000019bd112d2b0 JavaThread "Notification Thread" daemon [_thread_blocked, id=68620, stack(0x0000005d14700000,0x0000005d14800000)]
  0x0000019bd112be70 JavaThread "Active Thread: Equinox Container: e1a8f8d3-313f-4ed9-b9b3-5629c0de6ecc" [_thread_blocked, id=73864, stack(0x0000005d14f00000,0x0000005d15000000)]
  0x0000019bd112b450 JavaThread "Framework Event Dispatcher: Equinox Container: e1a8f8d3-313f-4ed9-b9b3-5629c0de6ecc" daemon [_thread_blocked, id=78484, stack(0x0000005d15000000,0x0000005d15100000)]
  0x0000019bd112cda0 JavaThread "Start Level: Equinox Container: e1a8f8d3-313f-4ed9-b9b3-5629c0de6ecc" daemon [_thread_in_native, id=68616, stack(0x0000005d15100000,0x0000005d15200000)]
  0x0000019bd112a520 JavaThread "Bundle File Closer" daemon [_thread_blocked, id=75272, stack(0x0000005d15300000,0x0000005d15400000)]
  0x0000019bd1129b00 JavaThread "SCR Component Actor" daemon [_thread_blocked, id=92588, stack(0x0000005d15400000,0x0000005d15500000)]
  0x0000019bd112c890 JavaThread "SCR Component Registry" daemon [_thread_blocked, id=67172, stack(0x0000005d15700000,0x0000005d15800000)]
  0x0000019bd112af40 JavaThread "Worker-JM" [_thread_blocked, id=92280, stack(0x0000005d15800000,0x0000005d15900000)]
  0x0000019bd112c380 JavaThread "Worker-0" [_thread_blocked, id=83188, stack(0x0000005d15900000,0x0000005d15a00000)]
  0x0000019bd3718f50 JavaThread "Worker-1" [_thread_blocked, id=70736, stack(0x0000005d15a00000,0x0000005d15b00000)]
  0x0000019bd371adb0 JavaThread "Java indexing" daemon [_thread_blocked, id=81648, stack(0x0000005d15b00000,0x0000005d15c00000)]

Other Threads:
  0x0000019bd0f62860 VMThread "VM Thread" [stack: 0x0000005d13c00000,0x0000005d13d00000] [id=85616]
  0x0000019bd2745330 WatcherThread [stack: 0x0000005d14800000,0x0000005d14900000] [id=91356]
  0x0000019bb7fdef80 GCTaskThread "GC Thread#0" [stack: 0x0000005d13b00000,0x0000005d13c00000] [id=92288]
  0x0000019bd2870030 GCTaskThread "GC Thread#1" [stack: 0x0000005d14900000,0x0000005d14a00000] [id=92564]
  0x0000019bd2baea50 GCTaskThread "GC Thread#2" [stack: 0x0000005d14a00000,0x0000005d14b00000] [id=81036]
  0x0000019bd2baed10 GCTaskThread "GC Thread#3" [stack: 0x0000005d14b00000,0x0000005d14c00000] [id=90996]
  0x0000019bd2baefd0 GCTaskThread "GC Thread#4" [stack: 0x0000005d14c00000,0x0000005d14d00000] [id=91584]
  0x0000019bd2f1d5e0 GCTaskThread "GC Thread#5" [stack: 0x0000005d14d00000,0x0000005d14e00000] [id=64468]
  0x0000019bd2f1e0c0 GCTaskThread "GC Thread#6" [stack: 0x0000005d14e00000,0x0000005d14f00000] [id=74508]
  0x0000019bd2c2a530 GCTaskThread "GC Thread#7" [stack: 0x0000005d15200000,0x0000005d15300000] [id=83404]
  0x0000019bd3580c80 GCTaskThread "GC Thread#8" [stack: 0x0000005d15500000,0x0000005d15600000] [id=64184]
  0x0000019bd385bc60 GCTaskThread "GC Thread#9" [stack: 0x0000005d15600000,0x0000005d15700000] [id=77244]

Threads with active compile tasks:
C2 CompilerThread0     3772 3834       4       jdk.internal.org.objectweb.asm.Frame::execute (2318 bytes)

VM state: not at safepoint (normal execution)

VM Mutex/Monitor currently owned by a thread: None

Heap address: 0x00000000c0000000, size: 1024 MB, Compressed Oops mode: 32-bit

CDS archive(s) not mapped
Compressed class space mapped at: 0x0000000100000000-0x0000000140000000, reserved size: 1073741824
Narrow klass base: 0x0000000000000000, Narrow klass shift: 3, Narrow klass range: 0x140000000

GC Precious Log:
 CPUs: 12 total, 12 available
 Memory: 5989M
 Large Page Support: Disabled
 NUMA Support: Disabled
 Compressed Oops: Enabled (32-bit)
 Alignments: Space 512K, Generation 512K, Heap 2M
 Heap Min Capacity: 100M
 Heap Initial Capacity: 100M
 Heap Max Capacity: 1G
 Pre-touch: Disabled
 Parallel Workers: 10

Heap:
 PSYoungGen      total 26112K, used 14638K [0x00000000eab00000, 0x00000000ec880000, 0x0000000100000000)
  eden space 23552K, 51% used [0x00000000eab00000,0x00000000eb6e40e0,0x00000000ec200000)
  from space 2560K, 96% used [0x00000000ec500000,0x00000000ec767890,0x00000000ec780000)
  to   space 1024K, 0% used [0x00000000ec780000,0x00000000ec780000,0x00000000ec880000)
 ParOldGen       total 68608K, used 13904K [0x00000000c0000000, 0x00000000c4300000, 0x00000000eab00000)
  object space 68608K, 20% used [0x00000000c0000000,0x00000000c0d942d8,0x00000000c4300000)
 Metaspace       used 33827K, committed 34560K, reserved 1114112K
  class space    used 3324K, committed 3648K, reserved 1048576K

Card table byte_map: [0x0000019bb7950000,0x0000019bb7b60000] _byte_map_base: 0x0000019bb7350000

Marking Bits: (ParMarkBitMap*) 0x00007ffbbbb4d7d0
 Begin Bits: [0x0000019bc9c50000, 0x0000019bcac50000)
 End Bits:   [0x0000019bcac50000, 0x0000019bcbc50000)

Polling page: 0x0000019bb5f00000

Metaspace:

Usage:
  Non-class:     29.79 MB used.
      Class:      3.25 MB used.
       Both:     33.03 MB used.

Virtual space:
  Non-class space:       64.00 MB reserved,      30.19 MB ( 47%) committed,  1 nodes.
      Class space:        1.00 GB reserved,       3.56 MB ( <1%) committed,  1 nodes.
             Both:        1.06 GB reserved,      33.75 MB (  3%) committed. 

Chunk freelists:
   Non-Class:  1020.00 KB
       Class:  12.44 MB
        Both:  13.44 MB

MaxMetaspaceSize: unlimited
CompressedClassSpaceSize: 1.00 GB
Initial GC threshold: 21.00 MB
Current GC threshold: 35.00 MB
CDS: off
MetaspaceReclaimPolicy: balanced
 - commit_granule_bytes: 65536.
 - commit_granule_words: 8192.
 - virtual_space_node_default_size: 8388608.
 - enlarge_chunks_in_place: 1.
 - new_chunks_are_fully_committed: 0.
 - uncommit_free_chunks: 1.
 - use_allocation_guard: 0.
 - handle_deallocations: 1.


Internal statistics:

num_allocs_failed_limit: 3.
num_arena_births: 580.
num_arena_deaths: 0.
num_vsnodes_births: 2.
num_vsnodes_deaths: 0.
num_space_committed: 540.
num_space_uncommitted: 0.
num_chunks_returned_to_freelist: 3.
num_chunks_taken_from_freelist: 1651.
num_chunk_merges: 3.
num_chunk_splits: 1051.
num_chunks_enlarged: 638.
num_inconsistent_stats: 0.

CodeHeap 'non-profiled nmethods': size=120000Kb used=1547Kb max_used=1547Kb free=118453Kb
 bounds [0x0000019bc2720000, 0x0000019bc2990000, 0x0000019bc9c50000]
CodeHeap 'profiled nmethods': size=120000Kb used=8312Kb max_used=8312Kb free=111688Kb
 bounds [0x0000019bbac50000, 0x0000019bbb470000, 0x0000019bc2180000]
CodeHeap 'non-nmethods': size=5760Kb used=1250Kb max_used=1263Kb free=4509Kb
 bounds [0x0000019bc2180000, 0x0000019bc23f0000, 0x0000019bc2720000]
 total_blobs=4488 nmethods=3920 adapters=481
 compilation: enabled
              stopped_count=0, restarted_count=0
 full_count=0

Compilation events (20 events):
Event: 3.699 Thread 0x0000019bd0fb6a30 nmethod 3891 0x0000019bbb44fb10 code [0x0000019bbb44fce0, 0x0000019bbb450238]
Event: 3.699 Thread 0x0000019bd0fb6a30 3893       3       org.eclipse.core.runtime.Path::equals (124 bytes)
Event: 3.700 Thread 0x0000019bd0fb6a30 nmethod 3893 0x0000019bbb450490 code [0x0000019bbb4506a0, 0x0000019bbb450e58]
Event: 3.700 Thread 0x0000019bd0fb6a30 3896       3       org.eclipse.core.runtime.Path::toOSString (224 bytes)
Event: 3.701 Thread 0x0000019bd0fb6a30 nmethod 3896 0x0000019bbb451090 code [0x0000019bbb4512e0, 0x0000019bbb451d48]
Event: 3.701 Thread 0x0000019bd0fb6a30 3892       3       java.io.File::<init> (20 bytes)
Event: 3.701 Thread 0x0000019bd0fb6a30 nmethod 3892 0x0000019bbb452210 code [0x0000019bbb4523a0, 0x0000019bbb452538]
Event: 3.701 Thread 0x0000019bd0fb6a30 3894       1       org.eclipse.core.internal.resources.Workspace::getRoot (5 bytes)
Event: 3.701 Thread 0x0000019bd0fb6a30 nmethod 3894 0x0000019bc28a0810 code [0x0000019bc28a09a0, 0x0000019bc28a0a78]
Event: 3.701 Thread 0x0000019bd0fb6a30 3895       1       org.eclipse.jdt.internal.core.ClasspathEntry::getExtraAttributes (5 bytes)
Event: 3.701 Thread 0x0000019bd0fb6a30 nmethod 3895 0x0000019bc28a0b10 code [0x0000019bc28a0ca0, 0x0000019bc28a0d78]
Event: 3.701 Thread 0x0000019bd0fb6a30 3897       1       org.eclipse.core.runtime.QualifiedName::getQualifier (5 bytes)
Event: 3.701 Thread 0x0000019bd0fb6a30 nmethod 3897 0x0000019bc28a0e10 code [0x0000019bc28a0fa0, 0x0000019bc28a1078]
Event: 3.701 Thread 0x0000019bd0fb6a30 3898       3       java.lang.StringLatin1::compareToCI (108 bytes)
Event: 3.701 Thread 0x0000019bd0fb6a30 nmethod 3898 0x0000019bbb452610 code [0x0000019bbb452860, 0x0000019bbb453138]
Event: 3.701 Thread 0x0000019bd0fb6a30 3900       3       org.eclipse.core.runtime.Path::<init> (161 bytes)
Event: 3.702 Thread 0x0000019bd0fb6a30 nmethod 3900 0x0000019bbb453590 code [0x0000019bbb4538c0, 0x0000019bbb454918]
Event: 3.702 Thread 0x0000019bd0fb6a30 3899       3       org.eclipse.jdt.internal.core.JavaModelManager::isExternalFile (24 bytes)
Event: 3.702 Thread 0x0000019bd0fb6a30 nmethod 3899 0x0000019bbb455090 code [0x0000019bbb455240, 0x0000019bbb4554a8]
Event: 3.702 Thread 0x0000019bd0fb6a30 3901       3       org.eclipse.core.internal.resources.Resource::getResourceInfo (14 bytes)

GC Heap History (20 events):
Event: 0.754 GC heap before
{Heap before GC invocations=1 (full 0):
 PSYoungGen      total 29696K, used 25600K [0x00000000eab00000, 0x00000000ecc00000, 0x0000000100000000)
  eden space 25600K, 100% used [0x00000000eab00000,0x00000000ec400000,0x00000000ec400000)
  from space 4096K, 0% used [0x00000000ec800000,0x00000000ec800000,0x00000000ecc00000)
  to   space 4096K, 0% used [0x00000000ec400000,0x00000000ec400000,0x00000000ec800000)
 ParOldGen       total 68608K, used 0K [0x00000000c0000000, 0x00000000c4300000, 0x00000000eab00000)
  object space 68608K, 0% used [0x00000000c0000000,0x00000000c0000000,0x00000000c4300000)
 Metaspace       used 10995K, committed 11200K, reserved 1114112K
  class space    used 1098K, committed 1216K, reserved 1048576K
}
Event: 0.759 GC heap after
{Heap after GC invocations=1 (full 0):
 PSYoungGen      total 29696K, used 3124K [0x00000000eab00000, 0x00000000ecc00000, 0x0000000100000000)
  eden space 25600K, 0% used [0x00000000eab00000,0x00000000eab00000,0x00000000ec400000)
  from space 4096K, 76% used [0x00000000ec400000,0x00000000ec70d130,0x00000000ec800000)
  to   space 4096K, 0% used [0x00000000ec800000,0x00000000ec800000,0x00000000ecc00000)
 ParOldGen       total 68608K, used 16K [0x00000000c0000000, 0x00000000c4300000, 0x00000000eab00000)
  object space 68608K, 0% used [0x00000000c0000000,0x00000000c0004000,0x00000000c4300000)
 Metaspace       used 10995K, committed 11200K, reserved 1114112K
  class space    used 1098K, committed 1216K, reserved 1048576K
}
Event: 1.295 GC heap before
{Heap before GC invocations=2 (full 0):
 PSYoungGen      total 29696K, used 28724K [0x00000000eab00000, 0x00000000ecc00000, 0x0000000100000000)
  eden space 25600K, 100% used [0x00000000eab00000,0x00000000ec400000,0x00000000ec400000)
  from space 4096K, 76% used [0x00000000ec400000,0x00000000ec70d130,0x00000000ec800000)
  to   space 4096K, 0% used [0x00000000ec800000,0x00000000ec800000,0x00000000ecc00000)
 ParOldGen       total 68608K, used 16K [0x00000000c0000000, 0x00000000c4300000, 0x00000000eab00000)
  object space 68608K, 0% used [0x00000000c0000000,0x00000000c0004000,0x00000000c4300000)
 Metaspace       used 14651K, committed 14912K, reserved 1114112K
  class space    used 1468K, committed 1600K, reserved 1048576K
}
Event: 1.301 GC heap after
{Heap after GC invocations=2 (full 0):
 PSYoungGen      total 29696K, used 4067K [0x00000000eab00000, 0x00000000ecc00000, 0x0000000100000000)
  eden space 25600K, 0% used [0x00000000eab00000,0x00000000eab00000,0x00000000ec400000)
  from space 4096K, 99% used [0x00000000ec800000,0x00000000ecbf8df0,0x00000000ecc00000)
  to   space 4096K, 0% used [0x00000000ec400000,0x00000000ec400000,0x00000000ec800000)
 ParOldGen       total 68608K, used 1534K [0x00000000c0000000, 0x00000000c4300000, 0x00000000eab00000)
  object space 68608K, 2% used [0x00000000c0000000,0x00000000c017fbd8,0x00000000c4300000)
 Metaspace       used 14651K, committed 14912K, reserved 1114112K
  class space    used 1468K, committed 1600K, reserved 1048576K
}
Event: 2.028 GC heap before
{Heap before GC invocations=3 (full 0):
 PSYoungGen      total 29696K, used 29667K [0x00000000eab00000, 0x00000000ecc00000, 0x0000000100000000)
  eden space 25600K, 100% used [0x00000000eab00000,0x00000000ec400000,0x00000000ec400000)
  from space 4096K, 99% used [0x00000000ec800000,0x00000000ecbf8df0,0x00000000ecc00000)
  to   space 4096K, 0% used [0x00000000ec400000,0x00000000ec400000,0x00000000ec800000)
 ParOldGen       total 68608K, used 1534K [0x00000000c0000000, 0x00000000c4300000, 0x00000000eab00000)
  object space 68608K, 2% used [0x00000000c0000000,0x00000000c017fbd8,0x00000000c4300000)
 Metaspace       used 16381K, committed 16576K, reserved 1114112K
  class space    used 1646K, committed 1728K, reserved 1048576K
}
Event: 2.034 GC heap after
{Heap after GC invocations=3 (full 0):
 PSYoungGen      total 29696K, used 4065K [0x00000000eab00000, 0x00000000ecc00000, 0x0000000100000000)
  eden space 25600K, 0% used [0x00000000eab00000,0x00000000eab00000,0x00000000ec400000)
  from space 4096K, 99% used [0x00000000ec400000,0x00000000ec7f8508,0x00000000ec800000)
  to   space 4096K, 0% used [0x00000000ec800000,0x00000000ec800000,0x00000000ecc00000)
 ParOldGen       total 68608K, used 5302K [0x00000000c0000000, 0x00000000c4300000, 0x00000000eab00000)
  object space 68608K, 7% used [0x00000000c0000000,0x00000000c052d918,0x00000000c4300000)
 Metaspace       used 16381K, committed 16576K, reserved 1114112K
  class space    used 1646K, committed 1728K, reserved 1048576K
}
Event: 2.450 GC heap before
{Heap before GC invocations=4 (full 0):
 PSYoungGen      total 29696K, used 29665K [0x00000000eab00000, 0x00000000ecc00000, 0x0000000100000000)
  eden space 25600K, 100% used [0x00000000eab00000,0x00000000ec400000,0x00000000ec400000)
  from space 4096K, 99% used [0x00000000ec400000,0x00000000ec7f8508,0x00000000ec800000)
  to   space 4096K, 0% used [0x00000000ec800000,0x00000000ec800000,0x00000000ecc00000)
 ParOldGen       total 68608K, used 5302K [0x00000000c0000000, 0x00000000c4300000, 0x00000000eab00000)
  object space 68608K, 7% used [0x00000000c0000000,0x00000000c052d918,0x00000000c4300000)
 Metaspace       used 20084K, committed 20544K, reserved 1114112K
  class space    used 2018K, committed 2240K, reserved 1048576K
}
Event: 2.454 GC heap after
{Heap after GC invocations=4 (full 0):
 PSYoungGen      total 29696K, used 4088K [0x00000000eab00000, 0x00000000ecc00000, 0x0000000100000000)
  eden space 25600K, 0% used [0x00000000eab00000,0x00000000eab00000,0x00000000ec400000)
  from space 4096K, 99% used [0x00000000ec800000,0x00000000ecbfe3c8,0x00000000ecc00000)
  to   space 4096K, 0% used [0x00000000ec400000,0x00000000ec400000,0x00000000ec800000)
 ParOldGen       total 68608K, used 6551K [0x00000000c0000000, 0x00000000c4300000, 0x00000000eab00000)
  object space 68608K, 9% used [0x00000000c0000000,0x00000000c0665ea0,0x00000000c4300000)
 Metaspace       used 20084K, committed 20544K, reserved 1114112K
  class space    used 2018K, committed 2240K, reserved 1048576K
}
Event: 2.538 GC heap before
{Heap before GC invocations=5 (full 0):
 PSYoungGen      total 29696K, used 10935K [0x00000000eab00000, 0x00000000ecc00000, 0x0000000100000000)
  eden space 25600K, 26% used [0x00000000eab00000,0x00000000eb1afa40,0x00000000ec400000)
  from space 4096K, 99% used [0x00000000ec800000,0x00000000ecbfe3c8,0x00000000ecc00000)
  to   space 4096K, 0% used [0x00000000ec400000,0x00000000ec400000,0x00000000ec800000)
 ParOldGen       total 68608K, used 6551K [0x00000000c0000000, 0x00000000c4300000, 0x00000000eab00000)
  object space 68608K, 9% used [0x00000000c0000000,0x00000000c0665ea0,0x00000000c4300000)
 Metaspace       used 21158K, committed 21504K, reserved 1114112K
  class space    used 2134K, committed 2304K, reserved 1048576K
}
Event: 2.541 GC heap after
{Heap after GC invocations=5 (full 0):
 PSYoungGen      total 29696K, used 4092K [0x00000000eab00000, 0x00000000ece00000, 0x0000000100000000)
  eden space 25600K, 0% used [0x00000000eab00000,0x00000000eab00000,0x00000000ec400000)
  from space 4096K, 99% used [0x00000000ec400000,0x00000000ec7ff250,0x00000000ec800000)
  to   space 5120K, 0% used [0x00000000ec900000,0x00000000ec900000,0x00000000ece00000)
 ParOldGen       total 68608K, used 7165K [0x00000000c0000000, 0x00000000c4300000, 0x00000000eab00000)
  object space 68608K, 10% used [0x00000000c0000000,0x00000000c06ff5e0,0x00000000c4300000)
 Metaspace       used 21158K, committed 21504K, reserved 1114112K
  class space    used 2134K, committed 2304K, reserved 1048576K
}
Event: 2.541 GC heap before
{Heap before GC invocations=6 (full 1):
 PSYoungGen      total 29696K, used 4092K [0x00000000eab00000, 0x00000000ece00000, 0x0000000100000000)
  eden space 25600K, 0% used [0x00000000eab00000,0x00000000eab00000,0x00000000ec400000)
  from space 4096K, 99% used [0x00000000ec400000,0x00000000ec7ff250,0x00000000ec800000)
  to   space 5120K, 0% used [0x00000000ec900000,0x00000000ec900000,0x00000000ece00000)
 ParOldGen       total 68608K, used 7165K [0x00000000c0000000, 0x00000000c4300000, 0x00000000eab00000)
  object space 68608K, 10% used [0x00000000c0000000,0x00000000c06ff5e0,0x00000000c4300000)
 Metaspace       used 21158K, committed 21504K, reserved 1114112K
  class space    used 2134K, committed 2304K, reserved 1048576K
}
Event: 2.560 GC heap after
{Heap after GC invocations=6 (full 1):
 PSYoungGen      total 29696K, used 0K [0x00000000eab00000, 0x00000000ece00000, 0x0000000100000000)
  eden space 25600K, 0% used [0x00000000eab00000,0x00000000eab00000,0x00000000ec400000)
  from space 4096K, 0% used [0x00000000ec400000,0x00000000ec400000,0x00000000ec800000)
  to   space 5120K, 0% used [0x00000000ec900000,0x00000000ec900000,0x00000000ece00000)
 ParOldGen       total 68608K, used 10933K [0x00000000c0000000, 0x00000000c4300000, 0x00000000eab00000)
  object space 68608K, 15% used [0x00000000c0000000,0x00000000c0aad4e0,0x00000000c4300000)
 Metaspace       used 21158K, committed 21504K, reserved 1114112K
  class space    used 2134K, committed 2304K, reserved 1048576K
}
Event: 2.977 GC heap before
{Heap before GC invocations=7 (full 1):
 PSYoungGen      total 29696K, used 25600K [0x00000000eab00000, 0x00000000ece00000, 0x0000000100000000)
  eden space 25600K, 100% used [0x00000000eab00000,0x00000000ec400000,0x00000000ec400000)
  from space 4096K, 0% used [0x00000000ec400000,0x00000000ec400000,0x00000000ec800000)
  to   space 5120K, 0% used [0x00000000ec900000,0x00000000ec900000,0x00000000ece00000)
 ParOldGen       total 68608K, used 10933K [0x00000000c0000000, 0x00000000c4300000, 0x00000000eab00000)
  object space 68608K, 15% used [0x00000000c0000000,0x00000000c0aad4e0,0x00000000c4300000)
 Metaspace       used 24418K, committed 24896K, reserved 1114112K
  class space    used 2477K, committed 2688K, reserved 1048576K
}
Event: 2.979 GC heap after
{Heap after GC invocations=7 (full 1):
 PSYoungGen      total 26624K, used 1084K [0x00000000eab00000, 0x00000000eca80000, 0x0000000100000000)
  eden space 25088K, 0% used [0x00000000eab00000,0x00000000eab00000,0x00000000ec380000)
  from space 1536K, 70% used [0x00000000ec900000,0x00000000eca0f390,0x00000000eca80000)
  to   space 2560K, 0% used [0x00000000ec580000,0x00000000ec580000,0x00000000ec800000)
 ParOldGen       total 68608K, used 10941K [0x00000000c0000000, 0x00000000c4300000, 0x00000000eab00000)
  object space 68608K, 15% used [0x00000000c0000000,0x00000000c0aaf4e0,0x00000000c4300000)
 Metaspace       used 24418K, committed 24896K, reserved 1114112K
  class space    used 2477K, committed 2688K, reserved 1048576K
}
Event: 3.295 GC heap before
{Heap before GC invocations=8 (full 1):
 PSYoungGen      total 26624K, used 26172K [0x00000000eab00000, 0x00000000eca80000, 0x0000000100000000)
  eden space 25088K, 100% used [0x00000000eab00000,0x00000000ec380000,0x00000000ec380000)
  from space 1536K, 70% used [0x00000000ec900000,0x00000000eca0f390,0x00000000eca80000)
  to   space 2560K, 0% used [0x00000000ec580000,0x00000000ec580000,0x00000000ec800000)
 ParOldGen       total 68608K, used 10941K [0x00000000c0000000, 0x00000000c4300000, 0x00000000eab00000)
  object space 68608K, 15% used [0x00000000c0000000,0x00000000c0aaf4e0,0x00000000c4300000)
 Metaspace       used 27401K, committed 28160K, reserved 1114112K
  class space    used 2827K, committed 3200K, reserved 1048576K
}
Event: 3.297 GC heap after
{Heap after GC invocations=8 (full 1):
 PSYoungGen      total 27136K, used 2534K [0x00000000eab00000, 0x00000000ecb00000, 0x0000000100000000)
  eden space 24576K, 0% used [0x00000000eab00000,0x00000000eab00000,0x00000000ec300000)
  from space 2560K, 99% used [0x00000000ec580000,0x00000000ec7f9bf8,0x00000000ec800000)
  to   space 3072K, 0% used [0x00000000ec800000,0x00000000ec800000,0x00000000ecb00000)
 ParOldGen       total 68608K, used 11637K [0x00000000c0000000, 0x00000000c4300000, 0x00000000eab00000)
  object space 68608K, 16% used [0x00000000c0000000,0x00000000c0b5d4f0,0x00000000c4300000)
 Metaspace       used 27401K, committed 28160K, reserved 1114112K
  class space    used 2827K, committed 3200K, reserved 1048576K
}
Event: 3.453 GC heap before
{Heap before GC invocations=9 (full 1):
 PSYoungGen      total 27136K, used 27110K [0x00000000eab00000, 0x00000000ecb00000, 0x0000000100000000)
  eden space 24576K, 100% used [0x00000000eab00000,0x00000000ec300000,0x00000000ec300000)
  from space 2560K, 99% used [0x00000000ec580000,0x00000000ec7f9bf8,0x00000000ec800000)
  to   space 3072K, 0% used [0x00000000ec800000,0x00000000ec800000,0x00000000ecb00000)
 ParOldGen       total 68608K, used 11637K [0x00000000c0000000, 0x00000000c4300000, 0x00000000eab00000)
  object space 68608K, 16% used [0x00000000c0000000,0x00000000c0b5d4f0,0x00000000c4300000)
 Metaspace       used 30075K, committed 30784K, reserved 1114112K
  class space    used 2997K, committed 3328K, reserved 1048576K
}
Event: 3.455 GC heap after
{Heap after GC invocations=9 (full 1):
 PSYoungGen      total 27136K, used 2971K [0x00000000eab00000, 0x00000000ecb00000, 0x0000000100000000)
  eden space 24064K, 0% used [0x00000000eab00000,0x00000000eab00000,0x00000000ec280000)
  from space 3072K, 96% used [0x00000000ec800000,0x00000000ecae6ee8,0x00000000ecb00000)
  to   space 3072K, 0% used [0x00000000ec500000,0x00000000ec500000,0x00000000ec800000)
 ParOldGen       total 68608K, used 11645K [0x00000000c0000000, 0x00000000c4300000, 0x00000000eab00000)
  object space 68608K, 16% used [0x00000000c0000000,0x00000000c0b5f4f0,0x00000000c4300000)
 Metaspace       used 30075K, committed 30784K, reserved 1114112K
  class space    used 2997K, committed 3328K, reserved 1048576K
}
Event: 3.622 GC heap before
{Heap before GC invocations=10 (full 1):
 PSYoungGen      total 27136K, used 27035K [0x00000000eab00000, 0x00000000ecb00000, 0x0000000100000000)
  eden space 24064K, 100% used [0x00000000eab00000,0x00000000ec280000,0x00000000ec280000)
  from space 3072K, 96% used [0x00000000ec800000,0x00000000ecae6ee8,0x00000000ecb00000)
  to   space 3072K, 0% used [0x00000000ec500000,0x00000000ec500000,0x00000000ec800000)
 ParOldGen       total 68608K, used 11645K [0x00000000c0000000, 0x00000000c4300000, 0x00000000eab00000)
  object space 68608K, 16% used [0x00000000c0000000,0x00000000c0b5f4f0,0x00000000c4300000)
 Metaspace       used 32697K, committed 33408K, reserved 1114112K
  class space    used 3205K, committed 3584K, reserved 1048576K
}
Event: 3.624 GC heap after
{Heap after GC invocations=10 (full 1):
 PSYoungGen      total 26112K, used 2462K [0x00000000eab00000, 0x00000000ec880000, 0x0000000100000000)
  eden space 23552K, 0% used [0x00000000eab00000,0x00000000eab00000,0x00000000ec200000)
  from space 2560K, 96% used [0x00000000ec500000,0x00000000ec767890,0x00000000ec780000)
  to   space 1024K, 0% used [0x00000000ec780000,0x00000000ec780000,0x00000000ec880000)
 ParOldGen       total 68608K, used 13904K [0x00000000c0000000, 0x00000000c4300000, 0x00000000eab00000)
  object space 68608K, 20% used [0x00000000c0000000,0x00000000c0d942d8,0x00000000c4300000)
 Metaspace       used 32697K, committed 33408K, reserved 1114112K
  class space    used 3205K, committed 3584K, reserved 1048576K
}

Dll operation events (9 events):
Event: 0.013 Loaded shared library c:\Users\alanc\.vscode\extensions\redhat.java-1.28.1-win32-x64\jre\17.0.10-win32-x86_64\bin\java.dll
Event: 0.146 Loaded shared library c:\Users\alanc\.vscode\extensions\redhat.java-1.28.1-win32-x64\jre\17.0.10-win32-x86_64\bin\zip.dll
Event: 0.150 Loaded shared library C:\Users\alanc\.vscode\extensions\redhat.java-1.28.1-win32-x64\jre\17.0.10-win32-x86_64\bin\instrument.dll
Event: 0.165 Loaded shared library C:\Users\alanc\.vscode\extensions\redhat.java-1.28.1-win32-x64\jre\17.0.10-win32-x86_64\bin\net.dll
Event: 0.169 Loaded shared library C:\Users\alanc\.vscode\extensions\redhat.java-1.28.1-win32-x64\jre\17.0.10-win32-x86_64\bin\nio.dll
Event: 0.175 Loaded shared library C:\Users\alanc\.vscode\extensions\redhat.java-1.28.1-win32-x64\jre\17.0.10-win32-x86_64\bin\zip.dll
Event: 0.189 Loaded shared library C:\Users\alanc\.vscode\extensions\redhat.java-1.28.1-win32-x64\jre\17.0.10-win32-x86_64\bin\jimage.dll
Event: 0.265 Loaded shared library c:\Users\alanc\.vscode\extensions\redhat.java-1.28.1-win32-x64\jre\17.0.10-win32-x86_64\bin\verify.dll
Event: 1.203 Loaded shared library C:\Users\alanc\AppData\Roaming\Code\User\globalStorage\redhat.java\1.28.1\config_win\org.eclipse.equinox.launcher\org.eclipse.equinox.launcher.win32.win32.x86_64_1.2.900.v20240129-1338\eclipse_11900.dll

Deoptimization events (20 events):
Event: 3.559 Thread 0x0000019bd112cda0 DEOPT PACKING pc=0x0000019bbad43443 sp=0x0000005d151f2230
Event: 3.559 Thread 0x0000019bd112cda0 DEOPT UNPACKING pc=0x0000019bc21d6e43 sp=0x0000005d151f1750 mode 0
Event: 3.656 Thread 0x0000019bd112cda0 Uncommon trap: trap_request=0xffffff45 fr.pc=0x0000019bc282a948 relative=0x0000000000000f28
Event: 3.656 Thread 0x0000019bd112cda0 Uncommon trap: reason=unstable_if action=reinterpret pc=0x0000019bc282a948 method=java.util.Properties.loadConvert([CIILjava/lang/StringBuilder;)Ljava/lang/String; @ 463 c2
Event: 3.656 Thread 0x0000019bd112cda0 DEOPT PACKING pc=0x0000019bc282a948 sp=0x0000005d151f7b50
Event: 3.656 Thread 0x0000019bd112cda0 DEOPT UNPACKING pc=0x0000019bc21d66a3 sp=0x0000005d151f7b30 mode 2
Event: 3.659 Thread 0x0000019bd112cda0 Uncommon trap: trap_request=0xffffffc6 fr.pc=0x0000019bc279caf0 relative=0x0000000000000930
Event: 3.659 Thread 0x0000019bd112cda0 Uncommon trap: reason=bimorphic_or_optimized_type_check action=maybe_recompile pc=0x0000019bc279caf0 method=java.util.HashMap.putVal(ILjava/lang/Object;Ljava/lang/Object;ZZ)Ljava/lang/Object; @ 56 c2
Event: 3.660 Thread 0x0000019bd112cda0 DEOPT PACKING pc=0x0000019bc279caf0 sp=0x0000005d151f9580
Event: 3.660 Thread 0x0000019bd112cda0 DEOPT UNPACKING pc=0x0000019bc21d66a3 sp=0x0000005d151f94d8 mode 2
Event: 3.660 Thread 0x0000019bd112cda0 Uncommon trap: trap_request=0xffffffc6 fr.pc=0x0000019bc279cb78 relative=0x00000000000009b8
Event: 3.660 Thread 0x0000019bd112cda0 Uncommon trap: reason=bimorphic_or_optimized_type_check action=maybe_recompile pc=0x0000019bc279cb78 method=java.util.HashMap.putVal(ILjava/lang/Object;Ljava/lang/Object;ZZ)Ljava/lang/Object; @ 253 c2
Event: 3.660 Thread 0x0000019bd112cda0 DEOPT PACKING pc=0x0000019bc279cb78 sp=0x0000005d151f94d0
Event: 3.660 Thread 0x0000019bd112cda0 DEOPT UNPACKING pc=0x0000019bc21d66a3 sp=0x0000005d151f9450 mode 2
Event: 3.683 Thread 0x0000019bd112cda0 DEOPT PACKING pc=0x0000019bbafcf6d6 sp=0x0000005d151f81f0
Event: 3.683 Thread 0x0000019bd112cda0 DEOPT UNPACKING pc=0x0000019bc21d6e43 sp=0x0000005d151f7690 mode 0
Event: 3.683 Thread 0x0000019bd112cda0 DEOPT PACKING pc=0x0000019bbafcf6d6 sp=0x0000005d151f81f0
Event: 3.683 Thread 0x0000019bd112cda0 DEOPT UNPACKING pc=0x0000019bc21d6e43 sp=0x0000005d151f7690 mode 0
Event: 3.684 Thread 0x0000019bd112cda0 DEOPT PACKING pc=0x0000019bbafcf6d6 sp=0x0000005d151f81f0
Event: 3.684 Thread 0x0000019bd112cda0 DEOPT UNPACKING pc=0x0000019bc21d6e43 sp=0x0000005d151f7690 mode 0

Classes unloaded (0 events):
No events

Classes redefined (0 events):
No events

Internal exceptions (20 events):
Event: 3.170 Thread 0x0000019bd112cda0 Exception <a 'java/lang/NoSuchMethodError'{0x00000000ebac8ef0}: 'int java.lang.invoke.DirectMethodHandle$Holder.invokeStaticInit(java.lang.Object, long, long)'> (0x00000000ebac8ef0) 
thrown [s\src\hotspot\share\interpreter\linkResolver.cpp, line 759]
Event: 3.170 Thread 0x0000019bd112cda0 Exception <a 'java/lang/NoSuchMethodError'{0x00000000ebad0d30}: 'int java.lang.invoke.DirectMethodHandle$Holder.invokeStaticInit(java.lang.Object, float, float)'> (0x00000000ebad0d30) 
thrown [s\src\hotspot\share\interpreter\linkResolver.cpp, line 759]
Event: 3.171 Thread 0x0000019bd112cda0 Exception <a 'java/lang/NoSuchMethodError'{0x00000000ebad8b78}: 'int java.lang.invoke.DirectMethodHandle$Holder.invokeStaticInit(java.lang.Object, double, double)'> (0x00000000ebad8b78) 
thrown [s\src\hotspot\share\interpreter\linkResolver.cpp, line 759]
Event: 3.171 Thread 0x0000019bd112cda0 Exception <a 'java/lang/NoSuchMethodError'{0x00000000ebade170}: 'int java.lang.invoke.DirectMethodHandle$Holder.invokeStatic(java.lang.Object, long)'> (0x00000000ebade170) 
thrown [s\src\hotspot\share\interpreter\linkResolver.cpp, line 759]
Event: 3.173 Thread 0x0000019bd112cda0 Exception <a 'java/lang/NoSuchMethodError'{0x00000000ebb063c8}: 'int java.lang.invoke.Invokers$Holder.linkToTargetMethod(java.lang.Object, java.lang.Object)'> (0x00000000ebb063c8) 
thrown [s\src\hotspot\share\interpreter\linkResolver.cpp, line 759]
Event: 3.193 Thread 0x0000019bd112cda0 Exception <a 'java/lang/NoSuchMethodError'{0x00000000ebbed8e0}: 'java.lang.Object java.lang.invoke.DirectMethodHandle$Holder.invokeSpecial(java.lang.Object, java.lang.Object, java.lang.Object, java.lang.Object, java.lang.Object, java.lang.Object, java.lang.Object, java.lang.Object, java.lang.Object, java.lang.Object, java.lang.Object)'> (0x00000000ebbed8e0) 
thrown [s\src\hotspot\share\interpreter\linkResolver.cpp, line 759]
Event: 3.193 Thread 0x0000019bd112cda0 Exception <a 'java/lang/NoSuchMethodError'{0x00000000ebbf2df8}: 'java.lang.Object java.lang.invoke.Invokers$Holder.invoke_MT(java.lang.Object, java.lang.Object, java.lang.Object, java.lang.Object, java.lang.Object, java.lang.Object, java.lang.Object, java.lang.Object, java.lang.Object, java.lang.Object, java.lang.Object)'> (0x00000000ebbf2df8) 
thrown [s\src\hotspot\share\interpreter\linkResolver.cpp, line 759]
Event: 3.201 Thread 0x0000019bd112cda0 Exception <a 'java/lang/NoSuchMethodError'{0x00000000ebc802e0}: 'java.lang.Object java.lang.invoke.DirectMethodHandle$Holder.invokeSpecial(java.lang.Object, java.lang.Object, java.lang.Object, java.lang.Object, java.lang.Object, java.lang.Object, java.lang.Object, java.lang.Object, java.lang.Object, java.lang.Object)'> (0x00000000ebc802e0) 
thrown [s\src\hotspot\share\interpreter\linkResolver.cpp, line 759]
Event: 3.202 Thread 0x0000019bd112cda0 Exception <a 'java/lang/NoSuchMethodError'{0x00000000ebc85530}: 'java.lang.Object java.lang.invoke.Invokers$Holder.invoke_MT(java.lang.Object, java.lang.Object, java.lang.Object, java.lang.Object, java.lang.Object, java.lang.Object, java.lang.Object, java.lang.Object, java.lang.Object, java.lang.Object)'> (0x00000000ebc85530) 
thrown [s\src\hotspot\share\interpreter\linkResolver.cpp, line 759]
Event: 3.212 Thread 0x0000019bd112cda0 Exception <a 'java/lang/NoSuchMethodError'{0x00000000ebd23758}: 'java.lang.Object java.lang.invoke.DirectMethodHandle$Holder.newInvokeSpecial(java.lang.Object, java.lang.Object, java.lang.Object, java.lang.Object, java.lang.Object, java.lang.Object, java.lang.Object)'> (0x00000000ebd23758) 
thrown [s\src\hotspot\share\interpreter\linkResolver.cpp, line 759]
Event: 3.220 Thread 0x0000019bd112cda0 Exception <a 'java/lang/NoSuchMethodError'{0x00000000ebd90fe8}: 'java.lang.Object java.lang.invoke.DirectMethodHandle$Holder.invokeSpecial(java.lang.Object, java.lang.Object, java.lang.Object, java.lang.Object, java.lang.Object, java.lang.Object, java.lang.Object, java.lang.Object, java.lang.Object, java.lang.Object, java.lang.Object, java.lang.Object, java.lang.Object)'> (0x00000000ebd90fe8) 
thrown [s\src\hotspot\share\interpreter\linkResolver.cpp, line 759]
Event: 3.221 Thread 0x0000019bd112cda0 Exception <a 'java/lang/NoSuchMethodError'{0x00000000ebd96b18}: 'java.lang.Object java.lang.invoke.Invokers$Holder.invoker(java.lang.Object, java.lang.Object, java.lang.Object, java.lang.Object, java.lang.Object, java.lang.Object, java.lang.Object, java.lang.Object, java.lang.Object, java.lang.Object, java.lang.Object, java.lang.Object, java.lang.Object)'> (0x00000000ebd96b18) 
thrown [s\src\hotspot\share\interpreter\linkResolver.cpp, line 759]
Event: 3.221 Thread 0x0000019bd112cda0 Exception <a 'java/lang/NoSuchMethodError'{0x00000000ebd9d818}: 'java.lang.Object java.lang.invoke.DirectMethodHandle$Holder.invokeSpecial(java.lang.Object, java.lang.Object, java.lang.Object, java.lang.Object, java.lang.Object, java.lang.Object, java.lang.Object, java.lang.Object, java.lang.Object, java.lang.Object, java.lang.Object, java.lang.Object, java.lang.Object, java.lang.Object)'> (0x00000000ebd9d818) 
thrown [s\src\hotspot\share\interpreter\linkResolver.cpp, line 759]
Event: 3.228 Thread 0x0000019bd112cda0 Exception <a 'java/lang/NoSuchMethodError'{0x00000000ebe033b0}: static Lorg/eclipse/m2e/core/internal/lifecyclemapping/model/PluginExecutionMetadata;.<clinit>()V> (0x00000000ebe033b0) 
thrown [s\src\hotspot\share\prims\jni.cpp, line 1107]
Event: 3.234 Thread 0x0000019bd112cda0 Exception <a 'java/lang/NoSuchMethodError'{0x00000000ebe61da8}: static Lorg/eclipse/m2e/core/internal/lifecyclemapping/model/PluginExecutionFilter;.<clinit>()V> (0x00000000ebe61da8) 
thrown [s\src\hotspot\share\prims\jni.cpp, line 1107]
Event: 3.239 Thread 0x0000019bd112cda0 Exception <a 'java/lang/NoSuchMethodError'{0x00000000ebe9c800}: static Lorg/eclipse/m2e/core/internal/project/registry/MavenProjectFacade$MavenProjectConfiguration;.<clinit>()V> (0x00000000ebe9c800) 
thrown [s\src\hotspot\share\prims\jni.cpp, line 1107]
Event: 3.628 Thread 0x0000019bd112cda0 Exception <a 'java/lang/NoSuchMethodError'{0x00000000eafb1b20}: 'java.lang.Object java.lang.invoke.DirectMethodHandle$Holder.newInvokeSpecial(java.lang.Object, int, java.lang.Object, java.lang.Object)'> (0x00000000eafb1b20) 
thrown [s\src\hotspot\share\interpreter\linkResolver.cpp, line 759]
Event: 3.679 Thread 0x0000019bd112cda0 Exception <a 'java/lang/ClassNotFoundException'{0x00000000eb251c50}: com/sun/org/apache/xerces/internal/impl/msg/spi/DOMMessagesProvider> (0x00000000eb251c50) 
thrown [s\src\hotspot\share\classfile\systemDictionary.cpp, line 256]
Event: 3.681 Thread 0x0000019bd112cda0 Exception <a 'java/lang/ClassNotFoundException'{0x00000000eb276008}: com/sun/org/apache/xerces/internal/impl/msg/spi/XMLSerializerMessagesProvider> (0x00000000eb276008) 
thrown [s\src\hotspot\share\classfile\systemDictionary.cpp, line 256]
Event: 3.683 Thread 0x0000019bd112cda0 Exception <a 'java/lang/ClassNotFoundException'{0x00000000eb28e300}: com/sun/org/apache/xerces/internal/impl/msg/spi/XMLMessagesProvider> (0x00000000eb28e300) 
thrown [s\src\hotspot\share\classfile\systemDictionary.cpp, line 256]

VM Operations (20 events):
Event: 2.803 Executing VM operation: HandshakeAllThreads
Event: 2.803 Executing VM operation: HandshakeAllThreads done
Event: 2.834 Executing VM operation: HandshakeAllThreads
Event: 2.834 Executing VM operation: HandshakeAllThreads done
Event: 2.841 Executing VM operation: HandshakeAllThreads
Event: 2.841 Executing VM operation: HandshakeAllThreads done
Event: 2.977 Executing VM operation: ParallelGCFailedAllocation
Event: 2.979 Executing VM operation: ParallelGCFailedAllocation done
Event: 3.154 Executing VM operation: HandshakeAllThreads
Event: 3.154 Executing VM operation: HandshakeAllThreads done
Event: 3.154 Executing VM operation: HandshakeAllThreads
Event: 3.154 Executing VM operation: HandshakeAllThreads done
Event: 3.295 Executing VM operation: ParallelGCFailedAllocation
Event: 3.297 Executing VM operation: ParallelGCFailedAllocation done
Event: 3.453 Executing VM operation: ParallelGCFailedAllocation
Event: 3.455 Executing VM operation: ParallelGCFailedAllocation done
Event: 3.622 Executing VM operation: ParallelGCFailedAllocation
Event: 3.624 Executing VM operation: ParallelGCFailedAllocation done
Event: 3.651 Executing VM operation: HandshakeAllThreads
Event: 3.651 Executing VM operation: HandshakeAllThreads done

Events (20 events):
Event: 3.682 loading class com/sun/org/apache/xerces/internal/impl/msg/XMLSerializerMessages_pt
Event: 3.682 loading class com/sun/org/apache/xerces/internal/impl/msg/XMLSerializerMessages_pt done
Event: 3.682 loading class com/sun/org/apache/xerces/internal/impl/msg/XMLSerializerMessages_pt
Event: 3.682 loading class com/sun/org/apache/xerces/internal/impl/msg/XMLSerializerMessages_pt done
Event: 3.682 loading class com/sun/org/apache/xerces/internal/impl/msg/XMLSerializerMessages_pt_BR
Event: 3.682 loading class com/sun/org/apache/xerces/internal/impl/msg/XMLSerializerMessages_pt_BR done
Event: 3.682 loading class com/sun/org/apache/xerces/internal/impl/msg/XMLSerializerMessages_pt_BR
Event: 3.682 loading class com/sun/org/apache/xerces/internal/impl/msg/XMLSerializerMessages_pt_BR done
Event: 3.683 loading class com/sun/org/apache/xerces/internal/impl/msg/XMLMessages
Event: 3.683 loading class com/sun/org/apache/xerces/internal/impl/msg/XMLMessages done
Event: 3.683 loading class com/sun/org/apache/xerces/internal/impl/msg/XMLMessages
Event: 3.683 loading class com/sun/org/apache/xerces/internal/impl/msg/XMLMessages done
Event: 3.684 loading class com/sun/org/apache/xerces/internal/impl/msg/XMLMessages_pt
Event: 3.684 loading class com/sun/org/apache/xerces/internal/impl/msg/XMLMessages_pt done
Event: 3.684 loading class com/sun/org/apache/xerces/internal/impl/msg/XMLMessages_pt
Event: 3.684 loading class com/sun/org/apache/xerces/internal/impl/msg/XMLMessages_pt done
Event: 3.684 loading class com/sun/org/apache/xerces/internal/impl/msg/XMLMessages_pt_BR
Event: 3.684 loading class com/sun/org/apache/xerces/internal/impl/msg/XMLMessages_pt_BR done
Event: 3.684 loading class com/sun/org/apache/xerces/internal/impl/msg/XMLMessages_pt_BR
Event: 3.684 loading class com/sun/org/apache/xerces/internal/impl/msg/XMLMessages_pt_BR done


Dynamic libraries:
0x00007ff76cf50000 - 0x00007ff76cf5e000 	c:\Users\alanc\.vscode\extensions\redhat.java-1.28.1-win32-x64\jre\17.0.10-win32-x86_64\bin\java.exe
0x00007ffc7a470000 - 0x00007ffc7a686000 	C:\WINDOWS\SYSTEM32\ntdll.dll
0x00007ffc71dd0000 - 0x00007ffc71de9000 	C:\Program Files\AVG\Antivirus\aswhook.dll
0x00007ffc78d80000 - 0x00007ffc78e44000 	C:\WINDOWS\System32\KERNEL32.DLL
0x00007ffc779c0000 - 0x00007ffc77d66000 	C:\WINDOWS\System32\KERNELBASE.dll
0x00007ffc77d70000 - 0x00007ffc77e81000 	C:\WINDOWS\System32\ucrtbase.dll
0x00007ffc41330000 - 0x00007ffc41347000 	c:\Users\alanc\.vscode\extensions\redhat.java-1.28.1-win32-x64\jre\17.0.10-win32-x86_64\bin\jli.dll
0x00007ffc68790000 - 0x00007ffc687ab000 	c:\Users\alanc\.vscode\extensions\redhat.java-1.28.1-win32-x64\jre\17.0.10-win32-x86_64\bin\VCRUNTIME140.dll
0x00007ffc785f0000 - 0x00007ffc7879d000 	C:\WINDOWS\System32\USER32.dll
0x00007ffc77990000 - 0x00007ffc779b6000 	C:\WINDOWS\System32\win32u.dll
0x00007ffc785a0000 - 0x00007ffc785c9000 	C:\WINDOWS\System32\GDI32.dll
0x00007ffc77870000 - 0x00007ffc77988000 	C:\WINDOWS\System32\gdi32full.dll
0x00007ffc78120000 - 0x00007ffc781ba000 	C:\WINDOWS\System32\msvcp_win.dll
0x00007ffc649f0000 - 0x00007ffc64c83000 	C:\WINDOWS\WinSxS\amd64_microsoft.windows.common-controls_6595b64144ccf1df_6.0.22621.3235_none_270f74e173860f98\COMCTL32.dll
0x00007ffc78380000 - 0x00007ffc78427000 	C:\WINDOWS\System32\msvcrt.dll
0x00007ffc7a3f0000 - 0x00007ffc7a421000 	C:\WINDOWS\System32\IMM32.DLL
0x00007ffc68780000 - 0x00007ffc6878c000 	c:\Users\alanc\.vscode\extensions\redhat.java-1.28.1-win32-x64\jre\17.0.10-win32-x86_64\bin\vcruntime140_1.dll
0x00007ffc227b0000 - 0x00007ffc2283d000 	c:\Users\alanc\.vscode\extensions\redhat.java-1.28.1-win32-x64\jre\17.0.10-win32-x86_64\bin\msvcp140.dll
0x00007ffbbafb0000 - 0x00007ffbbbc12000 	c:\Users\alanc\.vscode\extensions\redhat.java-1.28.1-win32-x64\jre\17.0.10-win32-x86_64\bin\server\jvm.dll
0x00007ffc79340000 - 0x00007ffc793f2000 	C:\WINDOWS\System32\ADVAPI32.dll
0x00007ffc78cc0000 - 0x00007ffc78d68000 	C:\WINDOWS\System32\sechost.dll
0x00007ffc77f00000 - 0x00007ffc77f28000 	C:\WINDOWS\System32\bcrypt.dll
0x00007ffc78800000 - 0x00007ffc78915000 	C:\WINDOWS\System32\RPCRT4.dll
0x00007ffc77680000 - 0x00007ffc776cd000 	C:\WINDOWS\SYSTEM32\POWRPROF.dll
0x00007ffc64e40000 - 0x00007ffc64e49000 	C:\WINDOWS\SYSTEM32\WSOCK32.dll
0x00007ffc6dba0000 - 0x00007ffc6dbaa000 	C:\WINDOWS\SYSTEM32\VERSION.dll
0x00007ffc6ffb0000 - 0x00007ffc6ffe4000 	C:\WINDOWS\SYSTEM32\WINMM.dll
0x00007ffc79da0000 - 0x00007ffc79e11000 	C:\WINDOWS\System32\WS2_32.dll
0x00007ffc775b0000 - 0x00007ffc775c3000 	C:\WINDOWS\SYSTEM32\UMPDC.dll
0x00007ffc767f0000 - 0x00007ffc76808000 	C:\WINDOWS\SYSTEM32\kernel.appcore.dll
0x00007ffc686c0000 - 0x00007ffc686ca000 	c:\Users\alanc\.vscode\extensions\redhat.java-1.28.1-win32-x64\jre\17.0.10-win32-x86_64\bin\jimage.dll
0x00007ffc751e0000 - 0x00007ffc75413000 	C:\WINDOWS\SYSTEM32\DBGHELP.DLL
0x00007ffc78920000 - 0x00007ffc78ca8000 	C:\WINDOWS\System32\combase.dll
0x00007ffc784b0000 - 0x00007ffc78587000 	C:\WINDOWS\System32\OLEAUT32.dll
0x00007ffc6bc20000 - 0x00007ffc6bc52000 	C:\WINDOWS\SYSTEM32\dbgcore.DLL
0x00007ffc780a0000 - 0x00007ffc7811a000 	C:\WINDOWS\System32\bcryptPrimitives.dll
0x00007ffc66290000 - 0x00007ffc6629e000 	c:\Users\alanc\.vscode\extensions\redhat.java-1.28.1-win32-x64\jre\17.0.10-win32-x86_64\bin\instrument.dll
0x00007ffc2cfb0000 - 0x00007ffc2cfd5000 	c:\Users\alanc\.vscode\extensions\redhat.java-1.28.1-win32-x64\jre\17.0.10-win32-x86_64\bin\java.dll
0x00007ffc41040000 - 0x00007ffc41058000 	c:\Users\alanc\.vscode\extensions\redhat.java-1.28.1-win32-x64\jre\17.0.10-win32-x86_64\bin\zip.dll
0x00007ffc79540000 - 0x00007ffc79d9d000 	C:\WINDOWS\System32\SHELL32.dll
0x00007ffc755b0000 - 0x00007ffc75ea8000 	C:\WINDOWS\SYSTEM32\windows.storage.dll
0x00007ffc75ed0000 - 0x00007ffc7600e000 	C:\WINDOWS\SYSTEM32\wintypes.dll
0x00007ffc79e20000 - 0x00007ffc79f13000 	C:\WINDOWS\System32\SHCORE.dll
0x00007ffc79f20000 - 0x00007ffc79f7e000 	C:\WINDOWS\System32\shlwapi.dll
0x00007ffc776e0000 - 0x00007ffc77706000 	C:\WINDOWS\SYSTEM32\profapi.dll
0x00007ffc687c0000 - 0x00007ffc687d9000 	C:\Users\alanc\.vscode\extensions\redhat.java-1.28.1-win32-x64\jre\17.0.10-win32-x86_64\bin\net.dll
0x00007ffc70a60000 - 0x00007ffc70b97000 	C:\WINDOWS\SYSTEM32\WINHTTP.dll
0x00007ffc76c70000 - 0x00007ffc76cd9000 	C:\WINDOWS\system32\mswsock.dll
0x00007ffc35d50000 - 0x00007ffc35d66000 	C:\Users\alanc\.vscode\extensions\redhat.java-1.28.1-win32-x64\jre\17.0.10-win32-x86_64\bin\nio.dll
0x00007ffc687b0000 - 0x00007ffc687c0000 	c:\Users\alanc\.vscode\extensions\redhat.java-1.28.1-win32-x64\jre\17.0.10-win32-x86_64\bin\verify.dll
0x00007ffc295c0000 - 0x00007ffc295fe000 	C:\Users\alanc\AppData\Roaming\Code\User\globalStorage\redhat.java\1.28.1\config_win\org.eclipse.equinox.launcher\org.eclipse.equinox.launcher.win32.win32.x86_64_1.2.900.v20240129-1338\eclipse_11900.dll
0x00007ffc7a0f0000 - 0x00007ffc7a28f000 	C:\WINDOWS\System32\ole32.dll
0x00007ffc76ec0000 - 0x00007ffc76edb000 	C:\WINDOWS\SYSTEM32\CRYPTSP.dll
0x00007ffc76750000 - 0x00007ffc76785000 	C:\WINDOWS\system32\rsaenh.dll
0x00007ffc76d60000 - 0x00007ffc76d8c000 	C:\WINDOWS\SYSTEM32\USERENV.dll
0x00007ffc76ee0000 - 0x00007ffc76eec000 	C:\WINDOWS\SYSTEM32\CRYPTBASE.dll
0x00007ffc762b0000 - 0x00007ffc762dd000 	C:\WINDOWS\SYSTEM32\IPHLPAPI.DLL
0x00007ffc79330000 - 0x00007ffc79339000 	C:\WINDOWS\System32\NSI.dll
0x00007ffc706a0000 - 0x00007ffc706b9000 	C:\WINDOWS\SYSTEM32\dhcpcsvc6.DLL
0x00007ffc70680000 - 0x00007ffc7069f000 	C:\WINDOWS\SYSTEM32\dhcpcsvc.DLL
0x00007ffc762e0000 - 0x00007ffc763d9000 	C:\WINDOWS\SYSTEM32\DNSAPI.dll

dbghelp: loaded successfully - version: 4.0.5 - missing functions: none
symbol engine: initialized successfully - sym options: 0x614 - pdb path: .;c:\Users\alanc\.vscode\extensions\redhat.java-1.28.1-win32-x64\jre\17.0.10-win32-x86_64\bin;C:\WINDOWS\SYSTEM32;C:\Program Files\AVG\Antivirus;C:\WINDOWS\WinSxS\amd64_microsoft.windows.common-controls_6595b64144ccf1df_6.0.22621.3235_none_270f74e173860f98;c:\Users\alanc\.vscode\extensions\redhat.java-1.28.1-win32-x64\jre\17.0.10-win32-x86_64\bin\server;C:\Users\alanc\AppData\Roaming\Code\User\globalStorage\redhat.java\1.28.1\config_win\org.eclipse.equinox.launcher\org.eclipse.equinox.launcher.win32.win32.x86_64_1.2.900.v20240129-1338

VM Arguments:
jvm_args: --add-modules=ALL-SYSTEM --add-opens=java.base/java.util=ALL-UNNAMED --add-opens=java.base/java.lang=ALL-UNNAMED --add-opens=java.base/sun.nio.fs=ALL-UNNAMED -Declipse.application=org.eclipse.jdt.ls.core.id1 -Dosgi.bundles.defaultStartLevel=4 -Declipse.product=org.eclipse.jdt.ls.core.product -Djava.import.generatesMetadataFilesAtProjectRoot=false -DDetectVMInstallationsJob.disabled=true -Dfile.encoding=utf8 -XX:+UseParallelGC -XX:GCTimeRatio=4 -XX:AdaptiveSizePolicyWeight=90 -Dsun.zip.disableMemoryMapping=true -Xmx1G -Xms100m -Xlog:disable -javaagent:c:\Users\alanc\.vscode\extensions\redhat.java-1.28.1-win32-x64\lombok\lombok-1.18.31.jar -XX:+HeapDumpOnOutOfMemoryError -XX:HeapDumpPath=c:\Users\alanc\AppData\Roaming\Code\User\workspaceStorage\6847d39ac9dbc775eb022e044a9ea7dc\redhat.java -Daether.dependencyCollector.impl=bf 
java_command: c:\Users\alanc\.vscode\extensions\redhat.java-1.28.1-win32-x64\server\plugins\org.eclipse.equinox.launcher_1.6.700.v20231214-2017.jar -configuration c:\Users\alanc\AppData\Roaming\Code\User\globalStorage\redhat.java\1.28.1\config_win -data c:\Users\alanc\AppData\Roaming\Code\User\workspaceStorage\6847d39ac9dbc775eb022e044a9ea7dc\redhat.java\jdt_ws --stdio
java_class_path (initial): c:\Users\alanc\.vscode\extensions\redhat.java-1.28.1-win32-x64\server\plugins\org.eclipse.equinox.launcher_1.6.700.v20231214-2017.jar
Launcher Type: SUN_STANDARD

[Global flags]
    uintx AdaptiveSizePolicyWeight                 = 90                                        {product} {command line}
     intx CICompilerCount                          = 4                                         {product} {ergonomic}
    uintx GCTimeRatio                              = 4                                         {product} {command line}
     bool HeapDumpOnOutOfMemoryError               = true                                   {manageable} {command line}
    ccstr HeapDumpPath                             = c:\Users\alanc\AppData\Roaming\Code\User\workspaceStorage\6847d39ac9dbc775eb022e044a9ea7dc\redhat.java         {manageable} {command line}
   size_t InitialHeapSize                          = 104857600                                 {product} {command line}
   size_t MaxHeapSize                              = 1073741824                                {product} {command line}
   size_t MaxNewSize                               = 357564416                                 {product} {ergonomic}
   size_t MinHeapDeltaBytes                        = 524288                                    {product} {ergonomic}
   size_t MinHeapSize                              = 104857600                                 {product} {command line}
   size_t NewSize                                  = 34603008                                  {product} {ergonomic}
    uintx NonNMethodCodeHeapSize                   = 5839372                                {pd product} {ergonomic}
    uintx NonProfiledCodeHeapSize                  = 122909434                              {pd product} {ergonomic}
   size_t OldSize                                  = 70254592                                  {product} {ergonomic}
    uintx ProfiledCodeHeapSize                     = 122909434                              {pd product} {ergonomic}
    uintx ReservedCodeCacheSize                    = 251658240                              {pd product} {ergonomic}
     bool SegmentedCodeCache                       = true                                      {product} {ergonomic}
   size_t SoftMaxHeapSize                          = 1073741824                             {manageable} {ergonomic}
     bool UseCompressedClassPointers               = true                           {product lp64_product} {ergonomic}
     bool UseCompressedOops                        = true                           {product lp64_product} {ergonomic}
     bool UseLargePagesIndividualAllocation        = false                                  {pd product} {ergonomic}
     bool UseParallelGC                            = true                                      {product} {command line}

Logging:
Log output configuration:
 #0: stdout all=off uptime,level,tags
 #1: stderr all=off uptime,level,tags

Environment Variables:
PATH=C:\Python312\Scripts\;C:\Python312\;C:\Program Files (x86)\Common Files\Oracle\Java\javapath;C:\WINDOWS\system32;C:\WINDOWS;C:\WINDOWS\System32\Wbem;C:\WINDOWS\System32\WindowsPowerShell\v1.0\;C:\WINDOWS\System32\OpenSSH\;C:\ProgramData\chocolatey\bin;C:\Program Files\PuTTY\;C:\Program Files\Git\cmd;C:\Program Files\Docker\Docker\resources\bin;C:\xampp\php;C:\Program Files\MySQL\MySQL Server 8.0\bin;C:\Program Files\PowerShell\7\;C:\Program Files\PowerShell\7-preview\preview;C:\Program Files\nodejs\;C:\Users\alanc\AppData\Local\Programs\Python\Python310\Scripts\;C:\Users\alanc\AppData\Local\Programs\Python\Python310\;C:\Users\alanc\AppData\Local\Microsoft\WindowsApps;C:\Users\alanc\AppData\Local\Programs\Microsoft VS Code\bin;C:\Program Files\JetBrains\PyCharm 2022.3\bin;;%M2_HOME\bin;C:\Users\alanc\AppData\Roaming\npm
USERNAME=Alan
OS=Windows_NT
PROCESSOR_IDENTIFIER=AMD64 Family 23 Model 104 Stepping 1, AuthenticAMD
TMP=C:\Users\alanc\AppData\Local\Temp
TEMP=C:\Users\alanc\AppData\Local\Temp



Periodic native trim disabled


---------------  S Y S T E M  ---------------

OS:
 Windows 11 , 64 bit Build 22621 (10.0.22621.3235)
OS uptime: 4 days 23:01 hours

CPU: total 12 (initial active 12) (12 cores per cpu, 2 threads per core) family 23 model 104 stepping 1 microcode 0x0, cx8, cmov, fxsr, ht, mmx, 3dnowpref, sse, sse2, sse3, ssse3, sse4a, sse4.1, sse4.2, popcnt, lzcnt, tsc, tscinvbit, avx, avx2, aes, clmul, bmi1, bmi2, adx, sha, fma, vzeroupper, clflush, clflushopt
Processor Information for all 12 processors :
  Max Mhz: 2100, Current Mhz: 2100, Mhz Limit: 2100

Memory: 4k page, system-wide physical 5989M (279M free)
TotalPageFile size 24421M (AvailPageFile size 0M)
current process WorkingSet (physical memory assigned to process): 144M, peak: 144M
current process commit charge ("private bytes"): 249M, peak: 249M

vm_info: OpenJDK 64-Bit Server VM (17.0.10+7) for windows-amd64 JRE (17.0.10+7), built on Jan 16 2024 23:25:11 by "admin" with MS VC++ 16.10 / 16.11 (VS2019)

END.
