#
# There is insufficient memory for the Java Runtime Environment to continue.
# Native memory allocation (malloc) failed to allocate 851856 bytes for Chunk::new
# Possible reasons:
#   The system is out of physical RAM or swap space
#   The process is running with CompressedOops enabled, and the Java Heap may be blocking the growth of the native heap
# Possible solutions:
#   Reduce memory load on the system
#   Increase physical memory or swap space
#   Check if swap backing store is full
#   Decrease Java heap size (-Xmx/-Xms)
#   Decrease number of Java threads
#   Decrease Java thread stack sizes (-Xss)
#   Set larger code cache with -XX:ReservedCodeCacheSize=
#   JVM is running with Unscaled Compressed Oops mode in which the Java heap is
#     placed in the first 4GB address space. The Java Heap base address is the
#     maximum limit for the native heap growth. Please use -XX:HeapBaseMinAddress
#     to set the Java Heap base and to place the Java Heap above 4GB virtual address.
# This output file may be truncated or incomplete.
#
#  Out of Memory Error (arena.cpp:191), pid=81532, tid=67544
#
# JRE version: OpenJDK Runtime Environment Temurin-17.0.10+7 (17.0.10+7) (build 17.0.10+7)
# Java VM: OpenJDK 64-Bit Server VM Temurin-17.0.10+7 (17.0.10+7, mixed mode, tiered, compressed oops, compressed class ptrs, parallel gc, windows-amd64)
# No core dump will be written. Minidumps are not enabled by default on client versions of Windows
#

---------------  S U M M A R Y ------------

Command Line: --add-modules=ALL-SYSTEM --add-opens=java.base/java.util=ALL-UNNAMED --add-opens=java.base/java.lang=ALL-UNNAMED --add-opens=java.base/sun.nio.fs=ALL-UNNAMED -Declipse.application=org.eclipse.jdt.ls.core.id1 -Dosgi.bundles.defaultStartLevel=4 -Declipse.product=org.eclipse.jdt.ls.core.product -Djava.import.generatesMetadataFilesAtProjectRoot=false -DDetectVMInstallationsJob.disabled=true -Dfile.encoding=utf8 -XX:+UseParallelGC -XX:GCTimeRatio=4 -XX:AdaptiveSizePolicyWeight=90 -Dsun.zip.disableMemoryMapping=true -Xmx1G -Xms100m -Xlog:disable -javaagent:c:\Users\alanc\.vscode\extensions\redhat.java-1.28.1-win32-x64\lombok\lombok-1.18.31.jar -XX:+HeapDumpOnOutOfMemoryError -XX:HeapDumpPath=c:\Users\alanc\AppData\Roaming\Code\User\workspaceStorage\6847d39ac9dbc775eb022e044a9ea7dc\redhat.java -Daether.dependencyCollector.impl=bf c:\Users\alanc\.vscode\extensions\redhat.java-1.28.1-win32-x64\server\plugins\org.eclipse.equinox.launcher_1.6.700.v20231214-2017.jar -configuration c:\Users\alanc\AppData\Roaming\Code\User\globalStorage\redhat.java\1.28.1\config_win -data c:\Users\alanc\AppData\Roaming\Code\User\workspaceStorage\6847d39ac9dbc775eb022e044a9ea7dc\redhat.java\jdt_ws --stdio

Host: AMD Ryzen 5 5500U with Radeon Graphics         , 12 cores, 5G,  Windows 11 , 64 bit Build 22621 (10.0.22621.3235)
Time: Wed Mar 20 16:53:03 2024 Hora Padrão de Buenos Aires elapsed time: 10.840617 seconds (0d 0h 0m 10s)

---------------  T H R E A D  ---------------

Current thread (0x0000020e2482aab0):  JavaThread "C2 CompilerThread0" daemon [_thread_in_native, id=67544, stack(0x000000ae35e00000,0x000000ae35f00000)]


Current CompileTask:
C2:  10840 9292       4       org.eclipse.jdt.internal.compiler.util.JrtFileSystem$2::visitFile (10 bytes)

Stack: [0x000000ae35e00000,0x000000ae35f00000]
Native frames: (J=compiled Java code, j=interpreted, Vv=VM code, C=native code)
V  [jvm.dll+0x67d2c9]
V  [jvm.dll+0x834afa]
V  [jvm.dll+0x8365be]
V  [jvm.dll+0x836c23]
V  [jvm.dll+0x2477ff]
V  [jvm.dll+0xac514]
V  [jvm.dll+0xacb5c]
V  [jvm.dll+0x3667d7]
V  [jvm.dll+0x330bfa]
V  [jvm.dll+0x33009a]
V  [jvm.dll+0x219ef1]
V  [jvm.dll+0x219311]
V  [jvm.dll+0x1a502d]
V  [jvm.dll+0x2290de]
V  [jvm.dll+0x2272ac]
V  [jvm.dll+0x7e9bb7]
V  [jvm.dll+0x7e3fba]
V  [jvm.dll+0x67c1b5]
C  [ucrtbase.dll+0x29363]
C  [KERNEL32.DLL+0x1257d]
C  [ntdll.dll+0x5aa58]


---------------  P R O C E S S  ---------------

Threads class SMR info:
_java_thread_list=0x0000020e27cc05b0, length=31, elements={
0x0000020e0b896350, 0x0000020e1f71a030, 0x0000020e1f71b390, 0x0000020e2481cf10,
0x0000020e2481d9e0, 0x0000020e2481e640, 0x0000020e24820050, 0x0000020e2482aab0,
0x0000020e2482c060, 0x0000020e2482fa20, 0x0000020e248dbd50, 0x0000020e248da400,
0x0000020e248da910, 0x0000020e248db840, 0x0000020e248dae20, 0x0000020e27077f50,
0x0000020e270798a0, 0x0000020e2707a2c0, 0x0000020e27079390, 0x0000020e27076b10,
0x0000020e270751c0, 0x0000020e27077020, 0x0000020e27079db0, 0x0000020e2707a7d0,
0x0000020e2707ace0, 0x0000020e270756d0, 0x0000020e27077a40, 0x0000020e2707bc10,
0x0000020e27074cb0, 0x0000020e270760f0, 0x0000020e27076600
}

Java Threads: ( => current thread )
  0x0000020e0b896350 JavaThread "main" [_thread_blocked, id=88832, stack(0x000000ae35500000,0x000000ae35600000)]
  0x0000020e1f71a030 JavaThread "Reference Handler" daemon [_thread_blocked, id=92020, stack(0x000000ae35800000,0x000000ae35900000)]
  0x0000020e1f71b390 JavaThread "Finalizer" daemon [_thread_blocked, id=91900, stack(0x000000ae35900000,0x000000ae35a00000)]
  0x0000020e2481cf10 JavaThread "Signal Dispatcher" daemon [_thread_blocked, id=92936, stack(0x000000ae35a00000,0x000000ae35b00000)]
  0x0000020e2481d9e0 JavaThread "Attach Listener" daemon [_thread_blocked, id=87412, stack(0x000000ae35b00000,0x000000ae35c00000)]
  0x0000020e2481e640 JavaThread "Service Thread" daemon [_thread_blocked, id=74104, stack(0x000000ae35c00000,0x000000ae35d00000)]
  0x0000020e24820050 JavaThread "Monitor Deflation Thread" daemon [_thread_blocked, id=80180, stack(0x000000ae35d00000,0x000000ae35e00000)]
=>0x0000020e2482aab0 JavaThread "C2 CompilerThread0" daemon [_thread_in_native, id=67544, stack(0x000000ae35e00000,0x000000ae35f00000)]
  0x0000020e2482c060 JavaThread "C1 CompilerThread0" daemon [_thread_blocked, id=88788, stack(0x000000ae35f00000,0x000000ae36000000)]
  0x0000020e2482fa20 JavaThread "Sweeper thread" daemon [_thread_blocked, id=91132, stack(0x000000ae36000000,0x000000ae36100000)]
  0x0000020e248dbd50 JavaThread "Common-Cleaner" daemon [_thread_blocked, id=92488, stack(0x000000ae36100000,0x000000ae36200000)]
  0x0000020e248da400 JavaThread "Notification Thread" daemon [_thread_blocked, id=83244, stack(0x000000ae36200000,0x000000ae36300000)]
  0x0000020e248da910 JavaThread "Active Thread: Equinox Container: 67210452-eaed-4320-9967-91e6d1b8ad50" [_thread_blocked, id=82280, stack(0x000000ae36a00000,0x000000ae36b00000)]
  0x0000020e248db840 JavaThread "Framework Event Dispatcher: Equinox Container: 67210452-eaed-4320-9967-91e6d1b8ad50" daemon [_thread_blocked, id=65640, stack(0x000000ae36b00000,0x000000ae36c00000)]
  0x0000020e248dae20 JavaThread "Start Level: Equinox Container: 67210452-eaed-4320-9967-91e6d1b8ad50" daemon [_thread_blocked, id=92068, stack(0x000000ae36c00000,0x000000ae36d00000)]
  0x0000020e27077f50 JavaThread "Bundle File Closer" daemon [_thread_blocked, id=67196, stack(0x000000ae36e00000,0x000000ae36f00000)]
  0x0000020e270798a0 JavaThread "SCR Component Actor" daemon [_thread_blocked, id=91780, stack(0x000000ae36f00000,0x000000ae37000000)]
  0x0000020e2707a2c0 JavaThread "Worker-JM" [_thread_blocked, id=70864, stack(0x000000ae37300000,0x000000ae37400000)]
  0x0000020e27079390 JavaThread "Worker-0: Initialize Workspace" [_thread_blocked, id=80004, stack(0x000000ae37500000,0x000000ae37600000)]
  0x0000020e27076b10 JavaThread "Worker-1" [_thread_blocked, id=83284, stack(0x000000ae37600000,0x000000ae37700000)]
  0x0000020e270751c0 JavaThread "Java indexing" daemon [_thread_in_native, id=90652, stack(0x000000ae37700000,0x000000ae37800000)]
  0x0000020e27077020 JavaThread "Worker-2" [_thread_blocked, id=52236, stack(0x000000ae37800000,0x000000ae37900000)]
  0x0000020e27079db0 JavaThread "Worker-3: Java indexing... " [_thread_blocked, id=92180, stack(0x000000ae37900000,0x000000ae37a00000)]
  0x0000020e2707a7d0 JavaThread "JNA Cleaner" daemon [_thread_blocked, id=51040, stack(0x000000ae37a00000,0x000000ae37b00000)]
  0x0000020e2707ace0 JavaThread "pool-2-thread-1" [_thread_blocked, id=91084, stack(0x000000ae37b00000,0x000000ae37c00000)]
  0x0000020e270756d0 JavaThread "WorkspaceEventsHandler" [_thread_blocked, id=55604, stack(0x000000ae37c00000,0x000000ae37d00000)]
  0x0000020e27077a40 JavaThread "pool-1-thread-1" [_thread_blocked, id=84088, stack(0x000000ae37d00000,0x000000ae37e00000)]
  0x0000020e2707bc10 JavaThread "Worker-4" [_thread_blocked, id=69184, stack(0x000000ae37e00000,0x000000ae37f00000)]
  0x0000020e27074cb0 JavaThread "Worker-5" [_thread_blocked, id=86408, stack(0x000000ae37f00000,0x000000ae38000000)]
  0x0000020e270760f0 JavaThread "Worker-6" [_thread_blocked, id=72268, stack(0x000000ae38000000,0x000000ae38100000)]
  0x0000020e27076600 JavaThread "Worker-7" [_thread_blocked, id=92248, stack(0x000000ae38100000,0x000000ae38200000)]

Other Threads:
  0x0000020e0b93ec40 VMThread "VM Thread" [stack: 0x000000ae35700000,0x000000ae35800000] [id=91540]
  0x0000020e24ae1c50 WatcherThread [stack: 0x000000ae36300000,0x000000ae36400000] [id=92076]
  0x0000020e0b8ac860 GCTaskThread "GC Thread#0" [stack: 0x000000ae35600000,0x000000ae35700000] [id=43692]
  0x0000020e263dda10 GCTaskThread "GC Thread#1" [stack: 0x000000ae36400000,0x000000ae36500000] [id=72304]
  0x0000020e263ab450 GCTaskThread "GC Thread#2" [stack: 0x000000ae36500000,0x000000ae36600000] [id=91788]
  0x0000020e26131db0 GCTaskThread "GC Thread#3" [stack: 0x000000ae36600000,0x000000ae36700000] [id=72900]
  0x0000020e26132070 GCTaskThread "GC Thread#4" [stack: 0x000000ae36700000,0x000000ae36800000] [id=91792]
  0x0000020e267844c0 GCTaskThread "GC Thread#5" [stack: 0x000000ae36800000,0x000000ae36900000] [id=91632]
  0x0000020e26784b80 GCTaskThread "GC Thread#6" [stack: 0x000000ae36900000,0x000000ae36a00000] [id=81136]
  0x0000020e261c5990 GCTaskThread "GC Thread#7" [stack: 0x000000ae36d00000,0x000000ae36e00000] [id=84016]
  0x0000020e269d50d0 GCTaskThread "GC Thread#8" [stack: 0x000000ae37000000,0x000000ae37100000] [id=85028]
  0x0000020e2655a320 GCTaskThread "GC Thread#9" [stack: 0x000000ae37100000,0x000000ae37200000] [id=11072]

Threads with active compile tasks:
C2 CompilerThread0    10878 9292       4       org.eclipse.jdt.internal.compiler.util.JrtFileSystem$2::visitFile (10 bytes)

VM state: not at safepoint (normal execution)

VM Mutex/Monitor currently owned by a thread: None

Heap address: 0x00000000c0000000, size: 1024 MB, Compressed Oops mode: 32-bit

CDS archive(s) not mapped
Compressed class space mapped at: 0x0000000100000000-0x0000000140000000, reserved size: 1073741824
Narrow klass base: 0x0000000000000000, Narrow klass shift: 3, Narrow klass range: 0x140000000

GC Precious Log:
 CPUs: 12 total, 12 available
 Memory: 5989M
 Large Page Support: Disabled
 NUMA Support: Disabled
 Compressed Oops: Enabled (32-bit)
 Alignments: Space 512K, Generation 512K, Heap 2M
 Heap Min Capacity: 100M
 Heap Initial Capacity: 100M
 Heap Max Capacity: 1G
 Pre-touch: Disabled
 Parallel Workers: 10

Heap:
 PSYoungGen      total 31744K, used 15224K [0x00000000eab00000, 0x00000000ed680000, 0x0000000100000000)
  eden space 19968K, 76% used [0x00000000eab00000,0x00000000eb9de288,0x00000000ebe80000)
  from space 11776K, 0% used [0x00000000ecb00000,0x00000000ecb00000,0x00000000ed680000)
  to   space 12288K, 0% used [0x00000000ebe80000,0x00000000ebe80000,0x00000000eca80000)
 ParOldGen       total 68608K, used 56144K [0x00000000c0000000, 0x00000000c4300000, 0x00000000eab00000)
  object space 68608K, 81% used [0x00000000c0000000,0x00000000c36d4260,0x00000000c4300000)
 Metaspace       used 61116K, committed 62400K, reserved 1114112K
  class space    used 6571K, committed 7104K, reserved 1048576K

Card table byte_map: [0x0000020e0b220000,0x0000020e0b430000] _byte_map_base: 0x0000020e0ac20000

Marking Bits: (ParMarkBitMap*) 0x00007ffbbbb4d7d0
 Begin Bits: [0x0000020e1d520000, 0x0000020e1e520000)
 End Bits:   [0x0000020e1e520000, 0x0000020e1f520000)

Polling page: 0x0000020e09860000

Metaspace:

Usage:
  Non-class:     53.27 MB used.
      Class:      6.42 MB used.
       Both:     59.68 MB used.

Virtual space:
  Non-class space:       64.00 MB reserved,      54.00 MB ( 84%) committed,  1 nodes.
      Class space:        1.00 GB reserved,       6.94 MB ( <1%) committed,  1 nodes.
             Both:        1.06 GB reserved,      60.94 MB (  6%) committed. 

Chunk freelists:
   Non-Class:  9.20 MB
       Class:  9.09 MB
        Both:  18.30 MB

MaxMetaspaceSize: unlimited
CompressedClassSpaceSize: 1.00 GB
Initial GC threshold: 21.00 MB
Current GC threshold: 100.00 MB
CDS: off
MetaspaceReclaimPolicy: balanced
 - commit_granule_bytes: 65536.
 - commit_granule_words: 8192.
 - virtual_space_node_default_size: 8388608.
 - enlarge_chunks_in_place: 1.
 - new_chunks_are_fully_committed: 0.
 - uncommit_free_chunks: 1.
 - use_allocation_guard: 0.
 - handle_deallocations: 1.


Internal statistics:

num_allocs_failed_limit: 9.
num_arena_births: 872.
num_arena_deaths: 20.
num_vsnodes_births: 2.
num_vsnodes_deaths: 0.
num_space_committed: 975.
num_space_uncommitted: 0.
num_chunks_returned_to_freelist: 32.
num_chunks_taken_from_freelist: 3371.
num_chunk_merges: 14.
num_chunk_splits: 2073.
num_chunks_enlarged: 1182.
num_inconsistent_stats: 0.

CodeHeap 'non-profiled nmethods': size=120000Kb used=4934Kb max_used=4934Kb free=115065Kb
 bounds [0x0000020e15ff0000, 0x0000020e164d0000, 0x0000020e1d520000]
CodeHeap 'profiled nmethods': size=120000Kb used=18482Kb max_used=18482Kb free=101517Kb
 bounds [0x0000020e0e520000, 0x0000020e0f730000, 0x0000020e15a50000]
CodeHeap 'non-nmethods': size=5760Kb used=1318Kb max_used=1355Kb free=4441Kb
 bounds [0x0000020e15a50000, 0x0000020e15cc0000, 0x0000020e15ff0000]
 total_blobs=9187 nmethods=8538 adapters=561
 compilation: enabled
              stopped_count=0, restarted_count=0
 full_count=0

Compilation events (20 events):
Event: 10.726 Thread 0x0000020e2482c060 9427       2       java.util.IdentityHashMap$IdentityHashMapIterator::nextIndex (72 bytes)
Event: 10.726 Thread 0x0000020e2482c060 nmethod 9427 0x0000020e0f729110 code [0x0000020e0f7292e0, 0x0000020e0f7295a8]
Event: 10.727 Thread 0x0000020e2482c060 9428       1       java.lang.ClassLoader::findResource (2 bytes)
Event: 10.727 Thread 0x0000020e2482c060 nmethod 9428 0x0000020e164b9810 code [0x0000020e164b99a0, 0x0000020e164b9a78]
Event: 10.753 Thread 0x0000020e2482c060 9429 %     3       lombok.launch.PackageShader::apply @ 76 (252 bytes)
Event: 10.754 Thread 0x0000020e2482c060 nmethod 9429% 0x0000020e0f729710 code [0x0000020e0f729960, 0x0000020e0f72a7a8]
Event: 10.757 Thread 0x0000020e2482c060 9430       3       lombok.launch.PackageShader::apply (252 bytes)
Event: 10.758 Thread 0x0000020e2482c060 nmethod 9430 0x0000020e0f72af10 code [0x0000020e0f72b140, 0x0000020e0f72bc48]
Event: 10.769 Thread 0x0000020e2482aab0 nmethod 9297 0x0000020e164b9b10 code [0x0000020e164b9de0, 0x0000020e164bc3d0]
Event: 10.769 Thread 0x0000020e2482aab0 9431       4       lombok.launch.ClassFileMetaData::decodeString (181 bytes)
Event: 10.775 Thread 0x0000020e2482aab0 nmethod 9431 0x0000020e164bdb90 code [0x0000020e164bdd40, 0x0000020e164be418]
Event: 10.775 Thread 0x0000020e2482aab0 9298       4       jdk.internal.jrtfs.JrtPath::resolve (125 bytes)
Event: 10.802 Thread 0x0000020e2482aab0 nmethod 9298 0x0000020e164be890 code [0x0000020e164beae0, 0x0000020e164c02c8]
Event: 10.802 Thread 0x0000020e2482aab0 9299       4       jdk.internal.jrtfs.JrtFileSystem$$Lambda$535/0x000000010066bb20::test (12 bytes)
Event: 10.803 Thread 0x0000020e2482aab0 nmethod 9299 0x0000020e164c1210 code [0x0000020e164c13a0, 0x0000020e164c1478]
Event: 10.803 Thread 0x0000020e2482aab0 9292       4       org.eclipse.jdt.internal.compiler.util.JrtFileSystem$2::visitFile (10 bytes)
Event: 10.813 Thread 0x0000020e2482c060 9432       3       java.io.FilterInputStream::close (8 bytes)
Event: 10.813 Thread 0x0000020e2482c060 nmethod 9432 0x0000020e0f72c210 code [0x0000020e0f72c3c0, 0x0000020e0f72c588]
Event: 10.824 Thread 0x0000020e2482c060 9433       2       java.net.URL::openStream (8 bytes)
Event: 10.824 Thread 0x0000020e2482c060 nmethod 9433 0x0000020e0f72c690 code [0x0000020e0f72c840, 0x0000020e0f72c998]

GC Heap History (20 events):
Event: 9.905 GC heap before
{Heap before GC invocations=36 (full 3):
 PSYoungGen      total 17920K, used 500K [0x00000000eab00000, 0x00000000ebe80000, 0x0000000100000000)
  eden space 16896K, 0% used [0x00000000eab00000,0x00000000eab00000,0x00000000ebb80000)
  from space 1024K, 48% used [0x00000000ebc80000,0x00000000ebcfd050,0x00000000ebd80000)
  to   space 1024K, 0% used [0x00000000ebd80000,0x00000000ebd80000,0x00000000ebe80000)
 ParOldGen       total 68608K, used 47768K [0x00000000c0000000, 0x00000000c4300000, 0x00000000eab00000)
  object space 68608K, 69% used [0x00000000c0000000,0x00000000c2ea6208,0x00000000c4300000)
 Metaspace       used 58630K, committed 59776K, reserved 1114112K
  class space    used 6256K, committed 6784K, reserved 1048576K
}
Event: 9.969 GC heap after
{Heap after GC invocations=36 (full 3):
 PSYoungGen      total 17920K, used 0K [0x00000000eab00000, 0x00000000ebe80000, 0x0000000100000000)
  eden space 16896K, 0% used [0x00000000eab00000,0x00000000eab00000,0x00000000ebb80000)
  from space 1024K, 0% used [0x00000000ebc80000,0x00000000ebc80000,0x00000000ebd80000)
  to   space 1024K, 0% used [0x00000000ebd80000,0x00000000ebd80000,0x00000000ebe80000)
 ParOldGen       total 68608K, used 39912K [0x00000000c0000000, 0x00000000c4300000, 0x00000000eab00000)
  object space 68608K, 58% used [0x00000000c0000000,0x00000000c26fa220,0x00000000c4300000)
 Metaspace       used 58624K, committed 59776K, reserved 1114112K
  class space    used 6255K, committed 6784K, reserved 1048576K
}
Event: 10.148 GC heap before
{Heap before GC invocations=37 (full 3):
 PSYoungGen      total 17920K, used 16896K [0x00000000eab00000, 0x00000000ebe80000, 0x0000000100000000)
  eden space 16896K, 100% used [0x00000000eab00000,0x00000000ebb80000,0x00000000ebb80000)
  from space 1024K, 0% used [0x00000000ebc80000,0x00000000ebc80000,0x00000000ebd80000)
  to   space 1024K, 0% used [0x00000000ebd80000,0x00000000ebd80000,0x00000000ebe80000)
 ParOldGen       total 68608K, used 39912K [0x00000000c0000000, 0x00000000c4300000, 0x00000000eab00000)
  object space 68608K, 58% used [0x00000000c0000000,0x00000000c26fa220,0x00000000c4300000)
 Metaspace       used 60030K, committed 61248K, reserved 1114112K
  class space    used 6424K, committed 6976K, reserved 1048576K
}
Event: 10.150 GC heap after
{Heap after GC invocations=37 (full 3):
 PSYoungGen      total 16384K, used 1016K [0x00000000eab00000, 0x00000000ec280000, 0x0000000100000000)
  eden space 15360K, 0% used [0x00000000eab00000,0x00000000eab00000,0x00000000eba00000)
  from space 1024K, 99% used [0x00000000ebd80000,0x00000000ebe7e208,0x00000000ebe80000)
  to   space 3584K, 0% used [0x00000000eba00000,0x00000000eba00000,0x00000000ebd80000)
 ParOldGen       total 68608K, used 41889K [0x00000000c0000000, 0x00000000c4300000, 0x00000000eab00000)
  object space 68608K, 61% used [0x00000000c0000000,0x00000000c28e87f0,0x00000000c4300000)
 Metaspace       used 60030K, committed 61248K, reserved 1114112K
  class space    used 6424K, committed 6976K, reserved 1048576K
}
Event: 10.180 GC heap before
{Heap before GC invocations=38 (full 3):
 PSYoungGen      total 16384K, used 16376K [0x00000000eab00000, 0x00000000ec280000, 0x0000000100000000)
  eden space 15360K, 100% used [0x00000000eab00000,0x00000000eba00000,0x00000000eba00000)
  from space 1024K, 99% used [0x00000000ebd80000,0x00000000ebe7e208,0x00000000ebe80000)
  to   space 3584K, 0% used [0x00000000eba00000,0x00000000eba00000,0x00000000ebd80000)
 ParOldGen       total 68608K, used 41889K [0x00000000c0000000, 0x00000000c4300000, 0x00000000eab00000)
  object space 68608K, 61% used [0x00000000c0000000,0x00000000c28e87f0,0x00000000c4300000)
 Metaspace       used 60147K, committed 61376K, reserved 1114112K
  class space    used 6434K, committed 6976K, reserved 1048576K
}
Event: 10.199 GC heap after
{Heap after GC invocations=38 (full 3):
 PSYoungGen      total 18944K, used 3584K [0x00000000eab00000, 0x00000000ed000000, 0x0000000100000000)
  eden space 15360K, 0% used [0x00000000eab00000,0x00000000eab00000,0x00000000eba00000)
  from space 3584K, 100% used [0x00000000eba00000,0x00000000ebd80000,0x00000000ebd80000)
  to   space 11264K, 0% used [0x00000000ec500000,0x00000000ec500000,0x00000000ed000000)
 ParOldGen       total 68608K, used 47982K [0x00000000c0000000, 0x00000000c4300000, 0x00000000eab00000)
  object space 68608K, 69% used [0x00000000c0000000,0x00000000c2edb998,0x00000000c4300000)
 Metaspace       used 60147K, committed 61376K, reserved 1114112K
  class space    used 6434K, committed 6976K, reserved 1048576K
}
Event: 10.223 GC heap before
{Heap before GC invocations=39 (full 3):
 PSYoungGen      total 18944K, used 18854K [0x00000000eab00000, 0x00000000ed000000, 0x0000000100000000)
  eden space 15360K, 99% used [0x00000000eab00000,0x00000000eb9e9910,0x00000000eba00000)
  from space 3584K, 100% used [0x00000000eba00000,0x00000000ebd80000,0x00000000ebd80000)
  to   space 11264K, 0% used [0x00000000ec500000,0x00000000ec500000,0x00000000ed000000)
 ParOldGen       total 68608K, used 47982K [0x00000000c0000000, 0x00000000c4300000, 0x00000000eab00000)
  object space 68608K, 69% used [0x00000000c0000000,0x00000000c2edb998,0x00000000c4300000)
 Metaspace       used 60238K, committed 61440K, reserved 1114112K
  class space    used 6442K, committed 6976K, reserved 1048576K
}
Event: 10.243 GC heap after
{Heap after GC invocations=39 (full 3):
 PSYoungGen      total 22016K, used 6480K [0x00000000eab00000, 0x00000000ecb80000, 0x0000000100000000)
  eden space 15360K, 0% used [0x00000000eab00000,0x00000000eab00000,0x00000000eba00000)
  from space 6656K, 97% used [0x00000000ec500000,0x00000000ecb54000,0x00000000ecb80000)
  to   space 7680K, 0% used [0x00000000ebc80000,0x00000000ebc80000,0x00000000ec400000)
 ParOldGen       total 68608K, used 51606K [0x00000000c0000000, 0x00000000c4300000, 0x00000000eab00000)
  object space 68608K, 75% used [0x00000000c0000000,0x00000000c3265998,0x00000000c4300000)
 Metaspace       used 60238K, committed 61440K, reserved 1114112K
  class space    used 6442K, committed 6976K, reserved 1048576K
}
Event: 10.261 GC heap before
{Heap before GC invocations=40 (full 3):
 PSYoungGen      total 22016K, used 21840K [0x00000000eab00000, 0x00000000ecb80000, 0x0000000100000000)
  eden space 15360K, 100% used [0x00000000eab00000,0x00000000eba00000,0x00000000eba00000)
  from space 6656K, 97% used [0x00000000ec500000,0x00000000ecb54000,0x00000000ecb80000)
  to   space 7680K, 0% used [0x00000000ebc80000,0x00000000ebc80000,0x00000000ec400000)
 ParOldGen       total 68608K, used 51606K [0x00000000c0000000, 0x00000000c4300000, 0x00000000eab00000)
  object space 68608K, 75% used [0x00000000c0000000,0x00000000c3265998,0x00000000c4300000)
 Metaspace       used 60240K, committed 61440K, reserved 1114112K
  class space    used 6442K, committed 6976K, reserved 1048576K
}
Event: 10.272 GC heap after
{Heap after GC invocations=40 (full 3):
 PSYoungGen      total 21504K, used 3384K [0x00000000eab00000, 0x00000000ec800000, 0x0000000100000000)
  eden space 17920K, 0% used [0x00000000eab00000,0x00000000eab00000,0x00000000ebc80000)
  from space 3584K, 94% used [0x00000000ebc80000,0x00000000ebfce000,0x00000000ec000000)
  to   space 5120K, 0% used [0x00000000ec300000,0x00000000ec300000,0x00000000ec800000)
 ParOldGen       total 68608K, used 57734K [0x00000000c0000000, 0x00000000c4300000, 0x00000000eab00000)
  object space 68608K, 84% used [0x00000000c0000000,0x00000000c3861998,0x00000000c4300000)
 Metaspace       used 60240K, committed 61440K, reserved 1114112K
  class space    used 6442K, committed 6976K, reserved 1048576K
}
Event: 10.290 GC heap before
{Heap before GC invocations=41 (full 3):
 PSYoungGen      total 21504K, used 21304K [0x00000000eab00000, 0x00000000ec800000, 0x0000000100000000)
  eden space 17920K, 100% used [0x00000000eab00000,0x00000000ebc80000,0x00000000ebc80000)
  from space 3584K, 94% used [0x00000000ebc80000,0x00000000ebfce000,0x00000000ec000000)
  to   space 5120K, 0% used [0x00000000ec300000,0x00000000ec300000,0x00000000ec800000)
 ParOldGen       total 68608K, used 57734K [0x00000000c0000000, 0x00000000c4300000, 0x00000000eab00000)
  object space 68608K, 84% used [0x00000000c0000000,0x00000000c3861998,0x00000000c4300000)
 Metaspace       used 60242K, committed 61440K, reserved 1114112K
  class space    used 6442K, committed 6976K, reserved 1048576K
}
Event: 10.295 GC heap after
{Heap after GC invocations=41 (full 3):
 PSYoungGen      total 20480K, used 5088K [0x00000000eab00000, 0x00000000ed300000, 0x0000000100000000)
  eden space 15360K, 0% used [0x00000000eab00000,0x00000000eab00000,0x00000000eba00000)
  from space 5120K, 99% used [0x00000000ec300000,0x00000000ec7f8010,0x00000000ec800000)
  to   space 9216K, 0% used [0x00000000eba00000,0x00000000eba00000,0x00000000ec300000)
 ParOldGen       total 68608K, used 60758K [0x00000000c0000000, 0x00000000c4300000, 0x00000000eab00000)
  object space 68608K, 88% used [0x00000000c0000000,0x00000000c3b55998,0x00000000c4300000)
 Metaspace       used 60242K, committed 61440K, reserved 1114112K
  class space    used 6442K, committed 6976K, reserved 1048576K
}
Event: 10.315 GC heap before
{Heap before GC invocations=42 (full 3):
 PSYoungGen      total 20480K, used 20448K [0x00000000eab00000, 0x00000000ed300000, 0x0000000100000000)
  eden space 15360K, 100% used [0x00000000eab00000,0x00000000eba00000,0x00000000eba00000)
  from space 5120K, 99% used [0x00000000ec300000,0x00000000ec7f8010,0x00000000ec800000)
  to   space 9216K, 0% used [0x00000000eba00000,0x00000000eba00000,0x00000000ec300000)
 ParOldGen       total 68608K, used 60758K [0x00000000c0000000, 0x00000000c4300000, 0x00000000eab00000)
  object space 68608K, 88% used [0x00000000c0000000,0x00000000c3b55998,0x00000000c4300000)
 Metaspace       used 60242K, committed 61440K, reserved 1114112K
  class space    used 6442K, committed 6976K, reserved 1048576K
}
Event: 10.321 GC heap after
{Heap after GC invocations=42 (full 3):
 PSYoungGen      total 17408K, used 1568K [0x00000000eab00000, 0x00000000ec600000, 0x0000000100000000)
  eden space 15360K, 0% used [0x00000000eab00000,0x00000000eab00000,0x00000000eba00000)
  from space 2048K, 76% used [0x00000000eba00000,0x00000000ebb88000,0x00000000ebc00000)
  to   space 4096K, 0% used [0x00000000ec200000,0x00000000ec200000,0x00000000ec600000)
 ParOldGen       total 68608K, used 66886K [0x00000000c0000000, 0x00000000c4300000, 0x00000000eab00000)
  object space 68608K, 97% used [0x00000000c0000000,0x00000000c41519a8,0x00000000c4300000)
 Metaspace       used 60242K, committed 61440K, reserved 1114112K
  class space    used 6442K, committed 6976K, reserved 1048576K
}
Event: 10.321 GC heap before
{Heap before GC invocations=43 (full 4):
 PSYoungGen      total 17408K, used 1568K [0x00000000eab00000, 0x00000000ec600000, 0x0000000100000000)
  eden space 15360K, 0% used [0x00000000eab00000,0x00000000eab00000,0x00000000eba00000)
  from space 2048K, 76% used [0x00000000eba00000,0x00000000ebb88000,0x00000000ebc00000)
  to   space 4096K, 0% used [0x00000000ec200000,0x00000000ec200000,0x00000000ec600000)
 ParOldGen       total 68608K, used 66886K [0x00000000c0000000, 0x00000000c4300000, 0x00000000eab00000)
  object space 68608K, 97% used [0x00000000c0000000,0x00000000c41519a8,0x00000000c4300000)
 Metaspace       used 60242K, committed 61440K, reserved 1114112K
  class space    used 6442K, committed 6976K, reserved 1048576K
}
Event: 10.389 GC heap after
{Heap after GC invocations=43 (full 4):
 PSYoungGen      total 20480K, used 0K [0x00000000eab00000, 0x00000000ec480000, 0x0000000100000000)
  eden space 17920K, 0% used [0x00000000eab00000,0x00000000eab00000,0x00000000ebc80000)
  from space 2560K, 0% used [0x00000000ec200000,0x00000000ec200000,0x00000000ec480000)
  to   space 4096K, 0% used [0x00000000ebc80000,0x00000000ebc80000,0x00000000ec080000)
 ParOldGen       total 68608K, used 61598K [0x00000000c0000000, 0x00000000c4300000, 0x00000000eab00000)
  object space 68608K, 89% used [0x00000000c0000000,0x00000000c3c279b8,0x00000000c4300000)
 Metaspace       used 60242K, committed 61440K, reserved 1114112K
  class space    used 6442K, committed 6976K, reserved 1048576K
}
Event: 10.520 GC heap before
{Heap before GC invocations=44 (full 4):
 PSYoungGen      total 20480K, used 17856K [0x00000000eab00000, 0x00000000ec480000, 0x0000000100000000)
  eden space 17920K, 99% used [0x00000000eab00000,0x00000000ebc70248,0x00000000ebc80000)
  from space 2560K, 0% used [0x00000000ec200000,0x00000000ec200000,0x00000000ec480000)
  to   space 4096K, 0% used [0x00000000ebc80000,0x00000000ebc80000,0x00000000ec080000)
 ParOldGen       total 68608K, used 61598K [0x00000000c0000000, 0x00000000c4300000, 0x00000000eab00000)
  object space 68608K, 89% used [0x00000000c0000000,0x00000000c3c279b8,0x00000000c4300000)
 Metaspace       used 60349K, committed 61504K, reserved 1114112K
  class space    used 6454K, committed 6976K, reserved 1048576K
}
Event: 10.526 GC heap after
{Heap after GC invocations=44 (full 4):
 PSYoungGen      total 22016K, used 4069K [0x00000000eab00000, 0x00000000ed700000, 0x0000000100000000)
  eden space 17920K, 0% used [0x00000000eab00000,0x00000000eab00000,0x00000000ebc80000)
  from space 4096K, 99% used [0x00000000ebc80000,0x00000000ec079490,0x00000000ec080000)
  to   space 12288K, 0% used [0x00000000ecb00000,0x00000000ecb00000,0x00000000ed700000)
 ParOldGen       total 68608K, used 68022K [0x00000000c0000000, 0x00000000c4300000, 0x00000000eab00000)
  object space 68608K, 99% used [0x00000000c0000000,0x00000000c426d9b8,0x00000000c4300000)
 Metaspace       used 60349K, committed 61504K, reserved 1114112K
  class space    used 6454K, committed 6976K, reserved 1048576K
}
Event: 10.526 GC heap before
{Heap before GC invocations=45 (full 5):
 PSYoungGen      total 22016K, used 4069K [0x00000000eab00000, 0x00000000ed700000, 0x0000000100000000)
  eden space 17920K, 0% used [0x00000000eab00000,0x00000000eab00000,0x00000000ebc80000)
  from space 4096K, 99% used [0x00000000ebc80000,0x00000000ec079490,0x00000000ec080000)
  to   space 12288K, 0% used [0x00000000ecb00000,0x00000000ecb00000,0x00000000ed700000)
 ParOldGen       total 68608K, used 68022K [0x00000000c0000000, 0x00000000c4300000, 0x00000000eab00000)
  object space 68608K, 99% used [0x00000000c0000000,0x00000000c426d9b8,0x00000000c4300000)
 Metaspace       used 60349K, committed 61504K, reserved 1114112K
  class space    used 6454K, committed 6976K, reserved 1048576K
}
Event: 10.578 GC heap after
{Heap after GC invocations=45 (full 5):
 PSYoungGen      total 31744K, used 0K [0x00000000eab00000, 0x00000000ed680000, 0x0000000100000000)
  eden space 19968K, 0% used [0x00000000eab00000,0x00000000eab00000,0x00000000ebe80000)
  from space 11776K, 0% used [0x00000000ecb00000,0x00000000ecb00000,0x00000000ed680000)
  to   space 12288K, 0% used [0x00000000ebe80000,0x00000000ebe80000,0x00000000eca80000)
 ParOldGen       total 68608K, used 56144K [0x00000000c0000000, 0x00000000c4300000, 0x00000000eab00000)
  object space 68608K, 81% used [0x00000000c0000000,0x00000000c36d4260,0x00000000c4300000)
 Metaspace       used 60349K, committed 61504K, reserved 1114112K
  class space    used 6454K, committed 6976K, reserved 1048576K
}

Dll operation events (10 events):
Event: 0.014 Loaded shared library c:\Users\alanc\.vscode\extensions\redhat.java-1.28.1-win32-x64\jre\17.0.10-win32-x86_64\bin\java.dll
Event: 0.135 Loaded shared library c:\Users\alanc\.vscode\extensions\redhat.java-1.28.1-win32-x64\jre\17.0.10-win32-x86_64\bin\zip.dll
Event: 0.138 Loaded shared library C:\Users\alanc\.vscode\extensions\redhat.java-1.28.1-win32-x64\jre\17.0.10-win32-x86_64\bin\instrument.dll
Event: 0.150 Loaded shared library C:\Users\alanc\.vscode\extensions\redhat.java-1.28.1-win32-x64\jre\17.0.10-win32-x86_64\bin\net.dll
Event: 0.154 Loaded shared library C:\Users\alanc\.vscode\extensions\redhat.java-1.28.1-win32-x64\jre\17.0.10-win32-x86_64\bin\nio.dll
Event: 0.159 Loaded shared library C:\Users\alanc\.vscode\extensions\redhat.java-1.28.1-win32-x64\jre\17.0.10-win32-x86_64\bin\zip.dll
Event: 0.173 Loaded shared library C:\Users\alanc\.vscode\extensions\redhat.java-1.28.1-win32-x64\jre\17.0.10-win32-x86_64\bin\jimage.dll
Event: 0.239 Loaded shared library c:\Users\alanc\.vscode\extensions\redhat.java-1.28.1-win32-x64\jre\17.0.10-win32-x86_64\bin\verify.dll
Event: 1.180 Loaded shared library C:\Users\alanc\AppData\Roaming\Code\User\globalStorage\redhat.java\1.28.1\config_win\org.eclipse.equinox.launcher\org.eclipse.equinox.launcher.win32.win32.x86_64_1.2.900.v20240129-1338\eclipse_11900.dll
Event: 3.760 Loaded shared library C:\Users\alanc\AppData\Local\Temp\jna-2043320\jna11700424572911846745.dll

Deoptimization events (20 events):
Event: 10.125 Thread 0x0000020e27076b10 Uncommon trap: trap_request=0xffffff66 fr.pc=0x0000020e16444bf8 relative=0x0000000000001118
Event: 10.125 Thread 0x0000020e27076b10 Uncommon trap: reason=speculate_class_check action=maybe_recompile pc=0x0000020e16444bf8 method=org.eclipse.core.internal.dtree.AbstractDataTreeNode.assembleWith(Lorg/eclipse/core/internal/dtree/AbstractDataTreeNode;)Lorg/eclipse/core/internal/dtree/Abstr
Event: 10.125 Thread 0x0000020e27076b10 DEOPT PACKING pc=0x0000020e16444bf8 sp=0x000000ae376fdec0
Event: 10.125 Thread 0x0000020e27076b10 DEOPT UNPACKING pc=0x0000020e15aa66a3 sp=0x000000ae376fde28 mode 2
Event: 10.413 Thread 0x0000020e27076b10 Uncommon trap: trap_request=0xffffffc6 fr.pc=0x0000020e1637b228 relative=0x0000000000000088
Event: 10.413 Thread 0x0000020e27076b10 Uncommon trap: reason=bimorphic_or_optimized_type_check action=maybe_recompile pc=0x0000020e1637b228 method=java.util.Collections$UnmodifiableMap$UnmodifiableEntrySet$1.hasNext()Z @ 4 c2
Event: 10.413 Thread 0x0000020e27076b10 DEOPT PACKING pc=0x0000020e1637b228 sp=0x000000ae376fdf70
Event: 10.413 Thread 0x0000020e27076b10 DEOPT UNPACKING pc=0x0000020e15aa66a3 sp=0x000000ae376fdef8 mode 2
Event: 10.652 Thread 0x0000020e270760f0 Uncommon trap: trap_request=0xffffffc6 fr.pc=0x0000020e16398874 relative=0x00000000000009b4
Event: 10.652 Thread 0x0000020e270760f0 Uncommon trap: reason=bimorphic_or_optimized_type_check action=maybe_recompile pc=0x0000020e16398874 method=java.util.concurrent.ConcurrentHashMap.putAll(Ljava/util/Map;)V @ 32 c2
Event: 10.652 Thread 0x0000020e270760f0 DEOPT PACKING pc=0x0000020e16398874 sp=0x000000ae380feb30
Event: 10.652 Thread 0x0000020e270760f0 DEOPT UNPACKING pc=0x0000020e15aa66a3 sp=0x000000ae380feae0 mode 2
Event: 10.653 Thread 0x0000020e270760f0 Uncommon trap: trap_request=0xffffffc6 fr.pc=0x0000020e16398874 relative=0x00000000000009b4
Event: 10.653 Thread 0x0000020e270760f0 Uncommon trap: reason=bimorphic_or_optimized_type_check action=maybe_recompile pc=0x0000020e16398874 method=java.util.concurrent.ConcurrentHashMap.putAll(Ljava/util/Map;)V @ 32 c2
Event: 10.653 Thread 0x0000020e270760f0 DEOPT PACKING pc=0x0000020e16398874 sp=0x000000ae380fe610
Event: 10.653 Thread 0x0000020e270760f0 DEOPT UNPACKING pc=0x0000020e15aa66a3 sp=0x000000ae380fe5c0 mode 2
Event: 10.660 Thread 0x0000020e270751c0 DEOPT PACKING pc=0x0000020e0f2589bf sp=0x000000ae377f8f90
Event: 10.660 Thread 0x0000020e270751c0 DEOPT UNPACKING pc=0x0000020e15aa6e43 sp=0x000000ae377f8498 mode 0
Event: 10.816 Thread 0x0000020e270751c0 DEOPT PACKING pc=0x0000020e0f2589bf sp=0x000000ae377f84d0
Event: 10.816 Thread 0x0000020e270751c0 DEOPT UNPACKING pc=0x0000020e15aa6e43 sp=0x000000ae377f79d8 mode 0

Classes unloaded (10 events):
Event: 3.561 Thread 0x0000020e0b93ec40 Unloading class 0x0000000100252400 'java/lang/invoke/LambdaForm$MH+0x0000000100252400'
Event: 3.561 Thread 0x0000020e0b93ec40 Unloading class 0x0000000100252000 'java/lang/invoke/LambdaForm$MH+0x0000000100252000'
Event: 3.561 Thread 0x0000020e0b93ec40 Unloading class 0x0000000100251c00 'java/lang/invoke/LambdaForm$MH+0x0000000100251c00'
Event: 3.561 Thread 0x0000020e0b93ec40 Unloading class 0x0000000100251800 'java/lang/invoke/LambdaForm$MH+0x0000000100251800'
Event: 3.561 Thread 0x0000020e0b93ec40 Unloading class 0x0000000100251400 'java/lang/invoke/LambdaForm$BMH+0x0000000100251400'
Event: 3.561 Thread 0x0000020e0b93ec40 Unloading class 0x0000000100251000 'java/lang/invoke/LambdaForm$DMH+0x0000000100251000'
Event: 3.561 Thread 0x0000020e0b93ec40 Unloading class 0x000000010024c400 'java/lang/invoke/LambdaForm$DMH+0x000000010024c400'
Event: 9.914 Thread 0x0000020e0b93ec40 Unloading class 0x0000000100649000 'java/lang/invoke/LambdaForm$DMH+0x0000000100649000'
Event: 9.914 Thread 0x0000020e0b93ec40 Unloading class 0x0000000100649800 'java/lang/invoke/LambdaForm$DMH+0x0000000100649800'
Event: 9.914 Thread 0x0000020e0b93ec40 Unloading class 0x0000000100648c00 'java/lang/invoke/LambdaForm$DMH+0x0000000100648c00'

Classes redefined (0 events):
No events

Internal exceptions (20 events):
Event: 10.415 Thread 0x0000020e27076b10 Exception <a 'java/lang/NoSuchMethodError'{0x00000000eb0efe28}: 'java.lang.Object java.lang.invoke.DirectMethodHandle$Holder.newInvokeSpecial(java.lang.Object, java.lang.Object, int, java.lang.Object, java.lang.Object)'> (0x00000000eb0efe28) 
thrown [s\src\hotspot\share\interpreter\linkResolver.cpp, line 759]
Event: 10.609 Thread 0x0000020e27076b10 Exception <a 'java/io/IOException'{0x00000000eadaf2d8}> (0x00000000eadaf2d8) 
thrown [s\src\hotspot\share\prims\jni.cpp, line 516]
Event: 10.609 Thread 0x0000020e27076b10 Exception <a 'java/io/IOException'{0x00000000eadaf898}> (0x00000000eadaf898) 
thrown [s\src\hotspot\share\prims\jni.cpp, line 516]
Event: 10.609 Thread 0x0000020e27076b10 Exception <a 'java/io/IOException'{0x00000000eadafe58}> (0x00000000eadafe58) 
thrown [s\src\hotspot\share\prims\jni.cpp, line 516]
Event: 10.613 Thread 0x0000020e27076b10 Exception <a 'java/io/IOException'{0x00000000eadc5e40}> (0x00000000eadc5e40) 
thrown [s\src\hotspot\share\prims\jni.cpp, line 516]
Event: 10.613 Thread 0x0000020e27076b10 Exception <a 'java/io/IOException'{0x00000000eadc6158}> (0x00000000eadc6158) 
thrown [s\src\hotspot\share\prims\jni.cpp, line 516]
Event: 10.613 Thread 0x0000020e27076b10 Exception <a 'java/io/IOException'{0x00000000eadc6470}> (0x00000000eadc6470) 
thrown [s\src\hotspot\share\prims\jni.cpp, line 516]
Event: 10.641 Thread 0x0000020e270751c0 Exception <a 'sun/nio/fs/WindowsException'{0x00000000ead82aa0}> (0x00000000ead82aa0) 
thrown [s\src\hotspot\share\prims\jni.cpp, line 516]
Event: 10.654 Thread 0x0000020e270760f0 Exception <a 'java/io/IOException'{0x00000000eaebfe00}> (0x00000000eaebfe00) 
thrown [s\src\hotspot\share\prims\jni.cpp, line 516]
Event: 10.654 Thread 0x0000020e270760f0 Exception <a 'java/io/IOException'{0x00000000eaec0118}> (0x00000000eaec0118) 
thrown [s\src\hotspot\share\prims\jni.cpp, line 516]
Event: 10.654 Thread 0x0000020e270760f0 Exception <a 'java/io/IOException'{0x00000000eaec0430}> (0x00000000eaec0430) 
thrown [s\src\hotspot\share\prims\jni.cpp, line 516]
Event: 10.654 Thread 0x0000020e270760f0 Exception <a 'java/io/IOException'{0x00000000eaec0f10}> (0x00000000eaec0f10) 
thrown [s\src\hotspot\share\prims\jni.cpp, line 516]
Event: 10.654 Thread 0x0000020e270760f0 Exception <a 'java/io/IOException'{0x00000000eaec1228}> (0x00000000eaec1228) 
thrown [s\src\hotspot\share\prims\jni.cpp, line 516]
Event: 10.654 Thread 0x0000020e270760f0 Exception <a 'java/io/IOException'{0x00000000eaec1540}> (0x00000000eaec1540) 
thrown [s\src\hotspot\share\prims\jni.cpp, line 516]
Event: 10.654 Thread 0x0000020e270760f0 Exception <a 'java/io/IOException'{0x00000000eaec1f70}> (0x00000000eaec1f70) 
thrown [s\src\hotspot\share\prims\jni.cpp, line 516]
Event: 10.654 Thread 0x0000020e270760f0 Exception <a 'java/io/IOException'{0x00000000eaec2288}> (0x00000000eaec2288) 
thrown [s\src\hotspot\share\prims\jni.cpp, line 516]
Event: 10.654 Thread 0x0000020e270760f0 Exception <a 'java/io/IOException'{0x00000000eaec25a0}> (0x00000000eaec25a0) 
thrown [s\src\hotspot\share\prims\jni.cpp, line 516]
Event: 10.654 Thread 0x0000020e270760f0 Exception <a 'java/io/IOException'{0x00000000eaec30c0}> (0x00000000eaec30c0) 
thrown [s\src\hotspot\share\prims\jni.cpp, line 516]
Event: 10.654 Thread 0x0000020e270760f0 Exception <a 'java/io/IOException'{0x00000000eaec33d8}> (0x00000000eaec33d8) 
thrown [s\src\hotspot\share\prims\jni.cpp, line 516]
Event: 10.654 Thread 0x0000020e270760f0 Exception <a 'java/io/IOException'{0x00000000eaec36f0}> (0x00000000eaec36f0) 
thrown [s\src\hotspot\share\prims\jni.cpp, line 516]

VM Operations (20 events):
Event: 9.903 Executing VM operation: CollectForMetadataAllocation
Event: 9.969 Executing VM operation: CollectForMetadataAllocation done
Event: 10.100 Executing VM operation: HandshakeAllThreads
Event: 10.100 Executing VM operation: HandshakeAllThreads done
Event: 10.148 Executing VM operation: HandshakeAllThreads
Event: 10.148 Executing VM operation: HandshakeAllThreads done
Event: 10.148 Executing VM operation: ParallelGCFailedAllocation
Event: 10.150 Executing VM operation: ParallelGCFailedAllocation done
Event: 10.180 Executing VM operation: ParallelGCFailedAllocation
Event: 10.199 Executing VM operation: ParallelGCFailedAllocation done
Event: 10.223 Executing VM operation: ParallelGCFailedAllocation
Event: 10.243 Executing VM operation: ParallelGCFailedAllocation done
Event: 10.261 Executing VM operation: ParallelGCFailedAllocation
Event: 10.272 Executing VM operation: ParallelGCFailedAllocation done
Event: 10.290 Executing VM operation: ParallelGCFailedAllocation
Event: 10.295 Executing VM operation: ParallelGCFailedAllocation done
Event: 10.315 Executing VM operation: ParallelGCFailedAllocation
Event: 10.390 Executing VM operation: ParallelGCFailedAllocation done
Event: 10.520 Executing VM operation: ParallelGCFailedAllocation
Event: 10.578 Executing VM operation: ParallelGCFailedAllocation done

Events (20 events):
Event: 8.742 loading class java/io/ObjectOutputStream$BlockDataOutputStream
Event: 8.742 loading class java/io/ObjectOutputStream$BlockDataOutputStream done
Event: 8.742 loading class java/io/ObjectOutputStream$HandleTable
Event: 8.743 loading class java/io/ObjectOutputStream$HandleTable done
Event: 8.743 loading class java/io/ObjectOutputStream$ReplaceTable
Event: 8.743 loading class java/io/ObjectOutputStream$ReplaceTable done
Event: 8.744 loading class java/nio/charset/CharacterCodingException
Event: 8.744 loading class java/nio/charset/CharacterCodingException done
Event: 9.042 Thread 0x0000020e28351a00 Thread added: 0x0000020e28351a00
Event: 9.042 Thread 0x0000020e28351f10 Thread added: 0x0000020e28351f10
Event: 9.042 Thread 0x0000020e28352420 Thread added: 0x0000020e28352420
Event: 9.042 Thread 0x0000020e28352930 Thread added: 0x0000020e28352930
Event: 9.042 Thread 0x0000020e2834fba0 Thread added: 0x0000020e2834fba0
Event: 9.068 Thread 0x0000020e28352930 Thread exited: 0x0000020e28352930
Event: 9.068 Thread 0x0000020e28352420 Thread exited: 0x0000020e28352420
Event: 9.068 Thread 0x0000020e2834fba0 Thread exited: 0x0000020e2834fba0
Event: 9.068 Thread 0x0000020e28351f10 Thread exited: 0x0000020e28351f10
Event: 9.068 Thread 0x0000020e28351a00 Thread exited: 0x0000020e28351a00
Event: 9.613 loading class java/io/BufferedReader$1
Event: 9.613 loading class java/io/BufferedReader$1 done


Dynamic libraries:
0x00007ff76cf50000 - 0x00007ff76cf5e000 	c:\Users\alanc\.vscode\extensions\redhat.java-1.28.1-win32-x64\jre\17.0.10-win32-x86_64\bin\java.exe
0x00007ffc7a470000 - 0x00007ffc7a686000 	C:\WINDOWS\SYSTEM32\ntdll.dll
0x00007ffc71dd0000 - 0x00007ffc71de9000 	C:\Program Files\AVG\Antivirus\aswhook.dll
0x00007ffc78d80000 - 0x00007ffc78e44000 	C:\WINDOWS\System32\KERNEL32.DLL
0x00007ffc779c0000 - 0x00007ffc77d66000 	C:\WINDOWS\System32\KERNELBASE.dll
0x00007ffc77d70000 - 0x00007ffc77e81000 	C:\WINDOWS\System32\ucrtbase.dll
0x00007ffc41330000 - 0x00007ffc41347000 	c:\Users\alanc\.vscode\extensions\redhat.java-1.28.1-win32-x64\jre\17.0.10-win32-x86_64\bin\jli.dll
0x00007ffc68790000 - 0x00007ffc687ab000 	c:\Users\alanc\.vscode\extensions\redhat.java-1.28.1-win32-x64\jre\17.0.10-win32-x86_64\bin\VCRUNTIME140.dll
0x00007ffc785f0000 - 0x00007ffc7879d000 	C:\WINDOWS\System32\USER32.dll
0x00007ffc77990000 - 0x00007ffc779b6000 	C:\WINDOWS\System32\win32u.dll
0x00007ffc785a0000 - 0x00007ffc785c9000 	C:\WINDOWS\System32\GDI32.dll
0x00007ffc649f0000 - 0x00007ffc64c83000 	C:\WINDOWS\WinSxS\amd64_microsoft.windows.common-controls_6595b64144ccf1df_6.0.22621.3235_none_270f74e173860f98\COMCTL32.dll
0x00007ffc77870000 - 0x00007ffc77988000 	C:\WINDOWS\System32\gdi32full.dll
0x00007ffc78120000 - 0x00007ffc781ba000 	C:\WINDOWS\System32\msvcp_win.dll
0x00007ffc78380000 - 0x00007ffc78427000 	C:\WINDOWS\System32\msvcrt.dll
0x00007ffc7a3f0000 - 0x00007ffc7a421000 	C:\WINDOWS\System32\IMM32.DLL
0x00007ffc68780000 - 0x00007ffc6878c000 	c:\Users\alanc\.vscode\extensions\redhat.java-1.28.1-win32-x64\jre\17.0.10-win32-x86_64\bin\vcruntime140_1.dll
0x00007ffc227b0000 - 0x00007ffc2283d000 	c:\Users\alanc\.vscode\extensions\redhat.java-1.28.1-win32-x64\jre\17.0.10-win32-x86_64\bin\msvcp140.dll
0x00007ffbbafb0000 - 0x00007ffbbbc12000 	c:\Users\alanc\.vscode\extensions\redhat.java-1.28.1-win32-x64\jre\17.0.10-win32-x86_64\bin\server\jvm.dll
0x00007ffc79340000 - 0x00007ffc793f2000 	C:\WINDOWS\System32\ADVAPI32.dll
0x00007ffc78cc0000 - 0x00007ffc78d68000 	C:\WINDOWS\System32\sechost.dll
0x00007ffc77f00000 - 0x00007ffc77f28000 	C:\WINDOWS\System32\bcrypt.dll
0x00007ffc78800000 - 0x00007ffc78915000 	C:\WINDOWS\System32\RPCRT4.dll
0x00007ffc6ffb0000 - 0x00007ffc6ffe4000 	C:\WINDOWS\SYSTEM32\WINMM.dll
0x00007ffc77680000 - 0x00007ffc776cd000 	C:\WINDOWS\SYSTEM32\POWRPROF.dll
0x00007ffc6dba0000 - 0x00007ffc6dbaa000 	C:\WINDOWS\SYSTEM32\VERSION.dll
0x00007ffc64e40000 - 0x00007ffc64e49000 	C:\WINDOWS\SYSTEM32\WSOCK32.dll
0x00007ffc79da0000 - 0x00007ffc79e11000 	C:\WINDOWS\System32\WS2_32.dll
0x00007ffc775b0000 - 0x00007ffc775c3000 	C:\WINDOWS\SYSTEM32\UMPDC.dll
0x00007ffc767f0000 - 0x00007ffc76808000 	C:\WINDOWS\SYSTEM32\kernel.appcore.dll
0x00007ffc686c0000 - 0x00007ffc686ca000 	c:\Users\alanc\.vscode\extensions\redhat.java-1.28.1-win32-x64\jre\17.0.10-win32-x86_64\bin\jimage.dll
0x00007ffc751e0000 - 0x00007ffc75413000 	C:\WINDOWS\SYSTEM32\DBGHELP.DLL
0x00007ffc78920000 - 0x00007ffc78ca8000 	C:\WINDOWS\System32\combase.dll
0x00007ffc784b0000 - 0x00007ffc78587000 	C:\WINDOWS\System32\OLEAUT32.dll
0x00007ffc6bc20000 - 0x00007ffc6bc52000 	C:\WINDOWS\SYSTEM32\dbgcore.DLL
0x00007ffc780a0000 - 0x00007ffc7811a000 	C:\WINDOWS\System32\bcryptPrimitives.dll
0x00007ffc66290000 - 0x00007ffc6629e000 	c:\Users\alanc\.vscode\extensions\redhat.java-1.28.1-win32-x64\jre\17.0.10-win32-x86_64\bin\instrument.dll
0x00007ffc2cfb0000 - 0x00007ffc2cfd5000 	c:\Users\alanc\.vscode\extensions\redhat.java-1.28.1-win32-x64\jre\17.0.10-win32-x86_64\bin\java.dll
0x00007ffc41040000 - 0x00007ffc41058000 	c:\Users\alanc\.vscode\extensions\redhat.java-1.28.1-win32-x64\jre\17.0.10-win32-x86_64\bin\zip.dll
0x00007ffc79540000 - 0x00007ffc79d9d000 	C:\WINDOWS\System32\SHELL32.dll
0x00007ffc755b0000 - 0x00007ffc75ea8000 	C:\WINDOWS\SYSTEM32\windows.storage.dll
0x00007ffc75ed0000 - 0x00007ffc7600e000 	C:\WINDOWS\SYSTEM32\wintypes.dll
0x00007ffc79e20000 - 0x00007ffc79f13000 	C:\WINDOWS\System32\SHCORE.dll
0x00007ffc79f20000 - 0x00007ffc79f7e000 	C:\WINDOWS\System32\shlwapi.dll
0x00007ffc776e0000 - 0x00007ffc77706000 	C:\WINDOWS\SYSTEM32\profapi.dll
0x00007ffc687c0000 - 0x00007ffc687d9000 	C:\Users\alanc\.vscode\extensions\redhat.java-1.28.1-win32-x64\jre\17.0.10-win32-x86_64\bin\net.dll
0x00007ffc70a60000 - 0x00007ffc70b97000 	C:\WINDOWS\SYSTEM32\WINHTTP.dll
0x00007ffc76c70000 - 0x00007ffc76cd9000 	C:\WINDOWS\system32\mswsock.dll
0x00007ffc35d50000 - 0x00007ffc35d66000 	C:\Users\alanc\.vscode\extensions\redhat.java-1.28.1-win32-x64\jre\17.0.10-win32-x86_64\bin\nio.dll
0x00007ffc687b0000 - 0x00007ffc687c0000 	c:\Users\alanc\.vscode\extensions\redhat.java-1.28.1-win32-x64\jre\17.0.10-win32-x86_64\bin\verify.dll
0x00007ffc295c0000 - 0x00007ffc295fe000 	C:\Users\alanc\AppData\Roaming\Code\User\globalStorage\redhat.java\1.28.1\config_win\org.eclipse.equinox.launcher\org.eclipse.equinox.launcher.win32.win32.x86_64_1.2.900.v20240129-1338\eclipse_11900.dll
0x00007ffc7a0f0000 - 0x00007ffc7a28f000 	C:\WINDOWS\System32\ole32.dll
0x00007ffc76ec0000 - 0x00007ffc76edb000 	C:\WINDOWS\SYSTEM32\CRYPTSP.dll
0x00007ffc76750000 - 0x00007ffc76785000 	C:\WINDOWS\system32\rsaenh.dll
0x00007ffc76d60000 - 0x00007ffc76d8c000 	C:\WINDOWS\SYSTEM32\USERENV.dll
0x00007ffc76ee0000 - 0x00007ffc76eec000 	C:\WINDOWS\SYSTEM32\CRYPTBASE.dll
0x00007ffc762b0000 - 0x00007ffc762dd000 	C:\WINDOWS\SYSTEM32\IPHLPAPI.DLL
0x00007ffc79330000 - 0x00007ffc79339000 	C:\WINDOWS\System32\NSI.dll
0x00007ffc706a0000 - 0x00007ffc706b9000 	C:\WINDOWS\SYSTEM32\dhcpcsvc6.DLL
0x00007ffc70680000 - 0x00007ffc7069f000 	C:\WINDOWS\SYSTEM32\dhcpcsvc.DLL
0x00007ffc762e0000 - 0x00007ffc763d9000 	C:\WINDOWS\SYSTEM32\DNSAPI.dll
0x00007ffc267f0000 - 0x00007ffc26835000 	C:\Users\alanc\AppData\Local\Temp\jna-2043320\jna11700424572911846745.dll
0x00007ffc78d70000 - 0x00007ffc78d78000 	C:\WINDOWS\System32\PSAPI.DLL

dbghelp: loaded successfully - version: 4.0.5 - missing functions: none
symbol engine: initialized successfully - sym options: 0x614 - pdb path: .;c:\Users\alanc\.vscode\extensions\redhat.java-1.28.1-win32-x64\jre\17.0.10-win32-x86_64\bin;C:\WINDOWS\SYSTEM32;C:\Program Files\AVG\Antivirus;C:\WINDOWS\WinSxS\amd64_microsoft.windows.common-controls_6595b64144ccf1df_6.0.22621.3235_none_270f74e173860f98;c:\Users\alanc\.vscode\extensions\redhat.java-1.28.1-win32-x64\jre\17.0.10-win32-x86_64\bin\server;C:\Users\alanc\AppData\Roaming\Code\User\globalStorage\redhat.java\1.28.1\config_win\org.eclipse.equinox.launcher\org.eclipse.equinox.launcher.win32.win32.x86_64_1.2.900.v20240129-1338;C:\Users\alanc\AppData\Local\Temp\jna-2043320

VM Arguments:
jvm_args: --add-modules=ALL-SYSTEM --add-opens=java.base/java.util=ALL-UNNAMED --add-opens=java.base/java.lang=ALL-UNNAMED --add-opens=java.base/sun.nio.fs=ALL-UNNAMED -Declipse.application=org.eclipse.jdt.ls.core.id1 -Dosgi.bundles.defaultStartLevel=4 -Declipse.product=org.eclipse.jdt.ls.core.product -Djava.import.generatesMetadataFilesAtProjectRoot=false -DDetectVMInstallationsJob.disabled=true -Dfile.encoding=utf8 -XX:+UseParallelGC -XX:GCTimeRatio=4 -XX:AdaptiveSizePolicyWeight=90 -Dsun.zip.disableMemoryMapping=true -Xmx1G -Xms100m -Xlog:disable -javaagent:c:\Users\alanc\.vscode\extensions\redhat.java-1.28.1-win32-x64\lombok\lombok-1.18.31.jar -XX:+HeapDumpOnOutOfMemoryError -XX:HeapDumpPath=c:\Users\alanc\AppData\Roaming\Code\User\workspaceStorage\6847d39ac9dbc775eb022e044a9ea7dc\redhat.java -Daether.dependencyCollector.impl=bf 
java_command: c:\Users\alanc\.vscode\extensions\redhat.java-1.28.1-win32-x64\server\plugins\org.eclipse.equinox.launcher_1.6.700.v20231214-2017.jar -configuration c:\Users\alanc\AppData\Roaming\Code\User\globalStorage\redhat.java\1.28.1\config_win -data c:\Users\alanc\AppData\Roaming\Code\User\workspaceStorage\6847d39ac9dbc775eb022e044a9ea7dc\redhat.java\jdt_ws --stdio
java_class_path (initial): c:\Users\alanc\.vscode\extensions\redhat.java-1.28.1-win32-x64\server\plugins\org.eclipse.equinox.launcher_1.6.700.v20231214-2017.jar
Launcher Type: SUN_STANDARD

[Global flags]
    uintx AdaptiveSizePolicyWeight                 = 90                                        {product} {command line}
     intx CICompilerCount                          = 4                                         {product} {ergonomic}
    uintx GCTimeRatio                              = 4                                         {product} {command line}
     bool HeapDumpOnOutOfMemoryError               = true                                   {manageable} {command line}
    ccstr HeapDumpPath                             = c:\Users\alanc\AppData\Roaming\Code\User\workspaceStorage\6847d39ac9dbc775eb022e044a9ea7dc\redhat.java         {manageable} {command line}
   size_t InitialHeapSize                          = 104857600                                 {product} {command line}
   size_t MaxHeapSize                              = 1073741824                                {product} {command line}
   size_t MaxNewSize                               = 357564416                                 {product} {ergonomic}
   size_t MinHeapDeltaBytes                        = 524288                                    {product} {ergonomic}
   size_t MinHeapSize                              = 104857600                                 {product} {command line}
   size_t NewSize                                  = 34603008                                  {product} {ergonomic}
    uintx NonNMethodCodeHeapSize                   = 5839372                                {pd product} {ergonomic}
    uintx NonProfiledCodeHeapSize                  = 122909434                              {pd product} {ergonomic}
   size_t OldSize                                  = 70254592                                  {product} {ergonomic}
    uintx ProfiledCodeHeapSize                     = 122909434                              {pd product} {ergonomic}
    uintx ReservedCodeCacheSize                    = 251658240                              {pd product} {ergonomic}
     bool SegmentedCodeCache                       = true                                      {product} {ergonomic}
   size_t SoftMaxHeapSize                          = 1073741824                             {manageable} {ergonomic}
     bool UseCompressedClassPointers               = true                           {product lp64_product} {ergonomic}
     bool UseCompressedOops                        = true                           {product lp64_product} {ergonomic}
     bool UseLargePagesIndividualAllocation        = false                                  {pd product} {ergonomic}
     bool UseParallelGC                            = true                                      {product} {command line}

Logging:
Log output configuration:
 #0: stdout all=off uptime,level,tags
 #1: stderr all=off uptime,level,tags

Environment Variables:
PATH=C:\Python312\Scripts\;C:\Python312\;C:\Program Files (x86)\Common Files\Oracle\Java\javapath;C:\WINDOWS\system32;C:\WINDOWS;C:\WINDOWS\System32\Wbem;C:\WINDOWS\System32\WindowsPowerShell\v1.0\;C:\WINDOWS\System32\OpenSSH\;C:\ProgramData\chocolatey\bin;C:\Program Files\PuTTY\;C:\Program Files\Git\cmd;C:\Program Files\Docker\Docker\resources\bin;C:\xampp\php;C:\Program Files\MySQL\MySQL Server 8.0\bin;C:\Program Files\PowerShell\7\;C:\Program Files\PowerShell\7-preview\preview;C:\Program Files\nodejs\;C:\Users\alanc\AppData\Local\Programs\Python\Python310\Scripts\;C:\Users\alanc\AppData\Local\Programs\Python\Python310\;C:\Users\alanc\AppData\Local\Microsoft\WindowsApps;C:\Users\alanc\AppData\Local\Programs\Microsoft VS Code\bin;C:\Program Files\JetBrains\PyCharm 2022.3\bin;;%M2_HOME\bin;C:\Users\alanc\AppData\Roaming\npm
USERNAME=Alan
OS=Windows_NT
PROCESSOR_IDENTIFIER=AMD64 Family 23 Model 104 Stepping 1, AuthenticAMD
TMP=C:\Users\alanc\AppData\Local\Temp
TEMP=C:\Users\alanc\AppData\Local\Temp



Periodic native trim disabled


---------------  S Y S T E M  ---------------

OS:
 Windows 11 , 64 bit Build 22621 (10.0.22621.3235)
OS uptime: 4 days 23:02 hours

CPU: total 12 (initial active 12) (12 cores per cpu, 2 threads per core) family 23 model 104 stepping 1 microcode 0x0, cx8, cmov, fxsr, ht, mmx, 3dnowpref, sse, sse2, sse3, ssse3, sse4a, sse4.1, sse4.2, popcnt, lzcnt, tsc, tscinvbit, avx, avx2, aes, clmul, bmi1, bmi2, adx, sha, fma, vzeroupper, clflush, clflushopt
Processor Information for processor 0
  Max Mhz: 2100, Current Mhz: 2100, Mhz Limit: 2100
Processor Information for processor 1
  Max Mhz: 2100, Current Mhz: 2100, Mhz Limit: 2100
Processor Information for processor 2
  Max Mhz: 2100, Current Mhz: 2100, Mhz Limit: 2100
Processor Information for processor 3
  Max Mhz: 2100, Current Mhz: 1813, Mhz Limit: 2100
Processor Information for processor 4
  Max Mhz: 2100, Current Mhz: 2100, Mhz Limit: 2100
Processor Information for processor 5
  Max Mhz: 2100, Current Mhz: 2100, Mhz Limit: 2100
Processor Information for processor 6
  Max Mhz: 2100, Current Mhz: 2100, Mhz Limit: 2100
Processor Information for processor 7
  Max Mhz: 2100, Current Mhz: 1813, Mhz Limit: 2100
Processor Information for processor 8
  Max Mhz: 2100, Current Mhz: 1813, Mhz Limit: 2100
Processor Information for processor 9
  Max Mhz: 2100, Current Mhz: 1813, Mhz Limit: 2100
Processor Information for processor 10
  Max Mhz: 2100, Current Mhz: 1813, Mhz Limit: 2100
Processor Information for processor 11
  Max Mhz: 2100, Current Mhz: 1813, Mhz Limit: 2100

Memory: 4k page, system-wide physical 5989M (212M free)
TotalPageFile size 24421M (AvailPageFile size 2M)
current process WorkingSet (physical memory assigned to process): 265M, peak: 272M
current process commit charge ("private bytes"): 333M, peak: 944M

vm_info: OpenJDK 64-Bit Server VM (17.0.10+7) for windows-amd64 JRE (17.0.10+7), built on Jan 16 2024 23:25:11 by "admin" with MS VC++ 16.10 / 16.11 (VS2019)

END.
