#
# There is insufficient memory for the Java Runtime Environment to continue.
# Native memory allocation (malloc) failed to allocate 2621712 bytes for Chunk::new
# Possible reasons:
#   The system is out of physical RAM or swap space
#   The process is running with CompressedOops enabled, and the Java Heap may be blocking the growth of the native heap
# Possible solutions:
#   Reduce memory load on the system
#   Increase physical memory or swap space
#   Check if swap backing store is full
#   Decrease Java heap size (-Xmx/-Xms)
#   Decrease number of Java threads
#   Decrease Java thread stack sizes (-Xss)
#   Set larger code cache with -XX:ReservedCodeCacheSize=
#   JVM is running with Unscaled Compressed Oops mode in which the Java heap is
#     placed in the first 4GB address space. The Java Heap base address is the
#     maximum limit for the native heap growth. Please use -XX:HeapBaseMinAddress
#     to set the Java Heap base and to place the Java Heap above 4GB virtual address.
# This output file may be truncated or incomplete.
#
#  Out of Memory Error (arena.cpp:191), pid=90048, tid=92960
#
# JRE version: OpenJDK Runtime Environment Temurin-17.0.10+7 (17.0.10+7) (build 17.0.10+7)
# Java VM: OpenJDK 64-Bit Server VM Temurin-17.0.10+7 (17.0.10+7, mixed mode, tiered, compressed oops, compressed class ptrs, parallel gc, windows-amd64)
# No core dump will be written. Minidumps are not enabled by default on client versions of Windows
#

---------------  S U M M A R Y ------------

Command Line: --add-modules=ALL-SYSTEM --add-opens=java.base/java.util=ALL-UNNAMED --add-opens=java.base/java.lang=ALL-UNNAMED --add-opens=java.base/sun.nio.fs=ALL-UNNAMED -Declipse.application=org.eclipse.jdt.ls.core.id1 -Dosgi.bundles.defaultStartLevel=4 -Declipse.product=org.eclipse.jdt.ls.core.product -Djava.import.generatesMetadataFilesAtProjectRoot=false -DDetectVMInstallationsJob.disabled=true -Dfile.encoding=utf8 -XX:+UseParallelGC -XX:GCTimeRatio=4 -XX:AdaptiveSizePolicyWeight=90 -Dsun.zip.disableMemoryMapping=true -Xmx1G -Xms100m -Xlog:disable -javaagent:c:\Users\alanc\.vscode\extensions\redhat.java-1.28.1-win32-x64\lombok\lombok-1.18.31.jar c:\Users\alanc\.vscode\extensions\redhat.java-1.28.1-win32-x64\server\plugins\org.eclipse.equinox.launcher_1.6.700.v20231214-2017.jar -configuration c:\Users\alanc\AppData\Roaming\Code\User\globalStorage\redhat.java\1.28.1\config_ss_win -data c:\Users\alanc\AppData\Roaming\Code\User\workspaceStorage\6847d39ac9dbc775eb022e044a9ea7dc\redhat.java\ss_ws --stdio

Host: AMD Ryzen 5 5500U with Radeon Graphics         , 12 cores, 5G,  Windows 11 , 64 bit Build 22621 (10.0.22621.3235)
Time: Wed Mar 20 16:50:50 2024 Hora Padrão de Buenos Aires elapsed time: 10.806930 seconds (0d 0h 0m 10s)

---------------  T H R E A D  ---------------

Current thread (0x000001eff11cc750):  JavaThread "C2 CompilerThread0" daemon [_thread_in_native, id=92960, stack(0x000000e6ba100000,0x000000e6ba200000)]


Current CompileTask:
C2:  10807 2316       4       org.lombokweb.asm.ClassReader::readMethod (1066 bytes)

Stack: [0x000000e6ba100000,0x000000e6ba200000]
Native frames: (J=compiled Java code, j=interpreted, Vv=VM code, C=native code)
V  [jvm.dll+0x67d2c9]
V  [jvm.dll+0x834afa]
V  [jvm.dll+0x8365be]
V  [jvm.dll+0x836c23]
V  [jvm.dll+0x2477ff]
V  [jvm.dll+0xac514]
V  [jvm.dll+0xacb5c]
V  [jvm.dll+0x3667d7]
V  [jvm.dll+0x1bcf72]
V  [jvm.dll+0x21a049]
V  [jvm.dll+0x219311]
V  [jvm.dll+0x1a502d]
V  [jvm.dll+0x2290de]
V  [jvm.dll+0x2272ac]
V  [jvm.dll+0x7e9bb7]
V  [jvm.dll+0x7e3fba]
V  [jvm.dll+0x67c1b5]
C  [ucrtbase.dll+0x29363]
C  [KERNEL32.DLL+0x1257d]
C  [ntdll.dll+0x5aa58]


---------------  P R O C E S S  ---------------

Threads class SMR info:
_java_thread_list=0x000001eff2dc4460, length=21, elements={
0x000001efd8224dc0, 0x000001efec0a5020, 0x000001efec0a8c60, 0x000001eff11bef10,
0x000001eff11bfca0, 0x000001eff11c1ad0, 0x000001eff11c92b0, 0x000001eff11cc750,
0x000001eff11cfb70, 0x000001eff11d2d90, 0x000001efd8287ec0, 0x000001eff29b5150,
0x000001eff32d50b0, 0x000001eff337f780, 0x000001eff3380090, 0x000001eff3380570,
0x000001eff34656d0, 0x000001eff340c9b0, 0x000001eff340c4a0, 0x000001eff340b060,
0x000001eff340ba80
}

Java Threads: ( => current thread )
  0x000001efd8224dc0 JavaThread "main" [_thread_blocked, id=92080, stack(0x000000e6b9800000,0x000000e6b9900000)]
  0x000001efec0a5020 JavaThread "Reference Handler" daemon [_thread_blocked, id=76296, stack(0x000000e6b9b00000,0x000000e6b9c00000)]
  0x000001efec0a8c60 JavaThread "Finalizer" daemon [_thread_blocked, id=87464, stack(0x000000e6b9c00000,0x000000e6b9d00000)]
  0x000001eff11bef10 JavaThread "Signal Dispatcher" daemon [_thread_blocked, id=75004, stack(0x000000e6b9d00000,0x000000e6b9e00000)]
  0x000001eff11bfca0 JavaThread "Attach Listener" daemon [_thread_blocked, id=86760, stack(0x000000e6b9e00000,0x000000e6b9f00000)]
  0x000001eff11c1ad0 JavaThread "Service Thread" daemon [_thread_blocked, id=92512, stack(0x000000e6b9f00000,0x000000e6ba000000)]
  0x000001eff11c92b0 JavaThread "Monitor Deflation Thread" daemon [_thread_blocked, id=92508, stack(0x000000e6ba000000,0x000000e6ba100000)]
=>0x000001eff11cc750 JavaThread "C2 CompilerThread0" daemon [_thread_in_native, id=92960, stack(0x000000e6ba100000,0x000000e6ba200000)]
  0x000001eff11cfb70 JavaThread "C1 CompilerThread0" daemon [_thread_blocked, id=92488, stack(0x000000e6ba200000,0x000000e6ba300000)]
  0x000001eff11d2d90 JavaThread "Sweeper thread" daemon [_thread_blocked, id=92496, stack(0x000000e6ba300000,0x000000e6ba400000)]
  0x000001efd8287ec0 JavaThread "Common-Cleaner" daemon [_thread_blocked, id=90996, stack(0x000000e6ba400000,0x000000e6ba500000)]
  0x000001eff29b5150 JavaThread "Notification Thread" daemon [_thread_blocked, id=91988, stack(0x000000e6ba500000,0x000000e6ba600000)]
  0x000001eff32d50b0 JavaThread "Active Thread: Equinox Container: 3fe2f366-e4aa-4962-850d-bef69dc903fc" [_thread_blocked, id=87948, stack(0x000000e6bad00000,0x000000e6bae00000)]
  0x000001eff337f780 JavaThread "Framework Event Dispatcher: Equinox Container: 3fe2f366-e4aa-4962-850d-bef69dc903fc" daemon [_thread_blocked, id=62348, stack(0x000000e6bae00000,0x000000e6baf00000)]
  0x000001eff3380090 JavaThread "Start Level: Equinox Container: 3fe2f366-e4aa-4962-850d-bef69dc903fc" daemon [_thread_blocked, id=86452, stack(0x000000e6baf00000,0x000000e6bb000000)]
  0x000001eff3380570 JavaThread "SCR Component Actor" daemon [_thread_blocked, id=92364, stack(0x000000e6bb000000,0x000000e6bb100000)]
  0x000001eff34656d0 JavaThread "SCR Component Registry" daemon [_thread_blocked, id=92428, stack(0x000000e6bb200000,0x000000e6bb300000)]
  0x000001eff340c9b0 JavaThread "Worker-JM" [_thread_blocked, id=91908, stack(0x000000e6bb300000,0x000000e6bb400000)]
  0x000001eff340c4a0 JavaThread "Worker-0" [_thread_blocked, id=69184, stack(0x000000e6bb600000,0x000000e6bb700000)]
  0x000001eff340b060 JavaThread "Worker-1: Sending build events with disabled autobuild" [_thread_in_Java, id=91164, stack(0x000000e6bb700000,0x000000e6bb800000)]
  0x000001eff340ba80 JavaThread "Java indexing" daemon [_thread_blocked, id=71440, stack(0x000000e6bb800000,0x000000e6bb900000)]

Other Threads:
  0x000001eff1192860 VMThread "VM Thread" [stack: 0x000000e6b9a00000,0x000000e6b9b00000] [id=72380]
  0x000001eff29bee00 WatcherThread [stack: 0x000000e6ba600000,0x000000e6ba700000] [id=91956]
  0x000001efd823c860 GCTaskThread "GC Thread#0" [stack: 0x000000e6b9900000,0x000000e6b9a00000] [id=93096]
  0x000001eff2d641d0 GCTaskThread "GC Thread#1" [stack: 0x000000e6ba700000,0x000000e6ba800000] [id=92752]
  0x000001eff2d845a0 GCTaskThread "GC Thread#2" [stack: 0x000000e6ba800000,0x000000e6ba900000] [id=77016]
  0x000001eff2d84860 GCTaskThread "GC Thread#3" [stack: 0x000000e6ba900000,0x000000e6baa00000] [id=87500]
  0x000001eff2f8d2f0 GCTaskThread "GC Thread#4" [stack: 0x000000e6baa00000,0x000000e6bab00000] [id=85216]
  0x000001eff2f8d5b0 GCTaskThread "GC Thread#5" [stack: 0x000000e6bab00000,0x000000e6bac00000] [id=89640]
  0x000001eff2f8d870 GCTaskThread "GC Thread#6" [stack: 0x000000e6bac00000,0x000000e6bad00000] [id=88196]
  0x000001eff33dac90 GCTaskThread "GC Thread#7" [stack: 0x000000e6bb100000,0x000000e6bb200000] [id=93124]
  0x000001eff353e3e0 GCTaskThread "GC Thread#8" [stack: 0x000000e6bb400000,0x000000e6bb500000] [id=76468]
  0x000001eff2e9b040 GCTaskThread "GC Thread#9" [stack: 0x000000e6bb500000,0x000000e6bb600000] [id=50332]

Threads with active compile tasks:
C2 CompilerThread0    10879 2316       4       org.lombokweb.asm.ClassReader::readMethod (1066 bytes)

VM state: not at safepoint (normal execution)

VM Mutex/Monitor currently owned by a thread: None

Heap address: 0x00000000c0000000, size: 1024 MB, Compressed Oops mode: 32-bit

CDS archive(s) not mapped
Compressed class space mapped at: 0x0000000100000000-0x0000000140000000, reserved size: 1073741824
Narrow klass base: 0x0000000000000000, Narrow klass shift: 3, Narrow klass range: 0x140000000

GC Precious Log:
 CPUs: 12 total, 12 available
 Memory: 5989M
 Large Page Support: Disabled
 NUMA Support: Disabled
 Compressed Oops: Enabled (32-bit)
 Alignments: Space 512K, Generation 512K, Heap 2M
 Heap Min Capacity: 100M
 Heap Initial Capacity: 100M
 Heap Max Capacity: 1G
 Pre-touch: Disabled
 Parallel Workers: 10

Heap:
 PSYoungGen      total 26624K, used 8549K [0x00000000eab00000, 0x00000000ec800000, 0x0000000100000000)
  eden space 24576K, 27% used [0x00000000eab00000,0x00000000eb1874b8,0x00000000ec300000)
  from space 2048K, 91% used [0x00000000ec600000,0x00000000ec7d2280,0x00000000ec800000)
  to   space 2560K, 0% used [0x00000000ec300000,0x00000000ec300000,0x00000000ec580000)
 ParOldGen       total 68608K, used 7427K [0x00000000c0000000, 0x00000000c4300000, 0x00000000eab00000)
  object space 68608K, 10% used [0x00000000c0000000,0x00000000c0740cf0,0x00000000c4300000)
 Metaspace       used 27703K, committed 28224K, reserved 1114112K
  class space    used 2674K, committed 2880K, reserved 1048576K

Card table byte_map: [0x000001efd7bb0000,0x000001efd7dc0000] _byte_map_base: 0x000001efd75b0000

Marking Bits: (ParMarkBitMap*) 0x00007ffbbbb4d7d0
 Begin Bits: [0x000001efe9eb0000, 0x000001efeaeb0000)
 End Bits:   [0x000001efeaeb0000, 0x000001efebeb0000)

Polling page: 0x000001efd61c0000

Metaspace:

Usage:
  Non-class:     24.44 MB used.
      Class:      2.61 MB used.
       Both:     27.05 MB used.

Virtual space:
  Non-class space:       64.00 MB reserved,      24.75 MB ( 39%) committed,  1 nodes.
      Class space:        1.00 GB reserved,       2.81 MB ( <1%) committed,  1 nodes.
             Both:        1.06 GB reserved,      27.56 MB (  3%) committed. 

Chunk freelists:
   Non-Class:  7.16 MB
       Class:  13.00 MB
        Both:  20.16 MB

MaxMetaspaceSize: unlimited
CompressedClassSpaceSize: 1.00 GB
Initial GC threshold: 21.00 MB
Current GC threshold: 35.00 MB
CDS: off
MetaspaceReclaimPolicy: balanced
 - commit_granule_bytes: 65536.
 - commit_granule_words: 8192.
 - virtual_space_node_default_size: 8388608.
 - enlarge_chunks_in_place: 1.
 - new_chunks_are_fully_committed: 0.
 - uncommit_free_chunks: 1.
 - use_allocation_guard: 0.
 - handle_deallocations: 1.


Internal statistics:

num_allocs_failed_limit: 3.
num_arena_births: 284.
num_arena_deaths: 14.
num_vsnodes_births: 2.
num_vsnodes_deaths: 0.
num_space_committed: 441.
num_space_uncommitted: 0.
num_chunks_returned_to_freelist: 17.
num_chunks_taken_from_freelist: 1035.
num_chunk_merges: 8.
num_chunk_splits: 685.
num_chunks_enlarged: 486.
num_inconsistent_stats: 0.

CodeHeap 'non-profiled nmethods': size=120000Kb used=922Kb max_used=922Kb free=119077Kb
 bounds [0x000001efe2980000, 0x000001efe2bf0000, 0x000001efe9eb0000]
CodeHeap 'profiled nmethods': size=120000Kb used=4948Kb max_used=4948Kb free=115051Kb
 bounds [0x000001efdaeb0000, 0x000001efdb390000, 0x000001efe23e0000]
CodeHeap 'non-nmethods': size=5760Kb used=1231Kb max_used=1231Kb free=4528Kb
 bounds [0x000001efe23e0000, 0x000001efe2650000, 0x000001efe2980000]
 total_blobs=2990 nmethods=2448 adapters=456
 compilation: enabled
              stopped_count=0, restarted_count=0
 full_count=0

Compilation events (20 events):
Event: 10.772 Thread 0x000001eff11cfb70 2438       1       org.eclipse.core.internal.jobs.InternalJob::previous (5 bytes)
Event: 10.772 Thread 0x000001eff11cfb70 nmethod 2438 0x000001efe2a65c10 code [0x000001efe2a65da0, 0x000001efe2a65e78]
Event: 10.773 Thread 0x000001eff11cfb70 2439       3       java.util.zip.ZipUtils::LOCSIG (6 bytes)
Event: 10.774 Thread 0x000001eff11cfb70 nmethod 2439 0x000001efdb380890 code [0x000001efdb380a40, 0x000001efdb380d18]
Event: 10.790 Thread 0x000001eff11cfb70 2440       3       jdk.internal.reflect.ReflectionFactory::getExecutableSharedParameterTypes (11 bytes)
Event: 10.790 Thread 0x000001eff11cfb70 nmethod 2440 0x000001efdb380e90 code [0x000001efdb381040, 0x000001efdb3812a8]
Event: 10.790 Thread 0x000001eff11cfb70 2442       3       java.util.LinkedHashMap$LinkedKeyIterator::next (8 bytes)
Event: 10.790 Thread 0x000001eff11cfb70 nmethod 2442 0x000001efdb381410 code [0x000001efdb3815c0, 0x000001efdb381728]
Event: 10.790 Thread 0x000001eff11cfb70 2441       3       java.lang.reflect.ReflectAccess::getExecutableSharedParameterTypes (5 bytes)
Event: 10.790 Thread 0x000001eff11cfb70 nmethod 2441 0x000001efdb381810 code [0x000001efdb3819c0, 0x000001efdb381b88]
Event: 10.798 Thread 0x000001eff11cfb70 2446       3       java.util.TreeMap::leftOf (13 bytes)
Event: 10.798 Thread 0x000001eff11cfb70 nmethod 2446 0x000001efdb381c90 code [0x000001efdb381e20, 0x000001efdb381f98]
Event: 10.798 Thread 0x000001eff11cfb70 2447       3       java.lang.Character::toUpperCase (6 bytes)
Event: 10.799 Thread 0x000001eff11cfb70 nmethod 2447 0x000001efdb382090 code [0x000001efdb382240, 0x000001efdb382498]
Event: 10.799 Thread 0x000001eff11cfb70 2448       3       java.lang.Character::toUpperCase (9 bytes)
Event: 10.799 Thread 0x000001eff11cfb70 nmethod 2448 0x000001efdb382590 code [0x000001efdb382740, 0x000001efdb382938]
Event: 10.799 Thread 0x000001eff11cfb70 2449       3       java.util.TreeMap::setColor (10 bytes)
Event: 10.799 Thread 0x000001eff11cfb70 nmethod 2449 0x000001efdb382a10 code [0x000001efdb382ba0, 0x000001efdb382cd8]
Event: 10.799 Thread 0x000001eff11cfb70 2450       3       java.util.HashSet::contains (9 bytes)
Event: 10.799 Thread 0x000001eff11cfb70 nmethod 2450 0x000001efdb382d90 code [0x000001efdb382f40, 0x000001efdb383108]

GC Heap History (14 events):
Event: 3.450 GC heap before
{Heap before GC invocations=1 (full 0):
 PSYoungGen      total 29696K, used 25600K [0x00000000eab00000, 0x00000000ecc00000, 0x0000000100000000)
  eden space 25600K, 100% used [0x00000000eab00000,0x00000000ec400000,0x00000000ec400000)
  from space 4096K, 0% used [0x00000000ec800000,0x00000000ec800000,0x00000000ecc00000)
  to   space 4096K, 0% used [0x00000000ec400000,0x00000000ec400000,0x00000000ec800000)
 ParOldGen       total 68608K, used 0K [0x00000000c0000000, 0x00000000c4300000, 0x00000000eab00000)
  object space 68608K, 0% used [0x00000000c0000000,0x00000000c0000000,0x00000000c4300000)
 Metaspace       used 11017K, committed 11200K, reserved 1114112K
  class space    used 1098K, committed 1216K, reserved 1048576K
}
Event: 3.456 GC heap after
{Heap after GC invocations=1 (full 0):
 PSYoungGen      total 29696K, used 3117K [0x00000000eab00000, 0x00000000ecc00000, 0x0000000100000000)
  eden space 25600K, 0% used [0x00000000eab00000,0x00000000eab00000,0x00000000ec400000)
  from space 4096K, 76% used [0x00000000ec400000,0x00000000ec70b5b8,0x00000000ec800000)
  to   space 4096K, 0% used [0x00000000ec800000,0x00000000ec800000,0x00000000ecc00000)
 ParOldGen       total 68608K, used 16K [0x00000000c0000000, 0x00000000c4300000, 0x00000000eab00000)
  object space 68608K, 0% used [0x00000000c0000000,0x00000000c0004000,0x00000000c4300000)
 Metaspace       used 11017K, committed 11200K, reserved 1114112K
  class space    used 1098K, committed 1216K, reserved 1048576K
}
Event: 7.669 GC heap before
{Heap before GC invocations=2 (full 0):
 PSYoungGen      total 29696K, used 28717K [0x00000000eab00000, 0x00000000ecc00000, 0x0000000100000000)
  eden space 25600K, 100% used [0x00000000eab00000,0x00000000ec400000,0x00000000ec400000)
  from space 4096K, 76% used [0x00000000ec400000,0x00000000ec70b5b8,0x00000000ec800000)
  to   space 4096K, 0% used [0x00000000ec800000,0x00000000ec800000,0x00000000ecc00000)
 ParOldGen       total 68608K, used 16K [0x00000000c0000000, 0x00000000c4300000, 0x00000000eab00000)
  object space 68608K, 0% used [0x00000000c0000000,0x00000000c0004000,0x00000000c4300000)
 Metaspace       used 14851K, committed 15104K, reserved 1114112K
  class space    used 1506K, committed 1664K, reserved 1048576K
}
Event: 7.674 GC heap after
{Heap after GC invocations=2 (full 0):
 PSYoungGen      total 29696K, used 4083K [0x00000000eab00000, 0x00000000ecc00000, 0x0000000100000000)
  eden space 25600K, 0% used [0x00000000eab00000,0x00000000eab00000,0x00000000ec400000)
  from space 4096K, 99% used [0x00000000ec800000,0x00000000ecbfcde8,0x00000000ecc00000)
  to   space 4096K, 0% used [0x00000000ec400000,0x00000000ec400000,0x00000000ec800000)
 ParOldGen       total 68608K, used 730K [0x00000000c0000000, 0x00000000c4300000, 0x00000000eab00000)
  object space 68608K, 1% used [0x00000000c0000000,0x00000000c00b6840,0x00000000c4300000)
 Metaspace       used 14851K, committed 15104K, reserved 1114112K
  class space    used 1506K, committed 1664K, reserved 1048576K
}
Event: 9.802 GC heap before
{Heap before GC invocations=3 (full 0):
 PSYoungGen      total 29696K, used 29683K [0x00000000eab00000, 0x00000000ecc00000, 0x0000000100000000)
  eden space 25600K, 100% used [0x00000000eab00000,0x00000000ec400000,0x00000000ec400000)
  from space 4096K, 99% used [0x00000000ec800000,0x00000000ecbfcde8,0x00000000ecc00000)
  to   space 4096K, 0% used [0x00000000ec400000,0x00000000ec400000,0x00000000ec800000)
 ParOldGen       total 68608K, used 730K [0x00000000c0000000, 0x00000000c4300000, 0x00000000eab00000)
  object space 68608K, 1% used [0x00000000c0000000,0x00000000c00b6840,0x00000000c4300000)
 Metaspace       used 20041K, committed 20416K, reserved 1114112K
  class space    used 2041K, committed 2176K, reserved 1048576K
}
Event: 9.807 GC heap after
{Heap after GC invocations=3 (full 0):
 PSYoungGen      total 29696K, used 4095K [0x00000000eab00000, 0x00000000ecc00000, 0x0000000100000000)
  eden space 25600K, 0% used [0x00000000eab00000,0x00000000eab00000,0x00000000ec400000)
  from space 4096K, 99% used [0x00000000ec400000,0x00000000ec7ffed0,0x00000000ec800000)
  to   space 4096K, 0% used [0x00000000ec800000,0x00000000ec800000,0x00000000ecc00000)
 ParOldGen       total 68608K, used 2420K [0x00000000c0000000, 0x00000000c4300000, 0x00000000eab00000)
  object space 68608K, 3% used [0x00000000c0000000,0x00000000c025d250,0x00000000c4300000)
 Metaspace       used 20041K, committed 20416K, reserved 1114112K
  class space    used 2041K, committed 2176K, reserved 1048576K
}
Event: 10.021 GC heap before
{Heap before GC invocations=4 (full 0):
 PSYoungGen      total 29696K, used 10750K [0x00000000eab00000, 0x00000000ecc00000, 0x0000000100000000)
  eden space 25600K, 25% used [0x00000000eab00000,0x00000000eb17fd08,0x00000000ec400000)
  from space 4096K, 99% used [0x00000000ec400000,0x00000000ec7ffed0,0x00000000ec800000)
  to   space 4096K, 0% used [0x00000000ec800000,0x00000000ec800000,0x00000000ecc00000)
 ParOldGen       total 68608K, used 2420K [0x00000000c0000000, 0x00000000c4300000, 0x00000000eab00000)
  object space 68608K, 3% used [0x00000000c0000000,0x00000000c025d250,0x00000000c4300000)
 Metaspace       used 21048K, committed 21504K, reserved 1114112K
  class space    used 2156K, committed 2368K, reserved 1048576K
}
Event: 10.025 GC heap after
{Heap after GC invocations=4 (full 0):
 PSYoungGen      total 29696K, used 4073K [0x00000000eab00000, 0x00000000ecc00000, 0x0000000100000000)
  eden space 25600K, 0% used [0x00000000eab00000,0x00000000eab00000,0x00000000ec400000)
  from space 4096K, 99% used [0x00000000ec800000,0x00000000ecbfa690,0x00000000ecc00000)
  to   space 4096K, 0% used [0x00000000ec400000,0x00000000ec400000,0x00000000ec800000)
 ParOldGen       total 68608K, used 2748K [0x00000000c0000000, 0x00000000c4300000, 0x00000000eab00000)
  object space 68608K, 4% used [0x00000000c0000000,0x00000000c02af2a8,0x00000000c4300000)
 Metaspace       used 21048K, committed 21504K, reserved 1114112K
  class space    used 2156K, committed 2368K, reserved 1048576K
}
Event: 10.025 GC heap before
{Heap before GC invocations=5 (full 1):
 PSYoungGen      total 29696K, used 4073K [0x00000000eab00000, 0x00000000ecc00000, 0x0000000100000000)
  eden space 25600K, 0% used [0x00000000eab00000,0x00000000eab00000,0x00000000ec400000)
  from space 4096K, 99% used [0x00000000ec800000,0x00000000ecbfa690,0x00000000ecc00000)
  to   space 4096K, 0% used [0x00000000ec400000,0x00000000ec400000,0x00000000ec800000)
 ParOldGen       total 68608K, used 2748K [0x00000000c0000000, 0x00000000c4300000, 0x00000000eab00000)
  object space 68608K, 4% used [0x00000000c0000000,0x00000000c02af2a8,0x00000000c4300000)
 Metaspace       used 21048K, committed 21504K, reserved 1114112K
  class space    used 2156K, committed 2368K, reserved 1048576K
}
Event: 10.047 GC heap after
{Heap after GC invocations=5 (full 1):
 PSYoungGen      total 29696K, used 0K [0x00000000eab00000, 0x00000000ecc00000, 0x0000000100000000)
  eden space 25600K, 0% used [0x00000000eab00000,0x00000000eab00000,0x00000000ec400000)
  from space 4096K, 0% used [0x00000000ec800000,0x00000000ec800000,0x00000000ecc00000)
  to   space 4096K, 0% used [0x00000000ec400000,0x00000000ec400000,0x00000000ec800000)
 ParOldGen       total 68608K, used 6629K [0x00000000c0000000, 0x00000000c4300000, 0x00000000eab00000)
  object space 68608K, 9% used [0x00000000c0000000,0x00000000c06797e0,0x00000000c4300000)
 Metaspace       used 21035K, committed 21504K, reserved 1114112K
  class space    used 2153K, committed 2368K, reserved 1048576K
}
Event: 10.339 GC heap before
{Heap before GC invocations=6 (full 1):
 PSYoungGen      total 29696K, used 25600K [0x00000000eab00000, 0x00000000ecc00000, 0x0000000100000000)
  eden space 25600K, 100% used [0x00000000eab00000,0x00000000ec400000,0x00000000ec400000)
  from space 4096K, 0% used [0x00000000ec800000,0x00000000ec800000,0x00000000ecc00000)
  to   space 4096K, 0% used [0x00000000ec400000,0x00000000ec400000,0x00000000ec800000)
 ParOldGen       total 68608K, used 6629K [0x00000000c0000000, 0x00000000c4300000, 0x00000000eab00000)
  object space 68608K, 9% used [0x00000000c0000000,0x00000000c06797e0,0x00000000c4300000)
 Metaspace       used 24194K, committed 24640K, reserved 1114112K
  class space    used 2375K, committed 2560K, reserved 1048576K
}
Event: 10.340 GC heap after
{Heap after GC invocations=6 (full 1):
 PSYoungGen      total 26112K, used 717K [0x00000000eab00000, 0x00000000ec880000, 0x0000000100000000)
  eden space 25088K, 0% used [0x00000000eab00000,0x00000000eab00000,0x00000000ec380000)
  from space 1024K, 70% used [0x00000000ec400000,0x00000000ec4b34e0,0x00000000ec500000)
  to   space 2560K, 0% used [0x00000000ec600000,0x00000000ec600000,0x00000000ec880000)
 ParOldGen       total 68608K, used 6637K [0x00000000c0000000, 0x00000000c4300000, 0x00000000eab00000)
  object space 68608K, 9% used [0x00000000c0000000,0x00000000c067b7e0,0x00000000c4300000)
 Metaspace       used 24194K, committed 24640K, reserved 1114112K
  class space    used 2375K, committed 2560K, reserved 1048576K
}
Event: 10.590 GC heap before
{Heap before GC invocations=7 (full 1):
 PSYoungGen      total 26112K, used 25805K [0x00000000eab00000, 0x00000000ec880000, 0x0000000100000000)
  eden space 25088K, 100% used [0x00000000eab00000,0x00000000ec380000,0x00000000ec380000)
  from space 1024K, 70% used [0x00000000ec400000,0x00000000ec4b34e0,0x00000000ec500000)
  to   space 2560K, 0% used [0x00000000ec600000,0x00000000ec600000,0x00000000ec880000)
 ParOldGen       total 68608K, used 6637K [0x00000000c0000000, 0x00000000c4300000, 0x00000000eab00000)
  object space 68608K, 9% used [0x00000000c0000000,0x00000000c067b7e0,0x00000000c4300000)
 Metaspace       used 26776K, committed 27264K, reserved 1114112K
  class space    used 2578K, committed 2816K, reserved 1048576K
}
Event: 10.592 GC heap after
{Heap after GC invocations=7 (full 1):
 PSYoungGen      total 26624K, used 1864K [0x00000000eab00000, 0x00000000ec800000, 0x0000000100000000)
  eden space 24576K, 0% used [0x00000000eab00000,0x00000000eab00000,0x00000000ec300000)
  from space 2048K, 91% used [0x00000000ec600000,0x00000000ec7d2280,0x00000000ec800000)
  to   space 2560K, 0% used [0x00000000ec300000,0x00000000ec300000,0x00000000ec580000)
 ParOldGen       total 68608K, used 7427K [0x00000000c0000000, 0x00000000c4300000, 0x00000000eab00000)
  object space 68608K, 10% used [0x00000000c0000000,0x00000000c0740cf0,0x00000000c4300000)
 Metaspace       used 26776K, committed 27264K, reserved 1114112K
  class space    used 2578K, committed 2816K, reserved 1048576K
}

Dll operation events (9 events):
Event: 1.513 Loaded shared library c:\Users\alanc\.vscode\extensions\redhat.java-1.28.1-win32-x64\jre\17.0.10-win32-x86_64\bin\java.dll
Event: 1.955 Loaded shared library c:\Users\alanc\.vscode\extensions\redhat.java-1.28.1-win32-x64\jre\17.0.10-win32-x86_64\bin\zip.dll
Event: 1.962 Loaded shared library C:\Users\alanc\.vscode\extensions\redhat.java-1.28.1-win32-x64\jre\17.0.10-win32-x86_64\bin\instrument.dll
Event: 2.021 Loaded shared library C:\Users\alanc\.vscode\extensions\redhat.java-1.28.1-win32-x64\jre\17.0.10-win32-x86_64\bin\net.dll
Event: 2.412 Loaded shared library C:\Users\alanc\.vscode\extensions\redhat.java-1.28.1-win32-x64\jre\17.0.10-win32-x86_64\bin\nio.dll
Event: 2.424 Loaded shared library C:\Users\alanc\.vscode\extensions\redhat.java-1.28.1-win32-x64\jre\17.0.10-win32-x86_64\bin\zip.dll
Event: 2.448 Loaded shared library C:\Users\alanc\.vscode\extensions\redhat.java-1.28.1-win32-x64\jre\17.0.10-win32-x86_64\bin\jimage.dll
Event: 2.567 Loaded shared library c:\Users\alanc\.vscode\extensions\redhat.java-1.28.1-win32-x64\jre\17.0.10-win32-x86_64\bin\verify.dll
Event: 7.570 Loaded shared library C:\Users\alanc\AppData\Roaming\Code\User\globalStorage\redhat.java\1.28.1\config_ss_win\org.eclipse.equinox.launcher\org.eclipse.equinox.launcher.win32.win32.x86_64_1.2.900.v20240129-1338\eclipse_11900.dll

Deoptimization events (20 events):
Event: 10.676 Thread 0x000001eff3380090 DEOPT PACKING pc=0x000001efdaf9fb1e sp=0x000000e6baff8aa0
Event: 10.676 Thread 0x000001eff3380090 DEOPT UNPACKING pc=0x000001efe2436e43 sp=0x000000e6baff7f98 mode 0
Event: 10.676 Thread 0x000001eff3380090 DEOPT PACKING pc=0x000001efdb370c56 sp=0x000000e6baff83f0
Event: 10.676 Thread 0x000001eff3380090 DEOPT UNPACKING pc=0x000001efe2436e43 sp=0x000000e6baff7890 mode 0
Event: 10.677 Thread 0x000001eff3380090 DEOPT PACKING pc=0x000001efdaf9fb1e sp=0x000000e6baff8aa0
Event: 10.677 Thread 0x000001eff3380090 DEOPT UNPACKING pc=0x000001efe2436e43 sp=0x000000e6baff7f98 mode 0
Event: 10.688 Thread 0x000001eff3380090 DEOPT PACKING pc=0x000001efdaf9fb1e sp=0x000000e6baff8c30
Event: 10.688 Thread 0x000001eff3380090 DEOPT UNPACKING pc=0x000001efe2436e43 sp=0x000000e6baff8128 mode 0
Event: 10.689 Thread 0x000001eff3380090 DEOPT PACKING pc=0x000001efdaf9fb1e sp=0x000000e6baff8c30
Event: 10.689 Thread 0x000001eff3380090 DEOPT UNPACKING pc=0x000001efe2436e43 sp=0x000000e6baff8128 mode 0
Event: 10.689 Thread 0x000001eff3380090 DEOPT PACKING pc=0x000001efdaf9fb1e sp=0x000000e6baff8c30
Event: 10.689 Thread 0x000001eff3380090 DEOPT UNPACKING pc=0x000001efe2436e43 sp=0x000000e6baff8128 mode 0
Event: 10.797 Thread 0x000001eff3380090 Uncommon trap: trap_request=0xffffffc6 fr.pc=0x000001efe29fe77c relative=0x000000000000093c
Event: 10.797 Thread 0x000001eff3380090 Uncommon trap: reason=bimorphic_or_optimized_type_check action=maybe_recompile pc=0x000001efe29fe77c method=java.util.HashMap.putVal(ILjava/lang/Object;Ljava/lang/Object;ZZ)Ljava/lang/Object; @ 56 c2
Event: 10.797 Thread 0x000001eff3380090 DEOPT PACKING pc=0x000001efe29fe77c sp=0x000000e6baffd990
Event: 10.797 Thread 0x000001eff3380090 DEOPT UNPACKING pc=0x000001efe24366a3 sp=0x000000e6baffd8e8 mode 2
Event: 10.797 Thread 0x000001eff3380090 Uncommon trap: trap_request=0xffffffc6 fr.pc=0x000001efe29fe77c relative=0x000000000000093c
Event: 10.797 Thread 0x000001eff3380090 Uncommon trap: reason=bimorphic_or_optimized_type_check action=maybe_recompile pc=0x000001efe29fe77c method=java.util.HashMap.putVal(ILjava/lang/Object;Ljava/lang/Object;ZZ)Ljava/lang/Object; @ 56 c2
Event: 10.797 Thread 0x000001eff3380090 DEOPT PACKING pc=0x000001efe29fe77c sp=0x000000e6baffd990
Event: 10.797 Thread 0x000001eff3380090 DEOPT UNPACKING pc=0x000001efe24366a3 sp=0x000000e6baffd8e8 mode 2

Classes unloaded (7 events):
Event: 10.028 Thread 0x000001eff1192860 Unloading class 0x000000010021e400 'java/lang/invoke/LambdaForm$MH+0x000000010021e400'
Event: 10.028 Thread 0x000001eff1192860 Unloading class 0x000000010021e000 'java/lang/invoke/LambdaForm$MH+0x000000010021e000'
Event: 10.028 Thread 0x000001eff1192860 Unloading class 0x000000010021dc00 'java/lang/invoke/LambdaForm$MH+0x000000010021dc00'
Event: 10.028 Thread 0x000001eff1192860 Unloading class 0x000000010021d800 'java/lang/invoke/LambdaForm$MH+0x000000010021d800'
Event: 10.028 Thread 0x000001eff1192860 Unloading class 0x000000010021d400 'java/lang/invoke/LambdaForm$BMH+0x000000010021d400'
Event: 10.028 Thread 0x000001eff1192860 Unloading class 0x000000010021d000 'java/lang/invoke/LambdaForm$DMH+0x000000010021d000'
Event: 10.028 Thread 0x000001eff1192860 Unloading class 0x0000000100218400 'java/lang/invoke/LambdaForm$DMH+0x0000000100218400'

Classes redefined (0 events):
No events

Internal exceptions (20 events):
Event: 9.653 Thread 0x000001eff3380090 Exception <a 'java/lang/NoSuchMethodError'{0x00000000ebfb06c0}: 'java.lang.Object java.lang.invoke.Invokers$Holder.invokeExact_MT(java.lang.Object, java.lang.Object, java.lang.Object, java.lang.Object)'> (0x00000000ebfb06c0) 
thrown [s\src\hotspot\share\interpreter\linkResolver.cpp, line 759]
Event: 9.754 Thread 0x000001eff3380090 Exception <a 'java/io/FileNotFoundException'{0x00000000ec2204e8}> (0x00000000ec2204e8) 
thrown [s\src\hotspot\share\prims\jni.cpp, line 516]
Event: 9.756 Thread 0x000001eff3380090 Exception <a 'java/io/FileNotFoundException'{0x00000000ec226e88}> (0x00000000ec226e88) 
thrown [s\src\hotspot\share\prims\jni.cpp, line 516]
Event: 9.826 Thread 0x000001eff3380090 Exception <a 'java/lang/NoSuchMethodError'{0x00000000eabc4590}: 'java.lang.Object java.lang.invoke.DirectMethodHandle$Holder.newInvokeSpecial(java.lang.Object, java.lang.Object, java.lang.Object, java.lang.Object, java.lang.Object)'> (0x00000000eabc4590) 
thrown [s\src\hotspot\share\interpreter\linkResolver.cpp, line 759]
Event: 9.969 Thread 0x000001eff3380090 Exception <a 'java/lang/NoSuchMethodError'{0x00000000eaf889d0}: 'java.lang.Object java.lang.invoke.DirectMethodHandle$Holder.invokeSpecial(java.lang.Object, java.lang.Object, java.lang.Object, long, java.lang.Object)'> (0x00000000eaf889d0) 
thrown [s\src\hotspot\share\interpreter\linkResolver.cpp, line 759]
Event: 9.970 Thread 0x000001eff3380090 Exception <a 'java/lang/NoSuchMethodError'{0x00000000eaf90b88}: 'java.lang.Object java.lang.invoke.DirectMethodHandle$Holder.newInvokeSpecial(java.lang.Object, java.lang.Object, java.lang.Object, long)'> (0x00000000eaf90b88) 
thrown [s\src\hotspot\share\interpreter\linkResolver.cpp, line 759]
Event: 9.970 Thread 0x000001eff3380090 Exception <a 'java/lang/NoSuchMethodError'{0x00000000eaf95128}: 'java.lang.Object java.lang.invoke.DirectMethodHandle$Holder.invokeSpecial(java.lang.Object, java.lang.Object, java.lang.Object, java.lang.Object, long)'> (0x00000000eaf95128) 
thrown [s\src\hotspot\share\interpreter\linkResolver.cpp, line 759]
Event: 9.970 Thread 0x000001eff3380090 Exception <a 'java/lang/NoSuchMethodError'{0x00000000eaf98fa0}: 'java.lang.Object java.lang.invoke.Invokers$Holder.linkToTargetMethod(java.lang.Object, java.lang.Object, long, java.lang.Object)'> (0x00000000eaf98fa0) 
thrown [s\src\hotspot\share\interpreter\linkResolver.cpp, line 759]
Event: 9.983 Thread 0x000001eff3380090 Exception <a 'java/lang/NoSuchMethodError'{0x00000000eb016fe0}: 'int java.lang.invoke.DirectMethodHandle$Holder.invokeStaticInit(java.lang.Object, java.lang.Object, java.lang.Object)'> (0x00000000eb016fe0) 
thrown [s\src\hotspot\share\interpreter\linkResolver.cpp, line 759]
Event: 9.996 Thread 0x000001eff3380090 Exception <a 'java/lang/IncompatibleClassChangeError'{0x00000000eb083410}: Found class java.lang.Object, but interface was expected> (0x00000000eb083410) 
thrown [s\src\hotspot\share\interpreter\linkResolver.cpp, line 826]
Event: 10.003 Thread 0x000001eff3380090 Exception <a 'java/lang/NoSuchMethodError'{0x00000000eb096150}: 'java.lang.Object java.lang.invoke.DirectMethodHandle$Holder.invokeSpecial(java.lang.Object, java.lang.Object, java.lang.Object, int, java.lang.Object, java.lang.Object)'> (0x00000000eb096150) 
thrown [s\src\hotspot\share\interpreter\linkResolver.cpp, line 759]
Event: 10.004 Thread 0x000001eff3380090 Exception <a 'java/lang/NoSuchMethodError'{0x00000000eb09e8d8}: 'java.lang.Object java.lang.invoke.DirectMethodHandle$Holder.newInvokeSpecial(java.lang.Object, java.lang.Object, java.lang.Object, int, java.lang.Object)'> (0x00000000eb09e8d8) 
thrown [s\src\hotspot\share\interpreter\linkResolver.cpp, line 759]
Event: 10.005 Thread 0x000001eff3380090 Exception <a 'java/lang/NoSuchMethodError'{0x00000000eb0a2d30}: 'java.lang.Object java.lang.invoke.DirectMethodHandle$Holder.invokeSpecial(java.lang.Object, java.lang.Object, java.lang.Object, java.lang.Object, int, java.lang.Object)'> (0x00000000eb0a2d30) 
thrown [s\src\hotspot\share\interpreter\linkResolver.cpp, line 759]
Event: 10.006 Thread 0x000001eff340c4a0 Exception <a 'java/lang/NoSuchMethodError'{0x00000000eafbe628}: 'java.lang.Object java.lang.invoke.DirectMethodHandle$Holder.invokeSpecial(java.lang.Object, java.lang.Object, int, java.lang.Object, java.lang.Object)'> (0x00000000eafbe628) 
thrown [s\src\hotspot\share\interpreter\linkResolver.cpp, line 759]
Event: 10.007 Thread 0x000001eff340c4a0 Exception <a 'java/lang/NoSuchMethodError'{0x00000000eafc5cf8}: 'java.lang.Object java.lang.invoke.DirectMethodHandle$Holder.newInvokeSpecial(java.lang.Object, java.lang.Object, int, java.lang.Object)'> (0x00000000eafc5cf8) 
thrown [s\src\hotspot\share\interpreter\linkResolver.cpp, line 759]
Event: 10.009 Thread 0x000001eff340c4a0 Exception <a 'java/lang/NoSuchMethodError'{0x00000000eafc9808}: 'java.lang.Object java.lang.invoke.DirectMethodHandle$Holder.invokeSpecial(java.lang.Object, java.lang.Object, java.lang.Object, int, java.lang.Object)'> (0x00000000eafc9808) 
thrown [s\src\hotspot\share\interpreter\linkResolver.cpp, line 759]
Event: 10.664 Thread 0x000001eff3380090 Exception <a 'java/lang/ClassNotFoundException'{0x00000000eaedbc10}: com/sun/org/apache/xerces/internal/impl/msg/spi/DOMMessagesProvider> (0x00000000eaedbc10) 
thrown [s\src\hotspot\share\classfile\systemDictionary.cpp, line 256]
Event: 10.671 Thread 0x000001eff3380090 Exception <a 'java/lang/ClassNotFoundException'{0x00000000eaf1a8d0}: com/sun/org/apache/xerces/internal/impl/msg/spi/XMLSerializerMessagesProvider> (0x00000000eaf1a8d0) 
thrown [s\src\hotspot\share\classfile\systemDictionary.cpp, line 256]
Event: 10.673 Thread 0x000001eff3380090 Exception <a 'java/lang/ClassNotFoundException'{0x00000000eaf332f8}: com/sun/org/apache/xerces/internal/impl/msg/spi/XMLMessagesProvider> (0x00000000eaf332f8) 
thrown [s\src\hotspot\share\classfile\systemDictionary.cpp, line 256]
Event: 10.794 Thread 0x000001eff3380090 Exception <a 'java/lang/NoSuchMethodError'{0x00000000eb1213e0}: 'java.lang.Object java.lang.invoke.DirectMethodHandle$Holder.newInvokeSpecial(java.lang.Object, int, java.lang.Object, java.lang.Object)'> (0x00000000eb1213e0) 
thrown [s\src\hotspot\share\interpreter\linkResolver.cpp, line 759]

VM Operations (20 events):
Event: 8.675 Executing VM operation: Cleanup
Event: 8.675 Executing VM operation: Cleanup done
Event: 9.458 Executing VM operation: HandshakeAllThreads
Event: 9.458 Executing VM operation: HandshakeAllThreads done
Event: 9.642 Executing VM operation: HandshakeAllThreads
Event: 9.642 Executing VM operation: HandshakeAllThreads done
Event: 9.802 Executing VM operation: ParallelGCFailedAllocation
Event: 9.807 Executing VM operation: ParallelGCFailedAllocation done
Event: 10.021 Executing VM operation: CollectForMetadataAllocation
Event: 10.047 Executing VM operation: CollectForMetadataAllocation done
Event: 10.057 Executing VM operation: HandshakeAllThreads
Event: 10.057 Executing VM operation: HandshakeAllThreads done
Event: 10.339 Executing VM operation: ParallelGCFailedAllocation
Event: 10.340 Executing VM operation: ParallelGCFailedAllocation done
Event: 10.590 Executing VM operation: ParallelGCFailedAllocation
Event: 10.592 Executing VM operation: ParallelGCFailedAllocation done
Event: 10.620 Executing VM operation: HandshakeAllThreads
Event: 10.621 Executing VM operation: HandshakeAllThreads done
Event: 10.797 Executing VM operation: HandshakeAllThreads
Event: 10.797 Executing VM operation: HandshakeAllThreads done

Events (20 events):
Event: 10.677 loading class com/sun/org/apache/xerces/internal/impl/msg/XMLMessages_pt done
Event: 10.677 loading class com/sun/org/apache/xerces/internal/impl/msg/XMLMessages_pt
Event: 10.677 loading class com/sun/org/apache/xerces/internal/impl/msg/XMLMessages_pt done
Event: 10.677 loading class com/sun/org/apache/xerces/internal/impl/msg/XMLMessages_pt_BR
Event: 10.677 loading class com/sun/org/apache/xerces/internal/impl/msg/XMLMessages_pt_BR done
Event: 10.677 loading class com/sun/org/apache/xerces/internal/impl/msg/XMLMessages_pt_BR
Event: 10.677 loading class com/sun/org/apache/xerces/internal/impl/msg/XMLMessages_pt_BR done
Event: 10.767 Thread 0x000001eff340ba80 Thread added: 0x000001eff340ba80
Event: 10.796 loading class java/lang/ProcessEnvironment
Event: 10.796 loading class java/lang/ProcessEnvironment done
Event: 10.797 loading class java/lang/ProcessEnvironment$NameComparator
Event: 10.797 loading class java/lang/ProcessEnvironment$NameComparator done
Event: 10.797 loading class java/lang/ProcessEnvironment$EntryComparator
Event: 10.797 loading class java/lang/ProcessEnvironment$EntryComparator done
Event: 10.797 loading class java/lang/ProcessEnvironment$CheckedEntrySet
Event: 10.798 loading class java/lang/ProcessEnvironment$CheckedEntrySet done
Event: 10.798 loading class java/lang/ProcessEnvironment$CheckedEntrySet$1
Event: 10.798 loading class java/lang/ProcessEnvironment$CheckedEntrySet$1 done
Event: 10.798 loading class java/lang/ProcessEnvironment$CheckedEntry
Event: 10.798 loading class java/lang/ProcessEnvironment$CheckedEntry done


Dynamic libraries:
0x00007ff695170000 - 0x00007ff69517e000 	c:\Users\alanc\.vscode\extensions\redhat.java-1.28.1-win32-x64\jre\17.0.10-win32-x86_64\bin\java.exe
0x00007ffc7a470000 - 0x00007ffc7a686000 	C:\WINDOWS\SYSTEM32\ntdll.dll
0x00007ffc71dd0000 - 0x00007ffc71de9000 	C:\Program Files\AVG\Antivirus\aswhook.dll
0x00007ffc78d80000 - 0x00007ffc78e44000 	C:\WINDOWS\System32\KERNEL32.DLL
0x00007ffc779c0000 - 0x00007ffc77d66000 	C:\WINDOWS\System32\KERNELBASE.dll
0x00007ffc77d70000 - 0x00007ffc77e81000 	C:\WINDOWS\System32\ucrtbase.dll
0x00007ffc34800000 - 0x00007ffc3481b000 	c:\Users\alanc\.vscode\extensions\redhat.java-1.28.1-win32-x64\jre\17.0.10-win32-x86_64\bin\VCRUNTIME140.dll
0x00007ffc32e10000 - 0x00007ffc32e27000 	c:\Users\alanc\.vscode\extensions\redhat.java-1.28.1-win32-x64\jre\17.0.10-win32-x86_64\bin\jli.dll
0x00007ffc785f0000 - 0x00007ffc7879d000 	C:\WINDOWS\System32\USER32.dll
0x00007ffc77990000 - 0x00007ffc779b6000 	C:\WINDOWS\System32\win32u.dll
0x00007ffc785a0000 - 0x00007ffc785c9000 	C:\WINDOWS\System32\GDI32.dll
0x00007ffc77870000 - 0x00007ffc77988000 	C:\WINDOWS\System32\gdi32full.dll
0x00007ffc649f0000 - 0x00007ffc64c83000 	C:\WINDOWS\WinSxS\amd64_microsoft.windows.common-controls_6595b64144ccf1df_6.0.22621.3235_none_270f74e173860f98\COMCTL32.dll
0x00007ffc78120000 - 0x00007ffc781ba000 	C:\WINDOWS\System32\msvcp_win.dll
0x00007ffc78380000 - 0x00007ffc78427000 	C:\WINDOWS\System32\msvcrt.dll
0x00007ffc7a3f0000 - 0x00007ffc7a421000 	C:\WINDOWS\System32\IMM32.DLL
0x00007ffc63be0000 - 0x00007ffc63bec000 	c:\Users\alanc\.vscode\extensions\redhat.java-1.28.1-win32-x64\jre\17.0.10-win32-x86_64\bin\vcruntime140_1.dll
0x00007ffc247d0000 - 0x00007ffc2485d000 	c:\Users\alanc\.vscode\extensions\redhat.java-1.28.1-win32-x64\jre\17.0.10-win32-x86_64\bin\msvcp140.dll
0x00007ffbbafb0000 - 0x00007ffbbbc12000 	c:\Users\alanc\.vscode\extensions\redhat.java-1.28.1-win32-x64\jre\17.0.10-win32-x86_64\bin\server\jvm.dll
0x00007ffc79340000 - 0x00007ffc793f2000 	C:\WINDOWS\System32\ADVAPI32.dll
0x00007ffc78cc0000 - 0x00007ffc78d68000 	C:\WINDOWS\System32\sechost.dll
0x00007ffc77f00000 - 0x00007ffc77f28000 	C:\WINDOWS\System32\bcrypt.dll
0x00007ffc78800000 - 0x00007ffc78915000 	C:\WINDOWS\System32\RPCRT4.dll
0x00007ffc6ffb0000 - 0x00007ffc6ffe4000 	C:\WINDOWS\SYSTEM32\WINMM.dll
0x00007ffc77680000 - 0x00007ffc776cd000 	C:\WINDOWS\SYSTEM32\POWRPROF.dll
0x00007ffc6dba0000 - 0x00007ffc6dbaa000 	C:\WINDOWS\SYSTEM32\VERSION.dll
0x00007ffc64e40000 - 0x00007ffc64e49000 	C:\WINDOWS\SYSTEM32\WSOCK32.dll
0x00007ffc79da0000 - 0x00007ffc79e11000 	C:\WINDOWS\System32\WS2_32.dll
0x00007ffc775b0000 - 0x00007ffc775c3000 	C:\WINDOWS\SYSTEM32\UMPDC.dll
0x00007ffc767f0000 - 0x00007ffc76808000 	C:\WINDOWS\SYSTEM32\kernel.appcore.dll
0x00007ffc63420000 - 0x00007ffc6342a000 	c:\Users\alanc\.vscode\extensions\redhat.java-1.28.1-win32-x64\jre\17.0.10-win32-x86_64\bin\jimage.dll
0x00007ffc751e0000 - 0x00007ffc75413000 	C:\WINDOWS\SYSTEM32\DBGHELP.DLL
0x00007ffc78920000 - 0x00007ffc78ca8000 	C:\WINDOWS\System32\combase.dll
0x00007ffc784b0000 - 0x00007ffc78587000 	C:\WINDOWS\System32\OLEAUT32.dll
0x00007ffc6bc20000 - 0x00007ffc6bc52000 	C:\WINDOWS\SYSTEM32\dbgcore.DLL
0x00007ffc780a0000 - 0x00007ffc7811a000 	C:\WINDOWS\System32\bcryptPrimitives.dll
0x00007ffc59c40000 - 0x00007ffc59c4e000 	c:\Users\alanc\.vscode\extensions\redhat.java-1.28.1-win32-x64\jre\17.0.10-win32-x86_64\bin\instrument.dll
0x00007ffc2c720000 - 0x00007ffc2c745000 	c:\Users\alanc\.vscode\extensions\redhat.java-1.28.1-win32-x64\jre\17.0.10-win32-x86_64\bin\java.dll
0x00007ffc30830000 - 0x00007ffc30848000 	c:\Users\alanc\.vscode\extensions\redhat.java-1.28.1-win32-x64\jre\17.0.10-win32-x86_64\bin\zip.dll
0x00007ffc79540000 - 0x00007ffc79d9d000 	C:\WINDOWS\System32\SHELL32.dll
0x00007ffc755b0000 - 0x00007ffc75ea8000 	C:\WINDOWS\SYSTEM32\windows.storage.dll
0x00007ffc75ed0000 - 0x00007ffc7600e000 	C:\WINDOWS\SYSTEM32\wintypes.dll
0x00007ffc79e20000 - 0x00007ffc79f13000 	C:\WINDOWS\System32\SHCORE.dll
0x00007ffc79f20000 - 0x00007ffc79f7e000 	C:\WINDOWS\System32\shlwapi.dll
0x00007ffc776e0000 - 0x00007ffc77706000 	C:\WINDOWS\SYSTEM32\profapi.dll
0x00007ffc2f250000 - 0x00007ffc2f269000 	C:\Users\alanc\.vscode\extensions\redhat.java-1.28.1-win32-x64\jre\17.0.10-win32-x86_64\bin\net.dll
0x00007ffc70a60000 - 0x00007ffc70b97000 	C:\WINDOWS\SYSTEM32\WINHTTP.dll
0x00007ffc76c70000 - 0x00007ffc76cd9000 	C:\WINDOWS\system32\mswsock.dll
0x00007ffc2d240000 - 0x00007ffc2d256000 	C:\Users\alanc\.vscode\extensions\redhat.java-1.28.1-win32-x64\jre\17.0.10-win32-x86_64\bin\nio.dll
0x00007ffc59b30000 - 0x00007ffc59b40000 	c:\Users\alanc\.vscode\extensions\redhat.java-1.28.1-win32-x64\jre\17.0.10-win32-x86_64\bin\verify.dll
0x00007ffc2c1d0000 - 0x00007ffc2c20e000 	C:\Users\alanc\AppData\Roaming\Code\User\globalStorage\redhat.java\1.28.1\config_ss_win\org.eclipse.equinox.launcher\org.eclipse.equinox.launcher.win32.win32.x86_64_1.2.900.v20240129-1338\eclipse_11900.dll
0x00007ffc7a0f0000 - 0x00007ffc7a28f000 	C:\WINDOWS\System32\ole32.dll

dbghelp: loaded successfully - version: 4.0.5 - missing functions: none
symbol engine: initialized successfully - sym options: 0x614 - pdb path: .;c:\Users\alanc\.vscode\extensions\redhat.java-1.28.1-win32-x64\jre\17.0.10-win32-x86_64\bin;C:\WINDOWS\SYSTEM32;C:\Program Files\AVG\Antivirus;C:\WINDOWS\WinSxS\amd64_microsoft.windows.common-controls_6595b64144ccf1df_6.0.22621.3235_none_270f74e173860f98;c:\Users\alanc\.vscode\extensions\redhat.java-1.28.1-win32-x64\jre\17.0.10-win32-x86_64\bin\server;C:\Users\alanc\AppData\Roaming\Code\User\globalStorage\redhat.java\1.28.1\config_ss_win\org.eclipse.equinox.launcher\org.eclipse.equinox.launcher.win32.win32.x86_64_1.2.900.v20240129-1338

VM Arguments:
jvm_args: --add-modules=ALL-SYSTEM --add-opens=java.base/java.util=ALL-UNNAMED --add-opens=java.base/java.lang=ALL-UNNAMED --add-opens=java.base/sun.nio.fs=ALL-UNNAMED -Declipse.application=org.eclipse.jdt.ls.core.id1 -Dosgi.bundles.defaultStartLevel=4 -Declipse.product=org.eclipse.jdt.ls.core.product -Djava.import.generatesMetadataFilesAtProjectRoot=false -DDetectVMInstallationsJob.disabled=true -Dfile.encoding=utf8 -XX:+UseParallelGC -XX:GCTimeRatio=4 -XX:AdaptiveSizePolicyWeight=90 -Dsun.zip.disableMemoryMapping=true -Xmx1G -Xms100m -Xlog:disable -javaagent:c:\Users\alanc\.vscode\extensions\redhat.java-1.28.1-win32-x64\lombok\lombok-1.18.31.jar 
java_command: c:\Users\alanc\.vscode\extensions\redhat.java-1.28.1-win32-x64\server\plugins\org.eclipse.equinox.launcher_1.6.700.v20231214-2017.jar -configuration c:\Users\alanc\AppData\Roaming\Code\User\globalStorage\redhat.java\1.28.1\config_ss_win -data c:\Users\alanc\AppData\Roaming\Code\User\workspaceStorage\6847d39ac9dbc775eb022e044a9ea7dc\redhat.java\ss_ws --stdio
java_class_path (initial): c:\Users\alanc\.vscode\extensions\redhat.java-1.28.1-win32-x64\server\plugins\org.eclipse.equinox.launcher_1.6.700.v20231214-2017.jar
Launcher Type: SUN_STANDARD

[Global flags]
    uintx AdaptiveSizePolicyWeight                 = 90                                        {product} {command line}
     intx CICompilerCount                          = 4                                         {product} {ergonomic}
    uintx GCTimeRatio                              = 4                                         {product} {command line}
   size_t InitialHeapSize                          = 104857600                                 {product} {command line}
   size_t MaxHeapSize                              = 1073741824                                {product} {command line}
   size_t MaxNewSize                               = 357564416                                 {product} {ergonomic}
   size_t MinHeapDeltaBytes                        = 524288                                    {product} {ergonomic}
   size_t MinHeapSize                              = 104857600                                 {product} {command line}
   size_t NewSize                                  = 34603008                                  {product} {ergonomic}
    uintx NonNMethodCodeHeapSize                   = 5839372                                {pd product} {ergonomic}
    uintx NonProfiledCodeHeapSize                  = 122909434                              {pd product} {ergonomic}
   size_t OldSize                                  = 70254592                                  {product} {ergonomic}
    uintx ProfiledCodeHeapSize                     = 122909434                              {pd product} {ergonomic}
    uintx ReservedCodeCacheSize                    = 251658240                              {pd product} {ergonomic}
     bool SegmentedCodeCache                       = true                                      {product} {ergonomic}
   size_t SoftMaxHeapSize                          = 1073741824                             {manageable} {ergonomic}
     bool UseCompressedClassPointers               = true                           {product lp64_product} {ergonomic}
     bool UseCompressedOops                        = true                           {product lp64_product} {ergonomic}
     bool UseLargePagesIndividualAllocation        = false                                  {pd product} {ergonomic}
     bool UseParallelGC                            = true                                      {product} {command line}

Logging:
Log output configuration:
 #0: stdout all=off uptime,level,tags
 #1: stderr all=off uptime,level,tags

Environment Variables:
PATH=C:\Python312\Scripts\;C:\Python312\;C:\Program Files (x86)\Common Files\Oracle\Java\javapath;C:\WINDOWS\system32;C:\WINDOWS;C:\WINDOWS\System32\Wbem;C:\WINDOWS\System32\WindowsPowerShell\v1.0\;C:\WINDOWS\System32\OpenSSH\;C:\ProgramData\chocolatey\bin;C:\Program Files\PuTTY\;C:\Program Files\Git\cmd;C:\Program Files\Docker\Docker\resources\bin;C:\xampp\php;C:\Program Files\MySQL\MySQL Server 8.0\bin;C:\Program Files\PowerShell\7\;C:\Program Files\PowerShell\7-preview\preview;C:\Program Files\nodejs\;C:\Users\alanc\AppData\Local\Programs\Python\Python310\Scripts\;C:\Users\alanc\AppData\Local\Programs\Python\Python310\;C:\Users\alanc\AppData\Local\Microsoft\WindowsApps;C:\Users\alanc\AppData\Local\Programs\Microsoft VS Code\bin;C:\Program Files\JetBrains\PyCharm 2022.3\bin;;%M2_HOME\bin;C:\Users\alanc\AppData\Roaming\npm
USERNAME=Alan
OS=Windows_NT
PROCESSOR_IDENTIFIER=AMD64 Family 23 Model 104 Stepping 1, AuthenticAMD
TMP=C:\Users\alanc\AppData\Local\Temp
TEMP=C:\Users\alanc\AppData\Local\Temp



Periodic native trim disabled


---------------  S Y S T E M  ---------------

OS:
 Windows 11 , 64 bit Build 22621 (10.0.22621.3235)
OS uptime: 4 days 23:00 hours

CPU: total 12 (initial active 12) (12 cores per cpu, 2 threads per core) family 23 model 104 stepping 1 microcode 0x0, cx8, cmov, fxsr, ht, mmx, 3dnowpref, sse, sse2, sse3, ssse3, sse4a, sse4.1, sse4.2, popcnt, lzcnt, tsc, tscinvbit, avx, avx2, aes, clmul, bmi1, bmi2, adx, sha, fma, vzeroupper, clflush, clflushopt
Processor Information for processor 0
  Max Mhz: 2100, Current Mhz: 2100, Mhz Limit: 2100
Processor Information for processor 1
  Max Mhz: 2100, Current Mhz: 2100, Mhz Limit: 2100
Processor Information for processor 2
  Max Mhz: 2100, Current Mhz: 2100, Mhz Limit: 2100
Processor Information for processor 3
  Max Mhz: 2100, Current Mhz: 2100, Mhz Limit: 2100
Processor Information for processor 4
  Max Mhz: 2100, Current Mhz: 1813, Mhz Limit: 2100
Processor Information for processor 5
  Max Mhz: 2100, Current Mhz: 2100, Mhz Limit: 2100
Processor Information for processor 6
  Max Mhz: 2100, Current Mhz: 2100, Mhz Limit: 2100
Processor Information for processor 7
  Max Mhz: 2100, Current Mhz: 2100, Mhz Limit: 2100
Processor Information for processor 8
  Max Mhz: 2100, Current Mhz: 1813, Mhz Limit: 2100
Processor Information for processor 9
  Max Mhz: 2100, Current Mhz: 2100, Mhz Limit: 2100
Processor Information for processor 10
  Max Mhz: 2100, Current Mhz: 1813, Mhz Limit: 2100
Processor Information for processor 11
  Max Mhz: 2100, Current Mhz: 2100, Mhz Limit: 2100

Memory: 4k page, system-wide physical 5989M (205M free)
TotalPageFile size 24421M (AvailPageFile size 5M)
current process WorkingSet (physical memory assigned to process): 131M, peak: 135M
current process commit charge ("private bytes"): 248M, peak: 250M

vm_info: OpenJDK 64-Bit Server VM (17.0.10+7) for windows-amd64 JRE (17.0.10+7), built on Jan 16 2024 23:25:11 by "admin" with MS VC++ 16.10 / 16.11 (VS2019)

END.
